2023-05-25 20:52:44.166 | INFO     | __main__:run:49 - Namespace(img_feature_extract=0, embedding_size=1000, classifier_mode='classic', weight_path='None', dataset='CVPR2017', eeg_path='/media/exx/HDD1/LanxHuyen/CVPR2017/eeg_55_95_std.pth', time_low=20, time_high=460, img_path='/home/exx/GithubClonedRepo/EEG-Research/Dataset/imagenet', splits_path='/media/exx/HDD1/LanxHuyen/CVPR2017/block_splits_by_image_all.pth', log_path='/home/exx/GithubClonedRepo/EEG-Research/Experiment/EEGClassification', info='classifier_classic_EEGChannelNet_Modified', img_encoder='efficientnet_b0', eeg_encoder='EEGChannelNet_Modified', batch_size=64, max_epoch=120, log_interval=50, arch='train', save_ckpt='checkpoints/', num_classes=40, num_workers=2, gpu=1, lr=0.001, wd=0.0001, optim='Adam', gamma=200, lr_step=10, pretrain=False, momen=0.9, nesterov=False, device=device(type='cuda', index=1))
2023-05-25 20:55:24.229 | INFO     | trainer:fit:49 - Epoch: 1/120. Train set: Average loss: 4.793719. Accuracy: 0.0245
	Validation set: Average loss: 4.542734. Accuracy: 0.0220
2023-05-25 20:56:47.412 | INFO     | trainer:fit:49 - Epoch: 2/120. Train set: Average loss: 4.570896. Accuracy: 0.0299
	Validation set: Average loss: 4.413465. Accuracy: 0.0237
2023-05-25 20:58:10.589 | INFO     | trainer:fit:49 - Epoch: 3/120. Train set: Average loss: 4.383173. Accuracy: 0.0340
	Validation set: Average loss: 4.145864. Accuracy: 0.0410
2023-05-25 20:59:33.750 | INFO     | trainer:fit:49 - Epoch: 4/120. Train set: Average loss: 3.901419. Accuracy: 0.0668
	Validation set: Average loss: 3.228195. Accuracy: 0.0806
2023-05-25 21:00:56.857 | INFO     | trainer:fit:49 - Epoch: 5/120. Train set: Average loss: 3.147780. Accuracy: 0.1214
	Validation set: Average loss: 2.769750. Accuracy: 0.1300
2023-05-25 21:02:19.844 | INFO     | trainer:fit:49 - Epoch: 6/120. Train set: Average loss: 2.769292. Accuracy: 0.1570
	Validation set: Average loss: 2.427016. Accuracy: 0.1928
2023-05-25 21:03:42.881 | INFO     | trainer:fit:49 - Epoch: 7/120. Train set: Average loss: 2.427299. Accuracy: 0.1910
	Validation set: Average loss: 2.199556. Accuracy: 0.2064
2023-05-25 21:05:05.889 | INFO     | trainer:fit:49 - Epoch: 8/120. Train set: Average loss: 2.251051. Accuracy: 0.2366
	Validation set: Average loss: 2.049635. Accuracy: 0.2391
2023-05-25 21:06:28.933 | INFO     | trainer:fit:49 - Epoch: 9/120. Train set: Average loss: 2.154557. Accuracy: 0.2468
	Validation set: Average loss: 1.979662. Accuracy: 0.2528
2023-05-25 21:07:51.931 | INFO     | trainer:fit:49 - Epoch: 10/120. Train set: Average loss: 2.033045. Accuracy: 0.2798
	Validation set: Average loss: 1.870681. Accuracy: 0.2909
2023-05-25 21:07:51.943 | INFO     | trainer:fit:58 - Best val accuracy: 0.2909
2023-05-25 21:09:15.497 | INFO     | trainer:fit:49 - Epoch: 11/120. Train set: Average loss: 1.815587. Accuracy: 0.3283
	Validation set: Average loss: 1.640005. Accuracy: 0.3573
2023-05-25 21:10:38.565 | INFO     | trainer:fit:49 - Epoch: 12/120. Train set: Average loss: 1.702972. Accuracy: 0.3638
	Validation set: Average loss: 1.605088. Accuracy: 0.3743
2023-05-25 21:12:01.530 | INFO     | trainer:fit:49 - Epoch: 13/120. Train set: Average loss: 1.687904. Accuracy: 0.3597
	Validation set: Average loss: 1.560192. Accuracy: 0.4019
2023-05-25 21:13:24.409 | INFO     | trainer:fit:49 - Epoch: 14/120. Train set: Average loss: 1.643642. Accuracy: 0.3727
	Validation set: Average loss: 1.568599. Accuracy: 0.3933
2023-05-25 21:14:47.382 | INFO     | trainer:fit:49 - Epoch: 15/120. Train set: Average loss: 1.626454. Accuracy: 0.3832
	Validation set: Average loss: 1.536438. Accuracy: 0.3882
2023-05-25 21:16:10.391 | INFO     | trainer:fit:49 - Epoch: 16/120. Train set: Average loss: 1.588778. Accuracy: 0.3941
	Validation set: Average loss: 1.555232. Accuracy: 0.3835
2023-05-25 21:17:33.168 | INFO     | trainer:fit:49 - Epoch: 17/120. Train set: Average loss: 1.573485. Accuracy: 0.4004
	Validation set: Average loss: 1.518075. Accuracy: 0.4069
2023-05-25 21:18:56.020 | INFO     | trainer:fit:49 - Epoch: 18/120. Train set: Average loss: 1.550349. Accuracy: 0.4045
	Validation set: Average loss: 1.526203. Accuracy: 0.3971
2023-05-25 21:20:18.947 | INFO     | trainer:fit:49 - Epoch: 19/120. Train set: Average loss: 1.527176. Accuracy: 0.4149
	Validation set: Average loss: 1.494732. Accuracy: 0.4107
2023-05-25 21:21:41.901 | INFO     | trainer:fit:49 - Epoch: 20/120. Train set: Average loss: 1.515320. Accuracy: 0.4205
	Validation set: Average loss: 1.473096. Accuracy: 0.4248
2023-05-25 21:21:41.914 | INFO     | trainer:fit:58 - Best val accuracy: 0.4248
2023-05-25 21:23:05.303 | INFO     | trainer:fit:49 - Epoch: 21/120. Train set: Average loss: 1.475672. Accuracy: 0.4314
	Validation set: Average loss: 1.470503. Accuracy: 0.4221
2023-05-25 21:24:28.356 | INFO     | trainer:fit:49 - Epoch: 22/120. Train set: Average loss: 1.467557. Accuracy: 0.4320
	Validation set: Average loss: 1.452709. Accuracy: 0.4231
2023-05-25 21:25:51.312 | INFO     | trainer:fit:49 - Epoch: 23/120. Train set: Average loss: 1.476617. Accuracy: 0.4285
	Validation set: Average loss: 1.452808. Accuracy: 0.4342
2023-05-25 21:27:14.401 | INFO     | trainer:fit:49 - Epoch: 24/120. Train set: Average loss: 1.443399. Accuracy: 0.4466
	Validation set: Average loss: 1.475275. Accuracy: 0.4293
2023-05-25 21:28:37.433 | INFO     | trainer:fit:49 - Epoch: 25/120. Train set: Average loss: 1.443435. Accuracy: 0.4459
	Validation set: Average loss: 1.437186. Accuracy: 0.4400
2023-05-25 21:30:00.492 | INFO     | trainer:fit:49 - Epoch: 26/120. Train set: Average loss: 1.456824. Accuracy: 0.4354
	Validation set: Average loss: 1.431901. Accuracy: 0.4336
2023-05-25 21:31:23.436 | INFO     | trainer:fit:49 - Epoch: 27/120. Train set: Average loss: 1.443951. Accuracy: 0.4420
	Validation set: Average loss: 1.448060. Accuracy: 0.4351
2023-05-25 21:32:46.310 | INFO     | trainer:fit:49 - Epoch: 28/120. Train set: Average loss: 1.435718. Accuracy: 0.4508
	Validation set: Average loss: 1.443126. Accuracy: 0.4300
2023-05-25 21:34:09.160 | INFO     | trainer:fit:49 - Epoch: 29/120. Train set: Average loss: 1.429956. Accuracy: 0.4447
	Validation set: Average loss: 1.447102. Accuracy: 0.4279
2023-05-25 21:35:32.121 | INFO     | trainer:fit:49 - Epoch: 30/120. Train set: Average loss: 1.416748. Accuracy: 0.4505
	Validation set: Average loss: 1.451291. Accuracy: 0.4358
2023-05-25 21:35:32.121 | INFO     | trainer:fit:58 - Best val accuracy: 0.4400
2023-05-25 21:36:55.604 | INFO     | trainer:fit:49 - Epoch: 31/120. Train set: Average loss: 1.427637. Accuracy: 0.4482
	Validation set: Average loss: 1.439013. Accuracy: 0.4383
2023-05-25 21:38:18.580 | INFO     | trainer:fit:49 - Epoch: 32/120. Train set: Average loss: 1.418474. Accuracy: 0.4540
	Validation set: Average loss: 1.463810. Accuracy: 0.4277
2023-05-25 21:39:41.608 | INFO     | trainer:fit:49 - Epoch: 33/120. Train set: Average loss: 1.424391. Accuracy: 0.4512
	Validation set: Average loss: 1.456120. Accuracy: 0.4348
2023-05-25 21:41:04.630 | INFO     | trainer:fit:49 - Epoch: 34/120. Train set: Average loss: 1.429134. Accuracy: 0.4475
	Validation set: Average loss: 1.456593. Accuracy: 0.4292
2023-05-25 21:42:27.632 | INFO     | trainer:fit:49 - Epoch: 35/120. Train set: Average loss: 1.417707. Accuracy: 0.4547
	Validation set: Average loss: 1.448099. Accuracy: 0.4302
2023-05-25 21:43:50.631 | INFO     | trainer:fit:49 - Epoch: 36/120. Train set: Average loss: 1.424207. Accuracy: 0.4481
	Validation set: Average loss: 1.463836. Accuracy: 0.4327
2023-05-25 21:45:13.688 | INFO     | trainer:fit:49 - Epoch: 37/120. Train set: Average loss: 1.420895. Accuracy: 0.4492
	Validation set: Average loss: 1.448300. Accuracy: 0.4376
2023-05-25 21:46:36.629 | INFO     | trainer:fit:49 - Epoch: 38/120. Train set: Average loss: 1.433641. Accuracy: 0.4498
	Validation set: Average loss: 1.466663. Accuracy: 0.4262
2023-05-25 21:47:59.655 | INFO     | trainer:fit:49 - Epoch: 39/120. Train set: Average loss: 1.425741. Accuracy: 0.4467
	Validation set: Average loss: 1.461108. Accuracy: 0.4322
2023-05-25 21:49:22.777 | INFO     | trainer:fit:49 - Epoch: 40/120. Train set: Average loss: 1.427627. Accuracy: 0.4486
	Validation set: Average loss: 1.459719. Accuracy: 0.4286
2023-05-25 21:49:22.778 | INFO     | trainer:fit:58 - Best val accuracy: 0.4400
2023-05-25 21:50:46.096 | INFO     | trainer:fit:49 - Epoch: 41/120. Train set: Average loss: 1.431744. Accuracy: 0.4427
	Validation set: Average loss: 1.434511. Accuracy: 0.4388
2023-05-25 21:52:09.140 | INFO     | trainer:fit:49 - Epoch: 42/120. Train set: Average loss: 1.428261. Accuracy: 0.4461
	Validation set: Average loss: 1.446580. Accuracy: 0.4291
2023-05-25 21:53:32.107 | INFO     | trainer:fit:49 - Epoch: 43/120. Train set: Average loss: 1.432688. Accuracy: 0.4447
	Validation set: Average loss: 1.447705. Accuracy: 0.4318
2023-05-25 21:54:55.173 | INFO     | trainer:fit:49 - Epoch: 44/120. Train set: Average loss: 1.417615. Accuracy: 0.4526
	Validation set: Average loss: 1.459503. Accuracy: 0.4301
2023-05-25 21:56:18.191 | INFO     | trainer:fit:49 - Epoch: 45/120. Train set: Average loss: 1.419672. Accuracy: 0.4410
	Validation set: Average loss: 1.454745. Accuracy: 0.4292
2023-05-25 21:57:41.248 | INFO     | trainer:fit:49 - Epoch: 46/120. Train set: Average loss: 1.424852. Accuracy: 0.4451
	Validation set: Average loss: 1.449315. Accuracy: 0.4383
2023-05-25 21:59:04.227 | INFO     | trainer:fit:49 - Epoch: 47/120. Train set: Average loss: 1.416308. Accuracy: 0.4501
	Validation set: Average loss: 1.456466. Accuracy: 0.4284
2023-05-25 22:00:27.277 | INFO     | trainer:fit:49 - Epoch: 48/120. Train set: Average loss: 1.425703. Accuracy: 0.4486
	Validation set: Average loss: 1.451618. Accuracy: 0.4370
2023-05-25 22:01:50.245 | INFO     | trainer:fit:49 - Epoch: 49/120. Train set: Average loss: 1.428635. Accuracy: 0.4447
	Validation set: Average loss: 1.458424. Accuracy: 0.4304
2023-05-25 22:03:13.177 | INFO     | trainer:fit:49 - Epoch: 50/120. Train set: Average loss: 1.435475. Accuracy: 0.4431
	Validation set: Average loss: 1.443979. Accuracy: 0.4272
2023-05-25 22:03:13.178 | INFO     | trainer:fit:58 - Best val accuracy: 0.4400
2023-05-25 22:04:36.645 | INFO     | trainer:fit:49 - Epoch: 51/120. Train set: Average loss: 1.422963. Accuracy: 0.4498
	Validation set: Average loss: 1.449369. Accuracy: 0.4381
2023-05-25 22:05:59.621 | INFO     | trainer:fit:49 - Epoch: 52/120. Train set: Average loss: 1.419672. Accuracy: 0.4496
	Validation set: Average loss: 1.460006. Accuracy: 0.4368
2023-05-25 22:07:22.530 | INFO     | trainer:fit:49 - Epoch: 53/120. Train set: Average loss: 1.428834. Accuracy: 0.4491
	Validation set: Average loss: 1.454983. Accuracy: 0.4328
2023-05-25 22:08:45.486 | INFO     | trainer:fit:49 - Epoch: 54/120. Train set: Average loss: 1.428431. Accuracy: 0.4499
	Validation set: Average loss: 1.464483. Accuracy: 0.4286
2023-05-25 22:10:08.590 | INFO     | trainer:fit:49 - Epoch: 55/120. Train set: Average loss: 1.415171. Accuracy: 0.4516
	Validation set: Average loss: 1.445838. Accuracy: 0.4333
2023-05-25 22:11:31.694 | INFO     | trainer:fit:49 - Epoch: 56/120. Train set: Average loss: 1.417771. Accuracy: 0.4521
	Validation set: Average loss: 1.461906. Accuracy: 0.4311
2023-05-25 22:12:54.773 | INFO     | trainer:fit:49 - Epoch: 57/120. Train set: Average loss: 1.421509. Accuracy: 0.4554
	Validation set: Average loss: 1.469735. Accuracy: 0.4343
2023-05-25 22:14:17.773 | INFO     | trainer:fit:49 - Epoch: 58/120. Train set: Average loss: 1.422135. Accuracy: 0.4530
	Validation set: Average loss: 1.450778. Accuracy: 0.4295
2023-05-25 22:15:40.778 | INFO     | trainer:fit:49 - Epoch: 59/120. Train set: Average loss: 1.430122. Accuracy: 0.4515
	Validation set: Average loss: 1.446978. Accuracy: 0.4306
2023-05-25 22:17:03.817 | INFO     | trainer:fit:49 - Epoch: 60/120. Train set: Average loss: 1.423440. Accuracy: 0.4499
	Validation set: Average loss: 1.457017. Accuracy: 0.4363
2023-05-25 22:17:03.817 | INFO     | trainer:fit:58 - Best val accuracy: 0.4400
2023-05-25 22:18:27.149 | INFO     | trainer:fit:49 - Epoch: 61/120. Train set: Average loss: 1.412721. Accuracy: 0.4549
	Validation set: Average loss: 1.456547. Accuracy: 0.4234
2023-05-25 22:19:50.172 | INFO     | trainer:fit:49 - Epoch: 62/120. Train set: Average loss: 1.434755. Accuracy: 0.4516
	Validation set: Average loss: 1.450522. Accuracy: 0.4266
2023-05-25 22:21:13.191 | INFO     | trainer:fit:49 - Epoch: 63/120. Train set: Average loss: 1.440368. Accuracy: 0.4431
	Validation set: Average loss: 1.461694. Accuracy: 0.4331
2023-05-25 22:22:36.214 | INFO     | trainer:fit:49 - Epoch: 64/120. Train set: Average loss: 1.420897. Accuracy: 0.4527
	Validation set: Average loss: 1.459122. Accuracy: 0.4252
2023-05-25 22:23:59.161 | INFO     | trainer:fit:49 - Epoch: 65/120. Train set: Average loss: 1.426610. Accuracy: 0.4474
	Validation set: Average loss: 1.449416. Accuracy: 0.4296
2023-05-25 22:25:22.129 | INFO     | trainer:fit:49 - Epoch: 66/120. Train set: Average loss: 1.427506. Accuracy: 0.4510
	Validation set: Average loss: 1.467084. Accuracy: 0.4316
2023-05-25 22:26:45.170 | INFO     | trainer:fit:49 - Epoch: 67/120. Train set: Average loss: 1.423339. Accuracy: 0.4520
	Validation set: Average loss: 1.453685. Accuracy: 0.4341
2023-05-25 22:28:08.241 | INFO     | trainer:fit:49 - Epoch: 68/120. Train set: Average loss: 1.415630. Accuracy: 0.4530
	Validation set: Average loss: 1.470317. Accuracy: 0.4215
2023-05-25 22:29:31.244 | INFO     | trainer:fit:49 - Epoch: 69/120. Train set: Average loss: 1.412560. Accuracy: 0.4539
	Validation set: Average loss: 1.448809. Accuracy: 0.4278
2023-05-25 22:30:54.336 | INFO     | trainer:fit:49 - Epoch: 70/120. Train set: Average loss: 1.427567. Accuracy: 0.4466
	Validation set: Average loss: 1.455346. Accuracy: 0.4312
2023-05-25 22:30:54.337 | INFO     | trainer:fit:58 - Best val accuracy: 0.4400
2023-05-25 22:32:17.671 | INFO     | trainer:fit:49 - Epoch: 71/120. Train set: Average loss: 1.417770. Accuracy: 0.4491
	Validation set: Average loss: 1.465595. Accuracy: 0.4298
2023-05-25 22:33:40.691 | INFO     | trainer:fit:49 - Epoch: 72/120. Train set: Average loss: 1.429950. Accuracy: 0.4491
	Validation set: Average loss: 1.446836. Accuracy: 0.4336
2023-05-25 22:35:03.751 | INFO     | trainer:fit:49 - Epoch: 73/120. Train set: Average loss: 1.431759. Accuracy: 0.4477
	Validation set: Average loss: 1.448257. Accuracy: 0.4336
2023-05-25 22:36:26.797 | INFO     | trainer:fit:49 - Epoch: 74/120. Train set: Average loss: 1.428639. Accuracy: 0.4483
	Validation set: Average loss: 1.438529. Accuracy: 0.4348
2023-05-25 22:37:49.758 | INFO     | trainer:fit:49 - Epoch: 75/120. Train set: Average loss: 1.433388. Accuracy: 0.4490
	Validation set: Average loss: 1.449371. Accuracy: 0.4294
2023-05-25 22:39:12.872 | INFO     | trainer:fit:49 - Epoch: 76/120. Train set: Average loss: 1.437416. Accuracy: 0.4397
	Validation set: Average loss: 1.456927. Accuracy: 0.4331
2023-05-25 22:40:35.912 | INFO     | trainer:fit:49 - Epoch: 77/120. Train set: Average loss: 1.436077. Accuracy: 0.4444
	Validation set: Average loss: 1.456141. Accuracy: 0.4368
2023-05-25 22:41:58.981 | INFO     | trainer:fit:49 - Epoch: 78/120. Train set: Average loss: 1.425626. Accuracy: 0.4478
	Validation set: Average loss: 1.444578. Accuracy: 0.4292
2023-05-25 22:43:22.110 | INFO     | trainer:fit:49 - Epoch: 79/120. Train set: Average loss: 1.419175. Accuracy: 0.4485
	Validation set: Average loss: 1.452144. Accuracy: 0.4306
2023-05-25 22:44:45.102 | INFO     | trainer:fit:49 - Epoch: 80/120. Train set: Average loss: 1.431729. Accuracy: 0.4557
	Validation set: Average loss: 1.462360. Accuracy: 0.4252
2023-05-25 22:44:45.103 | INFO     | trainer:fit:58 - Best val accuracy: 0.4400
2023-05-25 22:46:08.657 | INFO     | trainer:fit:49 - Epoch: 81/120. Train set: Average loss: 1.426359. Accuracy: 0.4419
	Validation set: Average loss: 1.455146. Accuracy: 0.4301
2023-05-25 22:47:31.619 | INFO     | trainer:fit:49 - Epoch: 82/120. Train set: Average loss: 1.420074. Accuracy: 0.4499
	Validation set: Average loss: 1.448134. Accuracy: 0.4390
2023-05-25 22:48:54.666 | INFO     | trainer:fit:49 - Epoch: 83/120. Train set: Average loss: 1.426787. Accuracy: 0.4429
	Validation set: Average loss: 1.440915. Accuracy: 0.4373
2023-05-25 22:50:17.767 | INFO     | trainer:fit:49 - Epoch: 84/120. Train set: Average loss: 1.421848. Accuracy: 0.4495
	Validation set: Average loss: 1.471105. Accuracy: 0.4267
2023-05-25 22:51:40.775 | INFO     | trainer:fit:49 - Epoch: 85/120. Train set: Average loss: 1.430976. Accuracy: 0.4363
	Validation set: Average loss: 1.457159. Accuracy: 0.4301
2023-05-25 22:53:03.910 | INFO     | trainer:fit:49 - Epoch: 86/120. Train set: Average loss: 1.408760. Accuracy: 0.4591
	Validation set: Average loss: 1.455622. Accuracy: 0.4309
2023-05-25 22:54:26.931 | INFO     | trainer:fit:49 - Epoch: 87/120. Train set: Average loss: 1.423781. Accuracy: 0.4534
	Validation set: Average loss: 1.455758. Accuracy: 0.4363
2023-05-25 22:55:49.999 | INFO     | trainer:fit:49 - Epoch: 88/120. Train set: Average loss: 1.438196. Accuracy: 0.4423
	Validation set: Average loss: 1.463048. Accuracy: 0.4343
2023-05-25 22:57:13.074 | INFO     | trainer:fit:49 - Epoch: 89/120. Train set: Average loss: 1.416745. Accuracy: 0.4535
	Validation set: Average loss: 1.460644. Accuracy: 0.4282
2023-05-25 22:58:36.195 | INFO     | trainer:fit:49 - Epoch: 90/120. Train set: Average loss: 1.426790. Accuracy: 0.4534
	Validation set: Average loss: 1.453443. Accuracy: 0.4335
2023-05-25 22:58:36.196 | INFO     | trainer:fit:58 - Best val accuracy: 0.4400
2023-05-25 22:59:59.560 | INFO     | trainer:fit:49 - Epoch: 91/120. Train set: Average loss: 1.421998. Accuracy: 0.4515
	Validation set: Average loss: 1.461497. Accuracy: 0.4228
2023-05-25 23:01:22.589 | INFO     | trainer:fit:49 - Epoch: 92/120. Train set: Average loss: 1.433669. Accuracy: 0.4512
	Validation set: Average loss: 1.450489. Accuracy: 0.4346
2023-05-25 23:02:45.635 | INFO     | trainer:fit:49 - Epoch: 93/120. Train set: Average loss: 1.431425. Accuracy: 0.4429
	Validation set: Average loss: 1.468960. Accuracy: 0.4318
2023-05-25 23:04:08.634 | INFO     | trainer:fit:49 - Epoch: 94/120. Train set: Average loss: 1.434068. Accuracy: 0.4498
	Validation set: Average loss: 1.443728. Accuracy: 0.4321
2023-05-25 23:05:31.683 | INFO     | trainer:fit:49 - Epoch: 95/120. Train set: Average loss: 1.439072. Accuracy: 0.4449
	Validation set: Average loss: 1.456709. Accuracy: 0.4325
2023-05-25 23:06:54.745 | INFO     | trainer:fit:49 - Epoch: 96/120. Train set: Average loss: 1.436904. Accuracy: 0.4412
	Validation set: Average loss: 1.457114. Accuracy: 0.4264
2023-05-25 23:08:17.896 | INFO     | trainer:fit:49 - Epoch: 97/120. Train set: Average loss: 1.434085. Accuracy: 0.4440
	Validation set: Average loss: 1.453953. Accuracy: 0.4361
2023-05-25 23:09:40.841 | INFO     | trainer:fit:49 - Epoch: 98/120. Train set: Average loss: 1.432148. Accuracy: 0.4472
	Validation set: Average loss: 1.468264. Accuracy: 0.4250
2023-05-25 23:11:03.949 | INFO     | trainer:fit:49 - Epoch: 99/120. Train set: Average loss: 1.418133. Accuracy: 0.4526
	Validation set: Average loss: 1.460730. Accuracy: 0.4306
2023-05-25 23:12:27.004 | INFO     | trainer:fit:49 - Epoch: 100/120. Train set: Average loss: 1.414548. Accuracy: 0.4505
	Validation set: Average loss: 1.452372. Accuracy: 0.4291
2023-05-25 23:12:27.004 | INFO     | trainer:fit:58 - Best val accuracy: 0.4400
2023-05-25 23:13:50.378 | INFO     | trainer:fit:49 - Epoch: 101/120. Train set: Average loss: 1.427394. Accuracy: 0.4504
	Validation set: Average loss: 1.444244. Accuracy: 0.4328
2023-05-25 23:15:13.512 | INFO     | trainer:fit:49 - Epoch: 102/120. Train set: Average loss: 1.436605. Accuracy: 0.4427
	Validation set: Average loss: 1.460432. Accuracy: 0.4314
2023-05-25 23:16:36.511 | INFO     | trainer:fit:49 - Epoch: 103/120. Train set: Average loss: 1.442712. Accuracy: 0.4433
	Validation set: Average loss: 1.457247. Accuracy: 0.4360
2023-05-25 23:17:59.542 | INFO     | trainer:fit:49 - Epoch: 104/120. Train set: Average loss: 1.414098. Accuracy: 0.4545
	Validation set: Average loss: 1.461588. Accuracy: 0.4272
2023-05-25 23:19:22.603 | INFO     | trainer:fit:49 - Epoch: 105/120. Train set: Average loss: 1.415178. Accuracy: 0.4485
	Validation set: Average loss: 1.468029. Accuracy: 0.4263
2023-05-25 23:20:45.640 | INFO     | trainer:fit:49 - Epoch: 106/120. Train set: Average loss: 1.425140. Accuracy: 0.4494
	Validation set: Average loss: 1.461350. Accuracy: 0.4311
2023-05-25 23:22:08.624 | INFO     | trainer:fit:49 - Epoch: 107/120. Train set: Average loss: 1.410043. Accuracy: 0.4581
	Validation set: Average loss: 1.447709. Accuracy: 0.4319
2023-05-25 23:23:31.728 | INFO     | trainer:fit:49 - Epoch: 108/120. Train set: Average loss: 1.425030. Accuracy: 0.4457
	Validation set: Average loss: 1.449366. Accuracy: 0.4259
2023-05-25 23:24:54.837 | INFO     | trainer:fit:49 - Epoch: 109/120. Train set: Average loss: 1.435986. Accuracy: 0.4457
	Validation set: Average loss: 1.453822. Accuracy: 0.4314
2023-05-25 23:26:17.952 | INFO     | trainer:fit:49 - Epoch: 110/120. Train set: Average loss: 1.429524. Accuracy: 0.4500
	Validation set: Average loss: 1.446895. Accuracy: 0.4383
2023-05-25 23:26:17.953 | INFO     | trainer:fit:58 - Best val accuracy: 0.4400
2023-05-25 23:27:41.417 | INFO     | trainer:fit:49 - Epoch: 111/120. Train set: Average loss: 1.417532. Accuracy: 0.4545
	Validation set: Average loss: 1.466178. Accuracy: 0.4247
2023-05-25 23:29:04.472 | INFO     | trainer:fit:49 - Epoch: 112/120. Train set: Average loss: 1.421579. Accuracy: 0.4491
	Validation set: Average loss: 1.466859. Accuracy: 0.4277
2023-05-25 23:30:27.645 | INFO     | trainer:fit:49 - Epoch: 113/120. Train set: Average loss: 1.421475. Accuracy: 0.4531
	Validation set: Average loss: 1.448088. Accuracy: 0.4302
2023-05-25 23:31:50.781 | INFO     | trainer:fit:49 - Epoch: 114/120. Train set: Average loss: 1.432740. Accuracy: 0.4457
	Validation set: Average loss: 1.439961. Accuracy: 0.4343
2023-05-25 23:33:13.836 | INFO     | trainer:fit:49 - Epoch: 115/120. Train set: Average loss: 1.438727. Accuracy: 0.4430
	Validation set: Average loss: 1.452253. Accuracy: 0.4329
2023-05-25 23:34:36.968 | INFO     | trainer:fit:49 - Epoch: 116/120. Train set: Average loss: 1.418624. Accuracy: 0.4574
	Validation set: Average loss: 1.462013. Accuracy: 0.4330
2023-05-25 23:36:00.066 | INFO     | trainer:fit:49 - Epoch: 117/120. Train set: Average loss: 1.435782. Accuracy: 0.4494
	Validation set: Average loss: 1.436217. Accuracy: 0.4338
2023-05-25 23:37:23.219 | INFO     | trainer:fit:49 - Epoch: 118/120. Train set: Average loss: 1.422014. Accuracy: 0.4552
	Validation set: Average loss: 1.462076. Accuracy: 0.4257
2023-05-25 23:38:46.262 | INFO     | trainer:fit:49 - Epoch: 119/120. Train set: Average loss: 1.432148. Accuracy: 0.4447
	Validation set: Average loss: 1.459107. Accuracy: 0.4220
2023-05-25 23:40:09.273 | INFO     | trainer:fit:49 - Epoch: 120/120. Train set: Average loss: 1.423324. Accuracy: 0.4526
	Validation set: Average loss: 1.463367. Accuracy: 0.4282
2023-05-25 23:40:09.273 | INFO     | trainer:fit:62 - Training complete in 167m 23s
2023-05-25 23:40:09.273 | INFO     | trainer:fit:63 - Best Val Accuracy: 0.4400
