2023-05-22 23:13:42.605 | INFO     | __main__:run_triplet:49 - Namespace(dataset='CVPR2017', eeg_path='/media/exx/HDD1/LanxHuyen/CVPR2017/eeg_55_95_std.pth', time_low=20, time_high=460, img_path='/media/exx/HDD1/LanxHuyen/CVPR2017/imagenet_augmented', splits_path='/media/exx/HDD1/LanxHuyen/CVPR2017/block_splits_by_image_all.pth', log_path='/home/exx/GithubClonedRepo/EEG-Research/Experiment/ContrastiveLearning', info='tripletnet_augmented_efficinetnetb0', img_encoder='efficientnet_b0', eeg_encoder='EEGChannelNet', batch_size=128, lr=0.005, wd=0.0001, optim='SGD', max_epoch=50, log_interval=10, num_workers=2, gpu=0, gamma=200, arch='train', save_ckpt='checkpoints/', lr_step='40', pretrain=False, momen=0.9, nesterov=False, num_classes=40, device=device(type='cuda', index=0))
2023-05-22 23:19:17.613 | INFO     | __main__:run_triplet:49 - Namespace(dataset='CVPR2017', eeg_path='/media/exx/HDD1/LanxHuyen/CVPR2017/eeg_55_95_std.pth', time_low=20, time_high=460, img_path='/media/exx/HDD1/LanxHuyen/CVPR2017/imagenet_augmented', splits_path='/media/exx/HDD1/LanxHuyen/CVPR2017/block_splits_by_image_all.pth', log_path='/home/exx/GithubClonedRepo/EEG-Research/Experiment/ContrastiveLearning', info='tripletnet_augmented_efficinetnetb0', img_encoder='efficientnet_b0', eeg_encoder='EEGChannelNet', batch_size=128, lr=0.005, wd=0.0001, optim='SGD', max_epoch=50, log_interval=10, num_workers=2, gpu=0, gamma=200, arch='train', save_ckpt='checkpoints/', lr_step='40', pretrain=False, momen=0.9, nesterov=False, num_classes=40, device=device(type='cuda', index=0))
2023-05-22 23:20:11.763 | INFO     | trainer_not_inception:train_epoch:136 - Train: [0/7970 (0%)]	Loss: 0.038773
2023-05-22 23:20:19.828 | INFO     | trainer_not_inception:train_epoch:136 - Train: [640/7970 (8%)]	Loss: 0.024408
2023-05-22 23:20:27.957 | INFO     | trainer_not_inception:train_epoch:136 - Train: [1280/7970 (16%)]	Loss: 0.013550
2023-05-22 23:20:36.065 | INFO     | trainer_not_inception:train_epoch:136 - Train: [1920/7970 (24%)]	Loss: 0.009878
2023-05-22 23:20:44.178 | INFO     | trainer_not_inception:train_epoch:136 - Train: [2560/7970 (32%)]	Loss: 0.006487
2023-05-22 23:20:52.301 | INFO     | trainer_not_inception:train_epoch:136 - Train: [3200/7970 (40%)]	Loss: 0.003726
2023-05-22 23:21:00.415 | INFO     | trainer_not_inception:train_epoch:136 - Train: [3840/7970 (48%)]	Loss: 0.003383
2023-05-22 23:21:08.531 | INFO     | trainer_not_inception:train_epoch:136 - Train: [4480/7970 (56%)]	Loss: 0.004129
2023-05-22 23:21:16.663 | INFO     | trainer_not_inception:train_epoch:136 - Train: [5120/7970 (65%)]	Loss: 0.002757
2023-05-22 23:21:24.786 | INFO     | trainer_not_inception:train_epoch:136 - Train: [5760/7970 (73%)]	Loss: 0.005147
2023-05-22 23:21:32.911 | INFO     | trainer_not_inception:train_epoch:136 - Train: [6400/7970 (81%)]	Loss: 0.003994
2023-05-22 23:21:41.048 | INFO     | trainer_not_inception:train_epoch:136 - Train: [7040/7970 (89%)]	Loss: 0.002739
2023-05-22 23:21:49.169 | INFO     | trainer_not_inception:train_epoch:136 - Train: [7680/7970 (97%)]	Loss: 0.003089
2023-05-22 23:21:51.672 | INFO     | trainer_not_inception:fit:33 - Epoch: 1/50. Train set: Average loss: 0.007097
2023-05-22 23:21:59.433 | INFO     | trainer_not_inception:fit:43 - Epoch: 1/50. Validation set: Average loss: 0.020636
2023-05-22 23:22:00.574 | INFO     | trainer_not_inception:train_epoch:136 - Train: [0/7970 (0%)]	Loss: 0.000709
2023-05-22 23:22:08.707 | INFO     | trainer_not_inception:train_epoch:136 - Train: [640/7970 (8%)]	Loss: 0.002016
2023-05-22 23:22:16.830 | INFO     | trainer_not_inception:train_epoch:136 - Train: [1280/7970 (16%)]	Loss: 0.003620
2023-05-22 23:22:24.961 | INFO     | trainer_not_inception:train_epoch:136 - Train: [1920/7970 (24%)]	Loss: 0.001539
2023-05-22 23:22:33.096 | INFO     | trainer_not_inception:train_epoch:136 - Train: [2560/7970 (32%)]	Loss: 0.002236
2023-05-22 23:22:41.227 | INFO     | trainer_not_inception:train_epoch:136 - Train: [3200/7970 (40%)]	Loss: 0.002344
2023-05-22 23:22:49.363 | INFO     | trainer_not_inception:train_epoch:136 - Train: [3840/7970 (48%)]	Loss: 0.001811
2023-05-22 23:22:57.489 | INFO     | trainer_not_inception:train_epoch:136 - Train: [4480/7970 (56%)]	Loss: 0.001528
2023-05-22 23:23:05.627 | INFO     | trainer_not_inception:train_epoch:136 - Train: [5120/7970 (65%)]	Loss: 0.000592
2023-05-22 23:23:13.767 | INFO     | trainer_not_inception:train_epoch:136 - Train: [5760/7970 (73%)]	Loss: 0.001718
2023-05-22 23:23:21.896 | INFO     | trainer_not_inception:train_epoch:136 - Train: [6400/7970 (81%)]	Loss: 0.000782
2023-05-22 23:23:30.033 | INFO     | trainer_not_inception:train_epoch:136 - Train: [7040/7970 (89%)]	Loss: 0.000941
2023-05-22 23:23:38.157 | INFO     | trainer_not_inception:train_epoch:136 - Train: [7680/7970 (97%)]	Loss: 0.000239
2023-05-22 23:23:40.719 | INFO     | trainer_not_inception:fit:33 - Epoch: 2/50. Train set: Average loss: 0.001574
2023-05-22 23:23:48.841 | INFO     | trainer_not_inception:fit:43 - Epoch: 2/50. Validation set: Average loss: 0.039592
2023-05-22 23:23:50.023 | INFO     | trainer_not_inception:train_epoch:136 - Train: [0/7970 (0%)]	Loss: 0.000068
2023-05-22 23:23:58.131 | INFO     | trainer_not_inception:train_epoch:136 - Train: [640/7970 (8%)]	Loss: 0.004261
2023-05-22 23:24:06.259 | INFO     | trainer_not_inception:train_epoch:136 - Train: [1280/7970 (16%)]	Loss: 0.003662
2023-05-22 23:24:14.383 | INFO     | trainer_not_inception:train_epoch:136 - Train: [1920/7970 (24%)]	Loss: 0.002257
2023-05-22 23:24:22.503 | INFO     | trainer_not_inception:train_epoch:136 - Train: [2560/7970 (32%)]	Loss: 0.001058
2023-05-22 23:24:30.644 | INFO     | trainer_not_inception:train_epoch:136 - Train: [3200/7970 (40%)]	Loss: 0.002172
2023-05-22 23:24:38.781 | INFO     | trainer_not_inception:train_epoch:136 - Train: [3840/7970 (48%)]	Loss: 0.000876
2023-05-22 23:24:46.902 | INFO     | trainer_not_inception:train_epoch:136 - Train: [4480/7970 (56%)]	Loss: 0.000821
2023-05-22 23:24:55.043 | INFO     | trainer_not_inception:train_epoch:136 - Train: [5120/7970 (65%)]	Loss: 0.000387
2023-05-22 23:25:03.171 | INFO     | trainer_not_inception:train_epoch:136 - Train: [5760/7970 (73%)]	Loss: 0.000556
2023-05-22 23:25:11.323 | INFO     | trainer_not_inception:train_epoch:136 - Train: [6400/7970 (81%)]	Loss: 0.000675
2023-05-22 23:25:19.459 | INFO     | trainer_not_inception:train_epoch:136 - Train: [7040/7970 (89%)]	Loss: 0.000567
2023-05-22 23:25:27.606 | INFO     | trainer_not_inception:train_epoch:136 - Train: [7680/7970 (97%)]	Loss: 0.000282
2023-05-22 23:25:30.150 | INFO     | trainer_not_inception:fit:33 - Epoch: 3/50. Train set: Average loss: 0.001424
2023-05-22 23:25:38.158 | INFO     | trainer_not_inception:fit:43 - Epoch: 3/50. Validation set: Average loss: 0.016862
2023-05-22 23:25:39.317 | INFO     | trainer_not_inception:train_epoch:136 - Train: [0/7970 (0%)]	Loss: 0.000480
2023-05-22 23:25:47.429 | INFO     | trainer_not_inception:train_epoch:136 - Train: [640/7970 (8%)]	Loss: 0.000619
2023-05-22 23:25:55.558 | INFO     | trainer_not_inception:train_epoch:136 - Train: [1280/7970 (16%)]	Loss: 0.000242
2023-05-22 23:26:03.682 | INFO     | trainer_not_inception:train_epoch:136 - Train: [1920/7970 (24%)]	Loss: 0.000381
2023-05-22 23:26:11.845 | INFO     | trainer_not_inception:train_epoch:136 - Train: [2560/7970 (32%)]	Loss: 0.000386
2023-05-22 23:26:20.035 | INFO     | trainer_not_inception:train_epoch:136 - Train: [3200/7970 (40%)]	Loss: 0.000356
2023-05-22 23:26:28.158 | INFO     | trainer_not_inception:train_epoch:136 - Train: [3840/7970 (48%)]	Loss: 0.000162
2023-05-22 23:26:36.286 | INFO     | trainer_not_inception:train_epoch:136 - Train: [4480/7970 (56%)]	Loss: 0.000519
2023-05-22 23:26:44.438 | INFO     | trainer_not_inception:train_epoch:136 - Train: [5120/7970 (65%)]	Loss: 0.000538
2023-05-22 23:26:52.578 | INFO     | trainer_not_inception:train_epoch:136 - Train: [5760/7970 (73%)]	Loss: 0.000299
2023-05-22 23:27:00.711 | INFO     | trainer_not_inception:train_epoch:136 - Train: [6400/7970 (81%)]	Loss: 0.000247
2023-05-22 23:27:08.907 | INFO     | trainer_not_inception:train_epoch:136 - Train: [7040/7970 (89%)]	Loss: 0.000133
2023-05-22 23:27:17.050 | INFO     | trainer_not_inception:train_epoch:136 - Train: [7680/7970 (97%)]	Loss: 0.000236
2023-05-22 23:27:19.604 | INFO     | trainer_not_inception:fit:33 - Epoch: 4/50. Train set: Average loss: 0.000354
2023-05-22 23:27:27.424 | INFO     | trainer_not_inception:fit:43 - Epoch: 4/50. Validation set: Average loss: 0.003955
2023-05-22 23:27:28.587 | INFO     | trainer_not_inception:train_epoch:136 - Train: [0/7970 (0%)]	Loss: 0.000242
2023-05-22 23:27:36.699 | INFO     | trainer_not_inception:train_epoch:136 - Train: [640/7970 (8%)]	Loss: 0.000344
2023-05-22 23:27:44.839 | INFO     | trainer_not_inception:train_epoch:136 - Train: [1280/7970 (16%)]	Loss: 0.000608
2023-05-22 23:27:53.051 | INFO     | trainer_not_inception:train_epoch:136 - Train: [1920/7970 (24%)]	Loss: 0.000406
2023-05-22 23:28:01.182 | INFO     | trainer_not_inception:train_epoch:136 - Train: [2560/7970 (32%)]	Loss: 0.000342
2023-05-22 23:28:09.318 | INFO     | trainer_not_inception:train_epoch:136 - Train: [3200/7970 (40%)]	Loss: 0.000336
2023-05-22 23:28:17.455 | INFO     | trainer_not_inception:train_epoch:136 - Train: [3840/7970 (48%)]	Loss: 0.000224
2023-05-22 23:28:25.590 | INFO     | trainer_not_inception:train_epoch:136 - Train: [4480/7970 (56%)]	Loss: 0.000487
2023-05-22 23:28:33.707 | INFO     | trainer_not_inception:train_epoch:136 - Train: [5120/7970 (65%)]	Loss: 0.000542
2023-05-22 23:28:41.822 | INFO     | trainer_not_inception:train_epoch:136 - Train: [5760/7970 (73%)]	Loss: 0.000961
2023-05-22 23:28:49.959 | INFO     | trainer_not_inception:train_epoch:136 - Train: [6400/7970 (81%)]	Loss: 0.000550
2023-05-22 23:28:58.088 | INFO     | trainer_not_inception:train_epoch:136 - Train: [7040/7970 (89%)]	Loss: 0.000373
2023-05-22 23:29:06.203 | INFO     | trainer_not_inception:train_epoch:136 - Train: [7680/7970 (97%)]	Loss: 0.000517
2023-05-22 23:29:08.773 | INFO     | trainer_not_inception:fit:33 - Epoch: 5/50. Train set: Average loss: 0.000465
2023-05-22 23:29:16.607 | INFO     | trainer_not_inception:fit:43 - Epoch: 5/50. Validation set: Average loss: 0.001008
2023-05-22 23:29:17.784 | INFO     | trainer_not_inception:train_epoch:136 - Train: [0/7970 (0%)]	Loss: 0.000543
2023-05-22 23:29:25.895 | INFO     | trainer_not_inception:train_epoch:136 - Train: [640/7970 (8%)]	Loss: 0.000505
2023-05-22 23:29:34.026 | INFO     | trainer_not_inception:train_epoch:136 - Train: [1280/7970 (16%)]	Loss: 0.000108
2023-05-22 23:29:42.145 | INFO     | trainer_not_inception:train_epoch:136 - Train: [1920/7970 (24%)]	Loss: 0.000208
2023-05-22 23:29:50.274 | INFO     | trainer_not_inception:train_epoch:136 - Train: [2560/7970 (32%)]	Loss: 0.000126
2023-05-22 23:29:58.406 | INFO     | trainer_not_inception:train_epoch:136 - Train: [3200/7970 (40%)]	Loss: 0.000234
2023-05-22 23:30:06.554 | INFO     | trainer_not_inception:train_epoch:136 - Train: [3840/7970 (48%)]	Loss: 0.000107
2023-05-22 23:30:14.690 | INFO     | trainer_not_inception:train_epoch:136 - Train: [4480/7970 (56%)]	Loss: 0.000111
2023-05-22 23:30:22.808 | INFO     | trainer_not_inception:train_epoch:136 - Train: [5120/7970 (65%)]	Loss: 0.000209
2023-05-22 23:30:30.940 | INFO     | trainer_not_inception:train_epoch:136 - Train: [5760/7970 (73%)]	Loss: 0.000218
2023-05-22 23:30:39.064 | INFO     | trainer_not_inception:train_epoch:136 - Train: [6400/7970 (81%)]	Loss: 0.000130
2023-05-22 23:30:47.193 | INFO     | trainer_not_inception:train_epoch:136 - Train: [7040/7970 (89%)]	Loss: 0.000636
2023-05-22 23:30:55.325 | INFO     | trainer_not_inception:train_epoch:136 - Train: [7680/7970 (97%)]	Loss: 0.000455
2023-05-22 23:30:57.882 | INFO     | trainer_not_inception:fit:33 - Epoch: 6/50. Train set: Average loss: 0.000259
2023-05-22 23:31:05.719 | INFO     | trainer_not_inception:fit:43 - Epoch: 6/50. Validation set: Average loss: 0.001073
2023-05-22 23:31:06.876 | INFO     | trainer_not_inception:train_epoch:136 - Train: [0/7970 (0%)]	Loss: 0.000486
2023-05-22 23:31:14.998 | INFO     | trainer_not_inception:train_epoch:136 - Train: [640/7970 (8%)]	Loss: 0.000337
2023-05-22 23:31:23.122 | INFO     | trainer_not_inception:train_epoch:136 - Train: [1280/7970 (16%)]	Loss: 0.000225
2023-05-22 23:31:31.259 | INFO     | trainer_not_inception:train_epoch:136 - Train: [1920/7970 (24%)]	Loss: 0.000113
2023-05-22 23:31:39.381 | INFO     | trainer_not_inception:train_epoch:136 - Train: [2560/7970 (32%)]	Loss: 0.000160
2023-05-22 23:31:47.526 | INFO     | trainer_not_inception:train_epoch:136 - Train: [3200/7970 (40%)]	Loss: 0.000130
2023-05-22 23:31:55.654 | INFO     | trainer_not_inception:train_epoch:136 - Train: [3840/7970 (48%)]	Loss: 0.000253
2023-05-22 23:32:03.784 | INFO     | trainer_not_inception:train_epoch:136 - Train: [4480/7970 (56%)]	Loss: 0.000207
2023-05-22 23:32:11.928 | INFO     | trainer_not_inception:train_epoch:136 - Train: [5120/7970 (65%)]	Loss: 0.000148
2023-05-22 23:32:20.044 | INFO     | trainer_not_inception:train_epoch:136 - Train: [5760/7970 (73%)]	Loss: 0.000114
2023-05-22 23:32:28.184 | INFO     | trainer_not_inception:train_epoch:136 - Train: [6400/7970 (81%)]	Loss: 0.000027
2023-05-22 23:32:36.311 | INFO     | trainer_not_inception:train_epoch:136 - Train: [7040/7970 (89%)]	Loss: 0.000601
2023-05-22 23:32:44.441 | INFO     | trainer_not_inception:train_epoch:136 - Train: [7680/7970 (97%)]	Loss: 0.000387
2023-05-22 23:32:46.997 | INFO     | trainer_not_inception:fit:33 - Epoch: 7/50. Train set: Average loss: 0.000237
2023-05-22 23:32:54.791 | INFO     | trainer_not_inception:fit:43 - Epoch: 7/50. Validation set: Average loss: 0.001119
2023-05-22 23:32:55.935 | INFO     | trainer_not_inception:train_epoch:136 - Train: [0/7970 (0%)]	Loss: 0.000391
2023-05-22 23:33:04.040 | INFO     | trainer_not_inception:train_epoch:136 - Train: [640/7970 (8%)]	Loss: 0.000432
2023-05-22 23:33:12.170 | INFO     | trainer_not_inception:train_epoch:136 - Train: [1280/7970 (16%)]	Loss: 0.000347
2023-05-22 23:33:20.287 | INFO     | trainer_not_inception:train_epoch:136 - Train: [1920/7970 (24%)]	Loss: 0.000228
2023-05-22 23:33:28.409 | INFO     | trainer_not_inception:train_epoch:136 - Train: [2560/7970 (32%)]	Loss: 0.000285
2023-05-22 23:33:36.534 | INFO     | trainer_not_inception:train_epoch:136 - Train: [3200/7970 (40%)]	Loss: 0.000155
2023-05-22 23:33:44.667 | INFO     | trainer_not_inception:train_epoch:136 - Train: [3840/7970 (48%)]	Loss: 0.000331
2023-05-22 23:33:52.787 | INFO     | trainer_not_inception:train_epoch:136 - Train: [4480/7970 (56%)]	Loss: 0.000423
2023-05-22 23:34:00.908 | INFO     | trainer_not_inception:train_epoch:136 - Train: [5120/7970 (65%)]	Loss: 0.000276
2023-05-22 23:34:09.034 | INFO     | trainer_not_inception:train_epoch:136 - Train: [5760/7970 (73%)]	Loss: 0.000222
2023-05-22 23:34:17.168 | INFO     | trainer_not_inception:train_epoch:136 - Train: [6400/7970 (81%)]	Loss: 0.000236
2023-05-22 23:34:25.294 | INFO     | trainer_not_inception:train_epoch:136 - Train: [7040/7970 (89%)]	Loss: 0.000719
2023-05-22 23:34:33.426 | INFO     | trainer_not_inception:train_epoch:136 - Train: [7680/7970 (97%)]	Loss: 0.000652
2023-05-22 23:34:35.945 | INFO     | trainer_not_inception:fit:33 - Epoch: 8/50. Train set: Average loss: 0.000360
2023-05-22 23:34:44.204 | INFO     | trainer_not_inception:fit:43 - Epoch: 8/50. Validation set: Average loss: 0.008380
2023-05-22 23:34:45.383 | INFO     | trainer_not_inception:train_epoch:136 - Train: [0/7970 (0%)]	Loss: 0.000501
2023-05-22 23:34:53.506 | INFO     | trainer_not_inception:train_epoch:136 - Train: [640/7970 (8%)]	Loss: 0.000568
2023-05-22 23:35:01.612 | INFO     | trainer_not_inception:train_epoch:136 - Train: [1280/7970 (16%)]	Loss: 0.000559
2023-05-22 23:35:09.731 | INFO     | trainer_not_inception:train_epoch:136 - Train: [1920/7970 (24%)]	Loss: 0.000613
2023-05-22 23:35:17.872 | INFO     | trainer_not_inception:train_epoch:136 - Train: [2560/7970 (32%)]	Loss: 0.000628
2023-05-22 23:35:25.996 | INFO     | trainer_not_inception:train_epoch:136 - Train: [3200/7970 (40%)]	Loss: 0.000311
2023-05-22 23:35:34.126 | INFO     | trainer_not_inception:train_epoch:136 - Train: [3840/7970 (48%)]	Loss: 0.000343
2023-05-22 23:35:42.261 | INFO     | trainer_not_inception:train_epoch:136 - Train: [4480/7970 (56%)]	Loss: 0.000452
2023-05-22 23:35:50.392 | INFO     | trainer_not_inception:train_epoch:136 - Train: [5120/7970 (65%)]	Loss: 0.000540
2023-05-22 23:35:58.537 | INFO     | trainer_not_inception:train_epoch:136 - Train: [5760/7970 (73%)]	Loss: 0.000392
2023-05-22 23:36:06.666 | INFO     | trainer_not_inception:train_epoch:136 - Train: [6400/7970 (81%)]	Loss: 0.000292
2023-05-22 23:36:14.823 | INFO     | trainer_not_inception:train_epoch:136 - Train: [7040/7970 (89%)]	Loss: 0.000261
2023-05-22 23:36:22.951 | INFO     | trainer_not_inception:train_epoch:136 - Train: [7680/7970 (97%)]	Loss: 0.000310
2023-05-22 23:36:25.512 | INFO     | trainer_not_inception:fit:33 - Epoch: 9/50. Train set: Average loss: 0.000438
2023-05-22 23:36:33.367 | INFO     | trainer_not_inception:fit:43 - Epoch: 9/50. Validation set: Average loss: 0.020196
2023-05-22 23:36:34.521 | INFO     | trainer_not_inception:train_epoch:136 - Train: [0/7970 (0%)]	Loss: 0.000291
2023-05-22 23:36:42.643 | INFO     | trainer_not_inception:train_epoch:136 - Train: [640/7970 (8%)]	Loss: 0.000354
2023-05-22 23:36:50.756 | INFO     | trainer_not_inception:train_epoch:136 - Train: [1280/7970 (16%)]	Loss: 0.000372
2023-05-22 23:36:58.876 | INFO     | trainer_not_inception:train_epoch:136 - Train: [1920/7970 (24%)]	Loss: 0.000246
2023-05-22 23:37:06.996 | INFO     | trainer_not_inception:train_epoch:136 - Train: [2560/7970 (32%)]	Loss: 0.000264
2023-05-22 23:37:15.133 | INFO     | trainer_not_inception:train_epoch:136 - Train: [3200/7970 (40%)]	Loss: 0.000218
2023-05-22 23:37:23.256 | INFO     | trainer_not_inception:train_epoch:136 - Train: [3840/7970 (48%)]	Loss: 0.000172
2023-05-22 23:37:31.392 | INFO     | trainer_not_inception:train_epoch:136 - Train: [4480/7970 (56%)]	Loss: 0.000303
2023-05-22 23:37:39.515 | INFO     | trainer_not_inception:train_epoch:136 - Train: [5120/7970 (65%)]	Loss: 0.000174
2023-05-22 23:37:47.630 | INFO     | trainer_not_inception:train_epoch:136 - Train: [5760/7970 (73%)]	Loss: 0.000349
2023-05-22 23:37:55.758 | INFO     | trainer_not_inception:train_epoch:136 - Train: [6400/7970 (81%)]	Loss: 0.000178
2023-05-22 23:38:03.897 | INFO     | trainer_not_inception:train_epoch:136 - Train: [7040/7970 (89%)]	Loss: 0.000251
2023-05-22 23:38:12.032 | INFO     | trainer_not_inception:train_epoch:136 - Train: [7680/7970 (97%)]	Loss: 0.000200
2023-05-22 23:38:14.592 | INFO     | trainer_not_inception:fit:33 - Epoch: 10/50. Train set: Average loss: 0.000263
2023-05-22 23:38:22.731 | INFO     | trainer_not_inception:fit:43 - Epoch: 10/50. Validation set: Average loss: 0.014321
2023-05-22 23:38:24.356 | INFO     | trainer_not_inception:train_epoch:136 - Train: [0/7970 (0%)]	Loss: 0.000133
2023-05-22 23:38:32.471 | INFO     | trainer_not_inception:train_epoch:136 - Train: [640/7970 (8%)]	Loss: 0.000228
2023-05-22 23:38:40.576 | INFO     | trainer_not_inception:train_epoch:136 - Train: [1280/7970 (16%)]	Loss: 0.000194
2023-05-22 23:38:48.693 | INFO     | trainer_not_inception:train_epoch:136 - Train: [1920/7970 (24%)]	Loss: 0.000167
2023-05-22 23:38:56.826 | INFO     | trainer_not_inception:train_epoch:136 - Train: [2560/7970 (32%)]	Loss: 0.000187
2023-05-22 23:39:04.942 | INFO     | trainer_not_inception:train_epoch:136 - Train: [3200/7970 (40%)]	Loss: 0.000140
2023-05-22 23:39:13.068 | INFO     | trainer_not_inception:train_epoch:136 - Train: [3840/7970 (48%)]	Loss: 0.000127
2023-05-22 23:39:21.201 | INFO     | trainer_not_inception:train_epoch:136 - Train: [4480/7970 (56%)]	Loss: 0.000302
2023-05-22 23:39:29.310 | INFO     | trainer_not_inception:train_epoch:136 - Train: [5120/7970 (65%)]	Loss: 0.000125
2023-05-22 23:39:37.426 | INFO     | trainer_not_inception:train_epoch:136 - Train: [5760/7970 (73%)]	Loss: 0.000147
2023-05-22 23:39:45.557 | INFO     | trainer_not_inception:train_epoch:136 - Train: [6400/7970 (81%)]	Loss: 0.000242
2023-05-22 23:39:53.679 | INFO     | trainer_not_inception:train_epoch:136 - Train: [7040/7970 (89%)]	Loss: 0.000166
2023-05-22 23:40:01.802 | INFO     | trainer_not_inception:train_epoch:136 - Train: [7680/7970 (97%)]	Loss: 0.000180
2023-05-22 23:40:04.354 | INFO     | trainer_not_inception:fit:33 - Epoch: 11/50. Train set: Average loss: 0.000179
2023-05-22 23:40:12.263 | INFO     | trainer_not_inception:fit:43 - Epoch: 11/50. Validation set: Average loss: 0.000604
2023-05-22 23:40:13.454 | INFO     | trainer_not_inception:train_epoch:136 - Train: [0/7970 (0%)]	Loss: 0.000367
2023-05-22 23:40:21.584 | INFO     | trainer_not_inception:train_epoch:136 - Train: [640/7970 (8%)]	Loss: 0.000152
2023-05-22 23:40:29.703 | INFO     | trainer_not_inception:train_epoch:136 - Train: [1280/7970 (16%)]	Loss: 0.000183
2023-05-22 23:40:37.892 | INFO     | trainer_not_inception:train_epoch:136 - Train: [1920/7970 (24%)]	Loss: 0.000159
2023-05-22 23:40:46.018 | INFO     | trainer_not_inception:train_epoch:136 - Train: [2560/7970 (32%)]	Loss: 0.000177
2023-05-22 23:40:54.155 | INFO     | trainer_not_inception:train_epoch:136 - Train: [3200/7970 (40%)]	Loss: 0.000131
2023-05-22 23:41:02.281 | INFO     | trainer_not_inception:train_epoch:136 - Train: [3840/7970 (48%)]	Loss: 0.000202
2023-05-22 23:41:10.410 | INFO     | trainer_not_inception:train_epoch:136 - Train: [4480/7970 (56%)]	Loss: 0.000175
2023-05-22 23:41:18.552 | INFO     | trainer_not_inception:train_epoch:136 - Train: [5120/7970 (65%)]	Loss: 0.000225
2023-05-22 23:41:26.690 | INFO     | trainer_not_inception:train_epoch:136 - Train: [5760/7970 (73%)]	Loss: 0.000143
2023-05-22 23:41:34.809 | INFO     | trainer_not_inception:train_epoch:136 - Train: [6400/7970 (81%)]	Loss: 0.000178
2023-05-22 23:41:42.930 | INFO     | trainer_not_inception:train_epoch:136 - Train: [7040/7970 (89%)]	Loss: 0.000076
2023-05-22 23:41:51.083 | INFO     | trainer_not_inception:train_epoch:136 - Train: [7680/7970 (97%)]	Loss: 0.000071
2023-05-22 23:41:53.634 | INFO     | trainer_not_inception:fit:33 - Epoch: 12/50. Train set: Average loss: 0.000156
2023-05-22 23:42:01.620 | INFO     | trainer_not_inception:fit:43 - Epoch: 12/50. Validation set: Average loss: 0.000307
2023-05-22 23:42:02.788 | INFO     | trainer_not_inception:train_epoch:136 - Train: [0/7970 (0%)]	Loss: 0.000010
2023-05-22 23:42:10.915 | INFO     | trainer_not_inception:train_epoch:136 - Train: [640/7970 (8%)]	Loss: 0.000142
2023-05-22 23:42:19.033 | INFO     | trainer_not_inception:train_epoch:136 - Train: [1280/7970 (16%)]	Loss: 0.000135
2023-05-22 23:42:27.155 | INFO     | trainer_not_inception:train_epoch:136 - Train: [1920/7970 (24%)]	Loss: 0.000114
2023-05-22 23:42:35.286 | INFO     | trainer_not_inception:train_epoch:136 - Train: [2560/7970 (32%)]	Loss: 0.000205
2023-05-22 23:42:43.419 | INFO     | trainer_not_inception:train_epoch:136 - Train: [3200/7970 (40%)]	Loss: 0.000198
2023-05-22 23:42:51.542 | INFO     | trainer_not_inception:train_epoch:136 - Train: [3840/7970 (48%)]	Loss: 0.000112
2023-05-22 23:42:59.681 | INFO     | trainer_not_inception:train_epoch:136 - Train: [4480/7970 (56%)]	Loss: 0.000146
2023-05-22 23:43:07.802 | INFO     | trainer_not_inception:train_epoch:136 - Train: [5120/7970 (65%)]	Loss: 0.000040
2023-05-22 23:43:15.943 | INFO     | trainer_not_inception:train_epoch:136 - Train: [5760/7970 (73%)]	Loss: 0.000130
2023-05-22 23:43:24.078 | INFO     | trainer_not_inception:train_epoch:136 - Train: [6400/7970 (81%)]	Loss: 0.000086
2023-05-22 23:43:32.207 | INFO     | trainer_not_inception:train_epoch:136 - Train: [7040/7970 (89%)]	Loss: 0.000093
2023-05-22 23:43:40.334 | INFO     | trainer_not_inception:train_epoch:136 - Train: [7680/7970 (97%)]	Loss: 0.000114
2023-05-22 23:43:42.883 | INFO     | trainer_not_inception:fit:33 - Epoch: 13/50. Train set: Average loss: 0.000126
2023-05-22 23:43:50.756 | INFO     | trainer_not_inception:fit:43 - Epoch: 13/50. Validation set: Average loss: 0.001393
2023-05-22 23:43:51.935 | INFO     | trainer_not_inception:train_epoch:136 - Train: [0/7970 (0%)]	Loss: 0.000019
2023-05-22 23:44:00.049 | INFO     | trainer_not_inception:train_epoch:136 - Train: [640/7970 (8%)]	Loss: 0.000070
2023-05-22 23:44:08.173 | INFO     | trainer_not_inception:train_epoch:136 - Train: [1280/7970 (16%)]	Loss: 0.000182
2023-05-22 23:44:16.286 | INFO     | trainer_not_inception:train_epoch:136 - Train: [1920/7970 (24%)]	Loss: 0.000092
2023-05-22 23:44:24.406 | INFO     | trainer_not_inception:train_epoch:136 - Train: [2560/7970 (32%)]	Loss: 0.000065
2023-05-22 23:44:32.537 | INFO     | trainer_not_inception:train_epoch:136 - Train: [3200/7970 (40%)]	Loss: 0.000090
2023-05-22 23:44:40.666 | INFO     | trainer_not_inception:train_epoch:136 - Train: [3840/7970 (48%)]	Loss: 0.000029
2023-05-22 23:44:48.799 | INFO     | trainer_not_inception:train_epoch:136 - Train: [4480/7970 (56%)]	Loss: 0.000080
2023-05-22 23:44:56.934 | INFO     | trainer_not_inception:train_epoch:136 - Train: [5120/7970 (65%)]	Loss: 0.000184
2023-05-22 23:45:05.062 | INFO     | trainer_not_inception:train_epoch:136 - Train: [5760/7970 (73%)]	Loss: 0.000168
2023-05-22 23:45:13.201 | INFO     | trainer_not_inception:train_epoch:136 - Train: [6400/7970 (81%)]	Loss: 0.000184
2023-05-22 23:45:21.323 | INFO     | trainer_not_inception:train_epoch:136 - Train: [7040/7970 (89%)]	Loss: 0.000084
2023-05-22 23:45:29.466 | INFO     | trainer_not_inception:train_epoch:136 - Train: [7680/7970 (97%)]	Loss: 0.000083
2023-05-22 23:45:32.018 | INFO     | trainer_not_inception:fit:33 - Epoch: 14/50. Train set: Average loss: 0.000107
2023-05-22 23:45:39.954 | INFO     | trainer_not_inception:fit:43 - Epoch: 14/50. Validation set: Average loss: 0.003485
2023-05-22 23:45:41.123 | INFO     | trainer_not_inception:train_epoch:136 - Train: [0/7970 (0%)]	Loss: 0.000175
2023-05-22 23:45:49.241 | INFO     | trainer_not_inception:train_epoch:136 - Train: [640/7970 (8%)]	Loss: 0.000121
2023-05-22 23:45:57.350 | INFO     | trainer_not_inception:train_epoch:136 - Train: [1280/7970 (16%)]	Loss: 0.000108
2023-05-22 23:46:05.465 | INFO     | trainer_not_inception:train_epoch:136 - Train: [1920/7970 (24%)]	Loss: 0.000127
2023-05-22 23:46:13.597 | INFO     | trainer_not_inception:train_epoch:136 - Train: [2560/7970 (32%)]	Loss: 0.000065
2023-05-22 23:46:21.715 | INFO     | trainer_not_inception:train_epoch:136 - Train: [3200/7970 (40%)]	Loss: 0.000059
2023-05-22 23:46:29.830 | INFO     | trainer_not_inception:train_epoch:136 - Train: [3840/7970 (48%)]	Loss: 0.000059
2023-05-22 23:46:37.971 | INFO     | trainer_not_inception:train_epoch:136 - Train: [4480/7970 (56%)]	Loss: 0.000098
2023-05-22 23:46:46.089 | INFO     | trainer_not_inception:train_epoch:136 - Train: [5120/7970 (65%)]	Loss: 0.000137
2023-05-22 23:46:54.220 | INFO     | trainer_not_inception:train_epoch:136 - Train: [5760/7970 (73%)]	Loss: 0.000077
2023-05-22 23:47:02.357 | INFO     | trainer_not_inception:train_epoch:136 - Train: [6400/7970 (81%)]	Loss: 0.000095
2023-05-22 23:47:10.486 | INFO     | trainer_not_inception:train_epoch:136 - Train: [7040/7970 (89%)]	Loss: 0.000100
2023-05-22 23:47:18.623 | INFO     | trainer_not_inception:train_epoch:136 - Train: [7680/7970 (97%)]	Loss: 0.000040
2023-05-22 23:47:21.168 | INFO     | trainer_not_inception:fit:33 - Epoch: 15/50. Train set: Average loss: 0.000089
2023-05-22 23:47:29.179 | INFO     | trainer_not_inception:fit:43 - Epoch: 15/50. Validation set: Average loss: 0.001440
2023-05-22 23:47:30.338 | INFO     | trainer_not_inception:train_epoch:136 - Train: [0/7970 (0%)]	Loss: 0.000001
2023-05-22 23:47:38.451 | INFO     | trainer_not_inception:train_epoch:136 - Train: [640/7970 (8%)]	Loss: 0.000099
2023-05-22 23:47:46.582 | INFO     | trainer_not_inception:train_epoch:136 - Train: [1280/7970 (16%)]	Loss: 0.000096
2023-05-22 23:47:54.694 | INFO     | trainer_not_inception:train_epoch:136 - Train: [1920/7970 (24%)]	Loss: 0.000047
2023-05-22 23:48:02.816 | INFO     | trainer_not_inception:train_epoch:136 - Train: [2560/7970 (32%)]	Loss: 0.000072
2023-05-22 23:48:10.954 | INFO     | trainer_not_inception:train_epoch:136 - Train: [3200/7970 (40%)]	Loss: 0.000078
2023-05-22 23:48:19.071 | INFO     | trainer_not_inception:train_epoch:136 - Train: [3840/7970 (48%)]	Loss: 0.000074
2023-05-22 23:48:27.194 | INFO     | trainer_not_inception:train_epoch:136 - Train: [4480/7970 (56%)]	Loss: 0.000044
2023-05-22 23:48:35.330 | INFO     | trainer_not_inception:train_epoch:136 - Train: [5120/7970 (65%)]	Loss: 0.000073
2023-05-22 23:48:43.456 | INFO     | trainer_not_inception:train_epoch:136 - Train: [5760/7970 (73%)]	Loss: 0.000041
2023-05-22 23:48:51.575 | INFO     | trainer_not_inception:train_epoch:136 - Train: [6400/7970 (81%)]	Loss: 0.000098
2023-05-22 23:48:59.702 | INFO     | trainer_not_inception:train_epoch:136 - Train: [7040/7970 (89%)]	Loss: 0.000024
2023-05-22 23:49:07.832 | INFO     | trainer_not_inception:train_epoch:136 - Train: [7680/7970 (97%)]	Loss: 0.000047
2023-05-22 23:49:10.393 | INFO     | trainer_not_inception:fit:33 - Epoch: 16/50. Train set: Average loss: 0.000064
2023-05-22 23:49:18.512 | INFO     | trainer_not_inception:fit:43 - Epoch: 16/50. Validation set: Average loss: 0.001285
2023-05-22 23:49:19.675 | INFO     | trainer_not_inception:train_epoch:136 - Train: [0/7970 (0%)]	Loss: 0.000009
2023-05-22 23:49:27.790 | INFO     | trainer_not_inception:train_epoch:136 - Train: [640/7970 (8%)]	Loss: 0.000061
2023-05-22 23:49:35.925 | INFO     | trainer_not_inception:train_epoch:136 - Train: [1280/7970 (16%)]	Loss: 0.000068
2023-05-22 23:49:44.046 | INFO     | trainer_not_inception:train_epoch:136 - Train: [1920/7970 (24%)]	Loss: 0.000072
2023-05-22 23:49:52.161 | INFO     | trainer_not_inception:train_epoch:136 - Train: [2560/7970 (32%)]	Loss: 0.000035
2023-05-22 23:50:00.291 | INFO     | trainer_not_inception:train_epoch:136 - Train: [3200/7970 (40%)]	Loss: 0.000047
2023-05-22 23:50:08.414 | INFO     | trainer_not_inception:train_epoch:136 - Train: [3840/7970 (48%)]	Loss: 0.000106
2023-05-22 23:50:16.539 | INFO     | trainer_not_inception:train_epoch:136 - Train: [4480/7970 (56%)]	Loss: 0.000043
2023-05-22 23:50:24.677 | INFO     | trainer_not_inception:train_epoch:136 - Train: [5120/7970 (65%)]	Loss: 0.000034
2023-05-22 23:50:32.802 | INFO     | trainer_not_inception:train_epoch:136 - Train: [5760/7970 (73%)]	Loss: 0.000055
2023-05-22 23:50:40.936 | INFO     | trainer_not_inception:train_epoch:136 - Train: [6400/7970 (81%)]	Loss: 0.000118
2023-05-22 23:50:49.057 | INFO     | trainer_not_inception:train_epoch:136 - Train: [7040/7970 (89%)]	Loss: 0.000041
2023-05-22 23:50:57.177 | INFO     | trainer_not_inception:train_epoch:136 - Train: [7680/7970 (97%)]	Loss: 0.000036
2023-05-22 23:50:59.741 | INFO     | trainer_not_inception:fit:33 - Epoch: 17/50. Train set: Average loss: 0.000058
2023-05-22 23:51:07.749 | INFO     | trainer_not_inception:fit:43 - Epoch: 17/50. Validation set: Average loss: 0.000539
2023-05-22 23:51:08.927 | INFO     | trainer_not_inception:train_epoch:136 - Train: [0/7970 (0%)]	Loss: 0.000201
2023-05-22 23:51:17.044 | INFO     | trainer_not_inception:train_epoch:136 - Train: [640/7970 (8%)]	Loss: 0.000004
2023-05-22 23:51:25.178 | INFO     | trainer_not_inception:train_epoch:136 - Train: [1280/7970 (16%)]	Loss: 0.000038
2023-05-22 23:51:33.311 | INFO     | trainer_not_inception:train_epoch:136 - Train: [1920/7970 (24%)]	Loss: 0.000057
2023-05-22 23:51:41.447 | INFO     | trainer_not_inception:train_epoch:136 - Train: [2560/7970 (32%)]	Loss: 0.000030
2023-05-22 23:51:49.575 | INFO     | trainer_not_inception:train_epoch:136 - Train: [3200/7970 (40%)]	Loss: 0.000054
2023-05-22 23:51:57.704 | INFO     | trainer_not_inception:train_epoch:136 - Train: [3840/7970 (48%)]	Loss: 0.000084
2023-05-22 23:52:05.858 | INFO     | trainer_not_inception:train_epoch:136 - Train: [4480/7970 (56%)]	Loss: 0.000116
2023-05-22 23:52:13.991 | INFO     | trainer_not_inception:train_epoch:136 - Train: [5120/7970 (65%)]	Loss: 0.000004
2023-05-22 23:52:22.127 | INFO     | trainer_not_inception:train_epoch:136 - Train: [5760/7970 (73%)]	Loss: 0.000021
2023-05-22 23:52:30.247 | INFO     | trainer_not_inception:train_epoch:136 - Train: [6400/7970 (81%)]	Loss: 0.000046
2023-05-22 23:52:38.388 | INFO     | trainer_not_inception:train_epoch:136 - Train: [7040/7970 (89%)]	Loss: 0.000053
2023-05-22 23:52:46.509 | INFO     | trainer_not_inception:train_epoch:136 - Train: [7680/7970 (97%)]	Loss: 0.000007
2023-05-22 23:52:49.064 | INFO     | trainer_not_inception:fit:33 - Epoch: 18/50. Train set: Average loss: 0.000047
2023-05-22 23:52:57.305 | INFO     | trainer_not_inception:fit:43 - Epoch: 18/50. Validation set: Average loss: 0.000000
2023-05-22 23:52:58.459 | INFO     | trainer_not_inception:train_epoch:136 - Train: [0/7970 (0%)]	Loss: 0.000254
2023-05-22 23:53:06.577 | INFO     | trainer_not_inception:train_epoch:136 - Train: [640/7970 (8%)]	Loss: 0.000086
2023-05-22 23:53:14.714 | INFO     | trainer_not_inception:train_epoch:136 - Train: [1280/7970 (16%)]	Loss: 0.000054
2023-05-22 23:53:22.850 | INFO     | trainer_not_inception:train_epoch:136 - Train: [1920/7970 (24%)]	Loss: 0.000025
2023-05-22 23:53:30.973 | INFO     | trainer_not_inception:train_epoch:136 - Train: [2560/7970 (32%)]	Loss: 0.000022
2023-05-22 23:53:39.108 | INFO     | trainer_not_inception:train_epoch:136 - Train: [3200/7970 (40%)]	Loss: 0.000043
2023-05-22 23:53:47.248 | INFO     | trainer_not_inception:train_epoch:136 - Train: [3840/7970 (48%)]	Loss: 0.000053
2023-05-22 23:53:55.383 | INFO     | trainer_not_inception:train_epoch:136 - Train: [4480/7970 (56%)]	Loss: 0.000038
2023-05-22 23:54:03.515 | INFO     | trainer_not_inception:train_epoch:136 - Train: [5120/7970 (65%)]	Loss: 0.000011
2023-05-22 23:54:11.651 | INFO     | trainer_not_inception:train_epoch:136 - Train: [5760/7970 (73%)]	Loss: 0.000060
2023-05-22 23:54:19.797 | INFO     | trainer_not_inception:train_epoch:136 - Train: [6400/7970 (81%)]	Loss: 0.000027
2023-05-22 23:54:27.920 | INFO     | trainer_not_inception:train_epoch:136 - Train: [7040/7970 (89%)]	Loss: 0.000027
2023-05-22 23:54:36.057 | INFO     | trainer_not_inception:train_epoch:136 - Train: [7680/7970 (97%)]	Loss: 0.000017
2023-05-22 23:54:38.578 | INFO     | trainer_not_inception:fit:33 - Epoch: 19/50. Train set: Average loss: 0.000039
2023-05-22 23:54:46.961 | INFO     | trainer_not_inception:fit:43 - Epoch: 19/50. Validation set: Average loss: 0.000000
2023-05-22 23:54:48.121 | INFO     | trainer_not_inception:train_epoch:136 - Train: [0/7970 (0%)]	Loss: 0.000039
2023-05-22 23:54:56.251 | INFO     | trainer_not_inception:train_epoch:136 - Train: [640/7970 (8%)]	Loss: 0.000052
2023-05-22 23:55:04.366 | INFO     | trainer_not_inception:train_epoch:136 - Train: [1280/7970 (16%)]	Loss: 0.000033
2023-05-22 23:55:12.513 | INFO     | trainer_not_inception:train_epoch:136 - Train: [1920/7970 (24%)]	Loss: 0.000071
2023-05-22 23:55:20.639 | INFO     | trainer_not_inception:train_epoch:136 - Train: [2560/7970 (32%)]	Loss: 0.000018
2023-05-22 23:55:28.758 | INFO     | trainer_not_inception:train_epoch:136 - Train: [3200/7970 (40%)]	Loss: 0.000029
2023-05-22 23:55:36.890 | INFO     | trainer_not_inception:train_epoch:136 - Train: [3840/7970 (48%)]	Loss: 0.000029
2023-05-22 23:55:45.019 | INFO     | trainer_not_inception:train_epoch:136 - Train: [4480/7970 (56%)]	Loss: 0.000014
2023-05-22 23:55:53.171 | INFO     | trainer_not_inception:train_epoch:136 - Train: [5120/7970 (65%)]	Loss: 0.000020
2023-05-22 23:56:01.302 | INFO     | trainer_not_inception:train_epoch:136 - Train: [5760/7970 (73%)]	Loss: 0.000042
2023-05-22 23:56:09.531 | INFO     | trainer_not_inception:train_epoch:136 - Train: [6400/7970 (81%)]	Loss: 0.000005
2023-05-22 23:56:17.643 | INFO     | trainer_not_inception:train_epoch:136 - Train: [7040/7970 (89%)]	Loss: 0.000015
2023-05-22 23:56:25.772 | INFO     | trainer_not_inception:train_epoch:136 - Train: [7680/7970 (97%)]	Loss: 0.000017
2023-05-22 23:56:28.332 | INFO     | trainer_not_inception:fit:33 - Epoch: 20/50. Train set: Average loss: 0.000028
2023-05-22 23:56:36.292 | INFO     | trainer_not_inception:fit:43 - Epoch: 20/50. Validation set: Average loss: 0.000000
2023-05-22 23:56:37.761 | INFO     | trainer_not_inception:train_epoch:136 - Train: [0/7970 (0%)]	Loss: 0.000018
2023-05-22 23:56:45.870 | INFO     | trainer_not_inception:train_epoch:136 - Train: [640/7970 (8%)]	Loss: 0.000055
2023-05-22 23:56:54.000 | INFO     | trainer_not_inception:train_epoch:136 - Train: [1280/7970 (16%)]	Loss: 0.000042
2023-05-22 23:57:02.118 | INFO     | trainer_not_inception:train_epoch:136 - Train: [1920/7970 (24%)]	Loss: 0.000078
2023-05-22 23:57:10.243 | INFO     | trainer_not_inception:train_epoch:136 - Train: [2560/7970 (32%)]	Loss: 0.000073
2023-05-22 23:57:18.367 | INFO     | trainer_not_inception:train_epoch:136 - Train: [3200/7970 (40%)]	Loss: 0.000040
2023-05-22 23:57:26.486 | INFO     | trainer_not_inception:train_epoch:136 - Train: [3840/7970 (48%)]	Loss: 0.000039
2023-05-22 23:57:34.611 | INFO     | trainer_not_inception:train_epoch:136 - Train: [4480/7970 (56%)]	Loss: 0.000029
2023-05-22 23:57:42.753 | INFO     | trainer_not_inception:train_epoch:136 - Train: [5120/7970 (65%)]	Loss: 0.000014
2023-05-22 23:57:50.879 | INFO     | trainer_not_inception:train_epoch:136 - Train: [5760/7970 (73%)]	Loss: 0.000028
2023-05-22 23:57:59.006 | INFO     | trainer_not_inception:train_epoch:136 - Train: [6400/7970 (81%)]	Loss: 0.000041
2023-05-22 23:58:07.147 | INFO     | trainer_not_inception:train_epoch:136 - Train: [7040/7970 (89%)]	Loss: 0.000023
2023-05-22 23:58:15.301 | INFO     | trainer_not_inception:train_epoch:136 - Train: [7680/7970 (97%)]	Loss: 0.000081
2023-05-22 23:58:17.844 | INFO     | trainer_not_inception:fit:33 - Epoch: 21/50. Train set: Average loss: 0.000044
2023-05-22 23:58:25.644 | INFO     | trainer_not_inception:fit:43 - Epoch: 21/50. Validation set: Average loss: 0.000000
2023-05-22 23:58:26.804 | INFO     | trainer_not_inception:train_epoch:136 - Train: [0/7970 (0%)]	Loss: 0.000000
2023-05-22 23:58:34.926 | INFO     | trainer_not_inception:train_epoch:136 - Train: [640/7970 (8%)]	Loss: 0.000111
2023-05-22 23:58:43.043 | INFO     | trainer_not_inception:train_epoch:136 - Train: [1280/7970 (16%)]	Loss: 0.000022
2023-05-22 23:58:51.173 | INFO     | trainer_not_inception:train_epoch:136 - Train: [1920/7970 (24%)]	Loss: 0.000042
2023-05-22 23:58:59.298 | INFO     | trainer_not_inception:train_epoch:136 - Train: [2560/7970 (32%)]	Loss: 0.000055
2023-05-22 23:59:07.436 | INFO     | trainer_not_inception:train_epoch:136 - Train: [3200/7970 (40%)]	Loss: 0.000037
2023-05-22 23:59:15.574 | INFO     | trainer_not_inception:train_epoch:136 - Train: [3840/7970 (48%)]	Loss: 0.000071
2023-05-22 23:59:23.717 | INFO     | trainer_not_inception:train_epoch:136 - Train: [4480/7970 (56%)]	Loss: 0.000056
2023-05-22 23:59:31.838 | INFO     | trainer_not_inception:train_epoch:136 - Train: [5120/7970 (65%)]	Loss: 0.000050
2023-05-22 23:59:39.968 | INFO     | trainer_not_inception:train_epoch:136 - Train: [5760/7970 (73%)]	Loss: 0.000039
2023-05-22 23:59:48.121 | INFO     | trainer_not_inception:train_epoch:136 - Train: [6400/7970 (81%)]	Loss: 0.000039
2023-05-22 23:59:56.241 | INFO     | trainer_not_inception:train_epoch:136 - Train: [7040/7970 (89%)]	Loss: 0.000015
2023-05-23 00:00:04.369 | INFO     | trainer_not_inception:train_epoch:136 - Train: [7680/7970 (97%)]	Loss: 0.000002
2023-05-23 00:00:06.929 | INFO     | trainer_not_inception:fit:33 - Epoch: 22/50. Train set: Average loss: 0.000045
2023-05-23 00:00:14.801 | INFO     | trainer_not_inception:fit:43 - Epoch: 22/50. Validation set: Average loss: 0.000002
2023-05-23 00:00:15.971 | INFO     | trainer_not_inception:train_epoch:136 - Train: [0/7970 (0%)]	Loss: 0.000001
2023-05-23 00:00:24.086 | INFO     | trainer_not_inception:train_epoch:136 - Train: [640/7970 (8%)]	Loss: 0.000076
2023-05-23 00:00:32.217 | INFO     | trainer_not_inception:train_epoch:136 - Train: [1280/7970 (16%)]	Loss: 0.000018
2023-05-23 00:00:40.359 | INFO     | trainer_not_inception:train_epoch:136 - Train: [1920/7970 (24%)]	Loss: 0.000025
2023-05-23 00:00:48.490 | INFO     | trainer_not_inception:train_epoch:136 - Train: [2560/7970 (32%)]	Loss: 0.000067
2023-05-23 00:00:56.617 | INFO     | trainer_not_inception:train_epoch:136 - Train: [3200/7970 (40%)]	Loss: 0.000051
2023-05-23 00:01:04.746 | INFO     | trainer_not_inception:train_epoch:136 - Train: [3840/7970 (48%)]	Loss: 0.000002
2023-05-23 00:01:12.899 | INFO     | trainer_not_inception:train_epoch:136 - Train: [4480/7970 (56%)]	Loss: 0.000009
2023-05-23 00:01:21.027 | INFO     | trainer_not_inception:train_epoch:136 - Train: [5120/7970 (65%)]	Loss: 0.000028
2023-05-23 00:01:29.159 | INFO     | trainer_not_inception:train_epoch:136 - Train: [5760/7970 (73%)]	Loss: 0.000010
2023-05-23 00:01:37.294 | INFO     | trainer_not_inception:train_epoch:136 - Train: [6400/7970 (81%)]	Loss: 0.000112
2023-05-23 00:01:45.419 | INFO     | trainer_not_inception:train_epoch:136 - Train: [7040/7970 (89%)]	Loss: 0.000074
2023-05-23 00:01:53.545 | INFO     | trainer_not_inception:train_epoch:136 - Train: [7680/7970 (97%)]	Loss: 0.000026
2023-05-23 00:01:56.099 | INFO     | trainer_not_inception:fit:33 - Epoch: 23/50. Train set: Average loss: 0.000041
2023-05-23 00:02:03.977 | INFO     | trainer_not_inception:fit:43 - Epoch: 23/50. Validation set: Average loss: 0.000003
2023-05-23 00:02:05.141 | INFO     | trainer_not_inception:train_epoch:136 - Train: [0/7970 (0%)]	Loss: 0.000128
2023-05-23 00:02:13.264 | INFO     | trainer_not_inception:train_epoch:136 - Train: [640/7970 (8%)]	Loss: 0.000004
2023-05-23 00:02:21.393 | INFO     | trainer_not_inception:train_epoch:136 - Train: [1280/7970 (16%)]	Loss: 0.000048
2023-05-23 00:02:29.528 | INFO     | trainer_not_inception:train_epoch:136 - Train: [1920/7970 (24%)]	Loss: 0.000008
2023-05-23 00:02:37.648 | INFO     | trainer_not_inception:train_epoch:136 - Train: [2560/7970 (32%)]	Loss: 0.000035
2023-05-23 00:02:45.791 | INFO     | trainer_not_inception:train_epoch:136 - Train: [3200/7970 (40%)]	Loss: 0.000017
2023-05-23 00:02:53.911 | INFO     | trainer_not_inception:train_epoch:136 - Train: [3840/7970 (48%)]	Loss: 0.000028
2023-05-23 00:03:02.052 | INFO     | trainer_not_inception:train_epoch:136 - Train: [4480/7970 (56%)]	Loss: 0.000012
2023-05-23 00:03:10.171 | INFO     | trainer_not_inception:train_epoch:136 - Train: [5120/7970 (65%)]	Loss: 0.000039
2023-05-23 00:03:18.303 | INFO     | trainer_not_inception:train_epoch:136 - Train: [5760/7970 (73%)]	Loss: 0.000033
2023-05-23 00:03:26.442 | INFO     | trainer_not_inception:train_epoch:136 - Train: [6400/7970 (81%)]	Loss: 0.000068
2023-05-23 00:03:34.565 | INFO     | trainer_not_inception:train_epoch:136 - Train: [7040/7970 (89%)]	Loss: 0.000088
2023-05-23 00:03:42.698 | INFO     | trainer_not_inception:train_epoch:136 - Train: [7680/7970 (97%)]	Loss: 0.000016
2023-05-23 00:03:45.251 | INFO     | trainer_not_inception:fit:33 - Epoch: 24/50. Train set: Average loss: 0.000034
2023-05-23 00:03:53.403 | INFO     | trainer_not_inception:fit:43 - Epoch: 24/50. Validation set: Average loss: 0.000358
2023-05-23 00:03:54.573 | INFO     | trainer_not_inception:train_epoch:136 - Train: [0/7970 (0%)]	Loss: 0.000006
2023-05-23 00:04:02.705 | INFO     | trainer_not_inception:train_epoch:136 - Train: [640/7970 (8%)]	Loss: 0.000007
2023-05-23 00:04:10.819 | INFO     | trainer_not_inception:train_epoch:136 - Train: [1280/7970 (16%)]	Loss: 0.000053
2023-05-23 00:04:18.940 | INFO     | trainer_not_inception:train_epoch:136 - Train: [1920/7970 (24%)]	Loss: 0.000096
2023-05-23 00:04:27.081 | INFO     | trainer_not_inception:train_epoch:136 - Train: [2560/7970 (32%)]	Loss: 0.000079
2023-05-23 00:04:35.210 | INFO     | trainer_not_inception:train_epoch:136 - Train: [3200/7970 (40%)]	Loss: 0.000049
2023-05-23 00:04:43.349 | INFO     | trainer_not_inception:train_epoch:136 - Train: [3840/7970 (48%)]	Loss: 0.000022
2023-05-23 00:04:51.478 | INFO     | trainer_not_inception:train_epoch:136 - Train: [4480/7970 (56%)]	Loss: 0.000073
2023-05-23 00:04:59.631 | INFO     | trainer_not_inception:train_epoch:136 - Train: [5120/7970 (65%)]	Loss: 0.000024
2023-05-23 00:05:07.761 | INFO     | trainer_not_inception:train_epoch:136 - Train: [5760/7970 (73%)]	Loss: 0.000088
2023-05-23 00:05:15.909 | INFO     | trainer_not_inception:train_epoch:136 - Train: [6400/7970 (81%)]	Loss: 0.000013
2023-05-23 00:05:24.044 | INFO     | trainer_not_inception:train_epoch:136 - Train: [7040/7970 (89%)]	Loss: 0.000005
2023-05-23 00:05:32.189 | INFO     | trainer_not_inception:train_epoch:136 - Train: [7680/7970 (97%)]	Loss: 0.000055
2023-05-23 00:05:34.739 | INFO     | trainer_not_inception:fit:33 - Epoch: 25/50. Train set: Average loss: 0.000049
2023-05-23 00:05:42.630 | INFO     | trainer_not_inception:fit:43 - Epoch: 25/50. Validation set: Average loss: 0.000017
2023-05-23 00:05:43.818 | INFO     | trainer_not_inception:train_epoch:136 - Train: [0/7970 (0%)]	Loss: 0.000002
2023-05-23 00:05:51.931 | INFO     | trainer_not_inception:train_epoch:136 - Train: [640/7970 (8%)]	Loss: 0.000015
2023-05-23 00:06:00.063 | INFO     | trainer_not_inception:train_epoch:136 - Train: [1280/7970 (16%)]	Loss: 0.000054
2023-05-23 00:06:08.188 | INFO     | trainer_not_inception:train_epoch:136 - Train: [1920/7970 (24%)]	Loss: 0.000016
2023-05-23 00:06:16.335 | INFO     | trainer_not_inception:train_epoch:136 - Train: [2560/7970 (32%)]	Loss: 0.000007
2023-05-23 00:06:24.466 | INFO     | trainer_not_inception:train_epoch:136 - Train: [3200/7970 (40%)]	Loss: 0.000026
2023-05-23 00:06:32.569 | INFO     | trainer_not_inception:train_epoch:136 - Train: [3840/7970 (48%)]	Loss: 0.000064
2023-05-23 00:06:40.710 | INFO     | trainer_not_inception:train_epoch:136 - Train: [4480/7970 (56%)]	Loss: 0.000082
2023-05-23 00:06:48.837 | INFO     | trainer_not_inception:train_epoch:136 - Train: [5120/7970 (65%)]	Loss: 0.000041
2023-05-23 00:06:56.987 | INFO     | trainer_not_inception:train_epoch:136 - Train: [5760/7970 (73%)]	Loss: 0.000054
2023-05-23 00:07:05.108 | INFO     | trainer_not_inception:train_epoch:136 - Train: [6400/7970 (81%)]	Loss: 0.000016
2023-05-23 00:07:13.259 | INFO     | trainer_not_inception:train_epoch:136 - Train: [7040/7970 (89%)]	Loss: 0.000048
2023-05-23 00:07:21.387 | INFO     | trainer_not_inception:train_epoch:136 - Train: [7680/7970 (97%)]	Loss: 0.000027
2023-05-23 00:07:23.948 | INFO     | trainer_not_inception:fit:33 - Epoch: 26/50. Train set: Average loss: 0.000038
2023-05-23 00:07:31.964 | INFO     | trainer_not_inception:fit:43 - Epoch: 26/50. Validation set: Average loss: 0.000143
2023-05-23 00:07:33.123 | INFO     | trainer_not_inception:train_epoch:136 - Train: [0/7970 (0%)]	Loss: 0.000028
2023-05-23 00:07:41.249 | INFO     | trainer_not_inception:train_epoch:136 - Train: [640/7970 (8%)]	Loss: 0.000033
2023-05-23 00:07:49.360 | INFO     | trainer_not_inception:train_epoch:136 - Train: [1280/7970 (16%)]	Loss: 0.000025
2023-05-23 00:07:57.477 | INFO     | trainer_not_inception:train_epoch:136 - Train: [1920/7970 (24%)]	Loss: 0.000081
2023-05-23 00:08:05.608 | INFO     | trainer_not_inception:train_epoch:136 - Train: [2560/7970 (32%)]	Loss: 0.000033
2023-05-23 00:08:13.732 | INFO     | trainer_not_inception:train_epoch:136 - Train: [3200/7970 (40%)]	Loss: 0.000056
2023-05-23 00:08:21.849 | INFO     | trainer_not_inception:train_epoch:136 - Train: [3840/7970 (48%)]	Loss: 0.000011
2023-05-23 00:08:29.975 | INFO     | trainer_not_inception:train_epoch:136 - Train: [4480/7970 (56%)]	Loss: 0.000051
2023-05-23 00:08:38.099 | INFO     | trainer_not_inception:train_epoch:136 - Train: [5120/7970 (65%)]	Loss: 0.000101
2023-05-23 00:08:46.220 | INFO     | trainer_not_inception:train_epoch:136 - Train: [5760/7970 (73%)]	Loss: 0.000063
2023-05-23 00:08:54.361 | INFO     | trainer_not_inception:train_epoch:136 - Train: [6400/7970 (81%)]	Loss: 0.000073
2023-05-23 00:09:02.490 | INFO     | trainer_not_inception:train_epoch:136 - Train: [7040/7970 (89%)]	Loss: 0.000012
2023-05-23 00:09:10.639 | INFO     | trainer_not_inception:train_epoch:136 - Train: [7680/7970 (97%)]	Loss: 0.000052
2023-05-23 00:09:13.205 | INFO     | trainer_not_inception:fit:33 - Epoch: 27/50. Train set: Average loss: 0.000051
2023-05-23 00:09:21.300 | INFO     | trainer_not_inception:fit:43 - Epoch: 27/50. Validation set: Average loss: 0.000047
2023-05-23 00:09:22.466 | INFO     | trainer_not_inception:train_epoch:136 - Train: [0/7970 (0%)]	Loss: 0.000001
2023-05-23 00:09:30.588 | INFO     | trainer_not_inception:train_epoch:136 - Train: [640/7970 (8%)]	Loss: 0.000072
2023-05-23 00:09:38.710 | INFO     | trainer_not_inception:train_epoch:136 - Train: [1280/7970 (16%)]	Loss: 0.000011
2023-05-23 00:09:46.828 | INFO     | trainer_not_inception:train_epoch:136 - Train: [1920/7970 (24%)]	Loss: 0.000008
2023-05-23 00:09:54.965 | INFO     | trainer_not_inception:train_epoch:136 - Train: [2560/7970 (32%)]	Loss: 0.000031
2023-05-23 00:10:03.167 | INFO     | trainer_not_inception:train_epoch:136 - Train: [3200/7970 (40%)]	Loss: 0.000076
2023-05-23 00:10:11.301 | INFO     | trainer_not_inception:train_epoch:136 - Train: [3840/7970 (48%)]	Loss: 0.000021
2023-05-23 00:10:19.436 | INFO     | trainer_not_inception:train_epoch:136 - Train: [4480/7970 (56%)]	Loss: 0.000043
2023-05-23 00:10:27.567 | INFO     | trainer_not_inception:train_epoch:136 - Train: [5120/7970 (65%)]	Loss: 0.000021
2023-05-23 00:10:35.714 | INFO     | trainer_not_inception:train_epoch:136 - Train: [5760/7970 (73%)]	Loss: 0.000020
2023-05-23 00:10:43.840 | INFO     | trainer_not_inception:train_epoch:136 - Train: [6400/7970 (81%)]	Loss: 0.000017
2023-05-23 00:10:51.976 | INFO     | trainer_not_inception:train_epoch:136 - Train: [7040/7970 (89%)]	Loss: 0.000020
2023-05-23 00:11:00.125 | INFO     | trainer_not_inception:train_epoch:136 - Train: [7680/7970 (97%)]	Loss: 0.000025
2023-05-23 00:11:02.695 | INFO     | trainer_not_inception:fit:33 - Epoch: 28/50. Train set: Average loss: 0.000031
2023-05-23 00:11:10.555 | INFO     | trainer_not_inception:fit:43 - Epoch: 28/50. Validation set: Average loss: 0.000011
2023-05-23 00:11:11.715 | INFO     | trainer_not_inception:train_epoch:136 - Train: [0/7970 (0%)]	Loss: 0.000000
2023-05-23 00:11:19.825 | INFO     | trainer_not_inception:train_epoch:136 - Train: [640/7970 (8%)]	Loss: 0.000018
2023-05-23 00:11:27.960 | INFO     | trainer_not_inception:train_epoch:136 - Train: [1280/7970 (16%)]	Loss: 0.000007
2023-05-23 00:11:36.118 | INFO     | trainer_not_inception:train_epoch:136 - Train: [1920/7970 (24%)]	Loss: 0.000005
2023-05-23 00:11:44.254 | INFO     | trainer_not_inception:train_epoch:136 - Train: [2560/7970 (32%)]	Loss: 0.000016
2023-05-23 00:11:52.379 | INFO     | trainer_not_inception:train_epoch:136 - Train: [3200/7970 (40%)]	Loss: 0.000061
2023-05-23 00:12:00.523 | INFO     | trainer_not_inception:train_epoch:136 - Train: [3840/7970 (48%)]	Loss: 0.000026
2023-05-23 00:12:08.646 | INFO     | trainer_not_inception:train_epoch:136 - Train: [4480/7970 (56%)]	Loss: 0.000064
2023-05-23 00:12:16.778 | INFO     | trainer_not_inception:train_epoch:136 - Train: [5120/7970 (65%)]	Loss: 0.000061
2023-05-23 00:12:24.911 | INFO     | trainer_not_inception:train_epoch:136 - Train: [5760/7970 (73%)]	Loss: 0.000021
2023-05-23 00:12:33.037 | INFO     | trainer_not_inception:train_epoch:136 - Train: [6400/7970 (81%)]	Loss: 0.000071
2023-05-23 00:12:41.177 | INFO     | trainer_not_inception:train_epoch:136 - Train: [7040/7970 (89%)]	Loss: 0.000036
2023-05-23 00:12:49.298 | INFO     | trainer_not_inception:train_epoch:136 - Train: [7680/7970 (97%)]	Loss: 0.000054
2023-05-23 00:12:51.856 | INFO     | trainer_not_inception:fit:33 - Epoch: 29/50. Train set: Average loss: 0.000036
2023-05-23 00:12:59.868 | INFO     | trainer_not_inception:fit:43 - Epoch: 29/50. Validation set: Average loss: 0.000000
2023-05-23 00:13:01.034 | INFO     | trainer_not_inception:train_epoch:136 - Train: [0/7970 (0%)]	Loss: 0.000000
2023-05-23 00:13:09.141 | INFO     | trainer_not_inception:train_epoch:136 - Train: [640/7970 (8%)]	Loss: 0.000030
2023-05-23 00:13:17.262 | INFO     | trainer_not_inception:train_epoch:136 - Train: [1280/7970 (16%)]	Loss: 0.000057
2023-05-23 00:13:25.374 | INFO     | trainer_not_inception:train_epoch:136 - Train: [1920/7970 (24%)]	Loss: 0.000019
2023-05-23 00:13:33.499 | INFO     | trainer_not_inception:train_epoch:136 - Train: [2560/7970 (32%)]	Loss: 0.000034
2023-05-23 00:13:41.618 | INFO     | trainer_not_inception:train_epoch:136 - Train: [3200/7970 (40%)]	Loss: 0.000029
2023-05-23 00:13:49.742 | INFO     | trainer_not_inception:train_epoch:136 - Train: [3840/7970 (48%)]	Loss: 0.000008
2023-05-23 00:13:57.865 | INFO     | trainer_not_inception:train_epoch:136 - Train: [4480/7970 (56%)]	Loss: 0.000015
2023-05-23 00:14:05.986 | INFO     | trainer_not_inception:train_epoch:136 - Train: [5120/7970 (65%)]	Loss: 0.000124
2023-05-23 00:14:14.121 | INFO     | trainer_not_inception:train_epoch:136 - Train: [5760/7970 (73%)]	Loss: 0.000030
2023-05-23 00:14:22.259 | INFO     | trainer_not_inception:train_epoch:136 - Train: [6400/7970 (81%)]	Loss: 0.000010
2023-05-23 00:14:30.382 | INFO     | trainer_not_inception:train_epoch:136 - Train: [7040/7970 (89%)]	Loss: 0.000044
2023-05-23 00:14:38.507 | INFO     | trainer_not_inception:train_epoch:136 - Train: [7680/7970 (97%)]	Loss: 0.000041
2023-05-23 00:14:41.059 | INFO     | trainer_not_inception:fit:33 - Epoch: 30/50. Train set: Average loss: 0.000037
2023-05-23 00:14:48.959 | INFO     | trainer_not_inception:fit:43 - Epoch: 30/50. Validation set: Average loss: 0.000001
2023-05-23 00:14:50.412 | INFO     | trainer_not_inception:train_epoch:136 - Train: [0/7970 (0%)]	Loss: 0.000029
2023-05-23 00:14:58.511 | INFO     | trainer_not_inception:train_epoch:136 - Train: [640/7970 (8%)]	Loss: 0.000023
2023-05-23 00:15:06.638 | INFO     | trainer_not_inception:train_epoch:136 - Train: [1280/7970 (16%)]	Loss: 0.000042
2023-05-23 00:15:14.770 | INFO     | trainer_not_inception:train_epoch:136 - Train: [1920/7970 (24%)]	Loss: 0.000011
2023-05-23 00:15:22.894 | INFO     | trainer_not_inception:train_epoch:136 - Train: [2560/7970 (32%)]	Loss: 0.000001
2023-05-23 00:15:31.034 | INFO     | trainer_not_inception:train_epoch:136 - Train: [3200/7970 (40%)]	Loss: 0.000009
2023-05-23 00:15:39.166 | INFO     | trainer_not_inception:train_epoch:136 - Train: [3840/7970 (48%)]	Loss: 0.000002
2023-05-23 00:15:47.292 | INFO     | trainer_not_inception:train_epoch:136 - Train: [4480/7970 (56%)]	Loss: 0.000035
2023-05-23 00:15:55.436 | INFO     | trainer_not_inception:train_epoch:136 - Train: [5120/7970 (65%)]	Loss: 0.000046
2023-05-23 00:16:03.583 | INFO     | trainer_not_inception:train_epoch:136 - Train: [5760/7970 (73%)]	Loss: 0.000066
2023-05-23 00:16:11.723 | INFO     | trainer_not_inception:train_epoch:136 - Train: [6400/7970 (81%)]	Loss: 0.000042
2023-05-23 00:16:19.858 | INFO     | trainer_not_inception:train_epoch:136 - Train: [7040/7970 (89%)]	Loss: 0.000016
2023-05-23 00:16:27.990 | INFO     | trainer_not_inception:train_epoch:136 - Train: [7680/7970 (97%)]	Loss: 0.000038
2023-05-23 00:16:30.554 | INFO     | trainer_not_inception:fit:33 - Epoch: 31/50. Train set: Average loss: 0.000027
2023-05-23 00:16:38.421 | INFO     | trainer_not_inception:fit:43 - Epoch: 31/50. Validation set: Average loss: 0.000019
2023-05-23 00:16:39.576 | INFO     | trainer_not_inception:train_epoch:136 - Train: [0/7970 (0%)]	Loss: 0.000003
2023-05-23 00:16:47.686 | INFO     | trainer_not_inception:train_epoch:136 - Train: [640/7970 (8%)]	Loss: 0.000055
2023-05-23 00:16:55.813 | INFO     | trainer_not_inception:train_epoch:136 - Train: [1280/7970 (16%)]	Loss: 0.000034
2023-05-23 00:17:03.940 | INFO     | trainer_not_inception:train_epoch:136 - Train: [1920/7970 (24%)]	Loss: 0.000088
2023-05-23 00:17:12.063 | INFO     | trainer_not_inception:train_epoch:136 - Train: [2560/7970 (32%)]	Loss: 0.000025
2023-05-23 00:17:20.196 | INFO     | trainer_not_inception:train_epoch:136 - Train: [3200/7970 (40%)]	Loss: 0.000061
2023-05-23 00:17:28.317 | INFO     | trainer_not_inception:train_epoch:136 - Train: [3840/7970 (48%)]	Loss: 0.000007
2023-05-23 00:17:36.448 | INFO     | trainer_not_inception:train_epoch:136 - Train: [4480/7970 (56%)]	Loss: 0.000096
2023-05-23 00:17:44.571 | INFO     | trainer_not_inception:train_epoch:136 - Train: [5120/7970 (65%)]	Loss: 0.000050
2023-05-23 00:17:52.690 | INFO     | trainer_not_inception:train_epoch:136 - Train: [5760/7970 (73%)]	Loss: 0.000038
2023-05-23 00:18:00.834 | INFO     | trainer_not_inception:train_epoch:136 - Train: [6400/7970 (81%)]	Loss: 0.000030
2023-05-23 00:18:08.963 | INFO     | trainer_not_inception:train_epoch:136 - Train: [7040/7970 (89%)]	Loss: 0.000057
2023-05-23 00:18:17.126 | INFO     | trainer_not_inception:train_epoch:136 - Train: [7680/7970 (97%)]	Loss: 0.000033
2023-05-23 00:18:19.688 | INFO     | trainer_not_inception:fit:33 - Epoch: 32/50. Train set: Average loss: 0.000046
2023-05-23 00:18:27.526 | INFO     | trainer_not_inception:fit:43 - Epoch: 32/50. Validation set: Average loss: 0.000147
2023-05-23 00:18:28.731 | INFO     | trainer_not_inception:train_epoch:136 - Train: [0/7970 (0%)]	Loss: 0.000017
2023-05-23 00:18:36.837 | INFO     | trainer_not_inception:train_epoch:136 - Train: [640/7970 (8%)]	Loss: 0.000018
2023-05-23 00:18:44.966 | INFO     | trainer_not_inception:train_epoch:136 - Train: [1280/7970 (16%)]	Loss: 0.000058
2023-05-23 00:18:53.081 | INFO     | trainer_not_inception:train_epoch:136 - Train: [1920/7970 (24%)]	Loss: 0.000028
2023-05-23 00:19:01.207 | INFO     | trainer_not_inception:train_epoch:136 - Train: [2560/7970 (32%)]	Loss: 0.000007
2023-05-23 00:19:09.343 | INFO     | trainer_not_inception:train_epoch:136 - Train: [3200/7970 (40%)]	Loss: 0.000032
2023-05-23 00:19:17.474 | INFO     | trainer_not_inception:train_epoch:136 - Train: [3840/7970 (48%)]	Loss: 0.000033
2023-05-23 00:19:25.611 | INFO     | trainer_not_inception:train_epoch:136 - Train: [4480/7970 (56%)]	Loss: 0.000111
2023-05-23 00:19:33.731 | INFO     | trainer_not_inception:train_epoch:136 - Train: [5120/7970 (65%)]	Loss: 0.000024
2023-05-23 00:19:41.864 | INFO     | trainer_not_inception:train_epoch:136 - Train: [5760/7970 (73%)]	Loss: 0.000024
2023-05-23 00:19:49.997 | INFO     | trainer_not_inception:train_epoch:136 - Train: [6400/7970 (81%)]	Loss: 0.000007
2023-05-23 00:19:58.124 | INFO     | trainer_not_inception:train_epoch:136 - Train: [7040/7970 (89%)]	Loss: 0.000016
2023-05-23 00:20:06.274 | INFO     | trainer_not_inception:train_epoch:136 - Train: [7680/7970 (97%)]	Loss: 0.000045
2023-05-23 00:20:08.827 | INFO     | trainer_not_inception:fit:33 - Epoch: 33/50. Train set: Average loss: 0.000034
2023-05-23 00:20:16.908 | INFO     | trainer_not_inception:fit:43 - Epoch: 33/50. Validation set: Average loss: 0.000023
2023-05-23 00:20:18.084 | INFO     | trainer_not_inception:train_epoch:136 - Train: [0/7970 (0%)]	Loss: 0.000011
2023-05-23 00:20:26.193 | INFO     | trainer_not_inception:train_epoch:136 - Train: [640/7970 (8%)]	Loss: 0.000029
2023-05-23 00:20:34.323 | INFO     | trainer_not_inception:train_epoch:136 - Train: [1280/7970 (16%)]	Loss: 0.000070
2023-05-23 00:20:42.437 | INFO     | trainer_not_inception:train_epoch:136 - Train: [1920/7970 (24%)]	Loss: 0.000037
2023-05-23 00:20:50.561 | INFO     | trainer_not_inception:train_epoch:136 - Train: [2560/7970 (32%)]	Loss: 0.000011
2023-05-23 00:20:58.694 | INFO     | trainer_not_inception:train_epoch:136 - Train: [3200/7970 (40%)]	Loss: 0.000047
2023-05-23 00:21:06.815 | INFO     | trainer_not_inception:train_epoch:136 - Train: [3840/7970 (48%)]	Loss: 0.000005
2023-05-23 00:21:14.965 | INFO     | trainer_not_inception:train_epoch:136 - Train: [4480/7970 (56%)]	Loss: 0.000025
2023-05-23 00:21:23.098 | INFO     | trainer_not_inception:train_epoch:136 - Train: [5120/7970 (65%)]	Loss: 0.000017
2023-05-23 00:21:31.243 | INFO     | trainer_not_inception:train_epoch:136 - Train: [5760/7970 (73%)]	Loss: 0.000085
2023-05-23 00:21:39.373 | INFO     | trainer_not_inception:train_epoch:136 - Train: [6400/7970 (81%)]	Loss: 0.000091
2023-05-23 00:21:47.505 | INFO     | trainer_not_inception:train_epoch:136 - Train: [7040/7970 (89%)]	Loss: 0.000019
2023-05-23 00:21:55.644 | INFO     | trainer_not_inception:train_epoch:136 - Train: [7680/7970 (97%)]	Loss: 0.000087
2023-05-23 00:21:58.204 | INFO     | trainer_not_inception:fit:33 - Epoch: 34/50. Train set: Average loss: 0.000042
2023-05-23 00:22:06.309 | INFO     | trainer_not_inception:fit:43 - Epoch: 34/50. Validation set: Average loss: 0.000323
2023-05-23 00:22:07.499 | INFO     | trainer_not_inception:train_epoch:136 - Train: [0/7970 (0%)]	Loss: 0.000001
2023-05-23 00:22:15.611 | INFO     | trainer_not_inception:train_epoch:136 - Train: [640/7970 (8%)]	Loss: 0.000011
2023-05-23 00:22:23.726 | INFO     | trainer_not_inception:train_epoch:136 - Train: [1280/7970 (16%)]	Loss: 0.000067
2023-05-23 00:22:31.858 | INFO     | trainer_not_inception:train_epoch:136 - Train: [1920/7970 (24%)]	Loss: 0.000043
2023-05-23 00:22:39.981 | INFO     | trainer_not_inception:train_epoch:136 - Train: [2560/7970 (32%)]	Loss: 0.000062
2023-05-23 00:22:48.114 | INFO     | trainer_not_inception:train_epoch:136 - Train: [3200/7970 (40%)]	Loss: 0.000017
2023-05-23 00:22:56.249 | INFO     | trainer_not_inception:train_epoch:136 - Train: [3840/7970 (48%)]	Loss: 0.000030
2023-05-23 00:23:04.374 | INFO     | trainer_not_inception:train_epoch:136 - Train: [4480/7970 (56%)]	Loss: 0.000012
2023-05-23 00:23:12.499 | INFO     | trainer_not_inception:train_epoch:136 - Train: [5120/7970 (65%)]	Loss: 0.000012
2023-05-23 00:23:20.634 | INFO     | trainer_not_inception:train_epoch:136 - Train: [5760/7970 (73%)]	Loss: 0.000047
2023-05-23 00:23:28.760 | INFO     | trainer_not_inception:train_epoch:136 - Train: [6400/7970 (81%)]	Loss: 0.000072
2023-05-23 00:23:36.900 | INFO     | trainer_not_inception:train_epoch:136 - Train: [7040/7970 (89%)]	Loss: 0.000061
2023-05-23 00:23:45.024 | INFO     | trainer_not_inception:train_epoch:136 - Train: [7680/7970 (97%)]	Loss: 0.000007
2023-05-23 00:23:47.583 | INFO     | trainer_not_inception:fit:33 - Epoch: 35/50. Train set: Average loss: 0.000037
2023-05-23 00:23:55.613 | INFO     | trainer_not_inception:fit:43 - Epoch: 35/50. Validation set: Average loss: 0.000090
2023-05-23 00:23:56.808 | INFO     | trainer_not_inception:train_epoch:136 - Train: [0/7970 (0%)]	Loss: 0.000181
2023-05-23 00:24:05.003 | INFO     | trainer_not_inception:train_epoch:136 - Train: [640/7970 (8%)]	Loss: 0.000038
2023-05-23 00:24:13.114 | INFO     | trainer_not_inception:train_epoch:136 - Train: [1280/7970 (16%)]	Loss: 0.000031
2023-05-23 00:24:21.240 | INFO     | trainer_not_inception:train_epoch:136 - Train: [1920/7970 (24%)]	Loss: 0.000070
2023-05-23 00:24:29.365 | INFO     | trainer_not_inception:train_epoch:136 - Train: [2560/7970 (32%)]	Loss: 0.000122
2023-05-23 00:24:37.499 | INFO     | trainer_not_inception:train_epoch:136 - Train: [3200/7970 (40%)]	Loss: 0.000006
2023-05-23 00:24:45.628 | INFO     | trainer_not_inception:train_epoch:136 - Train: [3840/7970 (48%)]	Loss: 0.000005
2023-05-23 00:24:53.759 | INFO     | trainer_not_inception:train_epoch:136 - Train: [4480/7970 (56%)]	Loss: 0.000019
2023-05-23 00:25:01.894 | INFO     | trainer_not_inception:train_epoch:136 - Train: [5120/7970 (65%)]	Loss: 0.000036
2023-05-23 00:25:10.020 | INFO     | trainer_not_inception:train_epoch:136 - Train: [5760/7970 (73%)]	Loss: 0.000001
2023-05-23 00:25:18.169 | INFO     | trainer_not_inception:train_epoch:136 - Train: [6400/7970 (81%)]	Loss: 0.000043
2023-05-23 00:25:26.291 | INFO     | trainer_not_inception:train_epoch:136 - Train: [7040/7970 (89%)]	Loss: 0.000037
2023-05-23 00:25:34.435 | INFO     | trainer_not_inception:train_epoch:136 - Train: [7680/7970 (97%)]	Loss: 0.000005
2023-05-23 00:25:36.984 | INFO     | trainer_not_inception:fit:33 - Epoch: 36/50. Train set: Average loss: 0.000036
2023-05-23 00:25:45.019 | INFO     | trainer_not_inception:fit:43 - Epoch: 36/50. Validation set: Average loss: 0.000032
2023-05-23 00:25:46.224 | INFO     | trainer_not_inception:train_epoch:136 - Train: [0/7970 (0%)]	Loss: 0.000001
2023-05-23 00:25:54.340 | INFO     | trainer_not_inception:train_epoch:136 - Train: [640/7970 (8%)]	Loss: 0.000071
2023-05-23 00:26:02.459 | INFO     | trainer_not_inception:train_epoch:136 - Train: [1280/7970 (16%)]	Loss: 0.000051
2023-05-23 00:26:10.594 | INFO     | trainer_not_inception:train_epoch:136 - Train: [1920/7970 (24%)]	Loss: 0.000058
2023-05-23 00:26:18.725 | INFO     | trainer_not_inception:train_epoch:136 - Train: [2560/7970 (32%)]	Loss: 0.000015
2023-05-23 00:26:26.866 | INFO     | trainer_not_inception:train_epoch:136 - Train: [3200/7970 (40%)]	Loss: 0.000035
2023-05-23 00:26:34.998 | INFO     | trainer_not_inception:train_epoch:136 - Train: [3840/7970 (48%)]	Loss: 0.000078
2023-05-23 00:26:43.144 | INFO     | trainer_not_inception:train_epoch:136 - Train: [4480/7970 (56%)]	Loss: 0.000051
2023-05-23 00:26:51.267 | INFO     | trainer_not_inception:train_epoch:136 - Train: [5120/7970 (65%)]	Loss: 0.000023
2023-05-23 00:26:59.401 | INFO     | trainer_not_inception:train_epoch:136 - Train: [5760/7970 (73%)]	Loss: 0.000099
2023-05-23 00:27:07.536 | INFO     | trainer_not_inception:train_epoch:136 - Train: [6400/7970 (81%)]	Loss: 0.000029
2023-05-23 00:27:15.690 | INFO     | trainer_not_inception:train_epoch:136 - Train: [7040/7970 (89%)]	Loss: 0.000017
2023-05-23 00:27:23.823 | INFO     | trainer_not_inception:train_epoch:136 - Train: [7680/7970 (97%)]	Loss: 0.000032
2023-05-23 00:27:26.381 | INFO     | trainer_not_inception:fit:33 - Epoch: 37/50. Train set: Average loss: 0.000047
2023-05-23 00:27:34.236 | INFO     | trainer_not_inception:fit:43 - Epoch: 37/50. Validation set: Average loss: 0.000968
2023-05-23 00:27:35.389 | INFO     | trainer_not_inception:train_epoch:136 - Train: [0/7970 (0%)]	Loss: 0.000000
2023-05-23 00:27:43.508 | INFO     | trainer_not_inception:train_epoch:136 - Train: [640/7970 (8%)]	Loss: 0.000060
2023-05-23 00:27:51.626 | INFO     | trainer_not_inception:train_epoch:136 - Train: [1280/7970 (16%)]	Loss: 0.000065
2023-05-23 00:27:59.758 | INFO     | trainer_not_inception:train_epoch:136 - Train: [1920/7970 (24%)]	Loss: 0.000015
2023-05-23 00:28:07.884 | INFO     | trainer_not_inception:train_epoch:136 - Train: [2560/7970 (32%)]	Loss: 0.000060
2023-05-23 00:28:16.029 | INFO     | trainer_not_inception:train_epoch:136 - Train: [3200/7970 (40%)]	Loss: 0.000033
2023-05-23 00:28:24.157 | INFO     | trainer_not_inception:train_epoch:136 - Train: [3840/7970 (48%)]	Loss: 0.000033
2023-05-23 00:28:32.304 | INFO     | trainer_not_inception:train_epoch:136 - Train: [4480/7970 (56%)]	Loss: 0.000012
2023-05-23 00:28:40.430 | INFO     | trainer_not_inception:train_epoch:136 - Train: [5120/7970 (65%)]	Loss: 0.000053
2023-05-23 00:28:48.543 | INFO     | trainer_not_inception:train_epoch:136 - Train: [5760/7970 (73%)]	Loss: 0.000026
2023-05-23 00:28:56.690 | INFO     | trainer_not_inception:train_epoch:136 - Train: [6400/7970 (81%)]	Loss: 0.000054
2023-05-23 00:29:04.824 | INFO     | trainer_not_inception:train_epoch:136 - Train: [7040/7970 (89%)]	Loss: 0.000017
2023-05-23 00:29:12.989 | INFO     | trainer_not_inception:train_epoch:136 - Train: [7680/7970 (97%)]	Loss: 0.000050
2023-05-23 00:29:15.553 | INFO     | trainer_not_inception:fit:33 - Epoch: 38/50. Train set: Average loss: 0.000039
2023-05-23 00:29:23.702 | INFO     | trainer_not_inception:fit:43 - Epoch: 38/50. Validation set: Average loss: 0.000121
2023-05-23 00:29:24.882 | INFO     | trainer_not_inception:train_epoch:136 - Train: [0/7970 (0%)]	Loss: 0.000004
2023-05-23 00:29:32.993 | INFO     | trainer_not_inception:train_epoch:136 - Train: [640/7970 (8%)]	Loss: 0.000107
2023-05-23 00:29:41.122 | INFO     | trainer_not_inception:train_epoch:136 - Train: [1280/7970 (16%)]	Loss: 0.000027
2023-05-23 00:29:49.241 | INFO     | trainer_not_inception:train_epoch:136 - Train: [1920/7970 (24%)]	Loss: 0.000030
2023-05-23 00:29:57.370 | INFO     | trainer_not_inception:train_epoch:136 - Train: [2560/7970 (32%)]	Loss: 0.000015
2023-05-23 00:30:05.512 | INFO     | trainer_not_inception:train_epoch:136 - Train: [3200/7970 (40%)]	Loss: 0.000013
2023-05-23 00:30:13.665 | INFO     | trainer_not_inception:train_epoch:136 - Train: [3840/7970 (48%)]	Loss: 0.000051
2023-05-23 00:30:21.793 | INFO     | trainer_not_inception:train_epoch:136 - Train: [4480/7970 (56%)]	Loss: 0.000004
2023-05-23 00:30:29.927 | INFO     | trainer_not_inception:train_epoch:136 - Train: [5120/7970 (65%)]	Loss: 0.000041
2023-05-23 00:30:38.064 | INFO     | trainer_not_inception:train_epoch:136 - Train: [5760/7970 (73%)]	Loss: 0.000088
2023-05-23 00:30:46.185 | INFO     | trainer_not_inception:train_epoch:136 - Train: [6400/7970 (81%)]	Loss: 0.000030
2023-05-23 00:30:54.326 | INFO     | trainer_not_inception:train_epoch:136 - Train: [7040/7970 (89%)]	Loss: 0.000040
2023-05-23 00:31:02.454 | INFO     | trainer_not_inception:train_epoch:136 - Train: [7680/7970 (97%)]	Loss: 0.000086
2023-05-23 00:31:05.016 | INFO     | trainer_not_inception:fit:33 - Epoch: 39/50. Train set: Average loss: 0.000043
2023-05-23 00:31:13.030 | INFO     | trainer_not_inception:fit:43 - Epoch: 39/50. Validation set: Average loss: 0.000350
2023-05-23 00:31:14.234 | INFO     | trainer_not_inception:train_epoch:136 - Train: [0/7970 (0%)]	Loss: 0.000000
2023-05-23 00:31:22.345 | INFO     | trainer_not_inception:train_epoch:136 - Train: [640/7970 (8%)]	Loss: 0.000066
2023-05-23 00:31:30.481 | INFO     | trainer_not_inception:train_epoch:136 - Train: [1280/7970 (16%)]	Loss: 0.000005
2023-05-23 00:31:38.605 | INFO     | trainer_not_inception:train_epoch:136 - Train: [1920/7970 (24%)]	Loss: 0.000074
2023-05-23 00:31:46.727 | INFO     | trainer_not_inception:train_epoch:136 - Train: [2560/7970 (32%)]	Loss: 0.000049
2023-05-23 00:31:54.868 | INFO     | trainer_not_inception:train_epoch:136 - Train: [3200/7970 (40%)]	Loss: 0.000003
2023-05-23 00:32:02.993 | INFO     | trainer_not_inception:train_epoch:136 - Train: [3840/7970 (48%)]	Loss: 0.000049
2023-05-23 00:32:11.137 | INFO     | trainer_not_inception:train_epoch:136 - Train: [4480/7970 (56%)]	Loss: 0.000004
2023-05-23 00:32:19.275 | INFO     | trainer_not_inception:train_epoch:136 - Train: [5120/7970 (65%)]	Loss: 0.000019
2023-05-23 00:32:27.419 | INFO     | trainer_not_inception:train_epoch:136 - Train: [5760/7970 (73%)]	Loss: 0.000047
2023-05-23 00:32:35.538 | INFO     | trainer_not_inception:train_epoch:136 - Train: [6400/7970 (81%)]	Loss: 0.000004
2023-05-23 00:32:43.672 | INFO     | trainer_not_inception:train_epoch:136 - Train: [7040/7970 (89%)]	Loss: 0.000012
2023-05-23 00:32:51.814 | INFO     | trainer_not_inception:train_epoch:136 - Train: [7680/7970 (97%)]	Loss: 0.000007
2023-05-23 00:32:54.377 | INFO     | trainer_not_inception:fit:33 - Epoch: 40/50. Train set: Average loss: 0.000028
2023-05-23 00:33:02.331 | INFO     | trainer_not_inception:fit:43 - Epoch: 40/50. Validation set: Average loss: 0.000019
2023-05-23 00:33:03.795 | INFO     | trainer_not_inception:train_epoch:136 - Train: [0/7970 (0%)]	Loss: 0.000016
2023-05-23 00:33:11.916 | INFO     | trainer_not_inception:train_epoch:136 - Train: [640/7970 (8%)]	Loss: 0.000022
2023-05-23 00:33:20.043 | INFO     | trainer_not_inception:train_epoch:136 - Train: [1280/7970 (16%)]	Loss: 0.000049
2023-05-23 00:33:28.153 | INFO     | trainer_not_inception:train_epoch:136 - Train: [1920/7970 (24%)]	Loss: 0.000058
2023-05-23 00:33:36.279 | INFO     | trainer_not_inception:train_epoch:136 - Train: [2560/7970 (32%)]	Loss: 0.000002
2023-05-23 00:33:44.426 | INFO     | trainer_not_inception:train_epoch:136 - Train: [3200/7970 (40%)]	Loss: 0.000003
2023-05-23 00:33:52.577 | INFO     | trainer_not_inception:train_epoch:136 - Train: [3840/7970 (48%)]	Loss: 0.000057
2023-05-23 00:34:00.718 | INFO     | trainer_not_inception:train_epoch:136 - Train: [4480/7970 (56%)]	Loss: 0.000036
2023-05-23 00:34:08.844 | INFO     | trainer_not_inception:train_epoch:136 - Train: [5120/7970 (65%)]	Loss: 0.000103
2023-05-23 00:34:17.005 | INFO     | trainer_not_inception:train_epoch:136 - Train: [5760/7970 (73%)]	Loss: 0.000050
2023-05-23 00:34:25.127 | INFO     | trainer_not_inception:train_epoch:136 - Train: [6400/7970 (81%)]	Loss: 0.000041
2023-05-23 00:34:33.264 | INFO     | trainer_not_inception:train_epoch:136 - Train: [7040/7970 (89%)]	Loss: 0.000028
2023-05-23 00:34:41.395 | INFO     | trainer_not_inception:train_epoch:136 - Train: [7680/7970 (97%)]	Loss: 0.000008
2023-05-23 00:34:43.947 | INFO     | trainer_not_inception:fit:33 - Epoch: 41/50. Train set: Average loss: 0.000037
2023-05-23 00:34:51.785 | INFO     | trainer_not_inception:fit:43 - Epoch: 41/50. Validation set: Average loss: 0.000129
2023-05-23 00:34:52.939 | INFO     | trainer_not_inception:train_epoch:136 - Train: [0/7970 (0%)]	Loss: 0.000003
2023-05-23 00:35:01.060 | INFO     | trainer_not_inception:train_epoch:136 - Train: [640/7970 (8%)]	Loss: 0.000018
2023-05-23 00:35:09.183 | INFO     | trainer_not_inception:train_epoch:136 - Train: [1280/7970 (16%)]	Loss: 0.000102
2023-05-23 00:35:17.318 | INFO     | trainer_not_inception:train_epoch:136 - Train: [1920/7970 (24%)]	Loss: 0.000033
2023-05-23 00:35:25.436 | INFO     | trainer_not_inception:train_epoch:136 - Train: [2560/7970 (32%)]	Loss: 0.000071
2023-05-23 00:35:33.585 | INFO     | trainer_not_inception:train_epoch:136 - Train: [3200/7970 (40%)]	Loss: 0.000056
2023-05-23 00:35:41.718 | INFO     | trainer_not_inception:train_epoch:136 - Train: [3840/7970 (48%)]	Loss: 0.000004
2023-05-23 00:35:49.847 | INFO     | trainer_not_inception:train_epoch:136 - Train: [4480/7970 (56%)]	Loss: 0.000022
2023-05-23 00:35:57.990 | INFO     | trainer_not_inception:train_epoch:136 - Train: [5120/7970 (65%)]	Loss: 0.000069
2023-05-23 00:36:06.126 | INFO     | trainer_not_inception:train_epoch:136 - Train: [5760/7970 (73%)]	Loss: 0.000006
2023-05-23 00:36:14.261 | INFO     | trainer_not_inception:train_epoch:136 - Train: [6400/7970 (81%)]	Loss: 0.000002
2023-05-23 00:36:22.391 | INFO     | trainer_not_inception:train_epoch:136 - Train: [7040/7970 (89%)]	Loss: 0.000046
2023-05-23 00:36:30.539 | INFO     | trainer_not_inception:train_epoch:136 - Train: [7680/7970 (97%)]	Loss: 0.000023
2023-05-23 00:36:33.096 | INFO     | trainer_not_inception:fit:33 - Epoch: 42/50. Train set: Average loss: 0.000037
2023-05-23 00:36:41.006 | INFO     | trainer_not_inception:fit:43 - Epoch: 42/50. Validation set: Average loss: 0.000331
2023-05-23 00:36:42.162 | INFO     | trainer_not_inception:train_epoch:136 - Train: [0/7970 (0%)]	Loss: 0.000000
2023-05-23 00:36:50.281 | INFO     | trainer_not_inception:train_epoch:136 - Train: [640/7970 (8%)]	Loss: 0.000005
2023-05-23 00:36:58.407 | INFO     | trainer_not_inception:train_epoch:136 - Train: [1280/7970 (16%)]	Loss: 0.000012
2023-05-23 00:37:06.529 | INFO     | trainer_not_inception:train_epoch:136 - Train: [1920/7970 (24%)]	Loss: 0.000045
2023-05-23 00:37:14.659 | INFO     | trainer_not_inception:train_epoch:136 - Train: [2560/7970 (32%)]	Loss: 0.000029
2023-05-23 00:37:22.792 | INFO     | trainer_not_inception:train_epoch:136 - Train: [3200/7970 (40%)]	Loss: 0.000033
2023-05-23 00:37:30.931 | INFO     | trainer_not_inception:train_epoch:136 - Train: [3840/7970 (48%)]	Loss: 0.000024
2023-05-23 00:37:39.067 | INFO     | trainer_not_inception:train_epoch:136 - Train: [4480/7970 (56%)]	Loss: 0.000128
2023-05-23 00:37:47.193 | INFO     | trainer_not_inception:train_epoch:136 - Train: [5120/7970 (65%)]	Loss: 0.000025
2023-05-23 00:37:55.342 | INFO     | trainer_not_inception:train_epoch:136 - Train: [5760/7970 (73%)]	Loss: 0.000033
2023-05-23 00:38:03.462 | INFO     | trainer_not_inception:train_epoch:136 - Train: [6400/7970 (81%)]	Loss: 0.000028
2023-05-23 00:38:11.605 | INFO     | trainer_not_inception:train_epoch:136 - Train: [7040/7970 (89%)]	Loss: 0.000062
2023-05-23 00:38:19.737 | INFO     | trainer_not_inception:train_epoch:136 - Train: [7680/7970 (97%)]	Loss: 0.000006
2023-05-23 00:38:22.303 | INFO     | trainer_not_inception:fit:33 - Epoch: 43/50. Train set: Average loss: 0.000036
2023-05-23 00:38:30.140 | INFO     | trainer_not_inception:fit:43 - Epoch: 43/50. Validation set: Average loss: 0.000339
2023-05-23 00:38:31.316 | INFO     | trainer_not_inception:train_epoch:136 - Train: [0/7970 (0%)]	Loss: 0.000000
2023-05-23 00:38:39.499 | INFO     | trainer_not_inception:train_epoch:136 - Train: [640/7970 (8%)]	Loss: 0.000010
2023-05-23 00:38:47.611 | INFO     | trainer_not_inception:train_epoch:136 - Train: [1280/7970 (16%)]	Loss: 0.000009
2023-05-23 00:38:55.742 | INFO     | trainer_not_inception:train_epoch:136 - Train: [1920/7970 (24%)]	Loss: 0.000018
2023-05-23 00:39:03.867 | INFO     | trainer_not_inception:train_epoch:136 - Train: [2560/7970 (32%)]	Loss: 0.000043
2023-05-23 00:39:12.005 | INFO     | trainer_not_inception:train_epoch:136 - Train: [3200/7970 (40%)]	Loss: 0.000073
2023-05-23 00:39:20.146 | INFO     | trainer_not_inception:train_epoch:136 - Train: [3840/7970 (48%)]	Loss: 0.000025
2023-05-23 00:39:28.282 | INFO     | trainer_not_inception:train_epoch:136 - Train: [4480/7970 (56%)]	Loss: 0.000019
2023-05-23 00:39:36.413 | INFO     | trainer_not_inception:train_epoch:136 - Train: [5120/7970 (65%)]	Loss: 0.000016
2023-05-23 00:39:44.547 | INFO     | trainer_not_inception:train_epoch:136 - Train: [5760/7970 (73%)]	Loss: 0.000043
2023-05-23 00:39:52.689 | INFO     | trainer_not_inception:train_epoch:136 - Train: [6400/7970 (81%)]	Loss: 0.000013
2023-05-23 00:40:00.812 | INFO     | trainer_not_inception:train_epoch:136 - Train: [7040/7970 (89%)]	Loss: 0.000038
2023-05-23 00:40:08.958 | INFO     | trainer_not_inception:train_epoch:136 - Train: [7680/7970 (97%)]	Loss: 0.000009
2023-05-23 00:40:11.514 | INFO     | trainer_not_inception:fit:33 - Epoch: 44/50. Train set: Average loss: 0.000026
2023-05-23 00:40:19.617 | INFO     | trainer_not_inception:fit:43 - Epoch: 44/50. Validation set: Average loss: 0.000143
2023-05-23 00:40:20.794 | INFO     | trainer_not_inception:train_epoch:136 - Train: [0/7970 (0%)]	Loss: 0.000001
2023-05-23 00:40:28.924 | INFO     | trainer_not_inception:train_epoch:136 - Train: [640/7970 (8%)]	Loss: 0.000004
2023-05-23 00:40:37.045 | INFO     | trainer_not_inception:train_epoch:136 - Train: [1280/7970 (16%)]	Loss: 0.000070
2023-05-23 00:40:45.171 | INFO     | trainer_not_inception:train_epoch:136 - Train: [1920/7970 (24%)]	Loss: 0.000024
2023-05-23 00:40:53.310 | INFO     | trainer_not_inception:train_epoch:136 - Train: [2560/7970 (32%)]	Loss: 0.000021
2023-05-23 00:41:01.430 | INFO     | trainer_not_inception:train_epoch:136 - Train: [3200/7970 (40%)]	Loss: 0.000010
2023-05-23 00:41:09.559 | INFO     | trainer_not_inception:train_epoch:136 - Train: [3840/7970 (48%)]	Loss: 0.000022
2023-05-23 00:41:17.708 | INFO     | trainer_not_inception:train_epoch:136 - Train: [4480/7970 (56%)]	Loss: 0.000036
2023-05-23 00:41:25.850 | INFO     | trainer_not_inception:train_epoch:136 - Train: [5120/7970 (65%)]	Loss: 0.000002
2023-05-23 00:41:33.985 | INFO     | trainer_not_inception:train_epoch:136 - Train: [5760/7970 (73%)]	Loss: 0.000039
2023-05-23 00:41:42.112 | INFO     | trainer_not_inception:train_epoch:136 - Train: [6400/7970 (81%)]	Loss: 0.000021
2023-05-23 00:41:50.238 | INFO     | trainer_not_inception:train_epoch:136 - Train: [7040/7970 (89%)]	Loss: 0.000045
2023-05-23 00:41:58.363 | INFO     | trainer_not_inception:train_epoch:136 - Train: [7680/7970 (97%)]	Loss: 0.000067
2023-05-23 00:42:00.926 | INFO     | trainer_not_inception:fit:33 - Epoch: 45/50. Train set: Average loss: 0.000030
2023-05-23 00:42:08.941 | INFO     | trainer_not_inception:fit:43 - Epoch: 45/50. Validation set: Average loss: 0.000000
2023-05-23 00:42:10.117 | INFO     | trainer_not_inception:train_epoch:136 - Train: [0/7970 (0%)]	Loss: 0.000047
2023-05-23 00:42:18.245 | INFO     | trainer_not_inception:train_epoch:136 - Train: [640/7970 (8%)]	Loss: 0.000072
2023-05-23 00:42:26.366 | INFO     | trainer_not_inception:train_epoch:136 - Train: [1280/7970 (16%)]	Loss: 0.000040
2023-05-23 00:42:34.504 | INFO     | trainer_not_inception:train_epoch:136 - Train: [1920/7970 (24%)]	Loss: 0.000027
2023-05-23 00:42:42.627 | INFO     | trainer_not_inception:train_epoch:136 - Train: [2560/7970 (32%)]	Loss: 0.000014
2023-05-23 00:42:50.761 | INFO     | trainer_not_inception:train_epoch:136 - Train: [3200/7970 (40%)]	Loss: 0.000030
2023-05-23 00:42:58.894 | INFO     | trainer_not_inception:train_epoch:136 - Train: [3840/7970 (48%)]	Loss: 0.000009
2023-05-23 00:43:07.031 | INFO     | trainer_not_inception:train_epoch:136 - Train: [4480/7970 (56%)]	Loss: 0.000006
2023-05-23 00:43:15.163 | INFO     | trainer_not_inception:train_epoch:136 - Train: [5120/7970 (65%)]	Loss: 0.000005
2023-05-23 00:43:23.276 | INFO     | trainer_not_inception:train_epoch:136 - Train: [5760/7970 (73%)]	Loss: 0.000039
2023-05-23 00:43:31.422 | INFO     | trainer_not_inception:train_epoch:136 - Train: [6400/7970 (81%)]	Loss: 0.000015
2023-05-23 00:43:39.543 | INFO     | trainer_not_inception:train_epoch:136 - Train: [7040/7970 (89%)]	Loss: 0.000008
2023-05-23 00:43:47.674 | INFO     | trainer_not_inception:train_epoch:136 - Train: [7680/7970 (97%)]	Loss: 0.000059
2023-05-23 00:43:50.230 | INFO     | trainer_not_inception:fit:33 - Epoch: 46/50. Train set: Average loss: 0.000031
2023-05-23 00:43:58.285 | INFO     | trainer_not_inception:fit:43 - Epoch: 46/50. Validation set: Average loss: 0.000361
2023-05-23 00:43:59.437 | INFO     | trainer_not_inception:train_epoch:136 - Train: [0/7970 (0%)]	Loss: 0.000233
2023-05-23 00:44:07.548 | INFO     | trainer_not_inception:train_epoch:136 - Train: [640/7970 (8%)]	Loss: 0.000032
2023-05-23 00:44:15.679 | INFO     | trainer_not_inception:train_epoch:136 - Train: [1280/7970 (16%)]	Loss: 0.000022
2023-05-23 00:44:23.796 | INFO     | trainer_not_inception:train_epoch:136 - Train: [1920/7970 (24%)]	Loss: 0.000024
2023-05-23 00:44:31.920 | INFO     | trainer_not_inception:train_epoch:136 - Train: [2560/7970 (32%)]	Loss: 0.000024
2023-05-23 00:44:40.047 | INFO     | trainer_not_inception:train_epoch:136 - Train: [3200/7970 (40%)]	Loss: 0.000010
2023-05-23 00:44:48.181 | INFO     | trainer_not_inception:train_epoch:136 - Train: [3840/7970 (48%)]	Loss: 0.000018
2023-05-23 00:44:56.319 | INFO     | trainer_not_inception:train_epoch:136 - Train: [4480/7970 (56%)]	Loss: 0.000003
2023-05-23 00:45:04.462 | INFO     | trainer_not_inception:train_epoch:136 - Train: [5120/7970 (65%)]	Loss: 0.000030
2023-05-23 00:45:12.615 | INFO     | trainer_not_inception:train_epoch:136 - Train: [5760/7970 (73%)]	Loss: 0.000019
2023-05-23 00:45:20.764 | INFO     | trainer_not_inception:train_epoch:136 - Train: [6400/7970 (81%)]	Loss: 0.000010
2023-05-23 00:45:28.895 | INFO     | trainer_not_inception:train_epoch:136 - Train: [7040/7970 (89%)]	Loss: 0.000020
2023-05-23 00:45:37.026 | INFO     | trainer_not_inception:train_epoch:136 - Train: [7680/7970 (97%)]	Loss: 0.000062
2023-05-23 00:45:39.593 | INFO     | trainer_not_inception:fit:33 - Epoch: 47/50. Train set: Average loss: 0.000024
2023-05-23 00:45:47.483 | INFO     | trainer_not_inception:fit:43 - Epoch: 47/50. Validation set: Average loss: 0.000031
2023-05-23 00:45:48.695 | INFO     | trainer_not_inception:train_epoch:136 - Train: [0/7970 (0%)]	Loss: 0.000000
2023-05-23 00:45:56.828 | INFO     | trainer_not_inception:train_epoch:136 - Train: [640/7970 (8%)]	Loss: 0.000059
2023-05-23 00:46:04.952 | INFO     | trainer_not_inception:train_epoch:136 - Train: [1280/7970 (16%)]	Loss: 0.000033
2023-05-23 00:46:13.088 | INFO     | trainer_not_inception:train_epoch:136 - Train: [1920/7970 (24%)]	Loss: 0.000061
2023-05-23 00:46:21.223 | INFO     | trainer_not_inception:train_epoch:136 - Train: [2560/7970 (32%)]	Loss: 0.000016
2023-05-23 00:46:29.342 | INFO     | trainer_not_inception:train_epoch:136 - Train: [3200/7970 (40%)]	Loss: 0.000049
2023-05-23 00:46:37.479 | INFO     | trainer_not_inception:train_epoch:136 - Train: [3840/7970 (48%)]	Loss: 0.000065
2023-05-23 00:46:45.611 | INFO     | trainer_not_inception:train_epoch:136 - Train: [4480/7970 (56%)]	Loss: 0.000046
2023-05-23 00:46:53.757 | INFO     | trainer_not_inception:train_epoch:136 - Train: [5120/7970 (65%)]	Loss: 0.000113
2023-05-23 00:47:01.883 | INFO     | trainer_not_inception:train_epoch:136 - Train: [5760/7970 (73%)]	Loss: 0.000033
2023-05-23 00:47:10.015 | INFO     | trainer_not_inception:train_epoch:136 - Train: [6400/7970 (81%)]	Loss: 0.000004
2023-05-23 00:47:18.164 | INFO     | trainer_not_inception:train_epoch:136 - Train: [7040/7970 (89%)]	Loss: 0.000006
2023-05-23 00:47:26.290 | INFO     | trainer_not_inception:train_epoch:136 - Train: [7680/7970 (97%)]	Loss: 0.000024
2023-05-23 00:47:28.842 | INFO     | trainer_not_inception:fit:33 - Epoch: 48/50. Train set: Average loss: 0.000045
2023-05-23 00:47:36.692 | INFO     | trainer_not_inception:fit:43 - Epoch: 48/50. Validation set: Average loss: 0.000003
2023-05-23 00:47:37.838 | INFO     | trainer_not_inception:train_epoch:136 - Train: [0/7970 (0%)]	Loss: 0.000011
2023-05-23 00:47:45.966 | INFO     | trainer_not_inception:train_epoch:136 - Train: [640/7970 (8%)]	Loss: 0.000119
2023-05-23 00:47:54.078 | INFO     | trainer_not_inception:train_epoch:136 - Train: [1280/7970 (16%)]	Loss: 0.000069
2023-05-23 00:48:02.200 | INFO     | trainer_not_inception:train_epoch:136 - Train: [1920/7970 (24%)]	Loss: 0.000007
2023-05-23 00:48:10.321 | INFO     | trainer_not_inception:train_epoch:136 - Train: [2560/7970 (32%)]	Loss: 0.000003
2023-05-23 00:48:18.439 | INFO     | trainer_not_inception:train_epoch:136 - Train: [3200/7970 (40%)]	Loss: 0.000026
2023-05-23 00:48:26.561 | INFO     | trainer_not_inception:train_epoch:136 - Train: [3840/7970 (48%)]	Loss: 0.000013
2023-05-23 00:48:34.681 | INFO     | trainer_not_inception:train_epoch:136 - Train: [4480/7970 (56%)]	Loss: 0.000024
2023-05-23 00:48:42.818 | INFO     | trainer_not_inception:train_epoch:136 - Train: [5120/7970 (65%)]	Loss: 0.000018
2023-05-23 00:48:50.945 | INFO     | trainer_not_inception:train_epoch:136 - Train: [5760/7970 (73%)]	Loss: 0.000055
2023-05-23 00:48:59.085 | INFO     | trainer_not_inception:train_epoch:136 - Train: [6400/7970 (81%)]	Loss: 0.000024
2023-05-23 00:49:07.212 | INFO     | trainer_not_inception:train_epoch:136 - Train: [7040/7970 (89%)]	Loss: 0.000035
2023-05-23 00:49:15.359 | INFO     | trainer_not_inception:train_epoch:136 - Train: [7680/7970 (97%)]	Loss: 0.000002
2023-05-23 00:49:17.918 | INFO     | trainer_not_inception:fit:33 - Epoch: 49/50. Train set: Average loss: 0.000035
2023-05-23 00:49:25.753 | INFO     | trainer_not_inception:fit:43 - Epoch: 49/50. Validation set: Average loss: 0.000821
2023-05-23 00:49:26.920 | INFO     | trainer_not_inception:train_epoch:136 - Train: [0/7970 (0%)]	Loss: 0.000053
2023-05-23 00:49:35.034 | INFO     | trainer_not_inception:train_epoch:136 - Train: [640/7970 (8%)]	Loss: 0.000066
2023-05-23 00:49:43.179 | INFO     | trainer_not_inception:train_epoch:136 - Train: [1280/7970 (16%)]	Loss: 0.000040
2023-05-23 00:49:51.322 | INFO     | trainer_not_inception:train_epoch:136 - Train: [1920/7970 (24%)]	Loss: 0.000020
2023-05-23 00:49:59.446 | INFO     | trainer_not_inception:train_epoch:136 - Train: [2560/7970 (32%)]	Loss: 0.000017
2023-05-23 00:50:07.582 | INFO     | trainer_not_inception:train_epoch:136 - Train: [3200/7970 (40%)]	Loss: 0.000014
2023-05-23 00:50:15.729 | INFO     | trainer_not_inception:train_epoch:136 - Train: [3840/7970 (48%)]	Loss: 0.000005
2023-05-23 00:50:23.866 | INFO     | trainer_not_inception:train_epoch:136 - Train: [4480/7970 (56%)]	Loss: 0.000054
2023-05-23 00:50:32.002 | INFO     | trainer_not_inception:train_epoch:136 - Train: [5120/7970 (65%)]	Loss: 0.000061
2023-05-23 00:50:40.142 | INFO     | trainer_not_inception:train_epoch:136 - Train: [5760/7970 (73%)]	Loss: 0.000035
2023-05-23 00:50:48.286 | INFO     | trainer_not_inception:train_epoch:136 - Train: [6400/7970 (81%)]	Loss: 0.000013
2023-05-23 00:50:56.413 | INFO     | trainer_not_inception:train_epoch:136 - Train: [7040/7970 (89%)]	Loss: 0.000006
2023-05-23 00:51:04.535 | INFO     | trainer_not_inception:train_epoch:136 - Train: [7680/7970 (97%)]	Loss: 0.000054
2023-05-23 00:51:07.091 | INFO     | trainer_not_inception:fit:33 - Epoch: 50/50. Train set: Average loss: 0.000033
2023-05-23 00:51:14.941 | INFO     | trainer_not_inception:fit:43 - Epoch: 50/50. Validation set: Average loss: 0.000186
