2023-08-26 15:52:01.414 | INFO     | __main__:run:49 - Namespace(img_feature_extract=0, embedding_size=128, classifier_mode='classic', weight_path='None', dataset='CVPR2017', eeg_path='/media/mountHDD1/LanxHuyen/CVPR2017/eeg_55_95_std.pth', time_low=20, time_high=460, img_path='/home/exx/GithubClonedRepo/EEG-Research/Dataset/imagenet', splits_path='/media/mountHDD1/LanxHuyen/CVPR2017/block_splits_by_image_all.pth', log_path='/home/exx/GithubClonedRepo/EEG-Research/Experiment/EEGClassification', info='LSTM_embed_128_batch64_55_95', img_encoder='efficientnet_b0', eeg_encoder='LSTM', batch_size=64, max_epoch=100, log_interval=50, arch='train', save_ckpt='checkpoints/', num_classes=40, num_workers=2, gpu=0, lr=0.001, wd=0.0001, optim='Adam', gamma=200, lr_step=10, pretrain=False, momen=0.9, nesterov=False, device=device(type='cuda', index=0))
2023-08-26 15:52:04.971 | INFO     | trainer:fit:49 - Epoch: 1/100. Train set: Average loss: 3.665936. Accuracy: 0.0417
	Validation set: Average loss: 3.607839. Accuracy: 0.0486
2023-08-26 15:52:06.697 | INFO     | trainer:fit:49 - Epoch: 2/100. Train set: Average loss: 3.351556. Accuracy: 0.0704
	Validation set: Average loss: 3.219688. Accuracy: 0.0723
2023-08-26 15:52:08.313 | INFO     | trainer:fit:49 - Epoch: 3/100. Train set: Average loss: 3.039525. Accuracy: 0.1103
	Validation set: Average loss: 3.195567. Accuracy: 0.1006
2023-08-26 15:52:09.825 | INFO     | trainer:fit:49 - Epoch: 4/100. Train set: Average loss: 2.800920. Accuracy: 0.1378
	Validation set: Average loss: 2.720224. Accuracy: 0.1235
2023-08-26 15:52:11.551 | INFO     | trainer:fit:49 - Epoch: 5/100. Train set: Average loss: 2.612859. Accuracy: 0.1629
	Validation set: Average loss: 2.700173. Accuracy: 0.1228
2023-08-26 15:52:13.221 | INFO     | trainer:fit:49 - Epoch: 6/100. Train set: Average loss: 2.476249. Accuracy: 0.1943
	Validation set: Average loss: 2.570785. Accuracy: 0.1475
2023-08-26 15:52:14.978 | INFO     | trainer:fit:49 - Epoch: 7/100. Train set: Average loss: 2.350075. Accuracy: 0.2126
	Validation set: Average loss: 2.583748. Accuracy: 0.1642
2023-08-26 15:52:16.682 | INFO     | trainer:fit:49 - Epoch: 8/100. Train set: Average loss: 2.280345. Accuracy: 0.2382
	Validation set: Average loss: 2.487631. Accuracy: 0.1676
2023-08-26 15:52:18.242 | INFO     | trainer:fit:49 - Epoch: 9/100. Train set: Average loss: 2.158930. Accuracy: 0.2579
	Validation set: Average loss: 2.386496. Accuracy: 0.1920
2023-08-26 15:52:19.857 | INFO     | trainer:fit:49 - Epoch: 10/100. Train set: Average loss: 2.109204. Accuracy: 0.2712
	Validation set: Average loss: 2.387981. Accuracy: 0.1850
2023-08-26 15:52:19.857 | INFO     | trainer:fit:58 - Best val accuracy: 0.1920
2023-08-26 15:52:21.630 | INFO     | trainer:fit:49 - Epoch: 11/100. Train set: Average loss: 1.878038. Accuracy: 0.3653
	Validation set: Average loss: 2.232482. Accuracy: 0.2024
2023-08-26 15:52:23.312 | INFO     | trainer:fit:49 - Epoch: 12/100. Train set: Average loss: 1.798971. Accuracy: 0.3995
	Validation set: Average loss: 2.210467. Accuracy: 0.2223
2023-08-26 15:52:24.922 | INFO     | trainer:fit:49 - Epoch: 13/100. Train set: Average loss: 1.764981. Accuracy: 0.4043
	Validation set: Average loss: 2.207026. Accuracy: 0.2245
2023-08-26 15:52:26.652 | INFO     | trainer:fit:49 - Epoch: 14/100. Train set: Average loss: 1.738113. Accuracy: 0.4141
	Validation set: Average loss: 2.191834. Accuracy: 0.2296
2023-08-26 15:52:28.259 | INFO     | trainer:fit:49 - Epoch: 15/100. Train set: Average loss: 1.715276. Accuracy: 0.4203
	Validation set: Average loss: 2.174768. Accuracy: 0.2374
2023-08-26 15:52:29.971 | INFO     | trainer:fit:49 - Epoch: 16/100. Train set: Average loss: 1.689590. Accuracy: 0.4265
	Validation set: Average loss: 2.161703. Accuracy: 0.2351
2023-08-26 15:52:31.619 | INFO     | trainer:fit:49 - Epoch: 17/100. Train set: Average loss: 1.680279. Accuracy: 0.4353
	Validation set: Average loss: 2.156280. Accuracy: 0.2421
2023-08-26 15:52:33.293 | INFO     | trainer:fit:49 - Epoch: 18/100. Train set: Average loss: 1.655781. Accuracy: 0.4377
	Validation set: Average loss: 2.138478. Accuracy: 0.2505
2023-08-26 15:52:35.044 | INFO     | trainer:fit:49 - Epoch: 19/100. Train set: Average loss: 1.640155. Accuracy: 0.4437
	Validation set: Average loss: 2.156957. Accuracy: 0.2401
2023-08-26 15:52:36.671 | INFO     | trainer:fit:49 - Epoch: 20/100. Train set: Average loss: 1.616342. Accuracy: 0.4569
	Validation set: Average loss: 2.126869. Accuracy: 0.2546
2023-08-26 15:52:36.672 | INFO     | trainer:fit:58 - Best val accuracy: 0.2546
2023-08-26 15:52:38.555 | INFO     | trainer:fit:49 - Epoch: 21/100. Train set: Average loss: 1.577165. Accuracy: 0.4751
	Validation set: Average loss: 2.136289. Accuracy: 0.2538
2023-08-26 15:52:40.191 | INFO     | trainer:fit:49 - Epoch: 22/100. Train set: Average loss: 1.571873. Accuracy: 0.4801
	Validation set: Average loss: 2.121970. Accuracy: 0.2513
2023-08-26 15:52:41.852 | INFO     | trainer:fit:49 - Epoch: 23/100. Train set: Average loss: 1.568447. Accuracy: 0.4804
	Validation set: Average loss: 2.121885. Accuracy: 0.2496
2023-08-26 15:52:43.597 | INFO     | trainer:fit:49 - Epoch: 24/100. Train set: Average loss: 1.566938. Accuracy: 0.4808
	Validation set: Average loss: 2.120496. Accuracy: 0.2508
2023-08-26 15:52:45.158 | INFO     | trainer:fit:49 - Epoch: 25/100. Train set: Average loss: 1.564464. Accuracy: 0.4804
	Validation set: Average loss: 2.125165. Accuracy: 0.2483
2023-08-26 15:52:46.926 | INFO     | trainer:fit:49 - Epoch: 26/100. Train set: Average loss: 1.562292. Accuracy: 0.4819
	Validation set: Average loss: 2.123409. Accuracy: 0.2493
2023-08-26 15:52:48.640 | INFO     | trainer:fit:49 - Epoch: 27/100. Train set: Average loss: 1.561544. Accuracy: 0.4824
	Validation set: Average loss: 2.113603. Accuracy: 0.2516
2023-08-26 15:52:50.312 | INFO     | trainer:fit:49 - Epoch: 28/100. Train set: Average loss: 1.558076. Accuracy: 0.4838
	Validation set: Average loss: 2.123429. Accuracy: 0.2523
2023-08-26 15:52:51.863 | INFO     | trainer:fit:49 - Epoch: 29/100. Train set: Average loss: 1.556320. Accuracy: 0.4848
	Validation set: Average loss: 2.111406. Accuracy: 0.2501
2023-08-26 15:52:53.507 | INFO     | trainer:fit:49 - Epoch: 30/100. Train set: Average loss: 1.553691. Accuracy: 0.4828
	Validation set: Average loss: 2.119726. Accuracy: 0.2528
2023-08-26 15:52:53.507 | INFO     | trainer:fit:58 - Best val accuracy: 0.2546
2023-08-26 15:52:55.246 | INFO     | trainer:fit:49 - Epoch: 31/100. Train set: Average loss: 1.550967. Accuracy: 0.4859
	Validation set: Average loss: 2.116649. Accuracy: 0.2531
2023-08-26 15:52:56.924 | INFO     | trainer:fit:49 - Epoch: 32/100. Train set: Average loss: 1.549214. Accuracy: 0.4879
	Validation set: Average loss: 2.102352. Accuracy: 0.2553
2023-08-26 15:52:58.681 | INFO     | trainer:fit:49 - Epoch: 33/100. Train set: Average loss: 1.549907. Accuracy: 0.4874
	Validation set: Average loss: 2.112260. Accuracy: 0.2550
2023-08-26 15:53:00.406 | INFO     | trainer:fit:49 - Epoch: 34/100. Train set: Average loss: 1.549053. Accuracy: 0.4854
	Validation set: Average loss: 2.100982. Accuracy: 0.2595
2023-08-26 15:53:02.100 | INFO     | trainer:fit:49 - Epoch: 35/100. Train set: Average loss: 1.549734. Accuracy: 0.4864
	Validation set: Average loss: 2.108784. Accuracy: 0.2565
2023-08-26 15:53:03.765 | INFO     | trainer:fit:49 - Epoch: 36/100. Train set: Average loss: 1.548473. Accuracy: 0.4865
	Validation set: Average loss: 2.123140. Accuracy: 0.2535
2023-08-26 15:53:05.382 | INFO     | trainer:fit:49 - Epoch: 37/100. Train set: Average loss: 1.549209. Accuracy: 0.4861
	Validation set: Average loss: 2.118625. Accuracy: 0.2530
2023-08-26 15:53:06.947 | INFO     | trainer:fit:49 - Epoch: 38/100. Train set: Average loss: 1.549925. Accuracy: 0.4866
	Validation set: Average loss: 2.111907. Accuracy: 0.2515
2023-08-26 15:53:08.646 | INFO     | trainer:fit:49 - Epoch: 39/100. Train set: Average loss: 1.548078. Accuracy: 0.4863
	Validation set: Average loss: 2.102773. Accuracy: 0.2607
2023-08-26 15:53:10.293 | INFO     | trainer:fit:49 - Epoch: 40/100. Train set: Average loss: 1.547991. Accuracy: 0.4862
	Validation set: Average loss: 2.112804. Accuracy: 0.2550
2023-08-26 15:53:10.293 | INFO     | trainer:fit:58 - Best val accuracy: 0.2607
2023-08-26 15:53:12.053 | INFO     | trainer:fit:49 - Epoch: 41/100. Train set: Average loss: 1.547331. Accuracy: 0.4870
	Validation set: Average loss: 2.115611. Accuracy: 0.2510
2023-08-26 15:53:13.727 | INFO     | trainer:fit:49 - Epoch: 42/100. Train set: Average loss: 1.547191. Accuracy: 0.4870
	Validation set: Average loss: 2.120199. Accuracy: 0.2493
2023-08-26 15:53:15.486 | INFO     | trainer:fit:49 - Epoch: 43/100. Train set: Average loss: 1.547078. Accuracy: 0.4870
	Validation set: Average loss: 2.113108. Accuracy: 0.2563
2023-08-26 15:53:17.250 | INFO     | trainer:fit:49 - Epoch: 44/100. Train set: Average loss: 1.547669. Accuracy: 0.4865
	Validation set: Average loss: 2.113158. Accuracy: 0.2528
2023-08-26 15:53:18.951 | INFO     | trainer:fit:49 - Epoch: 45/100. Train set: Average loss: 1.546725. Accuracy: 0.4867
	Validation set: Average loss: 2.115172. Accuracy: 0.2528
2023-08-26 15:53:20.707 | INFO     | trainer:fit:49 - Epoch: 46/100. Train set: Average loss: 1.547532. Accuracy: 0.4864
	Validation set: Average loss: 2.123375. Accuracy: 0.2585
2023-08-26 15:53:22.477 | INFO     | trainer:fit:49 - Epoch: 47/100. Train set: Average loss: 1.547081. Accuracy: 0.4863
	Validation set: Average loss: 2.113221. Accuracy: 0.2510
2023-08-26 15:53:24.123 | INFO     | trainer:fit:49 - Epoch: 48/100. Train set: Average loss: 1.547364. Accuracy: 0.4868
	Validation set: Average loss: 2.104254. Accuracy: 0.2533
2023-08-26 15:53:25.853 | INFO     | trainer:fit:49 - Epoch: 49/100. Train set: Average loss: 1.548193. Accuracy: 0.4858
	Validation set: Average loss: 2.100440. Accuracy: 0.2568
2023-08-26 15:53:27.523 | INFO     | trainer:fit:49 - Epoch: 50/100. Train set: Average loss: 1.548059. Accuracy: 0.4864
	Validation set: Average loss: 2.118412. Accuracy: 0.2585
2023-08-26 15:53:27.523 | INFO     | trainer:fit:58 - Best val accuracy: 0.2607
2023-08-26 15:53:29.526 | INFO     | trainer:fit:49 - Epoch: 51/100. Train set: Average loss: 1.547727. Accuracy: 0.4864
	Validation set: Average loss: 2.133119. Accuracy: 0.2498
2023-08-26 15:53:31.170 | INFO     | trainer:fit:49 - Epoch: 52/100. Train set: Average loss: 1.547441. Accuracy: 0.4863
	Validation set: Average loss: 2.112814. Accuracy: 0.2585
2023-08-26 15:53:32.844 | INFO     | trainer:fit:49 - Epoch: 53/100. Train set: Average loss: 1.546829. Accuracy: 0.4866
	Validation set: Average loss: 2.109810. Accuracy: 0.2568
2023-08-26 15:53:34.380 | INFO     | trainer:fit:49 - Epoch: 54/100. Train set: Average loss: 1.546373. Accuracy: 0.4871
	Validation set: Average loss: 2.104344. Accuracy: 0.2550
2023-08-26 15:53:36.061 | INFO     | trainer:fit:49 - Epoch: 55/100. Train set: Average loss: 1.547151. Accuracy: 0.4867
	Validation set: Average loss: 2.109742. Accuracy: 0.2568
2023-08-26 15:53:37.812 | INFO     | trainer:fit:49 - Epoch: 56/100. Train set: Average loss: 1.547349. Accuracy: 0.4867
	Validation set: Average loss: 2.100743. Accuracy: 0.2568
2023-08-26 15:53:39.623 | INFO     | trainer:fit:49 - Epoch: 57/100. Train set: Average loss: 1.547037. Accuracy: 0.4867
	Validation set: Average loss: 2.100310. Accuracy: 0.2568
2023-08-26 15:53:41.160 | INFO     | trainer:fit:49 - Epoch: 58/100. Train set: Average loss: 1.547549. Accuracy: 0.4863
	Validation set: Average loss: 2.114847. Accuracy: 0.2550
2023-08-26 15:53:42.764 | INFO     | trainer:fit:49 - Epoch: 59/100. Train set: Average loss: 1.548457. Accuracy: 0.4864
	Validation set: Average loss: 2.131770. Accuracy: 0.2515
2023-08-26 15:53:44.516 | INFO     | trainer:fit:49 - Epoch: 60/100. Train set: Average loss: 1.547806. Accuracy: 0.4864
	Validation set: Average loss: 2.106513. Accuracy: 0.2515
2023-08-26 15:53:44.516 | INFO     | trainer:fit:58 - Best val accuracy: 0.2607
2023-08-26 15:53:46.349 | INFO     | trainer:fit:49 - Epoch: 61/100. Train set: Average loss: 1.548190. Accuracy: 0.4864
	Validation set: Average loss: 2.115774. Accuracy: 0.2533
2023-08-26 15:53:47.967 | INFO     | trainer:fit:49 - Epoch: 62/100. Train set: Average loss: 1.548172. Accuracy: 0.4863
	Validation set: Average loss: 2.114697. Accuracy: 0.2515
2023-08-26 15:53:49.649 | INFO     | trainer:fit:49 - Epoch: 63/100. Train set: Average loss: 1.546850. Accuracy: 0.4864
	Validation set: Average loss: 2.111009. Accuracy: 0.2568
2023-08-26 15:53:51.366 | INFO     | trainer:fit:49 - Epoch: 64/100. Train set: Average loss: 1.548036. Accuracy: 0.4865
	Validation set: Average loss: 2.110704. Accuracy: 0.2585
2023-08-26 15:53:53.017 | INFO     | trainer:fit:49 - Epoch: 65/100. Train set: Average loss: 1.546844. Accuracy: 0.4867
	Validation set: Average loss: 2.109594. Accuracy: 0.2498
2023-08-26 15:53:54.735 | INFO     | trainer:fit:49 - Epoch: 66/100. Train set: Average loss: 1.547424. Accuracy: 0.4863
	Validation set: Average loss: 2.121347. Accuracy: 0.2533
2023-08-26 15:53:56.435 | INFO     | trainer:fit:49 - Epoch: 67/100. Train set: Average loss: 1.547441. Accuracy: 0.4867
	Validation set: Average loss: 2.108775. Accuracy: 0.2533
2023-08-26 15:53:58.063 | INFO     | trainer:fit:49 - Epoch: 68/100. Train set: Average loss: 1.546843. Accuracy: 0.4867
	Validation set: Average loss: 2.125200. Accuracy: 0.2480
2023-08-26 15:53:59.671 | INFO     | trainer:fit:49 - Epoch: 69/100. Train set: Average loss: 1.548096. Accuracy: 0.4866
	Validation set: Average loss: 2.113710. Accuracy: 0.2498
2023-08-26 15:54:01.400 | INFO     | trainer:fit:49 - Epoch: 70/100. Train set: Average loss: 1.547399. Accuracy: 0.4864
	Validation set: Average loss: 2.105041. Accuracy: 0.2585
2023-08-26 15:54:01.400 | INFO     | trainer:fit:58 - Best val accuracy: 0.2607
2023-08-26 15:54:03.239 | INFO     | trainer:fit:49 - Epoch: 71/100. Train set: Average loss: 1.547628. Accuracy: 0.4865
	Validation set: Average loss: 2.120395. Accuracy: 0.2585
2023-08-26 15:54:04.901 | INFO     | trainer:fit:49 - Epoch: 72/100. Train set: Average loss: 1.547724. Accuracy: 0.4868
	Validation set: Average loss: 2.110716. Accuracy: 0.2515
2023-08-26 15:54:06.674 | INFO     | trainer:fit:49 - Epoch: 73/100. Train set: Average loss: 1.546960. Accuracy: 0.4868
	Validation set: Average loss: 2.105992. Accuracy: 0.2568
2023-08-26 15:54:08.301 | INFO     | trainer:fit:49 - Epoch: 74/100. Train set: Average loss: 1.546940. Accuracy: 0.4867
	Validation set: Average loss: 2.111165. Accuracy: 0.2550
2023-08-26 15:54:09.968 | INFO     | trainer:fit:49 - Epoch: 75/100. Train set: Average loss: 1.547460. Accuracy: 0.4866
	Validation set: Average loss: 2.118468. Accuracy: 0.2533
2023-08-26 15:54:11.744 | INFO     | trainer:fit:49 - Epoch: 76/100. Train set: Average loss: 1.546896. Accuracy: 0.4866
	Validation set: Average loss: 2.110364. Accuracy: 0.2498
2023-08-26 15:54:13.517 | INFO     | trainer:fit:49 - Epoch: 77/100. Train set: Average loss: 1.547845. Accuracy: 0.4861
	Validation set: Average loss: 2.121964. Accuracy: 0.2533
2023-08-26 15:54:15.266 | INFO     | trainer:fit:49 - Epoch: 78/100. Train set: Average loss: 1.547515. Accuracy: 0.4864
	Validation set: Average loss: 2.107233. Accuracy: 0.2585
2023-08-26 15:54:17.040 | INFO     | trainer:fit:49 - Epoch: 79/100. Train set: Average loss: 1.546346. Accuracy: 0.4873
	Validation set: Average loss: 2.112477. Accuracy: 0.2515
2023-08-26 15:54:18.745 | INFO     | trainer:fit:49 - Epoch: 80/100. Train set: Average loss: 1.546923. Accuracy: 0.4867
	Validation set: Average loss: 2.112652. Accuracy: 0.2585
2023-08-26 15:54:18.746 | INFO     | trainer:fit:58 - Best val accuracy: 0.2607
2023-08-26 15:54:20.653 | INFO     | trainer:fit:49 - Epoch: 81/100. Train set: Average loss: 1.547389. Accuracy: 0.4862
	Validation set: Average loss: 2.119913. Accuracy: 0.2550
2023-08-26 15:54:22.272 | INFO     | trainer:fit:49 - Epoch: 82/100. Train set: Average loss: 1.546541. Accuracy: 0.4870
	Validation set: Average loss: 2.108110. Accuracy: 0.2550
2023-08-26 15:54:24.031 | INFO     | trainer:fit:49 - Epoch: 83/100. Train set: Average loss: 1.547077. Accuracy: 0.4868
	Validation set: Average loss: 2.140621. Accuracy: 0.2533
2023-08-26 15:54:25.728 | INFO     | trainer:fit:49 - Epoch: 84/100. Train set: Average loss: 1.547209. Accuracy: 0.4865
	Validation set: Average loss: 2.109262. Accuracy: 0.2568
2023-08-26 15:54:27.485 | INFO     | trainer:fit:49 - Epoch: 85/100. Train set: Average loss: 1.547307. Accuracy: 0.4866
	Validation set: Average loss: 2.105706. Accuracy: 0.2550
2023-08-26 15:54:29.196 | INFO     | trainer:fit:49 - Epoch: 86/100. Train set: Average loss: 1.547186. Accuracy: 0.4861
	Validation set: Average loss: 2.127584. Accuracy: 0.2515
2023-08-26 15:54:30.986 | INFO     | trainer:fit:49 - Epoch: 87/100. Train set: Average loss: 1.547070. Accuracy: 0.4871
	Validation set: Average loss: 2.106267. Accuracy: 0.2568
2023-08-26 15:54:32.760 | INFO     | trainer:fit:49 - Epoch: 88/100. Train set: Average loss: 1.547521. Accuracy: 0.4866
	Validation set: Average loss: 2.101397. Accuracy: 0.2585
2023-08-26 15:54:34.533 | INFO     | trainer:fit:49 - Epoch: 89/100. Train set: Average loss: 1.547176. Accuracy: 0.4867
	Validation set: Average loss: 2.106773. Accuracy: 0.2550
2023-08-26 15:54:36.278 | INFO     | trainer:fit:49 - Epoch: 90/100. Train set: Average loss: 1.547228. Accuracy: 0.4863
	Validation set: Average loss: 2.107790. Accuracy: 0.2550
2023-08-26 15:54:36.279 | INFO     | trainer:fit:58 - Best val accuracy: 0.2607
2023-08-26 15:54:38.187 | INFO     | trainer:fit:49 - Epoch: 91/100. Train set: Average loss: 1.547649. Accuracy: 0.4862
	Validation set: Average loss: 2.109953. Accuracy: 0.2515
2023-08-26 15:54:39.778 | INFO     | trainer:fit:49 - Epoch: 92/100. Train set: Average loss: 1.547092. Accuracy: 0.4865
	Validation set: Average loss: 2.106952. Accuracy: 0.2568
2023-08-26 15:54:41.379 | INFO     | trainer:fit:49 - Epoch: 93/100. Train set: Average loss: 1.547709. Accuracy: 0.4863
	Validation set: Average loss: 2.116978. Accuracy: 0.2533
2023-08-26 15:54:43.117 | INFO     | trainer:fit:49 - Epoch: 94/100. Train set: Average loss: 1.546327. Accuracy: 0.4873
	Validation set: Average loss: 2.103559. Accuracy: 0.2585
2023-08-26 15:54:44.882 | INFO     | trainer:fit:49 - Epoch: 95/100. Train set: Average loss: 1.546792. Accuracy: 0.4867
	Validation set: Average loss: 2.110759. Accuracy: 0.2515
2023-08-26 15:54:46.645 | INFO     | trainer:fit:49 - Epoch: 96/100. Train set: Average loss: 1.547652. Accuracy: 0.4860
	Validation set: Average loss: 2.109740. Accuracy: 0.2533
2023-08-26 15:54:48.356 | INFO     | trainer:fit:49 - Epoch: 97/100. Train set: Average loss: 1.547525. Accuracy: 0.4861
	Validation set: Average loss: 2.113507. Accuracy: 0.2585
2023-08-26 15:54:49.950 | INFO     | trainer:fit:49 - Epoch: 98/100. Train set: Average loss: 1.547842. Accuracy: 0.4864
	Validation set: Average loss: 2.116028. Accuracy: 0.2533
2023-08-26 15:54:51.765 | INFO     | trainer:fit:49 - Epoch: 99/100. Train set: Average loss: 1.547064. Accuracy: 0.4867
	Validation set: Average loss: 2.129752. Accuracy: 0.2498
2023-08-26 15:54:53.418 | INFO     | trainer:fit:49 - Epoch: 100/100. Train set: Average loss: 1.547193. Accuracy: 0.4868
	Validation set: Average loss: 2.111478. Accuracy: 0.2515
2023-08-26 15:54:53.418 | INFO     | trainer:fit:62 - =====================================
2023-08-26 15:54:53.419 | INFO     | trainer:fit:63 - Training complete in 2m 50s
2023-08-26 15:54:53.419 | INFO     | trainer:fit:64 - Best Val Accuracy: 0.2607
2023-08-26 15:54:53.419 | INFO     | trainer:fit:65 - ***********
2023-08-26 15:54:54.012 | INFO     | trainer:fit:67 - Test Accuracy: 0.2397
2023-08-26 15:54:54.012 | INFO     | trainer:fit:68 - =====================================
