2023-05-24 19:14:05.769 | INFO     | __main__:run:49 - Namespace(dataset='CVPR2017', eeg_path='/media/exx/HDD1/LanxHuyen/CVPR2017/eeg_55_95_std.pth', time_low=20, time_high=460, img_path='/home/exx/GithubClonedRepo/EEG-Research/Dataset/imagenet', splits_path='/media/exx/HDD1/LanxHuyen/CVPR2017/block_splits_by_image_all.pth', log_path='/home/exx/GithubClonedRepo/EEG-Research/Experiment/ImageClassification', info='classifier_classic_efficientnet_b0_1', img_encoder='efficientnet_b0_1', eeg_encoder='EEGChannelNet', classifier_mode='classic', weight_path='None', batch_size=64, max_epoch=50, log_interval=50, arch='train', save_ckpt='checkpoints/', num_classes=40, num_workers=2, gpu=1, lr=0.005, wd=0.0001, optim='Adam', gamma=200, lr_step=10, pretrain=False, momen=0.9, nesterov=False, device=device(type='cuda', index=1))
2023-05-24 19:14:21.795 | INFO     | __main__:run:49 - Namespace(dataset='CVPR2017', eeg_path='/media/exx/HDD1/LanxHuyen/CVPR2017/eeg_55_95_std.pth', time_low=20, time_high=460, img_path='/home/exx/GithubClonedRepo/EEG-Research/Dataset/imagenet', splits_path='/media/exx/HDD1/LanxHuyen/CVPR2017/block_splits_by_image_all.pth', log_path='/home/exx/GithubClonedRepo/EEG-Research/Experiment/ImageClassification', info='classifier_classic_efficientnet_b0_1', img_encoder='efficientnet_b0', eeg_encoder='EEGChannelNet', classifier_mode='classic', weight_path='None', batch_size=64, max_epoch=50, log_interval=50, arch='train', save_ckpt='checkpoints/', num_classes=40, num_workers=2, gpu=1, lr=0.005, wd=0.0001, optim='Adam', gamma=200, lr_step=10, pretrain=False, momen=0.9, nesterov=False, device=device(type='cuda', index=1))
2023-05-24 19:14:33.003 | INFO     | trainer:fit:49 - Epoch: 1/50. Train set: Average loss: 0.438333. Accuracy: 0.9037
	Validation set: Average loss: 0.179168. Accuracy: 0.9455
2023-05-24 19:14:41.362 | INFO     | trainer:fit:49 - Epoch: 2/50. Train set: Average loss: 0.140736. Accuracy: 0.9621
	Validation set: Average loss: 0.204146. Accuracy: 0.9414
2023-05-24 19:14:49.737 | INFO     | trainer:fit:49 - Epoch: 3/50. Train set: Average loss: 0.129201. Accuracy: 0.9639
	Validation set: Average loss: 0.233308. Accuracy: 0.9338
2023-05-24 19:14:58.089 | INFO     | trainer:fit:49 - Epoch: 4/50. Train set: Average loss: 0.110063. Accuracy: 0.9681
	Validation set: Average loss: 0.221100. Accuracy: 0.9414
2023-05-24 19:15:06.292 | INFO     | trainer:fit:49 - Epoch: 5/50. Train set: Average loss: 0.101722. Accuracy: 0.9713
	Validation set: Average loss: 0.231336. Accuracy: 0.9256
2023-05-24 19:15:14.572 | INFO     | trainer:fit:49 - Epoch: 6/50. Train set: Average loss: 0.106089. Accuracy: 0.9708
	Validation set: Average loss: 0.236946. Accuracy: 0.9291
2023-05-24 19:15:22.906 | INFO     | trainer:fit:49 - Epoch: 7/50. Train set: Average loss: 0.100056. Accuracy: 0.9715
	Validation set: Average loss: 0.215215. Accuracy: 0.9397
2023-05-24 19:15:31.227 | INFO     | trainer:fit:49 - Epoch: 8/50. Train set: Average loss: 0.089679. Accuracy: 0.9731
	Validation set: Average loss: 0.222454. Accuracy: 0.9397
2023-05-24 19:15:39.592 | INFO     | trainer:fit:49 - Epoch: 9/50. Train set: Average loss: 0.104668. Accuracy: 0.9717
	Validation set: Average loss: 0.287558. Accuracy: 0.9221
2023-05-24 19:15:47.911 | INFO     | trainer:fit:49 - Epoch: 10/50. Train set: Average loss: 0.097409. Accuracy: 0.9720
	Validation set: Average loss: 0.266267. Accuracy: 0.9145
2023-05-24 19:15:47.912 | INFO     | trainer:fit:58 - Best val accuracy: 0.9455
2023-05-24 19:15:56.674 | INFO     | trainer:fit:49 - Epoch: 11/50. Train set: Average loss: 0.079641. Accuracy: 0.9775
	Validation set: Average loss: 0.240805. Accuracy: 0.9186
2023-05-24 19:16:04.997 | INFO     | trainer:fit:49 - Epoch: 12/50. Train set: Average loss: 0.073496. Accuracy: 0.9782
	Validation set: Average loss: 0.216051. Accuracy: 0.9338
2023-05-24 19:16:13.249 | INFO     | trainer:fit:49 - Epoch: 13/50. Train set: Average loss: 0.076173. Accuracy: 0.9778
	Validation set: Average loss: 0.207343. Accuracy: 0.9355
2023-05-24 19:16:21.553 | INFO     | trainer:fit:49 - Epoch: 14/50. Train set: Average loss: 0.074186. Accuracy: 0.9789
	Validation set: Average loss: 0.195692. Accuracy: 0.9385
2023-05-24 19:16:29.953 | INFO     | trainer:fit:49 - Epoch: 15/50. Train set: Average loss: 0.062494. Accuracy: 0.9824
	Validation set: Average loss: 0.188372. Accuracy: 0.9385
2023-05-24 19:16:38.296 | INFO     | trainer:fit:49 - Epoch: 16/50. Train set: Average loss: 0.067231. Accuracy: 0.9818
	Validation set: Average loss: 0.215815. Accuracy: 0.9397
2023-05-24 19:16:46.594 | INFO     | trainer:fit:49 - Epoch: 17/50. Train set: Average loss: 0.071688. Accuracy: 0.9803
	Validation set: Average loss: 0.210584. Accuracy: 0.9385
2023-05-24 19:16:54.808 | INFO     | trainer:fit:49 - Epoch: 18/50. Train set: Average loss: 0.082686. Accuracy: 0.9764
	Validation set: Average loss: 0.202765. Accuracy: 0.9367
2023-05-24 19:17:03.019 | INFO     | trainer:fit:49 - Epoch: 19/50. Train set: Average loss: 0.069396. Accuracy: 0.9811
	Validation set: Average loss: 0.202929. Accuracy: 0.9367
2023-05-24 19:17:11.281 | INFO     | trainer:fit:49 - Epoch: 20/50. Train set: Average loss: 0.065446. Accuracy: 0.9813
	Validation set: Average loss: 0.198736. Accuracy: 0.9443
2023-05-24 19:17:11.281 | INFO     | trainer:fit:58 - Best val accuracy: 0.9455
2023-05-24 19:17:20.018 | INFO     | trainer:fit:49 - Epoch: 21/50. Train set: Average loss: 0.068604. Accuracy: 0.9818
	Validation set: Average loss: 0.187857. Accuracy: 0.9397
2023-05-24 19:17:28.329 | INFO     | trainer:fit:49 - Epoch: 22/50. Train set: Average loss: 0.064505. Accuracy: 0.9816
	Validation set: Average loss: 0.202851. Accuracy: 0.9338
2023-05-24 19:17:36.616 | INFO     | trainer:fit:49 - Epoch: 23/50. Train set: Average loss: 0.069492. Accuracy: 0.9811
	Validation set: Average loss: 0.185497. Accuracy: 0.9443
2023-05-24 19:17:45.003 | INFO     | trainer:fit:49 - Epoch: 24/50. Train set: Average loss: 0.056236. Accuracy: 0.9841
	Validation set: Average loss: 0.203644. Accuracy: 0.9385
2023-05-24 19:17:53.160 | INFO     | trainer:fit:49 - Epoch: 25/50. Train set: Average loss: 0.066855. Accuracy: 0.9802
	Validation set: Average loss: 0.187537. Accuracy: 0.9485
2023-05-24 19:18:01.618 | INFO     | trainer:fit:49 - Epoch: 26/50. Train set: Average loss: 0.072508. Accuracy: 0.9801
	Validation set: Average loss: 0.190408. Accuracy: 0.9397
2023-05-24 19:18:09.793 | INFO     | trainer:fit:49 - Epoch: 27/50. Train set: Average loss: 0.068040. Accuracy: 0.9809
	Validation set: Average loss: 0.199555. Accuracy: 0.9414
2023-05-24 19:18:17.993 | INFO     | trainer:fit:49 - Epoch: 28/50. Train set: Average loss: 0.063773. Accuracy: 0.9810
	Validation set: Average loss: 0.195835. Accuracy: 0.9379
2023-05-24 19:18:26.310 | INFO     | trainer:fit:49 - Epoch: 29/50. Train set: Average loss: 0.054071. Accuracy: 0.9844
	Validation set: Average loss: 0.209419. Accuracy: 0.9367
2023-05-24 19:18:34.571 | INFO     | trainer:fit:49 - Epoch: 30/50. Train set: Average loss: 0.073931. Accuracy: 0.9803
	Validation set: Average loss: 0.187238. Accuracy: 0.9397
2023-05-24 19:18:34.571 | INFO     | trainer:fit:58 - Best val accuracy: 0.9485
2023-05-24 19:18:43.317 | INFO     | trainer:fit:49 - Epoch: 31/50. Train set: Average loss: 0.073702. Accuracy: 0.9799
	Validation set: Average loss: 0.178522. Accuracy: 0.9502
2023-05-24 19:18:51.501 | INFO     | trainer:fit:49 - Epoch: 32/50. Train set: Average loss: 0.064749. Accuracy: 0.9823
	Validation set: Average loss: 0.199237. Accuracy: 0.9367
2023-05-24 19:18:59.780 | INFO     | trainer:fit:49 - Epoch: 33/50. Train set: Average loss: 0.063916. Accuracy: 0.9818
	Validation set: Average loss: 0.200271. Accuracy: 0.9355
2023-05-24 19:19:08.056 | INFO     | trainer:fit:49 - Epoch: 34/50. Train set: Average loss: 0.059099. Accuracy: 0.9834
	Validation set: Average loss: 0.174257. Accuracy: 0.9414
2023-05-24 19:19:16.336 | INFO     | trainer:fit:49 - Epoch: 35/50. Train set: Average loss: 0.066617. Accuracy: 0.9809
	Validation set: Average loss: 0.194330. Accuracy: 0.9367
2023-05-24 19:19:24.546 | INFO     | trainer:fit:49 - Epoch: 36/50. Train set: Average loss: 0.067336. Accuracy: 0.9820
	Validation set: Average loss: 0.189482. Accuracy: 0.9326
2023-05-24 19:19:32.965 | INFO     | trainer:fit:49 - Epoch: 37/50. Train set: Average loss: 0.057214. Accuracy: 0.9841
	Validation set: Average loss: 0.190355. Accuracy: 0.9443
2023-05-24 19:19:41.157 | INFO     | trainer:fit:49 - Epoch: 38/50. Train set: Average loss: 0.071743. Accuracy: 0.9804
	Validation set: Average loss: 0.200412. Accuracy: 0.9355
2023-05-24 19:19:49.299 | INFO     | trainer:fit:49 - Epoch: 39/50. Train set: Average loss: 0.063809. Accuracy: 0.9828
	Validation set: Average loss: 0.195731. Accuracy: 0.9367
2023-05-24 19:19:57.501 | INFO     | trainer:fit:49 - Epoch: 40/50. Train set: Average loss: 0.059966. Accuracy: 0.9828
	Validation set: Average loss: 0.189315. Accuracy: 0.9414
2023-05-24 19:19:57.501 | INFO     | trainer:fit:58 - Best val accuracy: 0.9502
2023-05-24 19:20:06.258 | INFO     | trainer:fit:49 - Epoch: 41/50. Train set: Average loss: 0.068015. Accuracy: 0.9809
	Validation set: Average loss: 0.196744. Accuracy: 0.9326
2023-05-24 19:20:14.528 | INFO     | trainer:fit:49 - Epoch: 42/50. Train set: Average loss: 0.069528. Accuracy: 0.9805
	Validation set: Average loss: 0.195461. Accuracy: 0.9385
2023-05-24 19:20:22.879 | INFO     | trainer:fit:49 - Epoch: 43/50. Train set: Average loss: 0.068019. Accuracy: 0.9816
	Validation set: Average loss: 0.187384. Accuracy: 0.9397
2023-05-24 19:20:31.286 | INFO     | trainer:fit:49 - Epoch: 44/50. Train set: Average loss: 0.059757. Accuracy: 0.9838
	Validation set: Average loss: 0.184701. Accuracy: 0.9473
2023-05-24 19:20:39.445 | INFO     | trainer:fit:49 - Epoch: 45/50. Train set: Average loss: 0.063982. Accuracy: 0.9821
	Validation set: Average loss: 0.191608. Accuracy: 0.9397
2023-05-24 19:20:47.859 | INFO     | trainer:fit:49 - Epoch: 46/50. Train set: Average loss: 0.061752. Accuracy: 0.9808
	Validation set: Average loss: 0.197055. Accuracy: 0.9426
2023-05-24 19:20:56.251 | INFO     | trainer:fit:49 - Epoch: 47/50. Train set: Average loss: 0.066874. Accuracy: 0.9824
	Validation set: Average loss: 0.198202. Accuracy: 0.9321
2023-05-24 19:21:04.522 | INFO     | trainer:fit:49 - Epoch: 48/50. Train set: Average loss: 0.069667. Accuracy: 0.9808
	Validation set: Average loss: 0.199645. Accuracy: 0.9367
2023-05-24 19:21:12.862 | INFO     | trainer:fit:49 - Epoch: 49/50. Train set: Average loss: 0.073490. Accuracy: 0.9798
	Validation set: Average loss: 0.205858. Accuracy: 0.9362
2023-05-24 19:21:21.186 | INFO     | trainer:fit:49 - Epoch: 50/50. Train set: Average loss: 0.069412. Accuracy: 0.9813
	Validation set: Average loss: 0.199511. Accuracy: 0.9467
2023-05-24 19:21:21.187 | INFO     | trainer:fit:62 - Training complete in 6m 58s
2023-05-24 19:21:21.187 | INFO     | trainer:fit:63 - Best Val Accuracy: 0.9502
