2023-05-26 13:46:42.374 | INFO     | __main__:run:49 - Namespace(img_feature_extract=0, embedding_size=1000, classifier_mode='classic', weight_path='None', dataset='CVPR2017', eeg_path='/media/exx/HDD1/LanxHuyen/CVPR2017/eeg_55_95_std.pth', time_low=20, time_high=460, img_path='/home/exx/GithubClonedRepo/EEG-Research/Dataset/imagenet', splits_path='/media/exx/HDD1/LanxHuyen/CVPR2017/block_splits_by_image_all.pth', log_path='/home/exx/GithubClonedRepo/EEG-Research/Experiment/EEGClassification', info='classifier_classic_EEGChannelNet_Modified_no_softmax', img_encoder='efficientnet_b0', eeg_encoder='EEGChannelNet_Modified', batch_size=64, max_epoch=100, log_interval=50, arch='train', save_ckpt='checkpoints/', num_classes=40, num_workers=2, gpu=0, lr=0.001, wd=0.0001, optim='Adam', gamma=200, lr_step=10, pretrain=False, momen=0.9, nesterov=False, device=device(type='cuda', index=0))
2023-05-26 13:49:24.303 | INFO     | trainer:fit:49 - Epoch: 1/100. Train set: Average loss: 4.854908. Accuracy: 0.0270
	Validation set: Average loss: 4.544249. Accuracy: 0.0239
2023-05-26 13:50:48.597 | INFO     | trainer:fit:49 - Epoch: 2/100. Train set: Average loss: 4.491560. Accuracy: 0.0274
	Validation set: Average loss: 4.268536. Accuracy: 0.0208
2023-05-26 13:52:12.805 | INFO     | trainer:fit:49 - Epoch: 3/100. Train set: Average loss: 4.337074. Accuracy: 0.0286
	Validation set: Average loss: 4.120208. Accuracy: 0.0322
2023-05-26 13:53:36.920 | INFO     | trainer:fit:49 - Epoch: 4/100. Train set: Average loss: 4.219013. Accuracy: 0.0467
	Validation set: Average loss: 3.981390. Accuracy: 0.0503
2023-05-26 13:55:00.988 | INFO     | trainer:fit:49 - Epoch: 5/100. Train set: Average loss: 3.802122. Accuracy: 0.0720
	Validation set: Average loss: 3.304061. Accuracy: 0.1168
2023-05-26 13:56:25.037 | INFO     | trainer:fit:49 - Epoch: 6/100. Train set: Average loss: 3.137927. Accuracy: 0.1258
	Validation set: Average loss: 2.749017. Accuracy: 0.1676
2023-05-26 13:57:49.048 | INFO     | trainer:fit:49 - Epoch: 7/100. Train set: Average loss: 2.783648. Accuracy: 0.1716
	Validation set: Average loss: 2.415228. Accuracy: 0.1903
2023-05-26 13:59:13.042 | INFO     | trainer:fit:49 - Epoch: 8/100. Train set: Average loss: 2.408892. Accuracy: 0.2104
	Validation set: Average loss: 2.097404. Accuracy: 0.2460
2023-05-26 14:00:37.040 | INFO     | trainer:fit:49 - Epoch: 9/100. Train set: Average loss: 2.223611. Accuracy: 0.2367
	Validation set: Average loss: 2.065585. Accuracy: 0.2271
2023-05-26 14:02:01.025 | INFO     | trainer:fit:49 - Epoch: 10/100. Train set: Average loss: 2.072633. Accuracy: 0.2702
	Validation set: Average loss: 1.882885. Accuracy: 0.2894
2023-05-26 14:02:01.031 | INFO     | trainer:fit:58 - Best val accuracy: 0.2894
2023-05-26 14:03:25.410 | INFO     | trainer:fit:49 - Epoch: 11/100. Train set: Average loss: 1.838258. Accuracy: 0.3324
	Validation set: Average loss: 1.690587. Accuracy: 0.3583
2023-05-26 14:04:49.437 | INFO     | trainer:fit:49 - Epoch: 12/100. Train set: Average loss: 1.736800. Accuracy: 0.3569
	Validation set: Average loss: 1.636287. Accuracy: 0.3707
2023-05-26 14:06:13.446 | INFO     | trainer:fit:49 - Epoch: 13/100. Train set: Average loss: 1.693111. Accuracy: 0.3611
	Validation set: Average loss: 1.640575. Accuracy: 0.3650
2023-05-26 14:07:37.435 | INFO     | trainer:fit:49 - Epoch: 14/100. Train set: Average loss: 1.680500. Accuracy: 0.3668
	Validation set: Average loss: 1.625231. Accuracy: 0.3800
2023-05-26 14:09:01.415 | INFO     | trainer:fit:49 - Epoch: 15/100. Train set: Average loss: 1.648960. Accuracy: 0.3760
	Validation set: Average loss: 1.595217. Accuracy: 0.3826
2023-05-26 14:10:25.446 | INFO     | trainer:fit:49 - Epoch: 16/100. Train set: Average loss: 1.618422. Accuracy: 0.3828
	Validation set: Average loss: 1.597917. Accuracy: 0.3879
2023-05-26 14:11:49.463 | INFO     | trainer:fit:49 - Epoch: 17/100. Train set: Average loss: 1.611437. Accuracy: 0.3882
	Validation set: Average loss: 1.559618. Accuracy: 0.3989
2023-05-26 14:13:13.530 | INFO     | trainer:fit:49 - Epoch: 18/100. Train set: Average loss: 1.580134. Accuracy: 0.4048
	Validation set: Average loss: 1.588038. Accuracy: 0.3834
2023-05-26 14:14:37.639 | INFO     | trainer:fit:49 - Epoch: 19/100. Train set: Average loss: 1.562071. Accuracy: 0.4087
	Validation set: Average loss: 1.565290. Accuracy: 0.3860
2023-05-26 14:16:01.611 | INFO     | trainer:fit:49 - Epoch: 20/100. Train set: Average loss: 1.552502. Accuracy: 0.4088
	Validation set: Average loss: 1.529413. Accuracy: 0.4009
2023-05-26 14:16:01.620 | INFO     | trainer:fit:58 - Best val accuracy: 0.4009
2023-05-26 14:17:25.856 | INFO     | trainer:fit:49 - Epoch: 21/100. Train set: Average loss: 1.509998. Accuracy: 0.4259
	Validation set: Average loss: 1.512963. Accuracy: 0.4037
2023-05-26 14:18:49.876 | INFO     | trainer:fit:49 - Epoch: 22/100. Train set: Average loss: 1.490729. Accuracy: 0.4300
	Validation set: Average loss: 1.504523. Accuracy: 0.4178
2023-05-26 14:20:13.997 | INFO     | trainer:fit:49 - Epoch: 23/100. Train set: Average loss: 1.490797. Accuracy: 0.4231
	Validation set: Average loss: 1.497450. Accuracy: 0.4146
2023-05-26 14:21:37.962 | INFO     | trainer:fit:49 - Epoch: 24/100. Train set: Average loss: 1.483650. Accuracy: 0.4301
	Validation set: Average loss: 1.515748. Accuracy: 0.4126
2023-05-26 14:23:01.900 | INFO     | trainer:fit:49 - Epoch: 25/100. Train set: Average loss: 1.494082. Accuracy: 0.4289
	Validation set: Average loss: 1.490673. Accuracy: 0.4102
2023-05-26 14:24:25.854 | INFO     | trainer:fit:49 - Epoch: 26/100. Train set: Average loss: 1.472976. Accuracy: 0.4368
	Validation set: Average loss: 1.485966. Accuracy: 0.4198
2023-05-26 14:25:49.785 | INFO     | trainer:fit:49 - Epoch: 27/100. Train set: Average loss: 1.473896. Accuracy: 0.4349
	Validation set: Average loss: 1.503372. Accuracy: 0.4086
2023-05-26 14:27:13.778 | INFO     | trainer:fit:49 - Epoch: 28/100. Train set: Average loss: 1.474581. Accuracy: 0.4394
	Validation set: Average loss: 1.490159. Accuracy: 0.4155
2023-05-26 14:28:37.696 | INFO     | trainer:fit:49 - Epoch: 29/100. Train set: Average loss: 1.467128. Accuracy: 0.4361
	Validation set: Average loss: 1.494480. Accuracy: 0.4162
2023-05-26 14:30:01.619 | INFO     | trainer:fit:49 - Epoch: 30/100. Train set: Average loss: 1.461138. Accuracy: 0.4353
	Validation set: Average loss: 1.496363. Accuracy: 0.4185
2023-05-26 14:30:01.619 | INFO     | trainer:fit:58 - Best val accuracy: 0.4198
2023-05-26 14:31:25.825 | INFO     | trainer:fit:49 - Epoch: 31/100. Train set: Average loss: 1.472327. Accuracy: 0.4320
	Validation set: Average loss: 1.482371. Accuracy: 0.4220
2023-05-26 14:32:49.859 | INFO     | trainer:fit:49 - Epoch: 32/100. Train set: Average loss: 1.463448. Accuracy: 0.4397
	Validation set: Average loss: 1.502072. Accuracy: 0.4106
2023-05-26 14:34:13.861 | INFO     | trainer:fit:49 - Epoch: 33/100. Train set: Average loss: 1.479695. Accuracy: 0.4361
	Validation set: Average loss: 1.505741. Accuracy: 0.4138
2023-05-26 14:35:37.926 | INFO     | trainer:fit:49 - Epoch: 34/100. Train set: Average loss: 1.469337. Accuracy: 0.4304
	Validation set: Average loss: 1.513818. Accuracy: 0.4123
2023-05-26 14:37:01.911 | INFO     | trainer:fit:49 - Epoch: 35/100. Train set: Average loss: 1.458148. Accuracy: 0.4448
	Validation set: Average loss: 1.492925. Accuracy: 0.4212
2023-05-26 14:38:25.892 | INFO     | trainer:fit:49 - Epoch: 36/100. Train set: Average loss: 1.467072. Accuracy: 0.4383
	Validation set: Average loss: 1.494774. Accuracy: 0.4143
2023-05-26 14:39:49.993 | INFO     | trainer:fit:49 - Epoch: 37/100. Train set: Average loss: 1.450755. Accuracy: 0.4471
	Validation set: Average loss: 1.509783. Accuracy: 0.4141
2023-05-26 14:41:14.079 | INFO     | trainer:fit:49 - Epoch: 38/100. Train set: Average loss: 1.459170. Accuracy: 0.4459
	Validation set: Average loss: 1.496683. Accuracy: 0.4155
2023-05-26 14:42:38.059 | INFO     | trainer:fit:49 - Epoch: 39/100. Train set: Average loss: 1.460043. Accuracy: 0.4329
	Validation set: Average loss: 1.510921. Accuracy: 0.4109
2023-05-26 14:44:02.042 | INFO     | trainer:fit:49 - Epoch: 40/100. Train set: Average loss: 1.470067. Accuracy: 0.4387
	Validation set: Average loss: 1.509310. Accuracy: 0.4162
2023-05-26 14:44:02.043 | INFO     | trainer:fit:58 - Best val accuracy: 0.4220
2023-05-26 14:45:26.291 | INFO     | trainer:fit:49 - Epoch: 41/100. Train set: Average loss: 1.477958. Accuracy: 0.4336
	Validation set: Average loss: 1.488016. Accuracy: 0.4139
2023-05-26 14:46:50.325 | INFO     | trainer:fit:49 - Epoch: 42/100. Train set: Average loss: 1.459025. Accuracy: 0.4389
	Validation set: Average loss: 1.490763. Accuracy: 0.4150
2023-05-26 14:48:14.326 | INFO     | trainer:fit:49 - Epoch: 43/100. Train set: Average loss: 1.467527. Accuracy: 0.4347
	Validation set: Average loss: 1.497839. Accuracy: 0.4130
2023-05-26 14:49:38.365 | INFO     | trainer:fit:49 - Epoch: 44/100. Train set: Average loss: 1.454281. Accuracy: 0.4390
	Validation set: Average loss: 1.508743. Accuracy: 0.4164
2023-05-26 14:51:02.532 | INFO     | trainer:fit:49 - Epoch: 45/100. Train set: Average loss: 1.470603. Accuracy: 0.4286
	Validation set: Average loss: 1.513328. Accuracy: 0.4116
2023-05-26 14:52:26.578 | INFO     | trainer:fit:49 - Epoch: 46/100. Train set: Average loss: 1.451820. Accuracy: 0.4436
	Validation set: Average loss: 1.498562. Accuracy: 0.4207
2023-05-26 14:53:50.500 | INFO     | trainer:fit:49 - Epoch: 47/100. Train set: Average loss: 1.461388. Accuracy: 0.4420
	Validation set: Average loss: 1.489672. Accuracy: 0.4173
2023-05-26 14:55:14.417 | INFO     | trainer:fit:49 - Epoch: 48/100. Train set: Average loss: 1.467662. Accuracy: 0.4338
	Validation set: Average loss: 1.487328. Accuracy: 0.4167
2023-05-26 14:56:38.400 | INFO     | trainer:fit:49 - Epoch: 49/100. Train set: Average loss: 1.466496. Accuracy: 0.4343
	Validation set: Average loss: 1.498078. Accuracy: 0.4126
2023-05-26 14:58:02.430 | INFO     | trainer:fit:49 - Epoch: 50/100. Train set: Average loss: 1.460625. Accuracy: 0.4418
	Validation set: Average loss: 1.491574. Accuracy: 0.4160
2023-05-26 14:58:02.430 | INFO     | trainer:fit:58 - Best val accuracy: 0.4220
2023-05-26 14:59:26.701 | INFO     | trainer:fit:49 - Epoch: 51/100. Train set: Average loss: 1.451156. Accuracy: 0.4441
	Validation set: Average loss: 1.495625. Accuracy: 0.4118
2023-05-26 15:00:50.772 | INFO     | trainer:fit:49 - Epoch: 52/100. Train set: Average loss: 1.458126. Accuracy: 0.4425
	Validation set: Average loss: 1.502872. Accuracy: 0.4187
2023-05-26 15:02:14.814 | INFO     | trainer:fit:49 - Epoch: 53/100. Train set: Average loss: 1.463610. Accuracy: 0.4397
	Validation set: Average loss: 1.514964. Accuracy: 0.4110
2023-05-26 15:03:38.815 | INFO     | trainer:fit:49 - Epoch: 54/100. Train set: Average loss: 1.460263. Accuracy: 0.4361
	Validation set: Average loss: 1.514991. Accuracy: 0.4175
2023-05-26 15:05:02.859 | INFO     | trainer:fit:49 - Epoch: 55/100. Train set: Average loss: 1.457609. Accuracy: 0.4414
	Validation set: Average loss: 1.483900. Accuracy: 0.4199
2023-05-26 15:06:26.902 | INFO     | trainer:fit:49 - Epoch: 56/100. Train set: Average loss: 1.447939. Accuracy: 0.4401
	Validation set: Average loss: 1.496143. Accuracy: 0.4143
2023-05-26 15:07:50.963 | INFO     | trainer:fit:49 - Epoch: 57/100. Train set: Average loss: 1.462830. Accuracy: 0.4413
	Validation set: Average loss: 1.496061. Accuracy: 0.4187
2023-05-26 15:09:15.047 | INFO     | trainer:fit:49 - Epoch: 58/100. Train set: Average loss: 1.473278. Accuracy: 0.4316
	Validation set: Average loss: 1.499120. Accuracy: 0.4133
2023-05-26 15:10:39.151 | INFO     | trainer:fit:49 - Epoch: 59/100. Train set: Average loss: 1.465030. Accuracy: 0.4399
	Validation set: Average loss: 1.492688. Accuracy: 0.4180
2023-05-26 15:12:03.243 | INFO     | trainer:fit:49 - Epoch: 60/100. Train set: Average loss: 1.457052. Accuracy: 0.4438
	Validation set: Average loss: 1.495160. Accuracy: 0.4229
2023-05-26 15:12:03.253 | INFO     | trainer:fit:58 - Best val accuracy: 0.4229
2023-05-26 15:13:27.625 | INFO     | trainer:fit:49 - Epoch: 61/100. Train set: Average loss: 1.462871. Accuracy: 0.4378
	Validation set: Average loss: 1.509573. Accuracy: 0.4130
2023-05-26 15:14:51.674 | INFO     | trainer:fit:49 - Epoch: 62/100. Train set: Average loss: 1.456322. Accuracy: 0.4340
	Validation set: Average loss: 1.501069. Accuracy: 0.4097
2023-05-26 15:16:15.764 | INFO     | trainer:fit:49 - Epoch: 63/100. Train set: Average loss: 1.461278. Accuracy: 0.4433
	Validation set: Average loss: 1.502212. Accuracy: 0.4140
2023-05-26 15:17:39.819 | INFO     | trainer:fit:49 - Epoch: 64/100. Train set: Average loss: 1.469504. Accuracy: 0.4419
	Validation set: Average loss: 1.495182. Accuracy: 0.4124
2023-05-26 15:19:03.884 | INFO     | trainer:fit:49 - Epoch: 65/100. Train set: Average loss: 1.454994. Accuracy: 0.4382
	Validation set: Average loss: 1.496140. Accuracy: 0.4103
2023-05-26 15:20:27.856 | INFO     | trainer:fit:49 - Epoch: 66/100. Train set: Average loss: 1.462929. Accuracy: 0.4396
	Validation set: Average loss: 1.515045. Accuracy: 0.4204
2023-05-26 15:21:51.819 | INFO     | trainer:fit:49 - Epoch: 67/100. Train set: Average loss: 1.461016. Accuracy: 0.4338
	Validation set: Average loss: 1.490202. Accuracy: 0.4148
2023-05-26 15:23:15.850 | INFO     | trainer:fit:49 - Epoch: 68/100. Train set: Average loss: 1.450005. Accuracy: 0.4420
	Validation set: Average loss: 1.506260. Accuracy: 0.4085
2023-05-26 15:24:39.849 | INFO     | trainer:fit:49 - Epoch: 69/100. Train set: Average loss: 1.455053. Accuracy: 0.4395
	Validation set: Average loss: 1.500918. Accuracy: 0.4081
2023-05-26 15:26:03.867 | INFO     | trainer:fit:49 - Epoch: 70/100. Train set: Average loss: 1.471223. Accuracy: 0.4352
	Validation set: Average loss: 1.487284. Accuracy: 0.4189
2023-05-26 15:26:03.868 | INFO     | trainer:fit:58 - Best val accuracy: 0.4229
2023-05-26 15:27:28.154 | INFO     | trainer:fit:49 - Epoch: 71/100. Train set: Average loss: 1.453814. Accuracy: 0.4388
	Validation set: Average loss: 1.505048. Accuracy: 0.4167
2023-05-26 15:28:52.200 | INFO     | trainer:fit:49 - Epoch: 72/100. Train set: Average loss: 1.464134. Accuracy: 0.4404
	Validation set: Average loss: 1.498568. Accuracy: 0.4159
2023-05-26 15:30:16.323 | INFO     | trainer:fit:49 - Epoch: 73/100. Train set: Average loss: 1.465328. Accuracy: 0.4472
	Validation set: Average loss: 1.505500. Accuracy: 0.4135
2023-05-26 15:31:40.531 | INFO     | trainer:fit:49 - Epoch: 74/100. Train set: Average loss: 1.467396. Accuracy: 0.4283
	Validation set: Average loss: 1.489158. Accuracy: 0.4219
2023-05-26 15:33:04.659 | INFO     | trainer:fit:49 - Epoch: 75/100. Train set: Average loss: 1.458094. Accuracy: 0.4415
	Validation set: Average loss: 1.501602. Accuracy: 0.4099
2023-05-26 15:34:28.867 | INFO     | trainer:fit:49 - Epoch: 76/100. Train set: Average loss: 1.451530. Accuracy: 0.4409
	Validation set: Average loss: 1.509205. Accuracy: 0.4064
2023-05-26 15:35:52.959 | INFO     | trainer:fit:49 - Epoch: 77/100. Train set: Average loss: 1.459962. Accuracy: 0.4382
	Validation set: Average loss: 1.503029. Accuracy: 0.4165
2023-05-26 15:37:17.082 | INFO     | trainer:fit:49 - Epoch: 78/100. Train set: Average loss: 1.457121. Accuracy: 0.4409
	Validation set: Average loss: 1.497122. Accuracy: 0.4160
2023-05-26 15:38:41.192 | INFO     | trainer:fit:49 - Epoch: 79/100. Train set: Average loss: 1.454929. Accuracy: 0.4457
	Validation set: Average loss: 1.501496. Accuracy: 0.4155
2023-05-26 15:40:05.323 | INFO     | trainer:fit:49 - Epoch: 80/100. Train set: Average loss: 1.445219. Accuracy: 0.4523
	Validation set: Average loss: 1.506706. Accuracy: 0.4110
2023-05-26 15:40:05.323 | INFO     | trainer:fit:58 - Best val accuracy: 0.4229
2023-05-26 15:41:29.662 | INFO     | trainer:fit:49 - Epoch: 81/100. Train set: Average loss: 1.462903. Accuracy: 0.4352
	Validation set: Average loss: 1.497512. Accuracy: 0.4116
2023-05-26 15:42:53.792 | INFO     | trainer:fit:49 - Epoch: 82/100. Train set: Average loss: 1.457158. Accuracy: 0.4388
	Validation set: Average loss: 1.497567. Accuracy: 0.4133
2023-05-26 15:44:17.869 | INFO     | trainer:fit:49 - Epoch: 83/100. Train set: Average loss: 1.465293. Accuracy: 0.4333
	Validation set: Average loss: 1.490414. Accuracy: 0.4202
2023-05-26 15:45:42.047 | INFO     | trainer:fit:49 - Epoch: 84/100. Train set: Average loss: 1.463999. Accuracy: 0.4392
	Validation set: Average loss: 1.498551. Accuracy: 0.4101
2023-05-26 15:47:06.119 | INFO     | trainer:fit:49 - Epoch: 85/100. Train set: Average loss: 1.484783. Accuracy: 0.4281
	Validation set: Average loss: 1.504144. Accuracy: 0.4229
2023-05-26 15:48:30.201 | INFO     | trainer:fit:49 - Epoch: 86/100. Train set: Average loss: 1.453931. Accuracy: 0.4429
	Validation set: Average loss: 1.500331. Accuracy: 0.4177
2023-05-26 15:49:54.291 | INFO     | trainer:fit:49 - Epoch: 87/100. Train set: Average loss: 1.461087. Accuracy: 0.4324
	Validation set: Average loss: 1.501334. Accuracy: 0.4116
2023-05-26 15:51:18.379 | INFO     | trainer:fit:49 - Epoch: 88/100. Train set: Average loss: 1.464534. Accuracy: 0.4391
	Validation set: Average loss: 1.515144. Accuracy: 0.4150
2023-05-26 15:52:42.477 | INFO     | trainer:fit:49 - Epoch: 89/100. Train set: Average loss: 1.458592. Accuracy: 0.4331
	Validation set: Average loss: 1.510453. Accuracy: 0.4138
2023-05-26 15:54:06.558 | INFO     | trainer:fit:49 - Epoch: 90/100. Train set: Average loss: 1.467577. Accuracy: 0.4372
	Validation set: Average loss: 1.496759. Accuracy: 0.4173
2023-05-26 15:54:06.559 | INFO     | trainer:fit:58 - Best val accuracy: 0.4229
2023-05-26 15:55:30.915 | INFO     | trainer:fit:49 - Epoch: 91/100. Train set: Average loss: 1.468457. Accuracy: 0.4308
	Validation set: Average loss: 1.495015. Accuracy: 0.4118
2023-05-26 15:56:55.019 | INFO     | trainer:fit:49 - Epoch: 92/100. Train set: Average loss: 1.460603. Accuracy: 0.4449
	Validation set: Average loss: 1.508444. Accuracy: 0.4160
2023-05-26 15:58:19.107 | INFO     | trainer:fit:49 - Epoch: 93/100. Train set: Average loss: 1.464610. Accuracy: 0.4447
	Validation set: Average loss: 1.520024. Accuracy: 0.4170
2023-05-26 15:59:43.170 | INFO     | trainer:fit:49 - Epoch: 94/100. Train set: Average loss: 1.442508. Accuracy: 0.4453
	Validation set: Average loss: 1.502584. Accuracy: 0.4095
2023-05-26 16:01:07.205 | INFO     | trainer:fit:49 - Epoch: 95/100. Train set: Average loss: 1.462929. Accuracy: 0.4333
	Validation set: Average loss: 1.517466. Accuracy: 0.4189
2023-05-26 16:02:31.247 | INFO     | trainer:fit:49 - Epoch: 96/100. Train set: Average loss: 1.462396. Accuracy: 0.4360
	Validation set: Average loss: 1.514071. Accuracy: 0.4113
2023-05-26 16:03:55.317 | INFO     | trainer:fit:49 - Epoch: 97/100. Train set: Average loss: 1.456183. Accuracy: 0.4427
	Validation set: Average loss: 1.525032. Accuracy: 0.4113
2023-05-26 16:05:19.305 | INFO     | trainer:fit:49 - Epoch: 98/100. Train set: Average loss: 1.451373. Accuracy: 0.4433
	Validation set: Average loss: 1.504109. Accuracy: 0.4106
2023-05-26 16:06:43.279 | INFO     | trainer:fit:49 - Epoch: 99/100. Train set: Average loss: 1.465226. Accuracy: 0.4419
	Validation set: Average loss: 1.485879. Accuracy: 0.4175
2023-05-26 16:08:07.245 | INFO     | trainer:fit:49 - Epoch: 100/100. Train set: Average loss: 1.455196. Accuracy: 0.4373
	Validation set: Average loss: 1.497517. Accuracy: 0.4109
2023-05-26 16:08:07.246 | INFO     | trainer:fit:62 - Training complete in 141m 23s
2023-05-26 16:08:07.246 | INFO     | trainer:fit:63 - Best Val Accuracy: 0.4229
