2023-05-24 09:36:23.626 | INFO     | __main__:run:49 - Namespace(dataset='CVPR2017', eeg_path='/media/exx/HDD1/LanxHuyen/CVPR2017/eeg_55_95_std.pth', time_low=20, time_high=460, img_path='/home/exx/GithubClonedRepo/EEG-Research/Dataset/imagenet', splits_path='/media/exx/HDD1/LanxHuyen/CVPR2017/block_splits_by_image_all.pth', log_path='/home/exx/GithubClonedRepo/EEG-Research/Experiment/ImageClassification', info='classifier_triplet_efficientnet_b0', img_encoder='efficientnet_b0', eeg_encoder='EEGChannelNet', classifier_mode='triplet', weight_path='/home/exx/GithubClonedRepo/EEG-Research/Experiment/ContrastiveLearning/tripletnet_augmented_efficientnet_b0/model_epoch_50.pth', batch_size=64, max_epoch=50, log_interval=50, arch='train', save_ckpt='checkpoints/', num_classes=40, num_workers=2, gpu=1, lr=0.00025, wd=0.0001, optim='Adam', gamma=200, lr_step=10, pretrain=False, momen=0.9, nesterov=False, device=device(type='cuda', index=1))
2023-05-24 09:36:38.056 | INFO     | trainer:fit:49 - Epoch: 1/50. Train set: Average loss: 3.690377. Accuracy: 0.0249
	Validation set: Average loss: 3.709743. Accuracy: 0.0234
2023-05-24 09:36:46.589 | INFO     | trainer:fit:49 - Epoch: 2/50. Train set: Average loss: 3.688816. Accuracy: 0.0276
	Validation set: Average loss: 3.707277. Accuracy: 0.0223
2023-05-24 09:36:55.353 | INFO     | trainer:fit:49 - Epoch: 3/50. Train set: Average loss: 3.689305. Accuracy: 0.0244
	Validation set: Average loss: 3.708439. Accuracy: 0.0176
2023-05-24 09:37:04.078 | INFO     | trainer:fit:49 - Epoch: 4/50. Train set: Average loss: 3.689036. Accuracy: 0.0308
	Validation set: Average loss: 3.707069. Accuracy: 0.0234
2023-05-24 09:37:12.644 | INFO     | trainer:fit:49 - Epoch: 5/50. Train set: Average loss: 3.688725. Accuracy: 0.0290
	Validation set: Average loss: 3.706507. Accuracy: 0.0176
2023-05-24 09:37:21.314 | INFO     | trainer:fit:49 - Epoch: 6/50. Train set: Average loss: 3.689277. Accuracy: 0.0257
	Validation set: Average loss: 3.709017. Accuracy: 0.0176
2023-05-24 09:37:29.965 | INFO     | trainer:fit:49 - Epoch: 7/50. Train set: Average loss: 3.689119. Accuracy: 0.0272
	Validation set: Average loss: 3.706837. Accuracy: 0.0176
2023-05-24 09:37:38.310 | INFO     | trainer:fit:49 - Epoch: 8/50. Train set: Average loss: 3.689503. Accuracy: 0.0284
	Validation set: Average loss: 3.707590. Accuracy: 0.0193
2023-05-24 09:37:46.820 | INFO     | trainer:fit:49 - Epoch: 9/50. Train set: Average loss: 3.689305. Accuracy: 0.0283
	Validation set: Average loss: 3.707843. Accuracy: 0.0252
2023-05-24 09:37:55.264 | INFO     | trainer:fit:49 - Epoch: 10/50. Train set: Average loss: 3.688754. Accuracy: 0.0297
	Validation set: Average loss: 3.711301. Accuracy: 0.0176
2023-05-24 09:37:55.265 | INFO     | trainer:fit:58 - Best val accuracy: 0.0252
2023-05-24 09:38:04.114 | INFO     | trainer:fit:49 - Epoch: 11/50. Train set: Average loss: 3.686142. Accuracy: 0.0300
	Validation set: Average loss: 3.711033. Accuracy: 0.0176
2023-05-24 09:38:12.554 | INFO     | trainer:fit:49 - Epoch: 12/50. Train set: Average loss: 3.685620. Accuracy: 0.0300
	Validation set: Average loss: 3.710696. Accuracy: 0.0176
2023-05-24 09:38:21.031 | INFO     | trainer:fit:49 - Epoch: 13/50. Train set: Average loss: 3.685363. Accuracy: 0.0300
	Validation set: Average loss: 3.709177. Accuracy: 0.0176
2023-05-24 09:38:29.632 | INFO     | trainer:fit:49 - Epoch: 14/50. Train set: Average loss: 3.684980. Accuracy: 0.0301
	Validation set: Average loss: 3.709817. Accuracy: 0.0176
2023-05-24 09:38:38.053 | INFO     | trainer:fit:49 - Epoch: 15/50. Train set: Average loss: 3.685099. Accuracy: 0.0300
	Validation set: Average loss: 3.708650. Accuracy: 0.0176
2023-05-24 09:38:46.696 | INFO     | trainer:fit:49 - Epoch: 16/50. Train set: Average loss: 3.685080. Accuracy: 0.0301
	Validation set: Average loss: 3.709037. Accuracy: 0.0176
2023-05-24 09:38:55.230 | INFO     | trainer:fit:49 - Epoch: 17/50. Train set: Average loss: 3.685154. Accuracy: 0.0292
	Validation set: Average loss: 3.709379. Accuracy: 0.0176
2023-05-24 09:39:03.777 | INFO     | trainer:fit:49 - Epoch: 18/50. Train set: Average loss: 3.685191. Accuracy: 0.0300
	Validation set: Average loss: 3.708694. Accuracy: 0.0176
2023-05-24 09:39:12.352 | INFO     | trainer:fit:49 - Epoch: 19/50. Train set: Average loss: 3.685013. Accuracy: 0.0301
	Validation set: Average loss: 3.708197. Accuracy: 0.0176
2023-05-24 09:39:20.799 | INFO     | trainer:fit:49 - Epoch: 20/50. Train set: Average loss: 3.685059. Accuracy: 0.0302
	Validation set: Average loss: 3.708796. Accuracy: 0.0176
2023-05-24 09:39:20.799 | INFO     | trainer:fit:58 - Best val accuracy: 0.0252
2023-05-24 09:39:29.417 | INFO     | trainer:fit:49 - Epoch: 21/50. Train set: Average loss: 3.684492. Accuracy: 0.0300
	Validation set: Average loss: 3.709622. Accuracy: 0.0193
2023-05-24 09:39:37.960 | INFO     | trainer:fit:49 - Epoch: 22/50. Train set: Average loss: 3.684746. Accuracy: 0.0301
	Validation set: Average loss: 3.708664. Accuracy: 0.0176
2023-05-24 09:39:46.345 | INFO     | trainer:fit:49 - Epoch: 23/50. Train set: Average loss: 3.684516. Accuracy: 0.0302
	Validation set: Average loss: 3.708221. Accuracy: 0.0176
2023-05-24 09:39:54.880 | INFO     | trainer:fit:49 - Epoch: 24/50. Train set: Average loss: 3.684577. Accuracy: 0.0300
	Validation set: Average loss: 3.709187. Accuracy: 0.0176
2023-05-24 09:40:03.389 | INFO     | trainer:fit:49 - Epoch: 25/50. Train set: Average loss: 3.684621. Accuracy: 0.0301
	Validation set: Average loss: 3.708430. Accuracy: 0.0176
2023-05-24 09:40:11.746 | INFO     | trainer:fit:49 - Epoch: 26/50. Train set: Average loss: 3.684567. Accuracy: 0.0302
	Validation set: Average loss: 3.708198. Accuracy: 0.0176
2023-05-24 09:40:20.121 | INFO     | trainer:fit:49 - Epoch: 27/50. Train set: Average loss: 3.684551. Accuracy: 0.0300
	Validation set: Average loss: 3.709744. Accuracy: 0.0176
2023-05-24 09:40:28.800 | INFO     | trainer:fit:49 - Epoch: 28/50. Train set: Average loss: 3.684502. Accuracy: 0.0300
	Validation set: Average loss: 3.708803. Accuracy: 0.0193
2023-05-24 09:40:37.326 | INFO     | trainer:fit:49 - Epoch: 29/50. Train set: Average loss: 3.684478. Accuracy: 0.0300
	Validation set: Average loss: 3.709700. Accuracy: 0.0176
2023-05-24 09:40:45.803 | INFO     | trainer:fit:49 - Epoch: 30/50. Train set: Average loss: 3.684613. Accuracy: 0.0300
	Validation set: Average loss: 3.708070. Accuracy: 0.0193
2023-05-24 09:40:45.803 | INFO     | trainer:fit:58 - Best val accuracy: 0.0252
2023-05-24 09:40:54.562 | INFO     | trainer:fit:49 - Epoch: 31/50. Train set: Average loss: 3.684656. Accuracy: 0.0300
	Validation set: Average loss: 3.709382. Accuracy: 0.0176
2023-05-24 09:41:03.094 | INFO     | trainer:fit:49 - Epoch: 32/50. Train set: Average loss: 3.684396. Accuracy: 0.0301
	Validation set: Average loss: 3.708976. Accuracy: 0.0176
2023-05-24 09:41:11.542 | INFO     | trainer:fit:49 - Epoch: 33/50. Train set: Average loss: 3.684370. Accuracy: 0.0301
	Validation set: Average loss: 3.707618. Accuracy: 0.0176
2023-05-24 09:41:20.029 | INFO     | trainer:fit:49 - Epoch: 34/50. Train set: Average loss: 3.684392. Accuracy: 0.0302
	Validation set: Average loss: 3.708858. Accuracy: 0.0176
2023-05-24 09:41:28.474 | INFO     | trainer:fit:49 - Epoch: 35/50. Train set: Average loss: 3.684406. Accuracy: 0.0301
	Validation set: Average loss: 3.708925. Accuracy: 0.0193
2023-05-24 09:41:37.085 | INFO     | trainer:fit:49 - Epoch: 36/50. Train set: Average loss: 3.684465. Accuracy: 0.0302
	Validation set: Average loss: 3.708329. Accuracy: 0.0193
2023-05-24 09:41:45.634 | INFO     | trainer:fit:49 - Epoch: 37/50. Train set: Average loss: 3.684468. Accuracy: 0.0300
	Validation set: Average loss: 3.708615. Accuracy: 0.0176
2023-05-24 09:41:54.148 | INFO     | trainer:fit:49 - Epoch: 38/50. Train set: Average loss: 3.684485. Accuracy: 0.0301
	Validation set: Average loss: 3.708080. Accuracy: 0.0176
2023-05-24 09:42:02.707 | INFO     | trainer:fit:49 - Epoch: 39/50. Train set: Average loss: 3.684621. Accuracy: 0.0300
	Validation set: Average loss: 3.710001. Accuracy: 0.0176
2023-05-24 09:42:11.153 | INFO     | trainer:fit:49 - Epoch: 40/50. Train set: Average loss: 3.684428. Accuracy: 0.0301
	Validation set: Average loss: 3.708284. Accuracy: 0.0176
2023-05-24 09:42:11.154 | INFO     | trainer:fit:58 - Best val accuracy: 0.0252
2023-05-24 09:42:19.944 | INFO     | trainer:fit:49 - Epoch: 41/50. Train set: Average loss: 3.684418. Accuracy: 0.0303
	Validation set: Average loss: 3.708760. Accuracy: 0.0176
2023-05-24 09:42:28.251 | INFO     | trainer:fit:49 - Epoch: 42/50. Train set: Average loss: 3.684417. Accuracy: 0.0300
	Validation set: Average loss: 3.708527. Accuracy: 0.0176
2023-05-24 09:42:36.678 | INFO     | trainer:fit:49 - Epoch: 43/50. Train set: Average loss: 3.684619. Accuracy: 0.0300
	Validation set: Average loss: 3.708923. Accuracy: 0.0176
2023-05-24 09:42:45.096 | INFO     | trainer:fit:49 - Epoch: 44/50. Train set: Average loss: 3.684407. Accuracy: 0.0301
	Validation set: Average loss: 3.708773. Accuracy: 0.0176
2023-05-24 09:42:53.621 | INFO     | trainer:fit:49 - Epoch: 45/50. Train set: Average loss: 3.684628. Accuracy: 0.0301
	Validation set: Average loss: 3.708733. Accuracy: 0.0176
2023-05-24 09:43:02.018 | INFO     | trainer:fit:49 - Epoch: 46/50. Train set: Average loss: 3.684421. Accuracy: 0.0300
	Validation set: Average loss: 3.708306. Accuracy: 0.0176
2023-05-24 09:43:10.353 | INFO     | trainer:fit:49 - Epoch: 47/50. Train set: Average loss: 3.684566. Accuracy: 0.0300
	Validation set: Average loss: 3.708296. Accuracy: 0.0176
2023-05-24 09:43:18.801 | INFO     | trainer:fit:49 - Epoch: 48/50. Train set: Average loss: 3.684533. Accuracy: 0.0300
	Validation set: Average loss: 3.709032. Accuracy: 0.0176
2023-05-24 09:43:27.341 | INFO     | trainer:fit:49 - Epoch: 49/50. Train set: Average loss: 3.684604. Accuracy: 0.0300
	Validation set: Average loss: 3.708067. Accuracy: 0.0193
2023-05-24 09:43:35.762 | INFO     | trainer:fit:49 - Epoch: 50/50. Train set: Average loss: 3.684319. Accuracy: 0.0303
	Validation set: Average loss: 3.708621. Accuracy: 0.0176
2023-05-24 09:43:35.763 | INFO     | trainer:fit:62 - Training complete in 7m 8s
2023-05-24 09:43:35.763 | INFO     | trainer:fit:63 - Best Val Accuracy: 0.0252
