2023-11-11 18:37:38.198 | INFO     | __main__:run:41 - Namespace(img_feature_extract=0, splits_by_subject=0, dataset='CVPR2017', eeg_heatmap_path='/media/mountHDD1/LanxHuyen/CVPR2017/eeg_heatmaps_5_95.pth', eeg_path='/media/mountHDD1/LanxHuyen/CVPR2017/eeg_5_95_std.pth', time_low=20, time_high=460, img_path='/home/exx/GithubClonedRepo/EEG-Research/Dataset/imagenet', splits_path='/media/mountHDD1/LanxHuyen/CVPR2017/splits_by_image_removed_33.pth', log_path='/home/exx/GithubClonedRepo/EEG-Research/Experiment/EEGClassification/results/eeg2image', info='EEG2Image_efficientnet_b0_5_95_edge', img_encoder='efficientnet_b0', eeg_encoder='Stacked_BiLSTM_Combined', classifier_mode='classic', weight_path='None', use_pretrained=True, batch_size=64, max_epoch=150, log_interval=50, arch='train', save_ckpt='checkpoints/', num_classes=40, num_workers=2, gpu=1, lr=0.0009, wd=0.0001, optim='Adam', gamma=200, lr_step=10, pretrain=False, momen=0.9, nesterov=False, device=device(type='cuda', index=1))
2023-11-11 18:37:58.062 | INFO     | trainer_eeg2image:fit:49 - Epoch: 1/150. Train set: Average loss: 3.671512. Accuracy: 0.0402
	Validation set: Average loss: 3.673837. Accuracy: 0.0375
2023-11-11 18:38:11.240 | INFO     | trainer_eeg2image:fit:49 - Epoch: 2/150. Train set: Average loss: 3.484415. Accuracy: 0.0589
	Validation set: Average loss: 3.258831. Accuracy: 0.0867
2023-11-11 18:38:24.635 | INFO     | trainer_eeg2image:fit:49 - Epoch: 3/150. Train set: Average loss: 2.831068. Accuracy: 0.1272
	Validation set: Average loss: 2.613517. Accuracy: 0.1640
2023-11-11 18:38:37.860 | INFO     | trainer_eeg2image:fit:49 - Epoch: 4/150. Train set: Average loss: 2.318580. Accuracy: 0.2129
	Validation set: Average loss: 2.055657. Accuracy: 0.2515
2023-11-11 18:38:51.465 | INFO     | trainer_eeg2image:fit:49 - Epoch: 5/150. Train set: Average loss: 2.035592. Accuracy: 0.2677
	Validation set: Average loss: 1.889555. Accuracy: 0.2810
2023-11-11 18:39:04.892 | INFO     | trainer_eeg2image:fit:49 - Epoch: 6/150. Train set: Average loss: 1.827683. Accuracy: 0.3185
	Validation set: Average loss: 1.725080. Accuracy: 0.3583
2023-11-11 18:39:18.222 | INFO     | trainer_eeg2image:fit:49 - Epoch: 7/150. Train set: Average loss: 1.739729. Accuracy: 0.3448
	Validation set: Average loss: 1.620168. Accuracy: 0.3734
2023-11-11 18:39:31.576 | INFO     | trainer_eeg2image:fit:49 - Epoch: 8/150. Train set: Average loss: 1.689070. Accuracy: 0.3758
	Validation set: Average loss: 1.684709. Accuracy: 0.3542
2023-11-11 18:39:44.696 | INFO     | trainer_eeg2image:fit:49 - Epoch: 9/150. Train set: Average loss: 1.627176. Accuracy: 0.3924
	Validation set: Average loss: 1.526862. Accuracy: 0.3987
2023-11-11 18:39:58.176 | INFO     | trainer_eeg2image:fit:49 - Epoch: 10/150. Train set: Average loss: 1.506471. Accuracy: 0.4262
	Validation set: Average loss: 1.386274. Accuracy: 0.4659
2023-11-11 18:39:58.193 | INFO     | trainer_eeg2image:fit:58 - Best val accuracy: 0.4659
2023-11-11 18:40:11.955 | INFO     | trainer_eeg2image:fit:49 - Epoch: 11/150. Train set: Average loss: 1.234776. Accuracy: 0.5236
	Validation set: Average loss: 1.129884. Accuracy: 0.5706
2023-11-11 18:40:25.728 | INFO     | trainer_eeg2image:fit:49 - Epoch: 12/150. Train set: Average loss: 1.157537. Accuracy: 0.5482
	Validation set: Average loss: 1.129335. Accuracy: 0.5500
2023-11-11 18:40:38.978 | INFO     | trainer_eeg2image:fit:49 - Epoch: 13/150. Train set: Average loss: 1.118083. Accuracy: 0.5589
	Validation set: Average loss: 1.071625. Accuracy: 0.5846
2023-11-11 18:40:52.494 | INFO     | trainer_eeg2image:fit:49 - Epoch: 14/150. Train set: Average loss: 1.093644. Accuracy: 0.5762
	Validation set: Average loss: 1.050388. Accuracy: 0.5773
2023-11-11 18:41:05.901 | INFO     | trainer_eeg2image:fit:49 - Epoch: 15/150. Train set: Average loss: 1.067427. Accuracy: 0.5748
	Validation set: Average loss: 1.040778. Accuracy: 0.5789
2023-11-11 18:41:19.211 | INFO     | trainer_eeg2image:fit:49 - Epoch: 16/150. Train set: Average loss: 1.061093. Accuracy: 0.5808
	Validation set: Average loss: 1.039824. Accuracy: 0.5794
2023-11-11 18:41:33.153 | INFO     | trainer_eeg2image:fit:49 - Epoch: 17/150. Train set: Average loss: 1.031505. Accuracy: 0.5945
	Validation set: Average loss: 1.008239. Accuracy: 0.6020
2023-11-11 18:41:46.606 | INFO     | trainer_eeg2image:fit:49 - Epoch: 18/150. Train set: Average loss: 1.009656. Accuracy: 0.6045
	Validation set: Average loss: 0.993958. Accuracy: 0.5895
2023-11-11 18:41:59.772 | INFO     | trainer_eeg2image:fit:49 - Epoch: 19/150. Train set: Average loss: 1.010471. Accuracy: 0.6000
	Validation set: Average loss: 0.976119. Accuracy: 0.6040
2023-11-11 18:42:13.078 | INFO     | trainer_eeg2image:fit:49 - Epoch: 20/150. Train set: Average loss: 0.985851. Accuracy: 0.6078
	Validation set: Average loss: 0.954681. Accuracy: 0.6170
2023-11-11 18:42:13.111 | INFO     | trainer_eeg2image:fit:58 - Best val accuracy: 0.6170
2023-11-11 18:42:26.572 | INFO     | trainer_eeg2image:fit:49 - Epoch: 21/150. Train set: Average loss: 0.947119. Accuracy: 0.6285
	Validation set: Average loss: 0.962485. Accuracy: 0.6062
2023-11-11 18:42:40.177 | INFO     | trainer_eeg2image:fit:49 - Epoch: 22/150. Train set: Average loss: 0.941499. Accuracy: 0.6282
	Validation set: Average loss: 0.951420. Accuracy: 0.6137
2023-11-11 18:42:54.077 | INFO     | trainer_eeg2image:fit:49 - Epoch: 23/150. Train set: Average loss: 0.940152. Accuracy: 0.6383
	Validation set: Average loss: 0.945160. Accuracy: 0.6125
2023-11-11 18:43:07.815 | INFO     | trainer_eeg2image:fit:49 - Epoch: 24/150. Train set: Average loss: 0.928112. Accuracy: 0.6368
	Validation set: Average loss: 0.942686. Accuracy: 0.6107
2023-11-11 18:43:21.146 | INFO     | trainer_eeg2image:fit:49 - Epoch: 25/150. Train set: Average loss: 0.940063. Accuracy: 0.6214
	Validation set: Average loss: 0.933701. Accuracy: 0.6227
2023-11-11 18:43:34.537 | INFO     | trainer_eeg2image:fit:49 - Epoch: 26/150. Train set: Average loss: 0.926112. Accuracy: 0.6379
	Validation set: Average loss: 0.939094. Accuracy: 0.6139
2023-11-11 18:43:47.773 | INFO     | trainer_eeg2image:fit:49 - Epoch: 27/150. Train set: Average loss: 0.921559. Accuracy: 0.6470
	Validation set: Average loss: 0.930873. Accuracy: 0.6212
2023-11-11 18:44:00.963 | INFO     | trainer_eeg2image:fit:49 - Epoch: 28/150. Train set: Average loss: 0.917829. Accuracy: 0.6390
	Validation set: Average loss: 0.939662. Accuracy: 0.6178
2023-11-11 18:44:14.887 | INFO     | trainer_eeg2image:fit:49 - Epoch: 29/150. Train set: Average loss: 0.922295. Accuracy: 0.6422
	Validation set: Average loss: 0.914822. Accuracy: 0.6267
2023-11-11 18:44:28.377 | INFO     | trainer_eeg2image:fit:49 - Epoch: 30/150. Train set: Average loss: 0.922424. Accuracy: 0.6370
	Validation set: Average loss: 0.923701. Accuracy: 0.6174
2023-11-11 18:44:28.378 | INFO     | trainer_eeg2image:fit:58 - Best val accuracy: 0.6267
2023-11-11 18:44:41.933 | INFO     | trainer_eeg2image:fit:49 - Epoch: 31/150. Train set: Average loss: 0.907804. Accuracy: 0.6460
	Validation set: Average loss: 0.938459. Accuracy: 0.6118
2023-11-11 18:44:55.735 | INFO     | trainer_eeg2image:fit:49 - Epoch: 32/150. Train set: Average loss: 0.903090. Accuracy: 0.6486
	Validation set: Average loss: 0.929217. Accuracy: 0.6181
2023-11-11 18:45:09.433 | INFO     | trainer_eeg2image:fit:49 - Epoch: 33/150. Train set: Average loss: 0.926942. Accuracy: 0.6387
	Validation set: Average loss: 0.915759. Accuracy: 0.6268
2023-11-11 18:45:23.244 | INFO     | trainer_eeg2image:fit:49 - Epoch: 34/150. Train set: Average loss: 0.910619. Accuracy: 0.6416
	Validation set: Average loss: 0.924196. Accuracy: 0.6180
2023-11-11 18:45:37.110 | INFO     | trainer_eeg2image:fit:49 - Epoch: 35/150. Train set: Average loss: 0.921975. Accuracy: 0.6376
	Validation set: Average loss: 0.946684. Accuracy: 0.6113
2023-11-11 18:45:50.767 | INFO     | trainer_eeg2image:fit:49 - Epoch: 36/150. Train set: Average loss: 0.904617. Accuracy: 0.6451
	Validation set: Average loss: 0.956711. Accuracy: 0.6114
2023-11-11 18:46:04.198 | INFO     | trainer_eeg2image:fit:49 - Epoch: 37/150. Train set: Average loss: 0.907075. Accuracy: 0.6450
	Validation set: Average loss: 0.915971. Accuracy: 0.6319
2023-11-11 18:46:17.681 | INFO     | trainer_eeg2image:fit:49 - Epoch: 38/150. Train set: Average loss: 0.905829. Accuracy: 0.6466
	Validation set: Average loss: 0.931891. Accuracy: 0.6177
2023-11-11 18:46:31.635 | INFO     | trainer_eeg2image:fit:49 - Epoch: 39/150. Train set: Average loss: 0.908223. Accuracy: 0.6457
	Validation set: Average loss: 0.922724. Accuracy: 0.6216
2023-11-11 18:46:45.490 | INFO     | trainer_eeg2image:fit:49 - Epoch: 40/150. Train set: Average loss: 0.909261. Accuracy: 0.6413
	Validation set: Average loss: 0.935675. Accuracy: 0.6176
2023-11-11 18:46:45.490 | INFO     | trainer_eeg2image:fit:58 - Best val accuracy: 0.6319
2023-11-11 18:46:59.023 | INFO     | trainer_eeg2image:fit:49 - Epoch: 41/150. Train set: Average loss: 0.926276. Accuracy: 0.6304
	Validation set: Average loss: 0.937849. Accuracy: 0.6145
2023-11-11 18:47:12.435 | INFO     | trainer_eeg2image:fit:49 - Epoch: 42/150. Train set: Average loss: 0.906384. Accuracy: 0.6440
	Validation set: Average loss: 0.930659. Accuracy: 0.6202
2023-11-11 18:47:25.943 | INFO     | trainer_eeg2image:fit:49 - Epoch: 43/150. Train set: Average loss: 0.906878. Accuracy: 0.6381
	Validation set: Average loss: 0.924234. Accuracy: 0.6191
2023-11-11 18:47:39.283 | INFO     | trainer_eeg2image:fit:49 - Epoch: 44/150. Train set: Average loss: 0.903028. Accuracy: 0.6513
	Validation set: Average loss: 0.927262. Accuracy: 0.6210
2023-11-11 18:47:53.281 | INFO     | trainer_eeg2image:fit:49 - Epoch: 45/150. Train set: Average loss: 0.905930. Accuracy: 0.6530
	Validation set: Average loss: 0.934101. Accuracy: 0.6133
2023-11-11 18:48:06.869 | INFO     | trainer_eeg2image:fit:49 - Epoch: 46/150. Train set: Average loss: 0.912538. Accuracy: 0.6424
	Validation set: Average loss: 0.912797. Accuracy: 0.6316
2023-11-11 18:48:20.096 | INFO     | trainer_eeg2image:fit:49 - Epoch: 47/150. Train set: Average loss: 0.914098. Accuracy: 0.6367
	Validation set: Average loss: 0.932367. Accuracy: 0.6127
2023-11-11 18:48:33.548 | INFO     | trainer_eeg2image:fit:49 - Epoch: 48/150. Train set: Average loss: 0.924917. Accuracy: 0.6408
	Validation set: Average loss: 0.940086. Accuracy: 0.6142
2023-11-11 18:48:46.979 | INFO     | trainer_eeg2image:fit:49 - Epoch: 49/150. Train set: Average loss: 0.916385. Accuracy: 0.6492
	Validation set: Average loss: 0.928951. Accuracy: 0.6169
2023-11-11 18:49:00.284 | INFO     | trainer_eeg2image:fit:49 - Epoch: 50/150. Train set: Average loss: 0.904896. Accuracy: 0.6459
	Validation set: Average loss: 0.950061. Accuracy: 0.6104
2023-11-11 18:49:00.284 | INFO     | trainer_eeg2image:fit:58 - Best val accuracy: 0.6319
2023-11-11 18:49:14.780 | INFO     | trainer_eeg2image:fit:49 - Epoch: 51/150. Train set: Average loss: 0.910853. Accuracy: 0.6383
	Validation set: Average loss: 0.935555. Accuracy: 0.6145
2023-11-11 18:49:28.307 | INFO     | trainer_eeg2image:fit:49 - Epoch: 52/150. Train set: Average loss: 0.905367. Accuracy: 0.6533
	Validation set: Average loss: 0.918866. Accuracy: 0.6313
2023-11-11 18:49:41.794 | INFO     | trainer_eeg2image:fit:49 - Epoch: 53/150. Train set: Average loss: 0.901860. Accuracy: 0.6477
	Validation set: Average loss: 0.920990. Accuracy: 0.6224
2023-11-11 18:49:54.967 | INFO     | trainer_eeg2image:fit:49 - Epoch: 54/150. Train set: Average loss: 0.908469. Accuracy: 0.6440
	Validation set: Average loss: 0.938317. Accuracy: 0.6200
2023-11-11 18:50:08.202 | INFO     | trainer_eeg2image:fit:49 - Epoch: 55/150. Train set: Average loss: 0.903851. Accuracy: 0.6472
	Validation set: Average loss: 0.920311. Accuracy: 0.6295
2023-11-11 18:50:21.535 | INFO     | trainer_eeg2image:fit:49 - Epoch: 56/150. Train set: Average loss: 0.914910. Accuracy: 0.6347
	Validation set: Average loss: 0.944307. Accuracy: 0.6150
2023-11-11 18:50:35.547 | INFO     | trainer_eeg2image:fit:49 - Epoch: 57/150. Train set: Average loss: 0.916220. Accuracy: 0.6418
	Validation set: Average loss: 0.920845. Accuracy: 0.6247
2023-11-11 18:50:49.099 | INFO     | trainer_eeg2image:fit:49 - Epoch: 58/150. Train set: Average loss: 0.908475. Accuracy: 0.6475
	Validation set: Average loss: 0.925249. Accuracy: 0.6299
2023-11-11 18:51:02.340 | INFO     | trainer_eeg2image:fit:49 - Epoch: 59/150. Train set: Average loss: 0.916596. Accuracy: 0.6386
	Validation set: Average loss: 0.923203. Accuracy: 0.6158
2023-11-11 18:51:15.572 | INFO     | trainer_eeg2image:fit:49 - Epoch: 60/150. Train set: Average loss: 0.911573. Accuracy: 0.6447
	Validation set: Average loss: 0.934056. Accuracy: 0.6165
2023-11-11 18:51:15.573 | INFO     | trainer_eeg2image:fit:58 - Best val accuracy: 0.6319
2023-11-11 18:51:29.294 | INFO     | trainer_eeg2image:fit:49 - Epoch: 61/150. Train set: Average loss: 0.908801. Accuracy: 0.6408
	Validation set: Average loss: 0.935050. Accuracy: 0.6192
2023-11-11 18:51:42.444 | INFO     | trainer_eeg2image:fit:49 - Epoch: 62/150. Train set: Average loss: 0.919684. Accuracy: 0.6390
	Validation set: Average loss: 0.952342. Accuracy: 0.6098
2023-11-11 18:51:56.385 | INFO     | trainer_eeg2image:fit:49 - Epoch: 63/150. Train set: Average loss: 0.901031. Accuracy: 0.6562
	Validation set: Average loss: 0.925189. Accuracy: 0.6204
2023-11-11 18:52:09.838 | INFO     | trainer_eeg2image:fit:49 - Epoch: 64/150. Train set: Average loss: 0.917825. Accuracy: 0.6370
	Validation set: Average loss: 0.926946. Accuracy: 0.6198
2023-11-11 18:52:23.370 | INFO     | trainer_eeg2image:fit:49 - Epoch: 65/150. Train set: Average loss: 0.912135. Accuracy: 0.6428
	Validation set: Average loss: 0.923621. Accuracy: 0.6225
2023-11-11 18:52:36.662 | INFO     | trainer_eeg2image:fit:49 - Epoch: 66/150. Train set: Average loss: 0.918415. Accuracy: 0.6411
	Validation set: Average loss: 0.918476. Accuracy: 0.6286
2023-11-11 18:52:50.040 | INFO     | trainer_eeg2image:fit:49 - Epoch: 67/150. Train set: Average loss: 0.900395. Accuracy: 0.6497
	Validation set: Average loss: 0.922233. Accuracy: 0.6233
2023-11-11 18:53:03.198 | INFO     | trainer_eeg2image:fit:49 - Epoch: 68/150. Train set: Average loss: 0.921584. Accuracy: 0.6364
	Validation set: Average loss: 0.939508. Accuracy: 0.6182
2023-11-11 18:53:17.258 | INFO     | trainer_eeg2image:fit:49 - Epoch: 69/150. Train set: Average loss: 0.914730. Accuracy: 0.6427
	Validation set: Average loss: 0.933242. Accuracy: 0.6140
2023-11-11 18:53:30.668 | INFO     | trainer_eeg2image:fit:49 - Epoch: 70/150. Train set: Average loss: 0.915749. Accuracy: 0.6396
	Validation set: Average loss: 0.933243. Accuracy: 0.6148
2023-11-11 18:53:30.668 | INFO     | trainer_eeg2image:fit:58 - Best val accuracy: 0.6319
2023-11-11 18:53:44.183 | INFO     | trainer_eeg2image:fit:49 - Epoch: 71/150. Train set: Average loss: 0.917200. Accuracy: 0.6414
	Validation set: Average loss: 0.940087. Accuracy: 0.6102
2023-11-11 18:53:57.518 | INFO     | trainer_eeg2image:fit:49 - Epoch: 72/150. Train set: Average loss: 0.912363. Accuracy: 0.6442
	Validation set: Average loss: 0.921828. Accuracy: 0.6278
2023-11-11 18:54:10.747 | INFO     | trainer_eeg2image:fit:49 - Epoch: 73/150. Train set: Average loss: 0.903111. Accuracy: 0.6459
	Validation set: Average loss: 0.930856. Accuracy: 0.6232
2023-11-11 18:54:24.047 | INFO     | trainer_eeg2image:fit:49 - Epoch: 74/150. Train set: Average loss: 0.914810. Accuracy: 0.6441
	Validation set: Average loss: 0.928957. Accuracy: 0.6166
2023-11-11 18:54:38.261 | INFO     | trainer_eeg2image:fit:49 - Epoch: 75/150. Train set: Average loss: 0.910059. Accuracy: 0.6431
	Validation set: Average loss: 0.925404. Accuracy: 0.6246
2023-11-11 18:54:51.654 | INFO     | trainer_eeg2image:fit:49 - Epoch: 76/150. Train set: Average loss: 0.910587. Accuracy: 0.6457
	Validation set: Average loss: 0.925463. Accuracy: 0.6232
2023-11-11 18:55:04.904 | INFO     | trainer_eeg2image:fit:49 - Epoch: 77/150. Train set: Average loss: 0.914176. Accuracy: 0.6420
	Validation set: Average loss: 0.919834. Accuracy: 0.6204
2023-11-11 18:55:18.037 | INFO     | trainer_eeg2image:fit:49 - Epoch: 78/150. Train set: Average loss: 0.912810. Accuracy: 0.6419
	Validation set: Average loss: 0.931567. Accuracy: 0.6219
2023-11-11 18:55:31.406 | INFO     | trainer_eeg2image:fit:49 - Epoch: 79/150. Train set: Average loss: 0.918392. Accuracy: 0.6413
	Validation set: Average loss: 0.934677. Accuracy: 0.6161
2023-11-11 18:55:44.500 | INFO     | trainer_eeg2image:fit:49 - Epoch: 80/150. Train set: Average loss: 0.905168. Accuracy: 0.6454
	Validation set: Average loss: 0.932179. Accuracy: 0.6160
2023-11-11 18:55:44.500 | INFO     | trainer_eeg2image:fit:58 - Best val accuracy: 0.6319
2023-11-11 18:55:58.909 | INFO     | trainer_eeg2image:fit:49 - Epoch: 81/150. Train set: Average loss: 0.911284. Accuracy: 0.6438
	Validation set: Average loss: 0.918287. Accuracy: 0.6235
2023-11-11 18:56:12.305 | INFO     | trainer_eeg2image:fit:49 - Epoch: 82/150. Train set: Average loss: 0.914990. Accuracy: 0.6387
	Validation set: Average loss: 0.936505. Accuracy: 0.6148
2023-11-11 18:56:25.593 | INFO     | trainer_eeg2image:fit:49 - Epoch: 83/150. Train set: Average loss: 0.905996. Accuracy: 0.6425
	Validation set: Average loss: 0.915309. Accuracy: 0.6305
2023-11-11 18:56:39.090 | INFO     | trainer_eeg2image:fit:49 - Epoch: 84/150. Train set: Average loss: 0.907782. Accuracy: 0.6465
	Validation set: Average loss: 0.919109. Accuracy: 0.6226
2023-11-11 18:56:52.336 | INFO     | trainer_eeg2image:fit:49 - Epoch: 85/150. Train set: Average loss: 0.907503. Accuracy: 0.6445
	Validation set: Average loss: 0.935499. Accuracy: 0.6215
2023-11-11 18:57:05.745 | INFO     | trainer_eeg2image:fit:49 - Epoch: 86/150. Train set: Average loss: 0.911455. Accuracy: 0.6364
	Validation set: Average loss: 0.928950. Accuracy: 0.6226
2023-11-11 18:57:19.727 | INFO     | trainer_eeg2image:fit:49 - Epoch: 87/150. Train set: Average loss: 0.907572. Accuracy: 0.6428
	Validation set: Average loss: 0.920923. Accuracy: 0.6273
2023-11-11 18:57:33.564 | INFO     | trainer_eeg2image:fit:49 - Epoch: 88/150. Train set: Average loss: 0.910839. Accuracy: 0.6415
	Validation set: Average loss: 0.930429. Accuracy: 0.6247
2023-11-11 18:57:46.907 | INFO     | trainer_eeg2image:fit:49 - Epoch: 89/150. Train set: Average loss: 0.915553. Accuracy: 0.6479
	Validation set: Average loss: 0.931463. Accuracy: 0.6173
2023-11-11 18:58:00.381 | INFO     | trainer_eeg2image:fit:49 - Epoch: 90/150. Train set: Average loss: 0.911106. Accuracy: 0.6391
	Validation set: Average loss: 0.922367. Accuracy: 0.6244
2023-11-11 18:58:00.382 | INFO     | trainer_eeg2image:fit:58 - Best val accuracy: 0.6319
2023-11-11 18:58:13.945 | INFO     | trainer_eeg2image:fit:49 - Epoch: 91/150. Train set: Average loss: 0.909976. Accuracy: 0.6411
	Validation set: Average loss: 0.931028. Accuracy: 0.6225
2023-11-11 18:58:27.769 | INFO     | trainer_eeg2image:fit:49 - Epoch: 92/150. Train set: Average loss: 0.911361. Accuracy: 0.6422
	Validation set: Average loss: 0.928970. Accuracy: 0.6221
2023-11-11 18:58:41.612 | INFO     | trainer_eeg2image:fit:49 - Epoch: 93/150. Train set: Average loss: 0.922651. Accuracy: 0.6379
	Validation set: Average loss: 0.928353. Accuracy: 0.6211
2023-11-11 18:58:54.511 | INFO     | trainer_eeg2image:fit:49 - Epoch: 94/150. Train set: Average loss: 0.911566. Accuracy: 0.6484
	Validation set: Average loss: 0.939854. Accuracy: 0.6211
2023-11-11 18:59:07.433 | INFO     | trainer_eeg2image:fit:49 - Epoch: 95/150. Train set: Average loss: 0.904154. Accuracy: 0.6452
	Validation set: Average loss: 0.917246. Accuracy: 0.6212
2023-11-11 18:59:20.243 | INFO     | trainer_eeg2image:fit:49 - Epoch: 96/150. Train set: Average loss: 0.913222. Accuracy: 0.6459
	Validation set: Average loss: 0.910689. Accuracy: 0.6316
2023-11-11 18:59:33.054 | INFO     | trainer_eeg2image:fit:49 - Epoch: 97/150. Train set: Average loss: 0.919766. Accuracy: 0.6416
	Validation set: Average loss: 0.941221. Accuracy: 0.6136
2023-11-11 18:59:45.828 | INFO     | trainer_eeg2image:fit:49 - Epoch: 98/150. Train set: Average loss: 0.907255. Accuracy: 0.6530
	Validation set: Average loss: 0.925898. Accuracy: 0.6139
2023-11-11 18:59:58.654 | INFO     | trainer_eeg2image:fit:49 - Epoch: 99/150. Train set: Average loss: 0.905728. Accuracy: 0.6463
	Validation set: Average loss: 0.925226. Accuracy: 0.6171
2023-11-11 19:00:11.652 | INFO     | trainer_eeg2image:fit:49 - Epoch: 100/150. Train set: Average loss: 0.900358. Accuracy: 0.6459
	Validation set: Average loss: 0.923898. Accuracy: 0.6196
2023-11-11 19:00:11.652 | INFO     | trainer_eeg2image:fit:58 - Best val accuracy: 0.6319
2023-11-11 19:00:24.526 | INFO     | trainer_eeg2image:fit:49 - Epoch: 101/150. Train set: Average loss: 0.912434. Accuracy: 0.6423
	Validation set: Average loss: 0.947656. Accuracy: 0.6089
2023-11-11 19:00:37.544 | INFO     | trainer_eeg2image:fit:49 - Epoch: 102/150. Train set: Average loss: 0.906973. Accuracy: 0.6443
	Validation set: Average loss: 0.933714. Accuracy: 0.6182
2023-11-11 19:00:50.362 | INFO     | trainer_eeg2image:fit:49 - Epoch: 103/150. Train set: Average loss: 0.915285. Accuracy: 0.6374
	Validation set: Average loss: 0.921227. Accuracy: 0.6173
2023-11-11 19:01:03.264 | INFO     | trainer_eeg2image:fit:49 - Epoch: 104/150. Train set: Average loss: 0.901001. Accuracy: 0.6469
	Validation set: Average loss: 0.939272. Accuracy: 0.6148
2023-11-11 19:01:16.030 | INFO     | trainer_eeg2image:fit:49 - Epoch: 105/150. Train set: Average loss: 0.914821. Accuracy: 0.6415
	Validation set: Average loss: 0.929754. Accuracy: 0.6218
2023-11-11 19:01:28.823 | INFO     | trainer_eeg2image:fit:49 - Epoch: 106/150. Train set: Average loss: 0.905880. Accuracy: 0.6434
	Validation set: Average loss: 0.932181. Accuracy: 0.6169
2023-11-11 19:01:41.725 | INFO     | trainer_eeg2image:fit:49 - Epoch: 107/150. Train set: Average loss: 0.911883. Accuracy: 0.6481
	Validation set: Average loss: 0.921229. Accuracy: 0.6263
2023-11-11 19:01:54.560 | INFO     | trainer_eeg2image:fit:49 - Epoch: 108/150. Train set: Average loss: 0.909617. Accuracy: 0.6409
	Validation set: Average loss: 0.924176. Accuracy: 0.6186
2023-11-11 19:02:07.444 | INFO     | trainer_eeg2image:fit:49 - Epoch: 109/150. Train set: Average loss: 0.913340. Accuracy: 0.6408
	Validation set: Average loss: 0.933114. Accuracy: 0.6225
2023-11-11 19:02:20.265 | INFO     | trainer_eeg2image:fit:49 - Epoch: 110/150. Train set: Average loss: 0.922539. Accuracy: 0.6363
	Validation set: Average loss: 0.934570. Accuracy: 0.6107
2023-11-11 19:02:20.265 | INFO     | trainer_eeg2image:fit:58 - Best val accuracy: 0.6319
2023-11-11 19:02:33.324 | INFO     | trainer_eeg2image:fit:49 - Epoch: 111/150. Train set: Average loss: 0.914355. Accuracy: 0.6393
	Validation set: Average loss: 0.935812. Accuracy: 0.6150
2023-11-11 19:02:46.149 | INFO     | trainer_eeg2image:fit:49 - Epoch: 112/150. Train set: Average loss: 0.913266. Accuracy: 0.6425
	Validation set: Average loss: 0.959519. Accuracy: 0.6112
2023-11-11 19:02:58.908 | INFO     | trainer_eeg2image:fit:49 - Epoch: 113/150. Train set: Average loss: 0.909411. Accuracy: 0.6484
	Validation set: Average loss: 0.943116. Accuracy: 0.6120
2023-11-11 19:03:11.799 | INFO     | trainer_eeg2image:fit:49 - Epoch: 114/150. Train set: Average loss: 0.912723. Accuracy: 0.6432
	Validation set: Average loss: 0.938308. Accuracy: 0.6113
2023-11-11 19:03:24.539 | INFO     | trainer_eeg2image:fit:49 - Epoch: 115/150. Train set: Average loss: 0.907036. Accuracy: 0.6459
	Validation set: Average loss: 0.930892. Accuracy: 0.6206
2023-11-11 19:03:37.374 | INFO     | trainer_eeg2image:fit:49 - Epoch: 116/150. Train set: Average loss: 0.915287. Accuracy: 0.6414
	Validation set: Average loss: 0.919057. Accuracy: 0.6263
2023-11-11 19:03:50.106 | INFO     | trainer_eeg2image:fit:49 - Epoch: 117/150. Train set: Average loss: 0.916214. Accuracy: 0.6438
	Validation set: Average loss: 0.928063. Accuracy: 0.6204
2023-11-11 19:04:02.903 | INFO     | trainer_eeg2image:fit:49 - Epoch: 118/150. Train set: Average loss: 0.916485. Accuracy: 0.6436
	Validation set: Average loss: 0.935658. Accuracy: 0.6178
2023-11-11 19:04:15.834 | INFO     | trainer_eeg2image:fit:49 - Epoch: 119/150. Train set: Average loss: 0.907027. Accuracy: 0.6473
	Validation set: Average loss: 0.940443. Accuracy: 0.6090
2023-11-11 19:04:28.504 | INFO     | trainer_eeg2image:fit:49 - Epoch: 120/150. Train set: Average loss: 0.902011. Accuracy: 0.6477
	Validation set: Average loss: 0.929230. Accuracy: 0.6190
2023-11-11 19:04:28.505 | INFO     | trainer_eeg2image:fit:58 - Best val accuracy: 0.6319
2023-11-11 19:04:41.481 | INFO     | trainer_eeg2image:fit:49 - Epoch: 121/150. Train set: Average loss: 0.908952. Accuracy: 0.6470
	Validation set: Average loss: 0.948510. Accuracy: 0.6044
2023-11-11 19:04:54.224 | INFO     | trainer_eeg2image:fit:49 - Epoch: 122/150. Train set: Average loss: 0.917511. Accuracy: 0.6354
	Validation set: Average loss: 0.925221. Accuracy: 0.6257
2023-11-11 19:05:07.088 | INFO     | trainer_eeg2image:fit:49 - Epoch: 123/150. Train set: Average loss: 0.909012. Accuracy: 0.6457
	Validation set: Average loss: 0.923023. Accuracy: 0.6232
2023-11-11 19:05:19.842 | INFO     | trainer_eeg2image:fit:49 - Epoch: 124/150. Train set: Average loss: 0.911285. Accuracy: 0.6356
	Validation set: Average loss: 0.955116. Accuracy: 0.6098
2023-11-11 19:05:32.601 | INFO     | trainer_eeg2image:fit:49 - Epoch: 125/150. Train set: Average loss: 0.907948. Accuracy: 0.6459
	Validation set: Average loss: 0.924612. Accuracy: 0.6175
2023-11-11 19:05:45.299 | INFO     | trainer_eeg2image:fit:49 - Epoch: 126/150. Train set: Average loss: 0.913983. Accuracy: 0.6405
	Validation set: Average loss: 0.932011. Accuracy: 0.6179
2023-11-11 19:05:58.091 | INFO     | trainer_eeg2image:fit:49 - Epoch: 127/150. Train set: Average loss: 0.911809. Accuracy: 0.6399
	Validation set: Average loss: 0.944351. Accuracy: 0.6228
2023-11-11 19:06:10.937 | INFO     | trainer_eeg2image:fit:49 - Epoch: 128/150. Train set: Average loss: 0.916754. Accuracy: 0.6414
	Validation set: Average loss: 0.930383. Accuracy: 0.6140
2023-11-11 19:06:23.702 | INFO     | trainer_eeg2image:fit:49 - Epoch: 129/150. Train set: Average loss: 0.901026. Accuracy: 0.6483
	Validation set: Average loss: 0.931961. Accuracy: 0.6241
2023-11-11 19:06:36.518 | INFO     | trainer_eeg2image:fit:49 - Epoch: 130/150. Train set: Average loss: 0.906439. Accuracy: 0.6460
	Validation set: Average loss: 0.925855. Accuracy: 0.6282
2023-11-11 19:06:36.518 | INFO     | trainer_eeg2image:fit:58 - Best val accuracy: 0.6319
2023-11-11 19:06:49.476 | INFO     | trainer_eeg2image:fit:49 - Epoch: 131/150. Train set: Average loss: 0.912815. Accuracy: 0.6418
	Validation set: Average loss: 0.929773. Accuracy: 0.6280
2023-11-11 19:07:02.231 | INFO     | trainer_eeg2image:fit:49 - Epoch: 132/150. Train set: Average loss: 0.902796. Accuracy: 0.6484
	Validation set: Average loss: 0.930814. Accuracy: 0.6240
2023-11-11 19:07:15.050 | INFO     | trainer_eeg2image:fit:49 - Epoch: 133/150. Train set: Average loss: 0.924344. Accuracy: 0.6294
	Validation set: Average loss: 0.953067. Accuracy: 0.6049
2023-11-11 19:07:27.654 | INFO     | trainer_eeg2image:fit:49 - Epoch: 134/150. Train set: Average loss: 0.910116. Accuracy: 0.6372
	Validation set: Average loss: 0.934629. Accuracy: 0.6174
2023-11-11 19:07:40.511 | INFO     | trainer_eeg2image:fit:49 - Epoch: 135/150. Train set: Average loss: 0.903797. Accuracy: 0.6410
	Validation set: Average loss: 0.933458. Accuracy: 0.6155
2023-11-11 19:07:53.221 | INFO     | trainer_eeg2image:fit:49 - Epoch: 136/150. Train set: Average loss: 0.911460. Accuracy: 0.6427
	Validation set: Average loss: 0.943217. Accuracy: 0.6112
2023-11-11 19:08:05.968 | INFO     | trainer_eeg2image:fit:49 - Epoch: 137/150. Train set: Average loss: 0.918187. Accuracy: 0.6408
	Validation set: Average loss: 0.922890. Accuracy: 0.6314
2023-11-11 19:08:18.804 | INFO     | trainer_eeg2image:fit:49 - Epoch: 138/150. Train set: Average loss: 0.904729. Accuracy: 0.6473
	Validation set: Average loss: 0.927768. Accuracy: 0.6176
2023-11-11 19:08:31.629 | INFO     | trainer_eeg2image:fit:49 - Epoch: 139/150. Train set: Average loss: 0.913066. Accuracy: 0.6384
	Validation set: Average loss: 0.930082. Accuracy: 0.6176
2023-11-11 19:08:44.334 | INFO     | trainer_eeg2image:fit:49 - Epoch: 140/150. Train set: Average loss: 0.905327. Accuracy: 0.6420
	Validation set: Average loss: 0.936669. Accuracy: 0.6175
2023-11-11 19:08:44.334 | INFO     | trainer_eeg2image:fit:58 - Best val accuracy: 0.6319
2023-11-11 19:08:57.310 | INFO     | trainer_eeg2image:fit:49 - Epoch: 141/150. Train set: Average loss: 0.909857. Accuracy: 0.6489
	Validation set: Average loss: 0.924910. Accuracy: 0.6280
2023-11-11 19:09:10.123 | INFO     | trainer_eeg2image:fit:49 - Epoch: 142/150. Train set: Average loss: 0.923944. Accuracy: 0.6390
	Validation set: Average loss: 0.927020. Accuracy: 0.6262
2023-11-11 19:09:22.810 | INFO     | trainer_eeg2image:fit:49 - Epoch: 143/150. Train set: Average loss: 0.905816. Accuracy: 0.6483
	Validation set: Average loss: 0.968329. Accuracy: 0.6052
2023-11-11 19:09:35.572 | INFO     | trainer_eeg2image:fit:49 - Epoch: 144/150. Train set: Average loss: 0.907280. Accuracy: 0.6395
	Validation set: Average loss: 0.930469. Accuracy: 0.6174
2023-11-11 19:09:48.323 | INFO     | trainer_eeg2image:fit:49 - Epoch: 145/150. Train set: Average loss: 0.918037. Accuracy: 0.6328
	Validation set: Average loss: 0.923872. Accuracy: 0.6210
2023-11-11 19:10:01.172 | INFO     | trainer_eeg2image:fit:49 - Epoch: 146/150. Train set: Average loss: 0.908130. Accuracy: 0.6415
	Validation set: Average loss: 0.925137. Accuracy: 0.6288
2023-11-11 19:10:13.916 | INFO     | trainer_eeg2image:fit:49 - Epoch: 147/150. Train set: Average loss: 0.910574. Accuracy: 0.6429
	Validation set: Average loss: 0.929040. Accuracy: 0.6170
2023-11-11 19:10:26.631 | INFO     | trainer_eeg2image:fit:49 - Epoch: 148/150. Train set: Average loss: 0.909776. Accuracy: 0.6401
	Validation set: Average loss: 0.954693. Accuracy: 0.6072
2023-11-11 19:10:39.394 | INFO     | trainer_eeg2image:fit:49 - Epoch: 149/150. Train set: Average loss: 0.911489. Accuracy: 0.6506
	Validation set: Average loss: 0.922950. Accuracy: 0.6251
2023-11-11 19:10:52.234 | INFO     | trainer_eeg2image:fit:49 - Epoch: 150/150. Train set: Average loss: 0.903299. Accuracy: 0.6464
	Validation set: Average loss: 0.925399. Accuracy: 0.6155
2023-11-11 19:10:52.235 | INFO     | trainer_eeg2image:fit:62 - =====================================
2023-11-11 19:10:52.235 | INFO     | trainer_eeg2image:fit:63 - Training complete in 33m 12s
2023-11-11 19:10:52.235 | INFO     | trainer_eeg2image:fit:64 - Best Val Accuracy: 0.6319
2023-11-11 19:10:52.235 | INFO     | trainer_eeg2image:fit:65 - ***********
2023-11-11 19:10:54.193 | INFO     | trainer_eeg2image:fit:67 - Test Accuracy: 0.6131
2023-11-11 19:10:54.193 | INFO     | trainer_eeg2image:fit:68 - =====================================
