2023-06-06 08:17:59.204 | INFO     | __main__:run:49 - Namespace(img_feature_extract=0, embedding_size=128, classifier_mode='classic', weight_path='None', dataset='CVPR2017', eeg_path='/media/exx/HDD1/LanxHuyen/CVPR2017/eeg_55_95_std.pth', time_low=20, time_high=460, img_path='/home/exx/GithubClonedRepo/EEG-Research/Dataset/imagenet', splits_path='/media/exx/HDD1/LanxHuyen/CVPR2017/block_splits_by_image_all.pth', log_path='/home/exx/GithubClonedRepo/EEG-Research/Experiment/EEGClassification', info='classifier_classic_EEGChannelNet_embed_128', img_encoder='efficientnet_b0', eeg_encoder='EEGChannelNet', batch_size=64, max_epoch=100, log_interval=50, arch='train', save_ckpt='checkpoints/', num_classes=40, num_workers=2, gpu=0, lr=0.001, wd=0.0001, optim='Adam', gamma=200, lr_step=10, pretrain=False, momen=0.9, nesterov=False, device=device(type='cuda', index=0))
2023-06-06 08:20:49.793 | INFO     | trainer:fit:49 - Epoch: 1/100. Train set: Average loss: 4.429221. Accuracy: 0.0270
	Validation set: Average loss: 4.379952. Accuracy: 0.0218
2023-06-06 08:22:18.153 | INFO     | trainer:fit:49 - Epoch: 2/100. Train set: Average loss: 4.335845. Accuracy: 0.0267
	Validation set: Average loss: 4.363228. Accuracy: 0.0225
2023-06-06 08:23:46.327 | INFO     | trainer:fit:49 - Epoch: 3/100. Train set: Average loss: 4.303177. Accuracy: 0.0291
	Validation set: Average loss: 4.296911. Accuracy: 0.0286
2023-06-06 08:25:14.375 | INFO     | trainer:fit:49 - Epoch: 4/100. Train set: Average loss: 4.203788. Accuracy: 0.0319
	Validation set: Average loss: 4.261700. Accuracy: 0.0308
2023-06-06 08:26:42.470 | INFO     | trainer:fit:49 - Epoch: 5/100. Train set: Average loss: 4.131469. Accuracy: 0.0386
	Validation set: Average loss: 4.051228. Accuracy: 0.0439
2023-06-06 08:28:10.394 | INFO     | trainer:fit:49 - Epoch: 6/100. Train set: Average loss: 3.790060. Accuracy: 0.0743
	Validation set: Average loss: 3.479835. Accuracy: 0.1028
2023-06-06 08:29:38.332 | INFO     | trainer:fit:49 - Epoch: 7/100. Train set: Average loss: 3.200339. Accuracy: 0.1247
	Validation set: Average loss: 2.975620. Accuracy: 0.1639
2023-06-06 08:31:06.309 | INFO     | trainer:fit:49 - Epoch: 8/100. Train set: Average loss: 2.846246. Accuracy: 0.1653
	Validation set: Average loss: 2.684066. Accuracy: 0.1874
2023-06-06 08:32:34.289 | INFO     | trainer:fit:49 - Epoch: 9/100. Train set: Average loss: 2.572603. Accuracy: 0.2094
	Validation set: Average loss: 2.441448. Accuracy: 0.2503
2023-06-06 08:34:02.096 | INFO     | trainer:fit:49 - Epoch: 10/100. Train set: Average loss: 2.404095. Accuracy: 0.2369
	Validation set: Average loss: 2.326595. Accuracy: 0.2279
2023-06-06 08:34:02.096 | INFO     | trainer:fit:58 - Best val accuracy: 0.2503
2023-06-06 08:35:30.489 | INFO     | trainer:fit:49 - Epoch: 11/100. Train set: Average loss: 2.140959. Accuracy: 0.2995
	Validation set: Average loss: 2.136062. Accuracy: 0.2934
2023-06-06 08:36:58.440 | INFO     | trainer:fit:49 - Epoch: 12/100. Train set: Average loss: 2.063473. Accuracy: 0.3181
	Validation set: Average loss: 2.069434. Accuracy: 0.3107
2023-06-06 08:38:26.248 | INFO     | trainer:fit:49 - Epoch: 13/100. Train set: Average loss: 2.011068. Accuracy: 0.3304
	Validation set: Average loss: 2.074869. Accuracy: 0.3178
2023-06-06 08:39:54.150 | INFO     | trainer:fit:49 - Epoch: 14/100. Train set: Average loss: 1.980802. Accuracy: 0.3372
	Validation set: Average loss: 2.025322. Accuracy: 0.3344
2023-06-06 08:41:22.020 | INFO     | trainer:fit:49 - Epoch: 15/100. Train set: Average loss: 1.951723. Accuracy: 0.3554
	Validation set: Average loss: 1.988698. Accuracy: 0.3359
2023-06-06 08:42:49.826 | INFO     | trainer:fit:49 - Epoch: 16/100. Train set: Average loss: 1.938215. Accuracy: 0.3495
	Validation set: Average loss: 1.993935. Accuracy: 0.3386
2023-06-06 08:44:17.728 | INFO     | trainer:fit:49 - Epoch: 17/100. Train set: Average loss: 1.891998. Accuracy: 0.3648
	Validation set: Average loss: 1.968852. Accuracy: 0.3376
2023-06-06 08:45:45.545 | INFO     | trainer:fit:49 - Epoch: 18/100. Train set: Average loss: 1.881271. Accuracy: 0.3706
	Validation set: Average loss: 1.956428. Accuracy: 0.3458
2023-06-06 08:47:13.563 | INFO     | trainer:fit:49 - Epoch: 19/100. Train set: Average loss: 1.852112. Accuracy: 0.3766
	Validation set: Average loss: 1.927408. Accuracy: 0.3564
2023-06-06 08:48:41.502 | INFO     | trainer:fit:49 - Epoch: 20/100. Train set: Average loss: 1.835080. Accuracy: 0.3857
	Validation set: Average loss: 1.958372. Accuracy: 0.3580
2023-06-06 08:48:41.512 | INFO     | trainer:fit:58 - Best val accuracy: 0.3580
2023-06-06 08:50:09.616 | INFO     | trainer:fit:49 - Epoch: 21/100. Train set: Average loss: 1.795251. Accuracy: 0.4026
	Validation set: Average loss: 1.911968. Accuracy: 0.3580
2023-06-06 08:51:37.467 | INFO     | trainer:fit:49 - Epoch: 22/100. Train set: Average loss: 1.772399. Accuracy: 0.4158
	Validation set: Average loss: 1.912601. Accuracy: 0.3610
2023-06-06 08:53:05.302 | INFO     | trainer:fit:49 - Epoch: 23/100. Train set: Average loss: 1.784105. Accuracy: 0.4102
	Validation set: Average loss: 1.907553. Accuracy: 0.3620
2023-06-06 08:54:33.234 | INFO     | trainer:fit:49 - Epoch: 24/100. Train set: Average loss: 1.783095. Accuracy: 0.4054
	Validation set: Average loss: 1.887694. Accuracy: 0.3625
2023-06-06 08:56:01.199 | INFO     | trainer:fit:49 - Epoch: 25/100. Train set: Average loss: 1.763260. Accuracy: 0.4078
	Validation set: Average loss: 1.888619. Accuracy: 0.3633
2023-06-06 08:57:29.136 | INFO     | trainer:fit:49 - Epoch: 26/100. Train set: Average loss: 1.761669. Accuracy: 0.4106
	Validation set: Average loss: 1.887542. Accuracy: 0.3641
2023-06-06 08:58:57.073 | INFO     | trainer:fit:49 - Epoch: 27/100. Train set: Average loss: 1.759449. Accuracy: 0.4047
	Validation set: Average loss: 1.844542. Accuracy: 0.3735
2023-06-06 09:00:24.858 | INFO     | trainer:fit:49 - Epoch: 28/100. Train set: Average loss: 1.745899. Accuracy: 0.4077
	Validation set: Average loss: 1.837814. Accuracy: 0.3623
2023-06-06 09:01:52.748 | INFO     | trainer:fit:49 - Epoch: 29/100. Train set: Average loss: 1.721125. Accuracy: 0.4111
	Validation set: Average loss: 1.785766. Accuracy: 0.3745
2023-06-06 09:03:20.746 | INFO     | trainer:fit:49 - Epoch: 30/100. Train set: Average loss: 1.700291. Accuracy: 0.4116
	Validation set: Average loss: 1.747556. Accuracy: 0.3779
2023-06-06 09:03:20.755 | INFO     | trainer:fit:58 - Best val accuracy: 0.3779
2023-06-06 09:04:49.004 | INFO     | trainer:fit:49 - Epoch: 31/100. Train set: Average loss: 1.696200. Accuracy: 0.4119
	Validation set: Average loss: 1.756502. Accuracy: 0.3758
2023-06-06 09:06:17.086 | INFO     | trainer:fit:49 - Epoch: 32/100. Train set: Average loss: 1.688415. Accuracy: 0.4191
	Validation set: Average loss: 1.765077. Accuracy: 0.3708
2023-06-06 09:07:45.053 | INFO     | trainer:fit:49 - Epoch: 33/100. Train set: Average loss: 1.701657. Accuracy: 0.4168
	Validation set: Average loss: 1.753370. Accuracy: 0.3742
2023-06-06 09:09:13.010 | INFO     | trainer:fit:49 - Epoch: 34/100. Train set: Average loss: 1.698931. Accuracy: 0.4157
	Validation set: Average loss: 1.753065. Accuracy: 0.3693
2023-06-06 09:10:40.829 | INFO     | trainer:fit:49 - Epoch: 35/100. Train set: Average loss: 1.695789. Accuracy: 0.4163
	Validation set: Average loss: 1.756040. Accuracy: 0.3742
2023-06-06 09:12:08.795 | INFO     | trainer:fit:49 - Epoch: 36/100. Train set: Average loss: 1.701825. Accuracy: 0.4135
	Validation set: Average loss: 1.758105. Accuracy: 0.3711
2023-06-06 09:13:36.738 | INFO     | trainer:fit:49 - Epoch: 37/100. Train set: Average loss: 1.695524. Accuracy: 0.4124
	Validation set: Average loss: 1.760328. Accuracy: 0.3737
2023-06-06 09:15:04.639 | INFO     | trainer:fit:49 - Epoch: 38/100. Train set: Average loss: 1.689658. Accuracy: 0.4137
	Validation set: Average loss: 1.748210. Accuracy: 0.3730
2023-06-06 09:16:32.591 | INFO     | trainer:fit:49 - Epoch: 39/100. Train set: Average loss: 1.697860. Accuracy: 0.4175
	Validation set: Average loss: 1.758573. Accuracy: 0.3747
2023-06-06 09:18:00.491 | INFO     | trainer:fit:49 - Epoch: 40/100. Train set: Average loss: 1.687660. Accuracy: 0.4200
	Validation set: Average loss: 1.745109. Accuracy: 0.3755
2023-06-06 09:18:00.491 | INFO     | trainer:fit:58 - Best val accuracy: 0.3779
2023-06-06 09:19:28.618 | INFO     | trainer:fit:49 - Epoch: 41/100. Train set: Average loss: 1.685049. Accuracy: 0.4128
	Validation set: Average loss: 1.739780. Accuracy: 0.3782
2023-06-06 09:20:56.469 | INFO     | trainer:fit:49 - Epoch: 42/100. Train set: Average loss: 1.681410. Accuracy: 0.4159
	Validation set: Average loss: 1.781083. Accuracy: 0.3682
2023-06-06 09:22:24.531 | INFO     | trainer:fit:49 - Epoch: 43/100. Train set: Average loss: 1.690217. Accuracy: 0.4190
	Validation set: Average loss: 1.746844. Accuracy: 0.3717
2023-06-06 09:23:52.624 | INFO     | trainer:fit:49 - Epoch: 44/100. Train set: Average loss: 1.690426. Accuracy: 0.4116
	Validation set: Average loss: 1.762170. Accuracy: 0.3705
2023-06-06 09:25:20.581 | INFO     | trainer:fit:49 - Epoch: 45/100. Train set: Average loss: 1.669229. Accuracy: 0.4206
	Validation set: Average loss: 1.760034. Accuracy: 0.3715
2023-06-06 09:26:48.650 | INFO     | trainer:fit:49 - Epoch: 46/100. Train set: Average loss: 1.696603. Accuracy: 0.4166
	Validation set: Average loss: 1.761052. Accuracy: 0.3720
2023-06-06 09:28:16.704 | INFO     | trainer:fit:49 - Epoch: 47/100. Train set: Average loss: 1.696213. Accuracy: 0.4142
	Validation set: Average loss: 1.795210. Accuracy: 0.3712
2023-06-06 09:29:44.771 | INFO     | trainer:fit:49 - Epoch: 48/100. Train set: Average loss: 1.687794. Accuracy: 0.4164
	Validation set: Average loss: 1.742546. Accuracy: 0.3673
2023-06-06 09:31:12.740 | INFO     | trainer:fit:49 - Epoch: 49/100. Train set: Average loss: 1.683279. Accuracy: 0.4200
	Validation set: Average loss: 1.757760. Accuracy: 0.3698
2023-06-06 09:32:40.670 | INFO     | trainer:fit:49 - Epoch: 50/100. Train set: Average loss: 1.701718. Accuracy: 0.4119
	Validation set: Average loss: 1.752478. Accuracy: 0.3749
2023-06-06 09:32:40.671 | INFO     | trainer:fit:58 - Best val accuracy: 0.3782
2023-06-06 09:34:09.079 | INFO     | trainer:fit:49 - Epoch: 51/100. Train set: Average loss: 1.685883. Accuracy: 0.4208
	Validation set: Average loss: 1.743565. Accuracy: 0.3814
2023-06-06 09:35:37.133 | INFO     | trainer:fit:49 - Epoch: 52/100. Train set: Average loss: 1.688647. Accuracy: 0.4172
	Validation set: Average loss: 1.743392. Accuracy: 0.3703
2023-06-06 09:37:05.236 | INFO     | trainer:fit:49 - Epoch: 53/100. Train set: Average loss: 1.691577. Accuracy: 0.4162
	Validation set: Average loss: 1.736122. Accuracy: 0.3792
2023-06-06 09:38:33.302 | INFO     | trainer:fit:49 - Epoch: 54/100. Train set: Average loss: 1.697299. Accuracy: 0.4053
	Validation set: Average loss: 1.748350. Accuracy: 0.3718
2023-06-06 09:40:01.197 | INFO     | trainer:fit:49 - Epoch: 55/100. Train set: Average loss: 1.679560. Accuracy: 0.4223
	Validation set: Average loss: 1.753059. Accuracy: 0.3671
2023-06-06 09:41:29.239 | INFO     | trainer:fit:49 - Epoch: 56/100. Train set: Average loss: 1.690232. Accuracy: 0.4073
	Validation set: Average loss: 1.785919. Accuracy: 0.3658
2023-06-06 09:42:57.085 | INFO     | trainer:fit:49 - Epoch: 57/100. Train set: Average loss: 1.692294. Accuracy: 0.4101
	Validation set: Average loss: 1.749380. Accuracy: 0.3707
2023-06-06 09:44:25.102 | INFO     | trainer:fit:49 - Epoch: 58/100. Train set: Average loss: 1.686626. Accuracy: 0.4190
	Validation set: Average loss: 1.754784. Accuracy: 0.3700
2023-06-06 09:45:52.985 | INFO     | trainer:fit:49 - Epoch: 59/100. Train set: Average loss: 1.675885. Accuracy: 0.4138
	Validation set: Average loss: 1.755890. Accuracy: 0.3769
2023-06-06 09:47:21.084 | INFO     | trainer:fit:49 - Epoch: 60/100. Train set: Average loss: 1.683953. Accuracy: 0.4135
	Validation set: Average loss: 1.781823. Accuracy: 0.3697
2023-06-06 09:47:21.084 | INFO     | trainer:fit:58 - Best val accuracy: 0.3814
2023-06-06 09:48:49.290 | INFO     | trainer:fit:49 - Epoch: 61/100. Train set: Average loss: 1.689639. Accuracy: 0.4202
	Validation set: Average loss: 1.734025. Accuracy: 0.3802
2023-06-06 09:50:17.306 | INFO     | trainer:fit:49 - Epoch: 62/100. Train set: Average loss: 1.712062. Accuracy: 0.4123
	Validation set: Average loss: 1.740054. Accuracy: 0.3698
2023-06-06 09:51:45.300 | INFO     | trainer:fit:49 - Epoch: 63/100. Train set: Average loss: 1.676686. Accuracy: 0.4207
	Validation set: Average loss: 1.749322. Accuracy: 0.3696
2023-06-06 09:53:13.272 | INFO     | trainer:fit:49 - Epoch: 64/100. Train set: Average loss: 1.683082. Accuracy: 0.4157
	Validation set: Average loss: 1.739006. Accuracy: 0.3738
2023-06-06 09:54:41.227 | INFO     | trainer:fit:49 - Epoch: 65/100. Train set: Average loss: 1.693109. Accuracy: 0.4130
	Validation set: Average loss: 1.776253. Accuracy: 0.3641
2023-06-06 09:56:09.248 | INFO     | trainer:fit:49 - Epoch: 66/100. Train set: Average loss: 1.698136. Accuracy: 0.4144
	Validation set: Average loss: 1.774771. Accuracy: 0.3700
2023-06-06 09:57:37.339 | INFO     | trainer:fit:49 - Epoch: 67/100. Train set: Average loss: 1.675482. Accuracy: 0.4253
	Validation set: Average loss: 1.765928. Accuracy: 0.3703
2023-06-06 09:59:05.526 | INFO     | trainer:fit:49 - Epoch: 68/100. Train set: Average loss: 1.682504. Accuracy: 0.4177
	Validation set: Average loss: 1.760497. Accuracy: 0.3737
2023-06-06 10:00:33.561 | INFO     | trainer:fit:49 - Epoch: 69/100. Train set: Average loss: 1.700992. Accuracy: 0.4155
	Validation set: Average loss: 1.757621. Accuracy: 0.3638
2023-06-06 10:02:01.480 | INFO     | trainer:fit:49 - Epoch: 70/100. Train set: Average loss: 1.696820. Accuracy: 0.4070
	Validation set: Average loss: 1.749449. Accuracy: 0.3710
2023-06-06 10:02:01.480 | INFO     | trainer:fit:58 - Best val accuracy: 0.3814
2023-06-06 10:03:29.742 | INFO     | trainer:fit:49 - Epoch: 71/100. Train set: Average loss: 1.699225. Accuracy: 0.4104
	Validation set: Average loss: 1.753960. Accuracy: 0.3765
2023-06-06 10:04:57.708 | INFO     | trainer:fit:49 - Epoch: 72/100. Train set: Average loss: 1.690674. Accuracy: 0.4115
	Validation set: Average loss: 1.753115. Accuracy: 0.3787
2023-06-06 10:06:25.691 | INFO     | trainer:fit:49 - Epoch: 73/100. Train set: Average loss: 1.690654. Accuracy: 0.4169
	Validation set: Average loss: 1.751297. Accuracy: 0.3755
2023-06-06 10:07:53.940 | INFO     | trainer:fit:49 - Epoch: 74/100. Train set: Average loss: 1.681679. Accuracy: 0.4209
	Validation set: Average loss: 1.738546. Accuracy: 0.3691
2023-06-06 10:09:21.939 | INFO     | trainer:fit:49 - Epoch: 75/100. Train set: Average loss: 1.690678. Accuracy: 0.4153
	Validation set: Average loss: 1.739359. Accuracy: 0.3740
2023-06-06 10:10:50.018 | INFO     | trainer:fit:49 - Epoch: 76/100. Train set: Average loss: 1.688295. Accuracy: 0.4107
	Validation set: Average loss: 1.736561. Accuracy: 0.3747
2023-06-06 10:12:18.095 | INFO     | trainer:fit:49 - Epoch: 77/100. Train set: Average loss: 1.680652. Accuracy: 0.4133
	Validation set: Average loss: 1.745680. Accuracy: 0.3770
2023-06-06 10:13:45.955 | INFO     | trainer:fit:49 - Epoch: 78/100. Train set: Average loss: 1.693522. Accuracy: 0.4126
	Validation set: Average loss: 1.748468. Accuracy: 0.3712
2023-06-06 10:15:13.917 | INFO     | trainer:fit:49 - Epoch: 79/100. Train set: Average loss: 1.697398. Accuracy: 0.4063
	Validation set: Average loss: 1.750396. Accuracy: 0.3723
2023-06-06 10:16:41.796 | INFO     | trainer:fit:49 - Epoch: 80/100. Train set: Average loss: 1.684484. Accuracy: 0.4152
	Validation set: Average loss: 1.760871. Accuracy: 0.3742
2023-06-06 10:16:41.797 | INFO     | trainer:fit:58 - Best val accuracy: 0.3814
2023-06-06 10:18:09.939 | INFO     | trainer:fit:49 - Epoch: 81/100. Train set: Average loss: 1.688198. Accuracy: 0.4187
	Validation set: Average loss: 1.742521. Accuracy: 0.3712
2023-06-06 10:19:37.898 | INFO     | trainer:fit:49 - Epoch: 82/100. Train set: Average loss: 1.694492. Accuracy: 0.4138
	Validation set: Average loss: 1.753611. Accuracy: 0.3700
2023-06-06 10:21:05.964 | INFO     | trainer:fit:49 - Epoch: 83/100. Train set: Average loss: 1.684218. Accuracy: 0.4179
	Validation set: Average loss: 1.743558. Accuracy: 0.3664
2023-06-06 10:22:33.813 | INFO     | trainer:fit:49 - Epoch: 84/100. Train set: Average loss: 1.680215. Accuracy: 0.4134
	Validation set: Average loss: 1.737775. Accuracy: 0.3703
2023-06-06 10:24:01.797 | INFO     | trainer:fit:49 - Epoch: 85/100. Train set: Average loss: 1.689921. Accuracy: 0.4158
	Validation set: Average loss: 1.755559. Accuracy: 0.3690
2023-06-06 10:25:29.867 | INFO     | trainer:fit:49 - Epoch: 86/100. Train set: Average loss: 1.692718. Accuracy: 0.4118
	Validation set: Average loss: 1.743468. Accuracy: 0.3735
2023-06-06 10:26:57.841 | INFO     | trainer:fit:49 - Epoch: 87/100. Train set: Average loss: 1.690440. Accuracy: 0.4134
	Validation set: Average loss: 1.742198. Accuracy: 0.3772
2023-06-06 10:28:25.952 | INFO     | trainer:fit:49 - Epoch: 88/100. Train set: Average loss: 1.678353. Accuracy: 0.4140
	Validation set: Average loss: 1.749985. Accuracy: 0.3718
2023-06-06 10:29:54.117 | INFO     | trainer:fit:49 - Epoch: 89/100. Train set: Average loss: 1.690427. Accuracy: 0.4148
	Validation set: Average loss: 1.740933. Accuracy: 0.3631
2023-06-06 10:31:22.091 | INFO     | trainer:fit:49 - Epoch: 90/100. Train set: Average loss: 1.675013. Accuracy: 0.4197
	Validation set: Average loss: 1.738055. Accuracy: 0.3742
2023-06-06 10:31:22.091 | INFO     | trainer:fit:58 - Best val accuracy: 0.3814
2023-06-06 10:32:50.293 | INFO     | trainer:fit:49 - Epoch: 91/100. Train set: Average loss: 1.686745. Accuracy: 0.4187
	Validation set: Average loss: 1.742512. Accuracy: 0.3705
2023-06-06 10:34:18.430 | INFO     | trainer:fit:49 - Epoch: 92/100. Train set: Average loss: 1.688972. Accuracy: 0.4226
	Validation set: Average loss: 1.743412. Accuracy: 0.3769
2023-06-06 10:35:46.488 | INFO     | trainer:fit:49 - Epoch: 93/100. Train set: Average loss: 1.691918. Accuracy: 0.4108
	Validation set: Average loss: 1.740733. Accuracy: 0.3696
2023-06-06 10:37:14.674 | INFO     | trainer:fit:49 - Epoch: 94/100. Train set: Average loss: 1.692708. Accuracy: 0.4199
	Validation set: Average loss: 1.752395. Accuracy: 0.3718
2023-06-06 10:38:42.825 | INFO     | trainer:fit:49 - Epoch: 95/100. Train set: Average loss: 1.684284. Accuracy: 0.4163
	Validation set: Average loss: 1.749465. Accuracy: 0.3779
2023-06-06 10:40:10.689 | INFO     | trainer:fit:49 - Epoch: 96/100. Train set: Average loss: 1.684711. Accuracy: 0.4119
	Validation set: Average loss: 1.756355. Accuracy: 0.3754
2023-06-06 10:41:38.659 | INFO     | trainer:fit:49 - Epoch: 97/100. Train set: Average loss: 1.680516. Accuracy: 0.4178
	Validation set: Average loss: 1.736257. Accuracy: 0.3777
2023-06-06 10:43:06.632 | INFO     | trainer:fit:49 - Epoch: 98/100. Train set: Average loss: 1.687094. Accuracy: 0.4197
	Validation set: Average loss: 1.745250. Accuracy: 0.3789
2023-06-06 10:44:34.698 | INFO     | trainer:fit:49 - Epoch: 99/100. Train set: Average loss: 1.694861. Accuracy: 0.4205
	Validation set: Average loss: 1.760660. Accuracy: 0.3690
2023-06-06 10:46:02.837 | INFO     | trainer:fit:49 - Epoch: 100/100. Train set: Average loss: 1.698993. Accuracy: 0.4075
	Validation set: Average loss: 1.750023. Accuracy: 0.3707
2023-06-06 10:46:02.837 | INFO     | trainer:fit:62 - Training complete in 148m 2s
2023-06-06 10:46:02.837 | INFO     | trainer:fit:63 - Best Val Accuracy: 0.3814
