2023-05-25 20:49:09.715 | INFO     | __main__:run:49 - Namespace(img_feature_extract=0, embedding_size=1000, classifier_mode='classic', weight_path='None', dataset='CVPR2017', eeg_path='/media/exx/HDD1/LanxHuyen/CVPR2017/eeg_55_95_std.pth', time_low=20, time_high=460, img_path='/home/exx/GithubClonedRepo/EEG-Research/Dataset/imagenet', splits_path='/media/exx/HDD1/LanxHuyen/CVPR2017/block_splits_by_image_all.pth', log_path='/home/exx/GithubClonedRepo/EEG-Research/Experiment/EEGClassification', info='classifier_classic_EEGChannelNet', img_encoder='efficientnet_b0', eeg_encoder='EEGChannelNet', batch_size=64, max_epoch=120, log_interval=50, arch='train', save_ckpt='checkpoints/', num_classes=40, num_workers=2, gpu=0, lr=0.001, wd=0.0001, optim='Adam', gamma=200, lr_step=10, pretrain=False, momen=0.9, nesterov=False, device=device(type='cuda', index=0))
2023-05-25 20:51:52.064 | INFO     | trainer:fit:49 - Epoch: 1/120. Train set: Average loss: 4.771744. Accuracy: 0.0274
	Validation set: Average loss: 4.753143. Accuracy: 0.0220
2023-05-25 20:53:16.601 | INFO     | trainer:fit:49 - Epoch: 2/120. Train set: Average loss: 4.594160. Accuracy: 0.0300
	Validation set: Average loss: 4.699952. Accuracy: 0.0220
2023-05-25 20:54:42.014 | INFO     | trainer:fit:49 - Epoch: 3/120. Train set: Average loss: 4.524765. Accuracy: 0.0420
	Validation set: Average loss: 4.503617. Accuracy: 0.0522
2023-05-25 20:56:08.449 | INFO     | trainer:fit:49 - Epoch: 4/120. Train set: Average loss: 4.167255. Accuracy: 0.0729
	Validation set: Average loss: 3.897101. Accuracy: 0.1085
2023-05-25 20:57:34.859 | INFO     | trainer:fit:49 - Epoch: 5/120. Train set: Average loss: 3.408382. Accuracy: 0.1182
	Validation set: Average loss: 2.873458. Accuracy: 0.1258
2023-05-25 20:59:01.368 | INFO     | trainer:fit:49 - Epoch: 6/120. Train set: Average loss: 2.744570. Accuracy: 0.1620
	Validation set: Average loss: 2.286821. Accuracy: 0.2110
2023-05-25 21:00:27.878 | INFO     | trainer:fit:49 - Epoch: 7/120. Train set: Average loss: 2.372391. Accuracy: 0.2105
	Validation set: Average loss: 2.189816. Accuracy: 0.2366
2023-05-25 21:01:54.346 | INFO     | trainer:fit:49 - Epoch: 8/120. Train set: Average loss: 2.223869. Accuracy: 0.2393
	Validation set: Average loss: 2.139069. Accuracy: 0.2388
2023-05-25 21:03:20.838 | INFO     | trainer:fit:49 - Epoch: 9/120. Train set: Average loss: 2.093309. Accuracy: 0.2711
	Validation set: Average loss: 1.900869. Accuracy: 0.2953
2023-05-25 21:04:47.298 | INFO     | trainer:fit:49 - Epoch: 10/120. Train set: Average loss: 1.956311. Accuracy: 0.3040
	Validation set: Average loss: 1.917293. Accuracy: 0.2883
2023-05-25 21:04:47.299 | INFO     | trainer:fit:58 - Best val accuracy: 0.2953
2023-05-25 21:06:14.846 | INFO     | trainer:fit:49 - Epoch: 11/120. Train set: Average loss: 1.720292. Accuracy: 0.3700
	Validation set: Average loss: 1.659651. Accuracy: 0.3660
2023-05-25 21:07:41.555 | INFO     | trainer:fit:49 - Epoch: 12/120. Train set: Average loss: 1.614318. Accuracy: 0.3997
	Validation set: Average loss: 1.627439. Accuracy: 0.3890
2023-05-25 21:09:08.082 | INFO     | trainer:fit:49 - Epoch: 13/120. Train set: Average loss: 1.584916. Accuracy: 0.4039
	Validation set: Average loss: 1.629654. Accuracy: 0.3793
2023-05-25 21:10:34.469 | INFO     | trainer:fit:49 - Epoch: 14/120. Train set: Average loss: 1.543333. Accuracy: 0.4177
	Validation set: Average loss: 1.591468. Accuracy: 0.3975
2023-05-25 21:12:00.799 | INFO     | trainer:fit:49 - Epoch: 15/120. Train set: Average loss: 1.528076. Accuracy: 0.4196
	Validation set: Average loss: 1.554506. Accuracy: 0.4039
2023-05-25 21:13:27.333 | INFO     | trainer:fit:49 - Epoch: 16/120. Train set: Average loss: 1.503734. Accuracy: 0.4308
	Validation set: Average loss: 1.565844. Accuracy: 0.4168
2023-05-25 21:14:53.989 | INFO     | trainer:fit:49 - Epoch: 17/120. Train set: Average loss: 1.458062. Accuracy: 0.4519
	Validation set: Average loss: 1.565721. Accuracy: 0.4003
2023-05-25 21:16:20.511 | INFO     | trainer:fit:49 - Epoch: 18/120. Train set: Average loss: 1.457999. Accuracy: 0.4385
	Validation set: Average loss: 1.600066. Accuracy: 0.3924
2023-05-25 21:17:46.976 | INFO     | trainer:fit:49 - Epoch: 19/120. Train set: Average loss: 1.424666. Accuracy: 0.4539
	Validation set: Average loss: 1.561884. Accuracy: 0.4136
2023-05-25 21:19:13.357 | INFO     | trainer:fit:49 - Epoch: 20/120. Train set: Average loss: 1.418515. Accuracy: 0.4595
	Validation set: Average loss: 1.523374. Accuracy: 0.4175
2023-05-25 21:19:13.366 | INFO     | trainer:fit:58 - Best val accuracy: 0.4175
2023-05-25 21:20:40.145 | INFO     | trainer:fit:49 - Epoch: 21/120. Train set: Average loss: 1.360729. Accuracy: 0.4817
	Validation set: Average loss: 1.512485. Accuracy: 0.4309
2023-05-25 21:22:06.737 | INFO     | trainer:fit:49 - Epoch: 22/120. Train set: Average loss: 1.345727. Accuracy: 0.4822
	Validation set: Average loss: 1.515315. Accuracy: 0.4208
2023-05-25 21:23:33.290 | INFO     | trainer:fit:49 - Epoch: 23/120. Train set: Average loss: 1.350034. Accuracy: 0.4803
	Validation set: Average loss: 1.511791. Accuracy: 0.4279
2023-05-25 21:24:59.798 | INFO     | trainer:fit:49 - Epoch: 24/120. Train set: Average loss: 1.365581. Accuracy: 0.4767
	Validation set: Average loss: 1.539130. Accuracy: 0.4183
2023-05-25 21:26:26.475 | INFO     | trainer:fit:49 - Epoch: 25/120. Train set: Average loss: 1.340436. Accuracy: 0.4928
	Validation set: Average loss: 1.501809. Accuracy: 0.4381
2023-05-25 21:27:52.930 | INFO     | trainer:fit:49 - Epoch: 26/120. Train set: Average loss: 1.338580. Accuracy: 0.4859
	Validation set: Average loss: 1.505374. Accuracy: 0.4326
2023-05-25 21:29:19.654 | INFO     | trainer:fit:49 - Epoch: 27/120. Train set: Average loss: 1.345114. Accuracy: 0.4899
	Validation set: Average loss: 1.505710. Accuracy: 0.4344
2023-05-25 21:30:46.185 | INFO     | trainer:fit:49 - Epoch: 28/120. Train set: Average loss: 1.339522. Accuracy: 0.4846
	Validation set: Average loss: 1.504204. Accuracy: 0.4356
2023-05-25 21:32:12.868 | INFO     | trainer:fit:49 - Epoch: 29/120. Train set: Average loss: 1.335726. Accuracy: 0.4907
	Validation set: Average loss: 1.506204. Accuracy: 0.4341
2023-05-25 21:33:39.373 | INFO     | trainer:fit:49 - Epoch: 30/120. Train set: Average loss: 1.323107. Accuracy: 0.4970
	Validation set: Average loss: 1.497247. Accuracy: 0.4361
2023-05-25 21:33:39.373 | INFO     | trainer:fit:58 - Best val accuracy: 0.4381
2023-05-25 21:35:06.128 | INFO     | trainer:fit:49 - Epoch: 31/120. Train set: Average loss: 1.320472. Accuracy: 0.4961
	Validation set: Average loss: 1.496487. Accuracy: 0.4358
2023-05-25 21:36:32.951 | INFO     | trainer:fit:49 - Epoch: 32/120. Train set: Average loss: 1.312485. Accuracy: 0.4926
	Validation set: Average loss: 1.507553. Accuracy: 0.4314
2023-05-25 21:37:59.564 | INFO     | trainer:fit:49 - Epoch: 33/120. Train set: Average loss: 1.314766. Accuracy: 0.5019
	Validation set: Average loss: 1.513115. Accuracy: 0.4356
2023-05-25 21:39:26.793 | INFO     | trainer:fit:49 - Epoch: 34/120. Train set: Average loss: 1.330318. Accuracy: 0.4895
	Validation set: Average loss: 1.510509. Accuracy: 0.4326
2023-05-25 21:40:54.501 | INFO     | trainer:fit:49 - Epoch: 35/120. Train set: Average loss: 1.319548. Accuracy: 0.4962
	Validation set: Average loss: 1.507253. Accuracy: 0.4341
2023-05-25 21:42:22.208 | INFO     | trainer:fit:49 - Epoch: 36/120. Train set: Average loss: 1.327889. Accuracy: 0.4987
	Validation set: Average loss: 1.503341. Accuracy: 0.4344
2023-05-25 21:43:49.432 | INFO     | trainer:fit:49 - Epoch: 37/120. Train set: Average loss: 1.318395. Accuracy: 0.4922
	Validation set: Average loss: 1.508838. Accuracy: 0.4365
2023-05-25 21:45:16.093 | INFO     | trainer:fit:49 - Epoch: 38/120. Train set: Average loss: 1.328317. Accuracy: 0.4927
	Validation set: Average loss: 1.522265. Accuracy: 0.4316
2023-05-25 21:46:43.040 | INFO     | trainer:fit:49 - Epoch: 39/120. Train set: Average loss: 1.323286. Accuracy: 0.4931
	Validation set: Average loss: 1.513734. Accuracy: 0.4369
2023-05-25 21:48:11.037 | INFO     | trainer:fit:49 - Epoch: 40/120. Train set: Average loss: 1.323106. Accuracy: 0.4880
	Validation set: Average loss: 1.521267. Accuracy: 0.4302
2023-05-25 21:48:11.037 | INFO     | trainer:fit:58 - Best val accuracy: 0.4381
2023-05-25 21:49:39.074 | INFO     | trainer:fit:49 - Epoch: 41/120. Train set: Average loss: 1.317653. Accuracy: 0.4941
	Validation set: Average loss: 1.502432. Accuracy: 0.4381
2023-05-25 21:51:06.695 | INFO     | trainer:fit:49 - Epoch: 42/120. Train set: Average loss: 1.310129. Accuracy: 0.5006
	Validation set: Average loss: 1.512088. Accuracy: 0.4308
2023-05-25 21:52:34.348 | INFO     | trainer:fit:49 - Epoch: 43/120. Train set: Average loss: 1.314685. Accuracy: 0.4906
	Validation set: Average loss: 1.507757. Accuracy: 0.4338
2023-05-25 21:54:01.993 | INFO     | trainer:fit:49 - Epoch: 44/120. Train set: Average loss: 1.312874. Accuracy: 0.4965
	Validation set: Average loss: 1.536967. Accuracy: 0.4242
2023-05-25 21:55:29.568 | INFO     | trainer:fit:49 - Epoch: 45/120. Train set: Average loss: 1.308429. Accuracy: 0.4989
	Validation set: Average loss: 1.520598. Accuracy: 0.4291
2023-05-25 21:56:57.210 | INFO     | trainer:fit:49 - Epoch: 46/120. Train set: Average loss: 1.325627. Accuracy: 0.4896
	Validation set: Average loss: 1.508080. Accuracy: 0.4320
2023-05-25 21:58:24.937 | INFO     | trainer:fit:49 - Epoch: 47/120. Train set: Average loss: 1.320797. Accuracy: 0.4997
	Validation set: Average loss: 1.516058. Accuracy: 0.4267
2023-05-25 21:59:52.498 | INFO     | trainer:fit:49 - Epoch: 48/120. Train set: Average loss: 1.323383. Accuracy: 0.4926
	Validation set: Average loss: 1.501039. Accuracy: 0.4355
2023-05-25 22:01:20.094 | INFO     | trainer:fit:49 - Epoch: 49/120. Train set: Average loss: 1.314194. Accuracy: 0.4898
	Validation set: Average loss: 1.494156. Accuracy: 0.4376
2023-05-25 22:02:47.769 | INFO     | trainer:fit:49 - Epoch: 50/120. Train set: Average loss: 1.323322. Accuracy: 0.4885
	Validation set: Average loss: 1.496458. Accuracy: 0.4294
2023-05-25 22:02:47.769 | INFO     | trainer:fit:58 - Best val accuracy: 0.4381
2023-05-25 22:04:15.736 | INFO     | trainer:fit:49 - Epoch: 51/120. Train set: Average loss: 1.320186. Accuracy: 0.4901
	Validation set: Average loss: 1.505911. Accuracy: 0.4342
2023-05-25 22:05:43.394 | INFO     | trainer:fit:49 - Epoch: 52/120. Train set: Average loss: 1.315768. Accuracy: 0.4946
	Validation set: Average loss: 1.533147. Accuracy: 0.4393
2023-05-25 22:07:11.070 | INFO     | trainer:fit:49 - Epoch: 53/120. Train set: Average loss: 1.320192. Accuracy: 0.4952
	Validation set: Average loss: 1.522131. Accuracy: 0.4318
2023-05-25 22:08:38.657 | INFO     | trainer:fit:49 - Epoch: 54/120. Train set: Average loss: 1.322922. Accuracy: 0.4901
	Validation set: Average loss: 1.528477. Accuracy: 0.4282
2023-05-25 22:10:06.243 | INFO     | trainer:fit:49 - Epoch: 55/120. Train set: Average loss: 1.322354. Accuracy: 0.4993
	Validation set: Average loss: 1.498468. Accuracy: 0.4331
2023-05-25 22:11:33.853 | INFO     | trainer:fit:49 - Epoch: 56/120. Train set: Average loss: 1.320733. Accuracy: 0.4913
	Validation set: Average loss: 1.511124. Accuracy: 0.4291
2023-05-25 22:13:01.495 | INFO     | trainer:fit:49 - Epoch: 57/120. Train set: Average loss: 1.318224. Accuracy: 0.4916
	Validation set: Average loss: 1.517385. Accuracy: 0.4312
2023-05-25 22:14:29.103 | INFO     | trainer:fit:49 - Epoch: 58/120. Train set: Average loss: 1.319729. Accuracy: 0.4943
	Validation set: Average loss: 1.509190. Accuracy: 0.4302
2023-05-25 22:15:56.722 | INFO     | trainer:fit:49 - Epoch: 59/120. Train set: Average loss: 1.331105. Accuracy: 0.4923
	Validation set: Average loss: 1.500974. Accuracy: 0.4326
2023-05-25 22:17:24.310 | INFO     | trainer:fit:49 - Epoch: 60/120. Train set: Average loss: 1.306495. Accuracy: 0.4935
	Validation set: Average loss: 1.505729. Accuracy: 0.4388
2023-05-25 22:17:24.310 | INFO     | trainer:fit:58 - Best val accuracy: 0.4393
2023-05-25 22:18:52.123 | INFO     | trainer:fit:49 - Epoch: 61/120. Train set: Average loss: 1.324400. Accuracy: 0.5017
	Validation set: Average loss: 1.516501. Accuracy: 0.4284
2023-05-25 22:20:19.773 | INFO     | trainer:fit:49 - Epoch: 62/120. Train set: Average loss: 1.313000. Accuracy: 0.5002
	Validation set: Average loss: 1.503637. Accuracy: 0.4358
2023-05-25 22:21:47.335 | INFO     | trainer:fit:49 - Epoch: 63/120. Train set: Average loss: 1.325098. Accuracy: 0.4952
	Validation set: Average loss: 1.510649. Accuracy: 0.4329
2023-05-25 22:23:14.979 | INFO     | trainer:fit:49 - Epoch: 64/120. Train set: Average loss: 1.319157. Accuracy: 0.5000
	Validation set: Average loss: 1.514372. Accuracy: 0.4267
2023-05-25 22:24:42.681 | INFO     | trainer:fit:49 - Epoch: 65/120. Train set: Average loss: 1.325806. Accuracy: 0.4911
	Validation set: Average loss: 1.495801. Accuracy: 0.4365
2023-05-25 22:26:10.273 | INFO     | trainer:fit:49 - Epoch: 66/120. Train set: Average loss: 1.331061. Accuracy: 0.4927
	Validation set: Average loss: 1.527982. Accuracy: 0.4299
2023-05-25 22:27:37.935 | INFO     | trainer:fit:49 - Epoch: 67/120. Train set: Average loss: 1.318851. Accuracy: 0.4955
	Validation set: Average loss: 1.509283. Accuracy: 0.4383
2023-05-25 22:29:05.572 | INFO     | trainer:fit:49 - Epoch: 68/120. Train set: Average loss: 1.315243. Accuracy: 0.4961
	Validation set: Average loss: 1.525949. Accuracy: 0.4261
2023-05-25 22:30:33.228 | INFO     | trainer:fit:49 - Epoch: 69/120. Train set: Average loss: 1.310234. Accuracy: 0.4973
	Validation set: Average loss: 1.514542. Accuracy: 0.4261
2023-05-25 22:32:00.828 | INFO     | trainer:fit:49 - Epoch: 70/120. Train set: Average loss: 1.319454. Accuracy: 0.4951
	Validation set: Average loss: 1.505779. Accuracy: 0.4353
2023-05-25 22:32:00.829 | INFO     | trainer:fit:58 - Best val accuracy: 0.4393
2023-05-25 22:33:28.629 | INFO     | trainer:fit:49 - Epoch: 71/120. Train set: Average loss: 1.323702. Accuracy: 0.5010
	Validation set: Average loss: 1.508945. Accuracy: 0.4380
2023-05-25 22:34:56.174 | INFO     | trainer:fit:49 - Epoch: 72/120. Train set: Average loss: 1.328824. Accuracy: 0.4854
	Validation set: Average loss: 1.494197. Accuracy: 0.4390
2023-05-25 22:36:23.817 | INFO     | trainer:fit:49 - Epoch: 73/120. Train set: Average loss: 1.328950. Accuracy: 0.4869
	Validation set: Average loss: 1.506655. Accuracy: 0.4272
2023-05-25 22:37:51.391 | INFO     | trainer:fit:49 - Epoch: 74/120. Train set: Average loss: 1.319631. Accuracy: 0.4954
	Validation set: Average loss: 1.506259. Accuracy: 0.4275
2023-05-25 22:39:18.986 | INFO     | trainer:fit:49 - Epoch: 75/120. Train set: Average loss: 1.315350. Accuracy: 0.4966
	Validation set: Average loss: 1.507092. Accuracy: 0.4358
2023-05-25 22:40:46.569 | INFO     | trainer:fit:49 - Epoch: 76/120. Train set: Average loss: 1.325138. Accuracy: 0.4890
	Validation set: Average loss: 1.507195. Accuracy: 0.4396
2023-05-25 22:42:14.161 | INFO     | trainer:fit:49 - Epoch: 77/120. Train set: Average loss: 1.311610. Accuracy: 0.4968
	Validation set: Average loss: 1.515067. Accuracy: 0.4341
2023-05-25 22:43:41.736 | INFO     | trainer:fit:49 - Epoch: 78/120. Train set: Average loss: 1.327489. Accuracy: 0.4957
	Validation set: Average loss: 1.516579. Accuracy: 0.4286
2023-05-25 22:45:09.322 | INFO     | trainer:fit:49 - Epoch: 79/120. Train set: Average loss: 1.329866. Accuracy: 0.4878
	Validation set: Average loss: 1.509145. Accuracy: 0.4286
2023-05-25 22:46:36.835 | INFO     | trainer:fit:49 - Epoch: 80/120. Train set: Average loss: 1.322199. Accuracy: 0.4879
	Validation set: Average loss: 1.519678. Accuracy: 0.4309
2023-05-25 22:46:36.836 | INFO     | trainer:fit:58 - Best val accuracy: 0.4396
2023-05-25 22:48:04.592 | INFO     | trainer:fit:49 - Epoch: 81/120. Train set: Average loss: 1.323435. Accuracy: 0.4937
	Validation set: Average loss: 1.512793. Accuracy: 0.4264
2023-05-25 22:49:32.121 | INFO     | trainer:fit:49 - Epoch: 82/120. Train set: Average loss: 1.324681. Accuracy: 0.4962
	Validation set: Average loss: 1.505229. Accuracy: 0.4361
2023-05-25 22:50:59.643 | INFO     | trainer:fit:49 - Epoch: 83/120. Train set: Average loss: 1.330302. Accuracy: 0.4862
	Validation set: Average loss: 1.500037. Accuracy: 0.4348
2023-05-25 22:52:27.241 | INFO     | trainer:fit:49 - Epoch: 84/120. Train set: Average loss: 1.316936. Accuracy: 0.4958
	Validation set: Average loss: 1.534298. Accuracy: 0.4344
2023-05-25 22:53:54.810 | INFO     | trainer:fit:49 - Epoch: 85/120. Train set: Average loss: 1.319086. Accuracy: 0.4938
	Validation set: Average loss: 1.509729. Accuracy: 0.4364
2023-05-25 22:55:22.410 | INFO     | trainer:fit:49 - Epoch: 86/120. Train set: Average loss: 1.331713. Accuracy: 0.4903
	Validation set: Average loss: 1.514317. Accuracy: 0.4348
2023-05-25 22:56:50.000 | INFO     | trainer:fit:49 - Epoch: 87/120. Train set: Average loss: 1.312661. Accuracy: 0.4942
	Validation set: Average loss: 1.518914. Accuracy: 0.4299
2023-05-25 22:58:17.664 | INFO     | trainer:fit:49 - Epoch: 88/120. Train set: Average loss: 1.319219. Accuracy: 0.4860
	Validation set: Average loss: 1.529815. Accuracy: 0.4294
2023-05-25 22:59:45.320 | INFO     | trainer:fit:49 - Epoch: 89/120. Train set: Average loss: 1.306839. Accuracy: 0.4937
	Validation set: Average loss: 1.520035. Accuracy: 0.4271
2023-05-25 23:01:12.868 | INFO     | trainer:fit:49 - Epoch: 90/120. Train set: Average loss: 1.307378. Accuracy: 0.4978
	Validation set: Average loss: 1.513846. Accuracy: 0.4321
2023-05-25 23:01:12.868 | INFO     | trainer:fit:58 - Best val accuracy: 0.4396
2023-05-25 23:02:40.668 | INFO     | trainer:fit:49 - Epoch: 91/120. Train set: Average loss: 1.307187. Accuracy: 0.4976
	Validation set: Average loss: 1.505871. Accuracy: 0.4328
2023-05-25 23:04:08.231 | INFO     | trainer:fit:49 - Epoch: 92/120. Train set: Average loss: 1.322915. Accuracy: 0.5002
	Validation set: Average loss: 1.518253. Accuracy: 0.4307
2023-05-25 23:05:35.839 | INFO     | trainer:fit:49 - Epoch: 93/120. Train set: Average loss: 1.312249. Accuracy: 0.4968
	Validation set: Average loss: 1.528520. Accuracy: 0.4374
2023-05-25 23:07:03.400 | INFO     | trainer:fit:49 - Epoch: 94/120. Train set: Average loss: 1.323156. Accuracy: 0.4926
	Validation set: Average loss: 1.499318. Accuracy: 0.4321
2023-05-25 23:08:31.008 | INFO     | trainer:fit:49 - Epoch: 95/120. Train set: Average loss: 1.315413. Accuracy: 0.4975
	Validation set: Average loss: 1.530931. Accuracy: 0.4291
2023-05-25 23:09:58.546 | INFO     | trainer:fit:49 - Epoch: 96/120. Train set: Average loss: 1.321021. Accuracy: 0.4935
	Validation set: Average loss: 1.517472. Accuracy: 0.4312
2023-05-25 23:11:26.062 | INFO     | trainer:fit:49 - Epoch: 97/120. Train set: Average loss: 1.317786. Accuracy: 0.4958
	Validation set: Average loss: 1.540498. Accuracy: 0.4305
2023-05-25 23:12:53.628 | INFO     | trainer:fit:49 - Epoch: 98/120. Train set: Average loss: 1.315047. Accuracy: 0.4991
	Validation set: Average loss: 1.516910. Accuracy: 0.4279
2023-05-25 23:14:21.172 | INFO     | trainer:fit:49 - Epoch: 99/120. Train set: Average loss: 1.323584. Accuracy: 0.4904
	Validation set: Average loss: 1.511301. Accuracy: 0.4252
2023-05-25 23:15:48.739 | INFO     | trainer:fit:49 - Epoch: 100/120. Train set: Average loss: 1.323997. Accuracy: 0.4974
	Validation set: Average loss: 1.518814. Accuracy: 0.4294
2023-05-25 23:15:48.740 | INFO     | trainer:fit:58 - Best val accuracy: 0.4396
2023-05-25 23:17:16.484 | INFO     | trainer:fit:49 - Epoch: 101/120. Train set: Average loss: 1.320128. Accuracy: 0.4886
	Validation set: Average loss: 1.496692. Accuracy: 0.4363
2023-05-25 23:18:44.046 | INFO     | trainer:fit:49 - Epoch: 102/120. Train set: Average loss: 1.317128. Accuracy: 0.4930
	Validation set: Average loss: 1.536166. Accuracy: 0.4344
2023-05-25 23:20:11.606 | INFO     | trainer:fit:49 - Epoch: 103/120. Train set: Average loss: 1.320929. Accuracy: 0.4901
	Validation set: Average loss: 1.512143. Accuracy: 0.4321
2023-05-25 23:21:39.172 | INFO     | trainer:fit:49 - Epoch: 104/120. Train set: Average loss: 1.333245. Accuracy: 0.4880
	Validation set: Average loss: 1.516863. Accuracy: 0.4249
2023-05-25 23:23:06.769 | INFO     | trainer:fit:49 - Epoch: 105/120. Train set: Average loss: 1.307976. Accuracy: 0.5001
	Validation set: Average loss: 1.531304. Accuracy: 0.4291
2023-05-25 23:24:34.333 | INFO     | trainer:fit:49 - Epoch: 106/120. Train set: Average loss: 1.333185. Accuracy: 0.4946
	Validation set: Average loss: 1.510188. Accuracy: 0.4388
2023-05-25 23:26:01.823 | INFO     | trainer:fit:49 - Epoch: 107/120. Train set: Average loss: 1.318200. Accuracy: 0.4952
	Validation set: Average loss: 1.523527. Accuracy: 0.4296
2023-05-25 23:27:29.378 | INFO     | trainer:fit:49 - Epoch: 108/120. Train set: Average loss: 1.306374. Accuracy: 0.4989
	Validation set: Average loss: 1.502234. Accuracy: 0.4345
2023-05-25 23:28:56.865 | INFO     | trainer:fit:49 - Epoch: 109/120. Train set: Average loss: 1.323787. Accuracy: 0.4983
	Validation set: Average loss: 1.524592. Accuracy: 0.4314
2023-05-25 23:30:24.425 | INFO     | trainer:fit:49 - Epoch: 110/120. Train set: Average loss: 1.324345. Accuracy: 0.4921
	Validation set: Average loss: 1.510809. Accuracy: 0.4358
2023-05-25 23:30:24.425 | INFO     | trainer:fit:58 - Best val accuracy: 0.4396
2023-05-25 23:31:52.139 | INFO     | trainer:fit:49 - Epoch: 111/120. Train set: Average loss: 1.305554. Accuracy: 0.5008
	Validation set: Average loss: 1.553114. Accuracy: 0.4272
2023-05-25 23:33:19.746 | INFO     | trainer:fit:49 - Epoch: 112/120. Train set: Average loss: 1.309753. Accuracy: 0.5022
	Validation set: Average loss: 1.519392. Accuracy: 0.4309
2023-05-25 23:34:47.405 | INFO     | trainer:fit:49 - Epoch: 113/120. Train set: Average loss: 1.318678. Accuracy: 0.5002
	Validation set: Average loss: 1.494756. Accuracy: 0.4365
2023-05-25 23:36:15.029 | INFO     | trainer:fit:49 - Epoch: 114/120. Train set: Average loss: 1.319731. Accuracy: 0.4958
	Validation set: Average loss: 1.508748. Accuracy: 0.4309
2023-05-25 23:37:42.631 | INFO     | trainer:fit:49 - Epoch: 115/120. Train set: Average loss: 1.318046. Accuracy: 0.4950
	Validation set: Average loss: 1.523968. Accuracy: 0.4309
2023-05-25 23:39:10.235 | INFO     | trainer:fit:49 - Epoch: 116/120. Train set: Average loss: 1.315755. Accuracy: 0.4991
	Validation set: Average loss: 1.522307. Accuracy: 0.4230
2023-05-25 23:40:38.069 | INFO     | trainer:fit:49 - Epoch: 117/120. Train set: Average loss: 1.332724. Accuracy: 0.4941
	Validation set: Average loss: 1.488910. Accuracy: 0.4336
2023-05-25 23:42:03.930 | INFO     | trainer:fit:49 - Epoch: 118/120. Train set: Average loss: 1.318114. Accuracy: 0.4947
	Validation set: Average loss: 1.509836. Accuracy: 0.4314
2023-05-25 23:43:28.207 | INFO     | trainer:fit:49 - Epoch: 119/120. Train set: Average loss: 1.334138. Accuracy: 0.4890
	Validation set: Average loss: 1.505110. Accuracy: 0.4353
2023-05-25 23:44:51.980 | INFO     | trainer:fit:49 - Epoch: 120/120. Train set: Average loss: 1.323918. Accuracy: 0.4941
	Validation set: Average loss: 1.530691. Accuracy: 0.4306
2023-05-25 23:44:51.980 | INFO     | trainer:fit:62 - Training complete in 175m 41s
2023-05-25 23:44:51.980 | INFO     | trainer:fit:63 - Best Val Accuracy: 0.4396
