2023-09-01 23:35:17.659 | INFO     | __main__:run:38 - Namespace(img_feature_extract=0, splits_by_subject=1, dataset='CVPR2017', eeg_path='/media/mountHDD1/LanxHuyen/CVPR2017/eeg_heatmaps_5_95.pth', img_path='/home/exx/GithubClonedRepo/EEG-Research/Dataset/imagenet', splits_path='/media/mountHDD1/LanxHuyen/CVPR2017/splits_by_subject.pth', log_path='/home/exx/GithubClonedRepo/EEG-Research/Experiment/EEGClassification/results/eeg2image', info='EEG2Image_BySubject_efficientnet_b0_5_95', img_encoder='efficientnet_b0', eeg_encoder='Stacked_BiLSTM_Combined', classifier_mode='classic', weight_path='None', use_pretrained=True, batch_size=64, max_epoch=100, log_interval=50, arch='train', save_ckpt='checkpoints/', num_classes=40, num_workers=2, gpu=0, lr=0.001, wd=0.0001, optim='Adam', gamma=200, lr_step=10, pretrain=False, momen=0.9, nesterov=False, device=device(type='cuda', index=0))
2023-09-01 23:36:13.515 | INFO     | __main__:run:38 - Namespace(img_feature_extract=0, splits_by_subject=1, dataset='CVPR2017', eeg_path='/media/mountHDD1/LanxHuyen/CVPR2017/eeg_heatmaps_5_95.pth', img_path='/home/exx/GithubClonedRepo/EEG-Research/Dataset/imagenet', splits_path='/media/mountHDD1/LanxHuyen/CVPR2017/splits_by_subject.pth', log_path='/home/exx/GithubClonedRepo/EEG-Research/Experiment/EEGClassification/results/eeg2image', info='EEG2Image_BySubject_efficientnet_b0_5_95', img_encoder='efficientnet_b0', eeg_encoder='Stacked_BiLSTM_Combined', classifier_mode='classic', weight_path='None', use_pretrained=True, batch_size=64, max_epoch=100, log_interval=50, arch='train', save_ckpt='checkpoints/', num_classes=40, num_workers=2, gpu=0, lr=0.001, wd=0.0001, optim='Adam', gamma=200, lr_step=10, pretrain=False, momen=0.9, nesterov=False, device=device(type='cuda', index=0))
2023-09-01 23:45:02.291 | INFO     | __main__:run:38 - Namespace(img_feature_extract=0, splits_by_subject=1, dataset='CVPR2017', eeg_path='/media/mountHDD1/LanxHuyen/CVPR2017/eeg_heatmaps_5_95.pth', img_path='/home/exx/GithubClonedRepo/EEG-Research/Dataset/imagenet', splits_path='/media/mountHDD1/LanxHuyen/CVPR2017/splits_by_subject.pth', log_path='/home/exx/GithubClonedRepo/EEG-Research/Experiment/EEGClassification/results/eeg2image', info='EEG2Image_BySubject_efficientnet_b0_5_95', img_encoder='efficientnet_b0', eeg_encoder='Stacked_BiLSTM_Combined', classifier_mode='classic', weight_path='None', use_pretrained=True, batch_size=64, max_epoch=100, log_interval=50, arch='train', save_ckpt='checkpoints/', num_classes=40, num_workers=2, gpu=0, lr=0.001, wd=0.0001, optim='Adam', gamma=200, lr_step=10, pretrain=False, momen=0.9, nesterov=False, device=device(type='cuda', index=0))
2023-09-01 23:51:58.131 | INFO     | __main__:run:39 - Namespace(img_feature_extract=0, splits_by_subject=1, dataset='CVPR2017', eeg_path='/media/mountHDD1/LanxHuyen/CVPR2017/eeg_heatmaps_5_95.pth', img_path='/home/exx/GithubClonedRepo/EEG-Research/Dataset/imagenet', splits_path='/media/mountHDD1/LanxHuyen/CVPR2017/splits_by_subject.pth', log_path='/home/exx/GithubClonedRepo/EEG-Research/Experiment/EEGClassification/results/eeg2image', info='EEG2Image_BySubject_efficientnet_b0_5_95', img_encoder='efficientnet_b0', eeg_encoder='Stacked_BiLSTM_Combined', classifier_mode='classic', weight_path='None', use_pretrained=True, batch_size=64, max_epoch=100, log_interval=50, arch='train', save_ckpt='checkpoints/', num_classes=40, num_workers=2, gpu=0, lr=0.001, wd=0.0001, optim='Adam', gamma=200, lr_step=10, pretrain=False, momen=0.9, nesterov=False, device=device(type='cuda', index=0))
2023-09-09 15:24:19.634 | INFO     | __main__:run:39 - Namespace(img_feature_extract=0, splits_by_subject=1, dataset='CVPR2017', eeg_path='/media/mountHDD1/LanxHuyen/CVPR2017/eeg_heatmaps_5_95.pth', img_path='/home/exx/GithubClonedRepo/EEG-Research/Dataset/imagenet', splits_path='/media/mountHDD1/LanxHuyen/CVPR2017/splits_by_subject.pth', log_path='/home/exx/GithubClonedRepo/EEG-Research/Experiment/EEGClassification/results/eeg2image', info='EEG2Image_BySubject_efficientnet_b0_5_95', img_encoder='efficientnet_b0', eeg_encoder='Stacked_BiLSTM_Combined', classifier_mode='classic', weight_path='None', use_pretrained=True, batch_size=64, max_epoch=100, log_interval=50, arch='train', save_ckpt='checkpoints/', num_classes=40, num_workers=2, gpu=0, lr=0.001, wd=0.0001, optim='Adam', gamma=200, lr_step=10, pretrain=False, momen=0.9, nesterov=False, device=device(type='cuda', index=0))
2023-09-09 16:50:45.799 | INFO     | __main__:run:39 - Namespace(img_feature_extract=0, splits_by_subject=1, dataset='CVPR2017', eeg_path='/media/mountHDD1/LanxHuyen/CVPR2017/eeg_heatmaps_5_95.pth', img_path='/home/exx/GithubClonedRepo/EEG-Research/Dataset/imagenet', splits_path='/media/mountHDD1/LanxHuyen/CVPR2017/splits_by_subject.pth', log_path='/home/exx/GithubClonedRepo/EEG-Research/Experiment/EEGClassification/results/eeg2image', info='EEG2Image_BySubject_efficientnet_b0_5_95', img_encoder='efficientnet_b0', eeg_encoder='Stacked_BiLSTM_Combined', classifier_mode='classic', weight_path='None', use_pretrained=True, batch_size=64, max_epoch=100, log_interval=50, arch='train', save_ckpt='checkpoints/', num_classes=40, num_workers=2, gpu=0, lr=0.001, wd=0.0001, optim='Adam', gamma=200, lr_step=10, pretrain=False, momen=0.9, nesterov=False, device=device(type='cuda', index=0))
2023-09-09 16:50:55.998 | INFO     | trainer_eeg2image:fit:49 - Epoch: 1/100. Train set: Average loss: 3.687863. Accuracy: 0.0335
	Validation set: Average loss: 3.708811. Accuracy: 0.0260
2023-09-09 16:50:59.640 | INFO     | trainer_eeg2image:fit:49 - Epoch: 2/100. Train set: Average loss: 3.654656. Accuracy: 0.0618
	Validation set: Average loss: 3.707556. Accuracy: 0.0286
2023-09-09 16:51:03.365 | INFO     | trainer_eeg2image:fit:49 - Epoch: 3/100. Train set: Average loss: 3.633274. Accuracy: 0.0766
	Validation set: Average loss: 3.702151. Accuracy: 0.0234
2023-09-09 16:51:06.978 | INFO     | trainer_eeg2image:fit:49 - Epoch: 4/100. Train set: Average loss: 3.597374. Accuracy: 0.0960
	Validation set: Average loss: 3.723942. Accuracy: 0.0312
2023-09-09 16:51:10.679 | INFO     | trainer_eeg2image:fit:49 - Epoch: 5/100. Train set: Average loss: 3.538571. Accuracy: 0.1057
	Validation set: Average loss: 3.858787. Accuracy: 0.0286
2023-09-09 16:51:14.247 | INFO     | trainer_eeg2image:fit:49 - Epoch: 6/100. Train set: Average loss: 3.473532. Accuracy: 0.1250
	Validation set: Average loss: 3.666009. Accuracy: 0.0616
2023-09-09 16:51:18.083 | INFO     | trainer_eeg2image:fit:49 - Epoch: 7/100. Train set: Average loss: 3.289851. Accuracy: 0.1667
	Validation set: Average loss: 3.801985. Accuracy: 0.0234
2023-09-09 16:51:21.778 | INFO     | trainer_eeg2image:fit:49 - Epoch: 8/100. Train set: Average loss: 3.145010. Accuracy: 0.2076
	Validation set: Average loss: 3.957938. Accuracy: 0.0286
2023-09-09 16:51:25.318 | INFO     | trainer_eeg2image:fit:49 - Epoch: 9/100. Train set: Average loss: 3.010561. Accuracy: 0.2433
	Validation set: Average loss: 3.954982. Accuracy: 0.0512
2023-09-09 16:51:29.095 | INFO     | trainer_eeg2image:fit:49 - Epoch: 10/100. Train set: Average loss: 2.723053. Accuracy: 0.3207
	Validation set: Average loss: 4.143610. Accuracy: 0.0903
2023-09-09 16:51:29.112 | INFO     | trainer_eeg2image:fit:58 - Best val accuracy: 0.0903
2023-09-09 16:51:32.829 | INFO     | trainer_eeg2image:fit:49 - Epoch: 11/100. Train set: Average loss: 2.354560. Accuracy: 0.4390
	Validation set: Average loss: 3.973815. Accuracy: 0.1233
2023-09-09 16:51:36.493 | INFO     | trainer_eeg2image:fit:49 - Epoch: 12/100. Train set: Average loss: 2.067367. Accuracy: 0.5112
	Validation set: Average loss: 4.005934. Accuracy: 0.1102
2023-09-09 16:51:39.957 | INFO     | trainer_eeg2image:fit:49 - Epoch: 13/100. Train set: Average loss: 1.922460. Accuracy: 0.5409
	Validation set: Average loss: 4.132600. Accuracy: 0.0625
2023-09-09 16:51:43.568 | INFO     | trainer_eeg2image:fit:49 - Epoch: 14/100. Train set: Average loss: 1.785114. Accuracy: 0.5915
	Validation set: Average loss: 4.119076. Accuracy: 0.0599
2023-09-09 16:51:47.088 | INFO     | trainer_eeg2image:fit:49 - Epoch: 15/100. Train set: Average loss: 1.687778. Accuracy: 0.6198
	Validation set: Average loss: 4.256478. Accuracy: 0.0547
2023-09-09 16:51:50.843 | INFO     | trainer_eeg2image:fit:49 - Epoch: 16/100. Train set: Average loss: 1.610817. Accuracy: 0.6302
	Validation set: Average loss: 4.148901. Accuracy: 0.0521
2023-09-09 16:51:54.556 | INFO     | trainer_eeg2image:fit:49 - Epoch: 17/100. Train set: Average loss: 1.531993. Accuracy: 0.6659
	Validation set: Average loss: 4.359176. Accuracy: 0.0443
2023-09-09 16:51:58.282 | INFO     | trainer_eeg2image:fit:49 - Epoch: 18/100. Train set: Average loss: 1.425090. Accuracy: 0.6949
	Validation set: Average loss: 4.166981. Accuracy: 0.0521
2023-09-09 16:52:01.982 | INFO     | trainer_eeg2image:fit:49 - Epoch: 19/100. Train set: Average loss: 1.375326. Accuracy: 0.7009
	Validation set: Average loss: 4.206929. Accuracy: 0.0547
2023-09-09 16:52:05.576 | INFO     | trainer_eeg2image:fit:49 - Epoch: 20/100. Train set: Average loss: 1.299749. Accuracy: 0.7247
	Validation set: Average loss: 4.227858. Accuracy: 0.0573
2023-09-09 16:52:05.576 | INFO     | trainer_eeg2image:fit:58 - Best val accuracy: 0.1233
2023-09-09 16:52:09.587 | INFO     | trainer_eeg2image:fit:49 - Epoch: 21/100. Train set: Average loss: 1.241667. Accuracy: 0.7329
	Validation set: Average loss: 4.193876. Accuracy: 0.0720
2023-09-09 16:52:13.076 | INFO     | trainer_eeg2image:fit:49 - Epoch: 22/100. Train set: Average loss: 1.234215. Accuracy: 0.7470
	Validation set: Average loss: 4.067697. Accuracy: 0.0877
2023-09-09 16:52:16.688 | INFO     | trainer_eeg2image:fit:49 - Epoch: 23/100. Train set: Average loss: 1.212613. Accuracy: 0.7440
	Validation set: Average loss: 4.244309. Accuracy: 0.0799
2023-09-09 16:52:20.405 | INFO     | trainer_eeg2image:fit:49 - Epoch: 24/100. Train set: Average loss: 1.222801. Accuracy: 0.7396
	Validation set: Average loss: 4.169846. Accuracy: 0.0521
2023-09-09 16:52:24.157 | INFO     | trainer_eeg2image:fit:49 - Epoch: 25/100. Train set: Average loss: 1.235853. Accuracy: 0.7448
	Validation set: Average loss: 4.185509. Accuracy: 0.0573
2023-09-09 16:52:27.885 | INFO     | trainer_eeg2image:fit:49 - Epoch: 26/100. Train set: Average loss: 1.184764. Accuracy: 0.7537
	Validation set: Average loss: 4.078223. Accuracy: 0.0972
2023-09-09 16:52:31.718 | INFO     | trainer_eeg2image:fit:49 - Epoch: 27/100. Train set: Average loss: 1.185234. Accuracy: 0.7470
	Validation set: Average loss: 4.165128. Accuracy: 0.0694
2023-09-09 16:52:35.545 | INFO     | trainer_eeg2image:fit:49 - Epoch: 28/100. Train set: Average loss: 1.218743. Accuracy: 0.7455
	Validation set: Average loss: 4.264523. Accuracy: 0.0625
2023-09-09 16:52:39.095 | INFO     | trainer_eeg2image:fit:49 - Epoch: 29/100. Train set: Average loss: 1.182867. Accuracy: 0.7485
	Validation set: Average loss: 4.225859. Accuracy: 0.0443
2023-09-09 16:52:42.972 | INFO     | trainer_eeg2image:fit:49 - Epoch: 30/100. Train set: Average loss: 1.156038. Accuracy: 0.7552
	Validation set: Average loss: 4.194781. Accuracy: 0.0747
2023-09-09 16:52:42.973 | INFO     | trainer_eeg2image:fit:58 - Best val accuracy: 0.1233
2023-09-09 16:52:46.621 | INFO     | trainer_eeg2image:fit:49 - Epoch: 31/100. Train set: Average loss: 1.145562. Accuracy: 0.7664
	Validation set: Average loss: 4.178362. Accuracy: 0.0521
2023-09-09 16:52:50.256 | INFO     | trainer_eeg2image:fit:49 - Epoch: 32/100. Train set: Average loss: 1.182794. Accuracy: 0.7500
	Validation set: Average loss: 4.230030. Accuracy: 0.0799
2023-09-09 16:52:53.763 | INFO     | trainer_eeg2image:fit:49 - Epoch: 33/100. Train set: Average loss: 1.177954. Accuracy: 0.7567
	Validation set: Average loss: 4.091179. Accuracy: 0.1050
2023-09-09 16:52:57.236 | INFO     | trainer_eeg2image:fit:49 - Epoch: 34/100. Train set: Average loss: 1.171830. Accuracy: 0.7634
	Validation set: Average loss: 4.210483. Accuracy: 0.0443
2023-09-09 16:53:00.736 | INFO     | trainer_eeg2image:fit:49 - Epoch: 35/100. Train set: Average loss: 1.179759. Accuracy: 0.7589
	Validation set: Average loss: 4.236443. Accuracy: 0.0547
2023-09-09 16:53:04.128 | INFO     | trainer_eeg2image:fit:49 - Epoch: 36/100. Train set: Average loss: 1.160186. Accuracy: 0.7515
	Validation set: Average loss: 4.287719. Accuracy: 0.0573
2023-09-09 16:53:07.816 | INFO     | trainer_eeg2image:fit:49 - Epoch: 37/100. Train set: Average loss: 1.181654. Accuracy: 0.7470
	Validation set: Average loss: 4.202007. Accuracy: 0.0547
2023-09-09 16:53:11.501 | INFO     | trainer_eeg2image:fit:49 - Epoch: 38/100. Train set: Average loss: 1.124434. Accuracy: 0.7775
	Validation set: Average loss: 4.122650. Accuracy: 0.0547
2023-09-09 16:53:14.930 | INFO     | trainer_eeg2image:fit:49 - Epoch: 39/100. Train set: Average loss: 1.157867. Accuracy: 0.7671
	Validation set: Average loss: 4.295493. Accuracy: 0.0547
2023-09-09 16:53:18.664 | INFO     | trainer_eeg2image:fit:49 - Epoch: 40/100. Train set: Average loss: 1.183131. Accuracy: 0.7515
	Validation set: Average loss: 4.223576. Accuracy: 0.0851
2023-09-09 16:53:18.665 | INFO     | trainer_eeg2image:fit:58 - Best val accuracy: 0.1233
2023-09-09 16:53:22.298 | INFO     | trainer_eeg2image:fit:49 - Epoch: 41/100. Train set: Average loss: 1.173584. Accuracy: 0.7522
	Validation set: Average loss: 4.307088. Accuracy: 0.0547
2023-09-09 16:53:25.989 | INFO     | trainer_eeg2image:fit:49 - Epoch: 42/100. Train set: Average loss: 1.152469. Accuracy: 0.7604
	Validation set: Average loss: 4.139403. Accuracy: 0.0773
2023-09-09 16:53:29.545 | INFO     | trainer_eeg2image:fit:49 - Epoch: 43/100. Train set: Average loss: 1.178679. Accuracy: 0.7589
	Validation set: Average loss: 4.235950. Accuracy: 0.0573
2023-09-09 16:53:33.375 | INFO     | trainer_eeg2image:fit:49 - Epoch: 44/100. Train set: Average loss: 1.134378. Accuracy: 0.7738
	Validation set: Average loss: 4.185686. Accuracy: 0.0547
2023-09-09 16:53:37.282 | INFO     | trainer_eeg2image:fit:49 - Epoch: 45/100. Train set: Average loss: 1.180482. Accuracy: 0.7560
	Validation set: Average loss: 4.147983. Accuracy: 0.0625
2023-09-09 16:53:40.995 | INFO     | trainer_eeg2image:fit:49 - Epoch: 46/100. Train set: Average loss: 1.152571. Accuracy: 0.7664
	Validation set: Average loss: 4.185785. Accuracy: 0.0521
2023-09-09 16:53:44.798 | INFO     | trainer_eeg2image:fit:49 - Epoch: 47/100. Train set: Average loss: 1.157492. Accuracy: 0.7574
	Validation set: Average loss: 4.210928. Accuracy: 0.0773
2023-09-09 16:53:48.479 | INFO     | trainer_eeg2image:fit:49 - Epoch: 48/100. Train set: Average loss: 1.132795. Accuracy: 0.7619
	Validation set: Average loss: 4.169508. Accuracy: 0.0773
2023-09-09 16:53:52.003 | INFO     | trainer_eeg2image:fit:49 - Epoch: 49/100. Train set: Average loss: 1.139626. Accuracy: 0.7679
	Validation set: Average loss: 4.182593. Accuracy: 0.0547
2023-09-09 16:53:55.597 | INFO     | trainer_eeg2image:fit:49 - Epoch: 50/100. Train set: Average loss: 1.168160. Accuracy: 0.7500
	Validation set: Average loss: 4.157339. Accuracy: 0.0747
2023-09-09 16:53:55.597 | INFO     | trainer_eeg2image:fit:58 - Best val accuracy: 0.1233
2023-09-09 16:53:59.489 | INFO     | trainer_eeg2image:fit:49 - Epoch: 51/100. Train set: Average loss: 1.167833. Accuracy: 0.7574
	Validation set: Average loss: 4.187311. Accuracy: 0.0547
2023-09-09 16:54:03.023 | INFO     | trainer_eeg2image:fit:49 - Epoch: 52/100. Train set: Average loss: 1.170575. Accuracy: 0.7582
	Validation set: Average loss: 4.412645. Accuracy: 0.0521
2023-09-09 16:54:06.664 | INFO     | trainer_eeg2image:fit:49 - Epoch: 53/100. Train set: Average loss: 1.173036. Accuracy: 0.7455
	Validation set: Average loss: 4.384734. Accuracy: 0.0547
2023-09-09 16:54:10.224 | INFO     | trainer_eeg2image:fit:49 - Epoch: 54/100. Train set: Average loss: 1.166711. Accuracy: 0.7515
	Validation set: Average loss: 4.126621. Accuracy: 0.0547
2023-09-09 16:54:13.969 | INFO     | trainer_eeg2image:fit:49 - Epoch: 55/100. Train set: Average loss: 1.187163. Accuracy: 0.7478
	Validation set: Average loss: 4.171064. Accuracy: 0.0521
2023-09-09 16:54:17.470 | INFO     | trainer_eeg2image:fit:49 - Epoch: 56/100. Train set: Average loss: 1.139823. Accuracy: 0.7582
	Validation set: Average loss: 4.132244. Accuracy: 0.0625
2023-09-09 16:54:21.184 | INFO     | trainer_eeg2image:fit:49 - Epoch: 57/100. Train set: Average loss: 1.158773. Accuracy: 0.7537
	Validation set: Average loss: 4.117781. Accuracy: 0.0799
2023-09-09 16:54:24.654 | INFO     | trainer_eeg2image:fit:49 - Epoch: 58/100. Train set: Average loss: 1.160829. Accuracy: 0.7634
	Validation set: Average loss: 4.151682. Accuracy: 0.0521
2023-09-09 16:54:28.241 | INFO     | trainer_eeg2image:fit:49 - Epoch: 59/100. Train set: Average loss: 1.146829. Accuracy: 0.7634
	Validation set: Average loss: 4.236257. Accuracy: 0.0521
2023-09-09 16:54:31.975 | INFO     | trainer_eeg2image:fit:49 - Epoch: 60/100. Train set: Average loss: 1.170155. Accuracy: 0.7582
	Validation set: Average loss: 4.103146. Accuracy: 0.0773
2023-09-09 16:54:31.976 | INFO     | trainer_eeg2image:fit:58 - Best val accuracy: 0.1233
2023-09-09 16:54:35.729 | INFO     | trainer_eeg2image:fit:49 - Epoch: 61/100. Train set: Average loss: 1.179365. Accuracy: 0.7426
	Validation set: Average loss: 4.242065. Accuracy: 0.0521
2023-09-09 16:54:39.631 | INFO     | trainer_eeg2image:fit:49 - Epoch: 62/100. Train set: Average loss: 1.165142. Accuracy: 0.7574
	Validation set: Average loss: 3.945649. Accuracy: 0.0599
2023-09-09 16:54:43.119 | INFO     | trainer_eeg2image:fit:49 - Epoch: 63/100. Train set: Average loss: 1.126860. Accuracy: 0.7656
	Validation set: Average loss: 4.228027. Accuracy: 0.0547
2023-09-09 16:54:46.925 | INFO     | trainer_eeg2image:fit:49 - Epoch: 64/100. Train set: Average loss: 1.184685. Accuracy: 0.7530
	Validation set: Average loss: 4.392259. Accuracy: 0.0547
2023-09-09 16:54:50.588 | INFO     | trainer_eeg2image:fit:49 - Epoch: 65/100. Train set: Average loss: 1.143443. Accuracy: 0.7589
	Validation set: Average loss: 4.187242. Accuracy: 0.0773
2023-09-09 16:54:54.535 | INFO     | trainer_eeg2image:fit:49 - Epoch: 66/100. Train set: Average loss: 1.189827. Accuracy: 0.7552
	Validation set: Average loss: 4.225819. Accuracy: 0.0599
2023-09-09 16:54:58.042 | INFO     | trainer_eeg2image:fit:49 - Epoch: 67/100. Train set: Average loss: 1.149640. Accuracy: 0.7671
	Validation set: Average loss: 4.071456. Accuracy: 0.1076
2023-09-09 16:55:01.795 | INFO     | trainer_eeg2image:fit:49 - Epoch: 68/100. Train set: Average loss: 1.148951. Accuracy: 0.7641
	Validation set: Average loss: 4.110265. Accuracy: 0.0547
2023-09-09 16:55:05.536 | INFO     | trainer_eeg2image:fit:49 - Epoch: 69/100. Train set: Average loss: 1.141923. Accuracy: 0.7656
	Validation set: Average loss: 4.384645. Accuracy: 0.0547
2023-09-09 16:55:09.186 | INFO     | trainer_eeg2image:fit:49 - Epoch: 70/100. Train set: Average loss: 1.205913. Accuracy: 0.7470
	Validation set: Average loss: 3.989200. Accuracy: 0.1024
2023-09-09 16:55:09.186 | INFO     | trainer_eeg2image:fit:58 - Best val accuracy: 0.1233
2023-09-09 16:55:12.959 | INFO     | trainer_eeg2image:fit:49 - Epoch: 71/100. Train set: Average loss: 1.196879. Accuracy: 0.7560
	Validation set: Average loss: 4.227873. Accuracy: 0.0547
2023-09-09 16:55:16.435 | INFO     | trainer_eeg2image:fit:49 - Epoch: 72/100. Train set: Average loss: 1.173815. Accuracy: 0.7530
	Validation set: Average loss: 4.079043. Accuracy: 0.0998
2023-09-09 16:55:19.947 | INFO     | trainer_eeg2image:fit:49 - Epoch: 73/100. Train set: Average loss: 1.176037. Accuracy: 0.7522
	Validation set: Average loss: 4.223377. Accuracy: 0.0417
2023-09-09 16:55:23.681 | INFO     | trainer_eeg2image:fit:49 - Epoch: 74/100. Train set: Average loss: 1.132050. Accuracy: 0.7604
	Validation set: Average loss: 4.174357. Accuracy: 0.0547
2023-09-09 16:55:27.217 | INFO     | trainer_eeg2image:fit:49 - Epoch: 75/100. Train set: Average loss: 1.162475. Accuracy: 0.7589
	Validation set: Average loss: 4.281864. Accuracy: 0.0851
2023-09-09 16:55:30.923 | INFO     | trainer_eeg2image:fit:49 - Epoch: 76/100. Train set: Average loss: 1.160285. Accuracy: 0.7641
	Validation set: Average loss: 4.161910. Accuracy: 0.0521
2023-09-09 16:55:34.726 | INFO     | trainer_eeg2image:fit:49 - Epoch: 77/100. Train set: Average loss: 1.216605. Accuracy: 0.7470
	Validation set: Average loss: 4.167514. Accuracy: 0.0469
2023-09-09 16:55:38.461 | INFO     | trainer_eeg2image:fit:49 - Epoch: 78/100. Train set: Average loss: 1.143360. Accuracy: 0.7545
	Validation set: Average loss: 4.183534. Accuracy: 0.0573
2023-09-09 16:55:42.083 | INFO     | trainer_eeg2image:fit:49 - Epoch: 79/100. Train set: Average loss: 1.195951. Accuracy: 0.7321
	Validation set: Average loss: 4.277203. Accuracy: 0.0521
2023-09-09 16:55:45.767 | INFO     | trainer_eeg2image:fit:49 - Epoch: 80/100. Train set: Average loss: 1.140485. Accuracy: 0.7552
	Validation set: Average loss: 4.112140. Accuracy: 0.0469
2023-09-09 16:55:45.768 | INFO     | trainer_eeg2image:fit:58 - Best val accuracy: 0.1233
2023-09-09 16:55:49.620 | INFO     | trainer_eeg2image:fit:49 - Epoch: 81/100. Train set: Average loss: 1.149858. Accuracy: 0.7537
	Validation set: Average loss: 4.190593. Accuracy: 0.0573
2023-09-09 16:55:53.467 | INFO     | trainer_eeg2image:fit:49 - Epoch: 82/100. Train set: Average loss: 1.112417. Accuracy: 0.7760
	Validation set: Average loss: 4.172436. Accuracy: 0.0495
2023-09-09 16:55:57.211 | INFO     | trainer_eeg2image:fit:49 - Epoch: 83/100. Train set: Average loss: 1.168187. Accuracy: 0.7500
	Validation set: Average loss: 4.181393. Accuracy: 0.0495
2023-09-09 16:56:01.005 | INFO     | trainer_eeg2image:fit:49 - Epoch: 84/100. Train set: Average loss: 1.203971. Accuracy: 0.7448
	Validation set: Average loss: 4.021767. Accuracy: 0.0799
2023-09-09 16:56:04.528 | INFO     | trainer_eeg2image:fit:49 - Epoch: 85/100. Train set: Average loss: 1.164235. Accuracy: 0.7686
	Validation set: Average loss: 4.229677. Accuracy: 0.0521
2023-09-09 16:56:08.106 | INFO     | trainer_eeg2image:fit:49 - Epoch: 86/100. Train set: Average loss: 1.164037. Accuracy: 0.7582
	Validation set: Average loss: 4.027405. Accuracy: 0.1076
2023-09-09 16:56:11.882 | INFO     | trainer_eeg2image:fit:49 - Epoch: 87/100. Train set: Average loss: 1.179160. Accuracy: 0.7463
	Validation set: Average loss: 4.139727. Accuracy: 0.0799
2023-09-09 16:56:15.610 | INFO     | trainer_eeg2image:fit:49 - Epoch: 88/100. Train set: Average loss: 1.149408. Accuracy: 0.7641
	Validation set: Average loss: 4.131589. Accuracy: 0.0547
2023-09-09 16:56:19.471 | INFO     | trainer_eeg2image:fit:49 - Epoch: 89/100. Train set: Average loss: 1.165087. Accuracy: 0.7537
	Validation set: Average loss: 3.995710. Accuracy: 0.1076
2023-09-09 16:56:23.260 | INFO     | trainer_eeg2image:fit:49 - Epoch: 90/100. Train set: Average loss: 1.149866. Accuracy: 0.7716
	Validation set: Average loss: 4.105138. Accuracy: 0.0599
2023-09-09 16:56:23.260 | INFO     | trainer_eeg2image:fit:58 - Best val accuracy: 0.1233
2023-09-09 16:56:27.270 | INFO     | trainer_eeg2image:fit:49 - Epoch: 91/100. Train set: Average loss: 1.120965. Accuracy: 0.7783
	Validation set: Average loss: 4.086518. Accuracy: 0.0773
2023-09-09 16:56:30.840 | INFO     | trainer_eeg2image:fit:49 - Epoch: 92/100. Train set: Average loss: 1.173845. Accuracy: 0.7537
	Validation set: Average loss: 4.231374. Accuracy: 0.0773
2023-09-09 16:56:34.521 | INFO     | trainer_eeg2image:fit:49 - Epoch: 93/100. Train set: Average loss: 1.133414. Accuracy: 0.7656
	Validation set: Average loss: 4.168273. Accuracy: 0.0469
2023-09-09 16:56:38.197 | INFO     | trainer_eeg2image:fit:49 - Epoch: 94/100. Train set: Average loss: 1.173593. Accuracy: 0.7522
	Validation set: Average loss: 4.108883. Accuracy: 0.0799
2023-09-09 16:56:41.973 | INFO     | trainer_eeg2image:fit:49 - Epoch: 95/100. Train set: Average loss: 1.201709. Accuracy: 0.7440
	Validation set: Average loss: 4.102495. Accuracy: 0.0547
2023-09-09 16:56:45.862 | INFO     | trainer_eeg2image:fit:49 - Epoch: 96/100. Train set: Average loss: 1.158431. Accuracy: 0.7679
	Validation set: Average loss: 4.208369. Accuracy: 0.0547
2023-09-09 16:56:49.744 | INFO     | trainer_eeg2image:fit:49 - Epoch: 97/100. Train set: Average loss: 1.153437. Accuracy: 0.7545
	Validation set: Average loss: 4.106937. Accuracy: 0.0521
2023-09-09 16:56:53.323 | INFO     | trainer_eeg2image:fit:49 - Epoch: 98/100. Train set: Average loss: 1.166509. Accuracy: 0.7634
	Validation set: Average loss: 4.191619. Accuracy: 0.0599
2023-09-09 16:56:57.021 | INFO     | trainer_eeg2image:fit:49 - Epoch: 99/100. Train set: Average loss: 1.158742. Accuracy: 0.7597
	Validation set: Average loss: 4.179948. Accuracy: 0.0851
2023-09-09 16:57:00.579 | INFO     | trainer_eeg2image:fit:49 - Epoch: 100/100. Train set: Average loss: 1.166838. Accuracy: 0.7507
	Validation set: Average loss: 4.195326. Accuracy: 0.0573
2023-09-09 16:57:00.579 | INFO     | trainer_eeg2image:fit:62 - Training complete in 6m 11s
2023-09-09 16:57:00.580 | INFO     | trainer_eeg2image:fit:63 - Best Val Accuracy: 0.1233
