2023-08-22 19:18:51.273 | INFO     | __main__:run:49 - Namespace(img_feature_extract=0, embedding_size=128, classifier_mode='classic', weight_path='None', dataset='CVPR2017', eeg_path='/media/mountHDD1/LanxHuyen/CVPR2017/eeg_55_95_std.pth', time_low=20, time_high=460, img_path='/home/exx/GithubClonedRepo/EEG-Research/Dataset/imagenet', splits_path='/media/mountHDD1/LanxHuyen/CVPR2017/block_splits_by_image_all.pth', log_path='/home/exx/GithubClonedRepo/EEG-Research/Experiment/EEGClassification', info='classifier_LSTM_Dropout', img_encoder='efficientnet_b0', eeg_encoder='LSTM_Dropout', batch_size=64, max_epoch=100, log_interval=50, arch='train', save_ckpt='checkpoints/', num_classes=40, num_workers=2, gpu=0, lr=0.001, wd=0.0001, optim='Adam', gamma=200, lr_step=10, pretrain=False, momen=0.9, nesterov=False, device=device(type='cuda', index=0))
2023-08-22 19:22:24.330 | INFO     | __main__:run:49 - Namespace(img_feature_extract=0, embedding_size=128, classifier_mode='classic', weight_path='None', dataset='CVPR2017', eeg_path='/media/mountHDD1/LanxHuyen/CVPR2017/eeg_55_95_std.pth', time_low=20, time_high=460, img_path='/home/exx/GithubClonedRepo/EEG-Research/Dataset/imagenet', splits_path='/media/mountHDD1/LanxHuyen/CVPR2017/block_splits_by_image_all.pth', log_path='/home/exx/GithubClonedRepo/EEG-Research/Experiment/EEGClassification', info='classifier_LSTM_Dropout', img_encoder='efficientnet_b0', eeg_encoder='LSTM_Dropout', batch_size=64, max_epoch=100, log_interval=50, arch='train', save_ckpt='checkpoints/', num_classes=40, num_workers=2, gpu=0, lr=0.001, wd=0.0001, optim='Adam', gamma=200, lr_step=10, pretrain=False, momen=0.9, nesterov=False, device=device(type='cuda', index=0))
2023-08-22 19:33:37.140 | INFO     | __main__:run:49 - Namespace(img_feature_extract=0, embedding_size=128, classifier_mode='classic', weight_path='None', dataset='CVPR2017', eeg_path='/media/mountHDD1/LanxHuyen/CVPR2017/eeg_55_95_std.pth', time_low=20, time_high=460, img_path='/home/exx/GithubClonedRepo/EEG-Research/Dataset/imagenet', splits_path='/media/mountHDD1/LanxHuyen/CVPR2017/block_splits_by_image_all.pth', log_path='/home/exx/GithubClonedRepo/EEG-Research/Experiment/EEGClassification', info='classifier_LSTM_Dropout', img_encoder='efficientnet_b0', eeg_encoder='LSTM_Dropout', batch_size=64, max_epoch=100, log_interval=50, arch='train', save_ckpt='checkpoints/', num_classes=40, num_workers=2, gpu=0, lr=0.001, wd=0.0001, optim='Adam', gamma=200, lr_step=10, pretrain=False, momen=0.9, nesterov=False, device=device(type='cuda', index=0))
2023-08-22 19:39:57.163 | INFO     | __main__:run:49 - Namespace(img_feature_extract=0, embedding_size=128, classifier_mode='classic', weight_path='None', dataset='CVPR2017', eeg_path='/media/mountHDD1/LanxHuyen/CVPR2017/eeg_55_95_std.pth', time_low=20, time_high=460, img_path='/home/exx/GithubClonedRepo/EEG-Research/Dataset/imagenet', splits_path='/media/mountHDD1/LanxHuyen/CVPR2017/block_splits_by_image_all.pth', log_path='/home/exx/GithubClonedRepo/EEG-Research/Experiment/EEGClassification', info='classifier_LSTM_Dropout', img_encoder='efficientnet_b0', eeg_encoder='LSTM_Dropout', batch_size=64, max_epoch=100, log_interval=50, arch='train', save_ckpt='checkpoints/', num_classes=40, num_workers=2, gpu=0, lr=0.001, wd=0.0001, optim='Adam', gamma=200, lr_step=10, pretrain=False, momen=0.9, nesterov=False, device=device(type='cuda', index=0))
2023-08-22 19:40:09.815 | INFO     | trainer:fit:49 - Epoch: 1/100. Train set: Average loss: 3.778489. Accuracy: 0.0294
	Validation set: Average loss: 3.647287. Accuracy: 0.0386
2023-08-22 19:40:20.667 | INFO     | trainer:fit:49 - Epoch: 2/100. Train set: Average loss: 3.499019. Accuracy: 0.0564
	Validation set: Average loss: 3.422495. Accuracy: 0.0579
2023-08-22 19:40:31.476 | INFO     | trainer:fit:49 - Epoch: 3/100. Train set: Average loss: 3.226682. Accuracy: 0.0825
	Validation set: Average loss: 3.124374. Accuracy: 0.0691
2023-08-22 19:40:42.375 | INFO     | trainer:fit:49 - Epoch: 4/100. Train set: Average loss: 3.181514. Accuracy: 0.0900
	Validation set: Average loss: 3.219998. Accuracy: 0.0777
2023-08-22 19:40:53.270 | INFO     | trainer:fit:49 - Epoch: 5/100. Train set: Average loss: 3.243386. Accuracy: 0.0929
	Validation set: Average loss: 3.135373. Accuracy: 0.0833
2023-08-22 19:41:04.232 | INFO     | trainer:fit:49 - Epoch: 6/100. Train set: Average loss: 3.427105. Accuracy: 0.0714
	Validation set: Average loss: 3.758904. Accuracy: 0.0262
2023-08-22 19:41:15.126 | INFO     | trainer:fit:49 - Epoch: 7/100. Train set: Average loss: 3.639839. Accuracy: 0.0429
	Validation set: Average loss: 3.550727. Accuracy: 0.0432
2023-08-22 19:41:26.029 | INFO     | trainer:fit:49 - Epoch: 8/100. Train set: Average loss: 3.427595. Accuracy: 0.0532
	Validation set: Average loss: 3.438127. Accuracy: 0.0442
2023-08-22 19:41:37.010 | INFO     | trainer:fit:49 - Epoch: 9/100. Train set: Average loss: 3.292424. Accuracy: 0.0589
	Validation set: Average loss: 3.231225. Accuracy: 0.0732
2023-08-22 19:41:47.993 | INFO     | trainer:fit:49 - Epoch: 10/100. Train set: Average loss: 3.128401. Accuracy: 0.0810
	Validation set: Average loss: 3.047212. Accuracy: 0.0811
2023-08-22 19:41:47.994 | INFO     | trainer:fit:58 - Best val accuracy: 0.0833
2023-08-22 19:41:59.202 | INFO     | trainer:fit:49 - Epoch: 11/100. Train set: Average loss: 2.878308. Accuracy: 0.1085
	Validation set: Average loss: 2.825363. Accuracy: 0.0967
2023-08-22 19:42:10.177 | INFO     | trainer:fit:49 - Epoch: 12/100. Train set: Average loss: 2.751426. Accuracy: 0.1222
	Validation set: Average loss: 2.703415. Accuracy: 0.1301
2023-08-22 19:42:21.243 | INFO     | trainer:fit:49 - Epoch: 13/100. Train set: Average loss: 2.650242. Accuracy: 0.1470
	Validation set: Average loss: 2.629482. Accuracy: 0.1348
2023-08-22 19:42:32.296 | INFO     | trainer:fit:49 - Epoch: 14/100. Train set: Average loss: 2.585334. Accuracy: 0.1557
	Validation set: Average loss: 2.576302. Accuracy: 0.1509
2023-08-22 19:42:43.339 | INFO     | trainer:fit:49 - Epoch: 15/100. Train set: Average loss: 2.525937. Accuracy: 0.1621
	Validation set: Average loss: 2.549148. Accuracy: 0.1490
2023-08-22 19:42:54.367 | INFO     | trainer:fit:49 - Epoch: 16/100. Train set: Average loss: 2.456185. Accuracy: 0.1828
	Validation set: Average loss: 2.520217. Accuracy: 0.1438
2023-08-22 19:43:05.444 | INFO     | trainer:fit:49 - Epoch: 17/100. Train set: Average loss: 2.417092. Accuracy: 0.1868
	Validation set: Average loss: 2.419732. Accuracy: 0.1697
2023-08-22 19:43:16.508 | INFO     | trainer:fit:49 - Epoch: 18/100. Train set: Average loss: 2.405225. Accuracy: 0.1933
	Validation set: Average loss: 2.748972. Accuracy: 0.1243
2023-08-22 19:43:27.582 | INFO     | trainer:fit:49 - Epoch: 19/100. Train set: Average loss: 2.391497. Accuracy: 0.1948
	Validation set: Average loss: 2.361964. Accuracy: 0.1800
2023-08-22 19:43:38.607 | INFO     | trainer:fit:49 - Epoch: 20/100. Train set: Average loss: 2.313270. Accuracy: 0.2186
	Validation set: Average loss: 2.339427. Accuracy: 0.1925
2023-08-22 19:43:38.608 | INFO     | trainer:fit:58 - Best val accuracy: 0.1925
2023-08-22 19:43:49.863 | INFO     | trainer:fit:49 - Epoch: 21/100. Train set: Average loss: 2.223424. Accuracy: 0.2333
	Validation set: Average loss: 2.279582. Accuracy: 0.2086
2023-08-22 19:44:00.902 | INFO     | trainer:fit:49 - Epoch: 22/100. Train set: Average loss: 2.186055. Accuracy: 0.2501
	Validation set: Average loss: 2.267004. Accuracy: 0.2092
2023-08-22 19:44:11.943 | INFO     | trainer:fit:49 - Epoch: 23/100. Train set: Average loss: 2.175733. Accuracy: 0.2506
	Validation set: Average loss: 2.254716. Accuracy: 0.2138
2023-08-22 19:44:22.970 | INFO     | trainer:fit:49 - Epoch: 24/100. Train set: Average loss: 2.165659. Accuracy: 0.2485
	Validation set: Average loss: 2.243104. Accuracy: 0.2191
2023-08-22 19:44:34.098 | INFO     | trainer:fit:49 - Epoch: 25/100. Train set: Average loss: 2.157352. Accuracy: 0.2498
	Validation set: Average loss: 2.241519. Accuracy: 0.2128
2023-08-22 19:44:45.214 | INFO     | trainer:fit:49 - Epoch: 26/100. Train set: Average loss: 2.149455. Accuracy: 0.2583
	Validation set: Average loss: 2.227782. Accuracy: 0.2188
2023-08-22 19:44:56.226 | INFO     | trainer:fit:49 - Epoch: 27/100. Train set: Average loss: 2.138906. Accuracy: 0.2610
	Validation set: Average loss: 2.234985. Accuracy: 0.2213
2023-08-22 19:45:07.302 | INFO     | trainer:fit:49 - Epoch: 28/100. Train set: Average loss: 2.127914. Accuracy: 0.2615
	Validation set: Average loss: 2.233393. Accuracy: 0.2132
2023-08-22 19:45:18.382 | INFO     | trainer:fit:49 - Epoch: 29/100. Train set: Average loss: 2.127223. Accuracy: 0.2568
	Validation set: Average loss: 2.210591. Accuracy: 0.2232
2023-08-22 19:45:29.516 | INFO     | trainer:fit:49 - Epoch: 30/100. Train set: Average loss: 2.111791. Accuracy: 0.2644
	Validation set: Average loss: 2.217354. Accuracy: 0.2190
2023-08-22 19:45:29.516 | INFO     | trainer:fit:58 - Best val accuracy: 0.2232
2023-08-22 19:45:40.833 | INFO     | trainer:fit:49 - Epoch: 31/100. Train set: Average loss: 2.101733. Accuracy: 0.2705
	Validation set: Average loss: 2.202804. Accuracy: 0.2245
2023-08-22 19:45:51.957 | INFO     | trainer:fit:49 - Epoch: 32/100. Train set: Average loss: 2.098496. Accuracy: 0.2718
	Validation set: Average loss: 2.195671. Accuracy: 0.2344
2023-08-22 19:46:03.062 | INFO     | trainer:fit:49 - Epoch: 33/100. Train set: Average loss: 2.101772. Accuracy: 0.2629
	Validation set: Average loss: 2.211028. Accuracy: 0.2299
2023-08-22 19:46:14.185 | INFO     | trainer:fit:49 - Epoch: 34/100. Train set: Average loss: 2.094893. Accuracy: 0.2733
	Validation set: Average loss: 2.199921. Accuracy: 0.2259
2023-08-22 19:46:25.306 | INFO     | trainer:fit:49 - Epoch: 35/100. Train set: Average loss: 2.094112. Accuracy: 0.2714
	Validation set: Average loss: 2.207382. Accuracy: 0.2242
2023-08-22 19:46:36.399 | INFO     | trainer:fit:49 - Epoch: 36/100. Train set: Average loss: 2.097757. Accuracy: 0.2730
	Validation set: Average loss: 2.206792. Accuracy: 0.2321
2023-08-22 19:46:47.457 | INFO     | trainer:fit:49 - Epoch: 37/100. Train set: Average loss: 2.091319. Accuracy: 0.2701
	Validation set: Average loss: 2.212850. Accuracy: 0.2224
2023-08-22 19:46:58.494 | INFO     | trainer:fit:49 - Epoch: 38/100. Train set: Average loss: 2.094926. Accuracy: 0.2676
	Validation set: Average loss: 2.202268. Accuracy: 0.2252
2023-08-22 19:47:09.571 | INFO     | trainer:fit:49 - Epoch: 39/100. Train set: Average loss: 2.095075. Accuracy: 0.2709
	Validation set: Average loss: 2.202606. Accuracy: 0.2245
2023-08-22 19:47:20.679 | INFO     | trainer:fit:49 - Epoch: 40/100. Train set: Average loss: 2.091397. Accuracy: 0.2676
	Validation set: Average loss: 2.204179. Accuracy: 0.2274
2023-08-22 19:47:20.679 | INFO     | trainer:fit:58 - Best val accuracy: 0.2344
2023-08-22 19:47:31.897 | INFO     | trainer:fit:49 - Epoch: 41/100. Train set: Average loss: 2.090681. Accuracy: 0.2735
	Validation set: Average loss: 2.199442. Accuracy: 0.2274
2023-08-22 19:47:42.944 | INFO     | trainer:fit:49 - Epoch: 42/100. Train set: Average loss: 2.087750. Accuracy: 0.2777
	Validation set: Average loss: 2.212143. Accuracy: 0.2259
2023-08-22 19:47:53.997 | INFO     | trainer:fit:49 - Epoch: 43/100. Train set: Average loss: 2.082468. Accuracy: 0.2724
	Validation set: Average loss: 2.206060. Accuracy: 0.2252
2023-08-22 19:48:05.157 | INFO     | trainer:fit:49 - Epoch: 44/100. Train set: Average loss: 2.088489. Accuracy: 0.2779
	Validation set: Average loss: 2.197495. Accuracy: 0.2269
2023-08-22 19:48:16.322 | INFO     | trainer:fit:49 - Epoch: 45/100. Train set: Average loss: 2.091628. Accuracy: 0.2717
	Validation set: Average loss: 2.206648. Accuracy: 0.2247
2023-08-22 19:48:27.417 | INFO     | trainer:fit:49 - Epoch: 46/100. Train set: Average loss: 2.091724. Accuracy: 0.2735
	Validation set: Average loss: 2.209922. Accuracy: 0.2269
2023-08-22 19:48:38.546 | INFO     | trainer:fit:49 - Epoch: 47/100. Train set: Average loss: 2.088012. Accuracy: 0.2745
	Validation set: Average loss: 2.196132. Accuracy: 0.2294
2023-08-22 19:48:49.688 | INFO     | trainer:fit:49 - Epoch: 48/100. Train set: Average loss: 2.086758. Accuracy: 0.2744
	Validation set: Average loss: 2.192141. Accuracy: 0.2321
2023-08-22 19:49:00.748 | INFO     | trainer:fit:49 - Epoch: 49/100. Train set: Average loss: 2.087637. Accuracy: 0.2758
	Validation set: Average loss: 2.204359. Accuracy: 0.2242
2023-08-22 19:49:11.773 | INFO     | trainer:fit:49 - Epoch: 50/100. Train set: Average loss: 2.089351. Accuracy: 0.2758
	Validation set: Average loss: 2.209475. Accuracy: 0.2224
2023-08-22 19:49:11.774 | INFO     | trainer:fit:58 - Best val accuracy: 0.2344
2023-08-22 19:49:22.964 | INFO     | trainer:fit:49 - Epoch: 51/100. Train set: Average loss: 2.091262. Accuracy: 0.2753
	Validation set: Average loss: 2.201641. Accuracy: 0.2224
2023-08-22 19:49:34.050 | INFO     | trainer:fit:49 - Epoch: 52/100. Train set: Average loss: 2.084740. Accuracy: 0.2779
	Validation set: Average loss: 2.199471. Accuracy: 0.2259
2023-08-22 19:49:45.151 | INFO     | trainer:fit:49 - Epoch: 53/100. Train set: Average loss: 2.085833. Accuracy: 0.2780
	Validation set: Average loss: 2.212954. Accuracy: 0.2242
2023-08-22 19:49:56.213 | INFO     | trainer:fit:49 - Epoch: 54/100. Train set: Average loss: 2.085566. Accuracy: 0.2816
	Validation set: Average loss: 2.204994. Accuracy: 0.2277
2023-08-22 19:50:07.332 | INFO     | trainer:fit:49 - Epoch: 55/100. Train set: Average loss: 2.088784. Accuracy: 0.2726
	Validation set: Average loss: 2.197364. Accuracy: 0.2277
2023-08-22 19:50:18.371 | INFO     | trainer:fit:49 - Epoch: 56/100. Train set: Average loss: 2.089260. Accuracy: 0.2761
	Validation set: Average loss: 2.200267. Accuracy: 0.2259
2023-08-22 19:50:29.403 | INFO     | trainer:fit:49 - Epoch: 57/100. Train set: Average loss: 2.086585. Accuracy: 0.2794
	Validation set: Average loss: 2.212355. Accuracy: 0.2242
2023-08-22 19:50:40.522 | INFO     | trainer:fit:49 - Epoch: 58/100. Train set: Average loss: 2.093768. Accuracy: 0.2737
	Validation set: Average loss: 2.199747. Accuracy: 0.2294
2023-08-22 19:50:51.573 | INFO     | trainer:fit:49 - Epoch: 59/100. Train set: Average loss: 2.087219. Accuracy: 0.2776
	Validation set: Average loss: 2.206835. Accuracy: 0.2259
2023-08-22 19:51:02.676 | INFO     | trainer:fit:49 - Epoch: 60/100. Train set: Average loss: 2.091010. Accuracy: 0.2725
	Validation set: Average loss: 2.197248. Accuracy: 0.2259
2023-08-22 19:51:02.676 | INFO     | trainer:fit:58 - Best val accuracy: 0.2344
2023-08-22 19:51:13.975 | INFO     | trainer:fit:49 - Epoch: 61/100. Train set: Average loss: 2.086730. Accuracy: 0.2739
	Validation set: Average loss: 2.219380. Accuracy: 0.2259
2023-08-22 19:51:25.149 | INFO     | trainer:fit:49 - Epoch: 62/100. Train set: Average loss: 2.091657. Accuracy: 0.2800
	Validation set: Average loss: 2.207569. Accuracy: 0.2242
2023-08-22 19:51:36.258 | INFO     | trainer:fit:49 - Epoch: 63/100. Train set: Average loss: 2.089253. Accuracy: 0.2736
	Validation set: Average loss: 2.204279. Accuracy: 0.2294
2023-08-22 19:51:47.362 | INFO     | trainer:fit:49 - Epoch: 64/100. Train set: Average loss: 2.092290. Accuracy: 0.2680
	Validation set: Average loss: 2.213332. Accuracy: 0.2224
2023-08-22 19:51:58.324 | INFO     | trainer:fit:49 - Epoch: 65/100. Train set: Average loss: 2.087455. Accuracy: 0.2714
	Validation set: Average loss: 2.198692. Accuracy: 0.2259
2023-08-22 19:52:09.338 | INFO     | trainer:fit:49 - Epoch: 66/100. Train set: Average loss: 2.092388. Accuracy: 0.2763
	Validation set: Average loss: 2.199850. Accuracy: 0.2242
2023-08-22 19:52:20.447 | INFO     | trainer:fit:49 - Epoch: 67/100. Train set: Average loss: 2.087434. Accuracy: 0.2743
	Validation set: Average loss: 2.206468. Accuracy: 0.2224
2023-08-22 19:52:31.565 | INFO     | trainer:fit:49 - Epoch: 68/100. Train set: Average loss: 2.091088. Accuracy: 0.2737
	Validation set: Average loss: 2.204501. Accuracy: 0.2294
2023-08-22 19:52:42.669 | INFO     | trainer:fit:49 - Epoch: 69/100. Train set: Average loss: 2.090309. Accuracy: 0.2683
	Validation set: Average loss: 2.206957. Accuracy: 0.2224
2023-08-22 19:52:53.742 | INFO     | trainer:fit:49 - Epoch: 70/100. Train set: Average loss: 2.088625. Accuracy: 0.2801
	Validation set: Average loss: 2.196571. Accuracy: 0.2294
2023-08-22 19:52:53.742 | INFO     | trainer:fit:58 - Best val accuracy: 0.2344
2023-08-22 19:53:04.998 | INFO     | trainer:fit:49 - Epoch: 71/100. Train set: Average loss: 2.090947. Accuracy: 0.2676
	Validation set: Average loss: 2.218072. Accuracy: 0.2207
2023-08-22 19:53:16.111 | INFO     | trainer:fit:49 - Epoch: 72/100. Train set: Average loss: 2.091103. Accuracy: 0.2739
	Validation set: Average loss: 2.200835. Accuracy: 0.2259
2023-08-22 19:53:27.157 | INFO     | trainer:fit:49 - Epoch: 73/100. Train set: Average loss: 2.087931. Accuracy: 0.2742
	Validation set: Average loss: 2.199463. Accuracy: 0.2259
2023-08-22 19:53:38.246 | INFO     | trainer:fit:49 - Epoch: 74/100. Train set: Average loss: 2.090613. Accuracy: 0.2757
	Validation set: Average loss: 2.201955. Accuracy: 0.2277
2023-08-22 19:53:49.365 | INFO     | trainer:fit:49 - Epoch: 75/100. Train set: Average loss: 2.095828. Accuracy: 0.2728
	Validation set: Average loss: 2.202172. Accuracy: 0.2259
2023-08-22 19:54:00.387 | INFO     | trainer:fit:49 - Epoch: 76/100. Train set: Average loss: 2.090603. Accuracy: 0.2706
	Validation set: Average loss: 2.204094. Accuracy: 0.2294
2023-08-22 19:54:11.481 | INFO     | trainer:fit:49 - Epoch: 77/100. Train set: Average loss: 2.088236. Accuracy: 0.2734
	Validation set: Average loss: 2.202030. Accuracy: 0.2277
2023-08-22 19:54:22.587 | INFO     | trainer:fit:49 - Epoch: 78/100. Train set: Average loss: 2.089206. Accuracy: 0.2761
	Validation set: Average loss: 2.204704. Accuracy: 0.2259
2023-08-22 19:54:33.693 | INFO     | trainer:fit:49 - Epoch: 79/100. Train set: Average loss: 2.085735. Accuracy: 0.2741
	Validation set: Average loss: 2.200478. Accuracy: 0.2242
2023-08-22 19:54:44.876 | INFO     | trainer:fit:49 - Epoch: 80/100. Train set: Average loss: 2.086099. Accuracy: 0.2817
	Validation set: Average loss: 2.208688. Accuracy: 0.2259
2023-08-22 19:54:44.877 | INFO     | trainer:fit:58 - Best val accuracy: 0.2344
2023-08-22 19:54:56.112 | INFO     | trainer:fit:49 - Epoch: 81/100. Train set: Average loss: 2.087083. Accuracy: 0.2751
	Validation set: Average loss: 2.201786. Accuracy: 0.2259
2023-08-22 19:55:07.236 | INFO     | trainer:fit:49 - Epoch: 82/100. Train set: Average loss: 2.089076. Accuracy: 0.2753
	Validation set: Average loss: 2.202778. Accuracy: 0.2242
2023-08-22 19:55:18.336 | INFO     | trainer:fit:49 - Epoch: 83/100. Train set: Average loss: 2.092013. Accuracy: 0.2717
	Validation set: Average loss: 2.191922. Accuracy: 0.2312
2023-08-22 19:55:29.414 | INFO     | trainer:fit:49 - Epoch: 84/100. Train set: Average loss: 2.089700. Accuracy: 0.2754
	Validation set: Average loss: 2.200646. Accuracy: 0.2242
2023-08-22 19:55:40.570 | INFO     | trainer:fit:49 - Epoch: 85/100. Train set: Average loss: 2.083762. Accuracy: 0.2735
	Validation set: Average loss: 2.203381. Accuracy: 0.2224
2023-08-22 19:55:51.676 | INFO     | trainer:fit:49 - Epoch: 86/100. Train set: Average loss: 2.091393. Accuracy: 0.2755
	Validation set: Average loss: 2.194269. Accuracy: 0.2294
2023-08-22 19:56:02.802 | INFO     | trainer:fit:49 - Epoch: 87/100. Train set: Average loss: 2.093533. Accuracy: 0.2776
	Validation set: Average loss: 2.205683. Accuracy: 0.2242
2023-08-22 19:56:13.934 | INFO     | trainer:fit:49 - Epoch: 88/100. Train set: Average loss: 2.091224. Accuracy: 0.2766
	Validation set: Average loss: 2.199877. Accuracy: 0.2277
2023-08-22 19:56:25.013 | INFO     | trainer:fit:49 - Epoch: 89/100. Train set: Average loss: 2.086655. Accuracy: 0.2757
	Validation set: Average loss: 2.200625. Accuracy: 0.2259
2023-08-22 19:56:36.154 | INFO     | trainer:fit:49 - Epoch: 90/100. Train set: Average loss: 2.082540. Accuracy: 0.2779
	Validation set: Average loss: 2.196525. Accuracy: 0.2277
2023-08-22 19:56:36.155 | INFO     | trainer:fit:58 - Best val accuracy: 0.2344
2023-08-22 19:56:47.425 | INFO     | trainer:fit:49 - Epoch: 91/100. Train set: Average loss: 2.087069. Accuracy: 0.2731
	Validation set: Average loss: 2.195654. Accuracy: 0.2277
2023-08-22 19:56:58.586 | INFO     | trainer:fit:49 - Epoch: 92/100. Train set: Average loss: 2.084890. Accuracy: 0.2784
	Validation set: Average loss: 2.193737. Accuracy: 0.2329
2023-08-22 19:57:09.627 | INFO     | trainer:fit:49 - Epoch: 93/100. Train set: Average loss: 2.087359. Accuracy: 0.2765
	Validation set: Average loss: 2.197619. Accuracy: 0.2277
2023-08-22 19:57:20.697 | INFO     | trainer:fit:49 - Epoch: 94/100. Train set: Average loss: 2.095554. Accuracy: 0.2720
	Validation set: Average loss: 2.205319. Accuracy: 0.2207
2023-08-22 19:57:31.842 | INFO     | trainer:fit:49 - Epoch: 95/100. Train set: Average loss: 2.093178. Accuracy: 0.2714
	Validation set: Average loss: 2.192090. Accuracy: 0.2312
2023-08-22 19:57:42.846 | INFO     | trainer:fit:49 - Epoch: 96/100. Train set: Average loss: 2.093175. Accuracy: 0.2762
	Validation set: Average loss: 2.195997. Accuracy: 0.2259
2023-08-22 19:57:53.956 | INFO     | trainer:fit:49 - Epoch: 97/100. Train set: Average loss: 2.089148. Accuracy: 0.2771
	Validation set: Average loss: 2.206565. Accuracy: 0.2277
2023-08-22 19:58:05.068 | INFO     | trainer:fit:49 - Epoch: 98/100. Train set: Average loss: 2.083633. Accuracy: 0.2734
	Validation set: Average loss: 2.209336. Accuracy: 0.2207
2023-08-22 19:58:16.205 | INFO     | trainer:fit:49 - Epoch: 99/100. Train set: Average loss: 2.087083. Accuracy: 0.2746
	Validation set: Average loss: 2.203943. Accuracy: 0.2242
2023-08-22 19:58:27.298 | INFO     | trainer:fit:49 - Epoch: 100/100. Train set: Average loss: 2.086649. Accuracy: 0.2839
	Validation set: Average loss: 2.206683. Accuracy: 0.2224
2023-08-22 19:58:27.298 | INFO     | trainer:fit:62 - Training complete in 18m 28s
2023-08-22 19:58:27.299 | INFO     | trainer:fit:63 - Best Val Accuracy: 0.2344
