2023-08-26 22:26:10.638 | INFO     | __main__:run:49 - Namespace(img_feature_extract=0, embedding_size=128, classifier_mode='classic', weight_path='None', dataset='CVPR2017', eeg_path='/media/mountHDD1/LanxHuyen/CVPR2017/eeg_55_95_std.pth', time_low=20, time_high=460, img_path='/home/exx/GithubClonedRepo/EEG-Research/Dataset/imagenet', splits_path='/media/mountHDD1/LanxHuyen/CVPR2017/block_splits_by_image_all.pth', log_path='/home/exx/GithubClonedRepo/EEG-Research/Experiment/EEGClassification/results', info='EEGNet_embed_128_batch64_55_95', img_encoder='efficientnet_b0', eeg_encoder='EEGNet', batch_size=64, max_epoch=100, log_interval=50, arch='train', save_ckpt='checkpoints/', num_classes=40, num_workers=2, gpu=0, lr=0.001, wd=0.0001, optim='Adam', gamma=200, lr_step=10, pretrain=False, momen=0.9, nesterov=False, device=device(type='cuda', index=0))
2023-08-26 22:26:17.712 | INFO     | trainer:fit:49 - Epoch: 1/100. Train set: Average loss: 3.645871. Accuracy: 0.0365
	Validation set: Average loss: 3.463227. Accuracy: 0.0449
2023-08-26 22:26:21.770 | INFO     | trainer:fit:49 - Epoch: 2/100. Train set: Average loss: 3.280684. Accuracy: 0.0642
	Validation set: Average loss: 3.090582. Accuracy: 0.0828
2023-08-26 22:26:25.914 | INFO     | trainer:fit:49 - Epoch: 3/100. Train set: Average loss: 3.015525. Accuracy: 0.0904
	Validation set: Average loss: 2.818338. Accuracy: 0.1285
2023-08-26 22:26:30.156 | INFO     | trainer:fit:49 - Epoch: 4/100. Train set: Average loss: 2.867143. Accuracy: 0.1091
	Validation set: Average loss: 2.694240. Accuracy: 0.1312
2023-08-26 22:26:34.352 | INFO     | trainer:fit:49 - Epoch: 5/100. Train set: Average loss: 2.755354. Accuracy: 0.1283
	Validation set: Average loss: 2.583970. Accuracy: 0.1420
2023-08-26 22:26:38.495 | INFO     | trainer:fit:49 - Epoch: 6/100. Train set: Average loss: 2.689629. Accuracy: 0.1336
	Validation set: Average loss: 2.532987. Accuracy: 0.1468
2023-08-26 22:26:42.577 | INFO     | trainer:fit:49 - Epoch: 7/100. Train set: Average loss: 2.597568. Accuracy: 0.1551
	Validation set: Average loss: 2.465342. Accuracy: 0.1661
2023-08-26 22:26:46.719 | INFO     | trainer:fit:49 - Epoch: 8/100. Train set: Average loss: 2.524179. Accuracy: 0.1689
	Validation set: Average loss: 2.449017. Accuracy: 0.1673
2023-08-26 22:26:50.801 | INFO     | trainer:fit:49 - Epoch: 9/100. Train set: Average loss: 2.476025. Accuracy: 0.1739
	Validation set: Average loss: 2.315203. Accuracy: 0.2006
2023-08-26 22:26:55.014 | INFO     | trainer:fit:49 - Epoch: 10/100. Train set: Average loss: 2.418435. Accuracy: 0.1804
	Validation set: Average loss: 2.240429. Accuracy: 0.2381
2023-08-26 22:26:55.017 | INFO     | trainer:fit:58 - Best val accuracy: 0.2381
2023-08-26 22:26:59.378 | INFO     | trainer:fit:49 - Epoch: 11/100. Train set: Average loss: 2.293324. Accuracy: 0.2181
	Validation set: Average loss: 2.162394. Accuracy: 0.2510
2023-08-26 22:27:03.610 | INFO     | trainer:fit:49 - Epoch: 12/100. Train set: Average loss: 2.257473. Accuracy: 0.2246
	Validation set: Average loss: 2.125914. Accuracy: 0.2556
2023-08-26 22:27:07.733 | INFO     | trainer:fit:49 - Epoch: 13/100. Train set: Average loss: 2.240361. Accuracy: 0.2289
	Validation set: Average loss: 2.136696. Accuracy: 0.2562
2023-08-26 22:27:11.976 | INFO     | trainer:fit:49 - Epoch: 14/100. Train set: Average loss: 2.235488. Accuracy: 0.2281
	Validation set: Average loss: 2.116883. Accuracy: 0.2632
2023-08-26 22:27:16.201 | INFO     | trainer:fit:49 - Epoch: 15/100. Train set: Average loss: 2.226662. Accuracy: 0.2211
	Validation set: Average loss: 2.107066. Accuracy: 0.2484
2023-08-26 22:27:20.401 | INFO     | trainer:fit:49 - Epoch: 16/100. Train set: Average loss: 2.219488. Accuracy: 0.2270
	Validation set: Average loss: 2.092160. Accuracy: 0.2637
2023-08-26 22:27:24.533 | INFO     | trainer:fit:49 - Epoch: 17/100. Train set: Average loss: 2.208436. Accuracy: 0.2317
	Validation set: Average loss: 2.078126. Accuracy: 0.2670
2023-08-26 22:27:28.734 | INFO     | trainer:fit:49 - Epoch: 18/100. Train set: Average loss: 2.211992. Accuracy: 0.2213
	Validation set: Average loss: 2.072197. Accuracy: 0.2663
2023-08-26 22:27:32.917 | INFO     | trainer:fit:49 - Epoch: 19/100. Train set: Average loss: 2.207015. Accuracy: 0.2318
	Validation set: Average loss: 2.064830. Accuracy: 0.2805
2023-08-26 22:27:37.028 | INFO     | trainer:fit:49 - Epoch: 20/100. Train set: Average loss: 2.196397. Accuracy: 0.2267
	Validation set: Average loss: 2.064093. Accuracy: 0.2771
2023-08-26 22:27:37.028 | INFO     | trainer:fit:58 - Best val accuracy: 0.2805
2023-08-26 22:27:41.299 | INFO     | trainer:fit:49 - Epoch: 21/100. Train set: Average loss: 2.180558. Accuracy: 0.2400
	Validation set: Average loss: 2.049829. Accuracy: 0.2739
2023-08-26 22:27:45.446 | INFO     | trainer:fit:49 - Epoch: 22/100. Train set: Average loss: 2.182632. Accuracy: 0.2409
	Validation set: Average loss: 2.030418. Accuracy: 0.2771
2023-08-26 22:27:49.612 | INFO     | trainer:fit:49 - Epoch: 23/100. Train set: Average loss: 2.182579. Accuracy: 0.2394
	Validation set: Average loss: 2.036571. Accuracy: 0.2745
2023-08-26 22:27:53.779 | INFO     | trainer:fit:49 - Epoch: 24/100. Train set: Average loss: 2.175971. Accuracy: 0.2445
	Validation set: Average loss: 2.038201. Accuracy: 0.2845
2023-08-26 22:27:58.019 | INFO     | trainer:fit:49 - Epoch: 25/100. Train set: Average loss: 2.174824. Accuracy: 0.2366
	Validation set: Average loss: 2.042169. Accuracy: 0.2780
2023-08-26 22:28:02.090 | INFO     | trainer:fit:49 - Epoch: 26/100. Train set: Average loss: 2.174626. Accuracy: 0.2404
	Validation set: Average loss: 2.032469. Accuracy: 0.2743
2023-08-26 22:28:06.273 | INFO     | trainer:fit:49 - Epoch: 27/100. Train set: Average loss: 2.170608. Accuracy: 0.2395
	Validation set: Average loss: 2.033082. Accuracy: 0.2739
2023-08-26 22:28:10.409 | INFO     | trainer:fit:49 - Epoch: 28/100. Train set: Average loss: 2.189566. Accuracy: 0.2363
	Validation set: Average loss: 2.029617. Accuracy: 0.2768
2023-08-26 22:28:14.581 | INFO     | trainer:fit:49 - Epoch: 29/100. Train set: Average loss: 2.171414. Accuracy: 0.2376
	Validation set: Average loss: 2.023489. Accuracy: 0.2852
2023-08-26 22:28:18.780 | INFO     | trainer:fit:49 - Epoch: 30/100. Train set: Average loss: 2.164858. Accuracy: 0.2429
	Validation set: Average loss: 2.040106. Accuracy: 0.2803
2023-08-26 22:28:18.780 | INFO     | trainer:fit:58 - Best val accuracy: 0.2852
2023-08-26 22:28:23.071 | INFO     | trainer:fit:49 - Epoch: 31/100. Train set: Average loss: 2.177175. Accuracy: 0.2416
	Validation set: Average loss: 2.046855. Accuracy: 0.2778
2023-08-26 22:28:27.243 | INFO     | trainer:fit:49 - Epoch: 32/100. Train set: Average loss: 2.169588. Accuracy: 0.2431
	Validation set: Average loss: 2.031804. Accuracy: 0.2713
2023-08-26 22:28:31.531 | INFO     | trainer:fit:49 - Epoch: 33/100. Train set: Average loss: 2.171848. Accuracy: 0.2405
	Validation set: Average loss: 2.037366. Accuracy: 0.2790
2023-08-26 22:28:35.683 | INFO     | trainer:fit:49 - Epoch: 34/100. Train set: Average loss: 2.177025. Accuracy: 0.2462
	Validation set: Average loss: 2.046460. Accuracy: 0.2795
2023-08-26 22:28:39.924 | INFO     | trainer:fit:49 - Epoch: 35/100. Train set: Average loss: 2.175327. Accuracy: 0.2376
	Validation set: Average loss: 2.041936. Accuracy: 0.2716
2023-08-26 22:28:44.201 | INFO     | trainer:fit:49 - Epoch: 36/100. Train set: Average loss: 2.164450. Accuracy: 0.2451
	Validation set: Average loss: 2.035013. Accuracy: 0.2769
2023-08-26 22:28:48.408 | INFO     | trainer:fit:49 - Epoch: 37/100. Train set: Average loss: 2.168843. Accuracy: 0.2401
	Validation set: Average loss: 2.037291. Accuracy: 0.2787
2023-08-26 22:28:52.657 | INFO     | trainer:fit:49 - Epoch: 38/100. Train set: Average loss: 2.175589. Accuracy: 0.2413
	Validation set: Average loss: 2.020837. Accuracy: 0.2758
2023-08-26 22:28:56.847 | INFO     | trainer:fit:49 - Epoch: 39/100. Train set: Average loss: 2.176018. Accuracy: 0.2399
	Validation set: Average loss: 2.036579. Accuracy: 0.2745
2023-08-26 22:29:01.008 | INFO     | trainer:fit:49 - Epoch: 40/100. Train set: Average loss: 2.180477. Accuracy: 0.2324
	Validation set: Average loss: 2.050609. Accuracy: 0.2694
2023-08-26 22:29:01.009 | INFO     | trainer:fit:58 - Best val accuracy: 0.2852
2023-08-26 22:29:05.370 | INFO     | trainer:fit:49 - Epoch: 41/100. Train set: Average loss: 2.166093. Accuracy: 0.2414
	Validation set: Average loss: 2.044749. Accuracy: 0.2775
2023-08-26 22:29:09.610 | INFO     | trainer:fit:49 - Epoch: 42/100. Train set: Average loss: 2.173873. Accuracy: 0.2418
	Validation set: Average loss: 2.036604. Accuracy: 0.2725
2023-08-26 22:29:13.746 | INFO     | trainer:fit:49 - Epoch: 43/100. Train set: Average loss: 2.173978. Accuracy: 0.2389
	Validation set: Average loss: 2.037919. Accuracy: 0.2718
2023-08-26 22:29:17.908 | INFO     | trainer:fit:49 - Epoch: 44/100. Train set: Average loss: 2.170121. Accuracy: 0.2406
	Validation set: Average loss: 2.048137. Accuracy: 0.2718
2023-08-26 22:29:22.142 | INFO     | trainer:fit:49 - Epoch: 45/100. Train set: Average loss: 2.174018. Accuracy: 0.2338
	Validation set: Average loss: 2.029278. Accuracy: 0.2762
2023-08-26 22:29:26.284 | INFO     | trainer:fit:49 - Epoch: 46/100. Train set: Average loss: 2.162627. Accuracy: 0.2465
	Validation set: Average loss: 2.050216. Accuracy: 0.2782
2023-08-26 22:29:30.512 | INFO     | trainer:fit:49 - Epoch: 47/100. Train set: Average loss: 2.172932. Accuracy: 0.2399
	Validation set: Average loss: 2.038139. Accuracy: 0.2708
2023-08-26 22:29:34.732 | INFO     | trainer:fit:49 - Epoch: 48/100. Train set: Average loss: 2.176897. Accuracy: 0.2413
	Validation set: Average loss: 2.032384. Accuracy: 0.2778
2023-08-26 22:29:38.987 | INFO     | trainer:fit:49 - Epoch: 49/100. Train set: Average loss: 2.182103. Accuracy: 0.2365
	Validation set: Average loss: 2.040582. Accuracy: 0.2760
2023-08-26 22:29:43.177 | INFO     | trainer:fit:49 - Epoch: 50/100. Train set: Average loss: 2.170694. Accuracy: 0.2389
	Validation set: Average loss: 2.040264. Accuracy: 0.2804
2023-08-26 22:29:43.178 | INFO     | trainer:fit:58 - Best val accuracy: 0.2852
2023-08-26 22:29:47.696 | INFO     | trainer:fit:49 - Epoch: 51/100. Train set: Average loss: 2.161997. Accuracy: 0.2491
	Validation set: Average loss: 2.032579. Accuracy: 0.2708
2023-08-26 22:29:51.939 | INFO     | trainer:fit:49 - Epoch: 52/100. Train set: Average loss: 2.175200. Accuracy: 0.2409
	Validation set: Average loss: 2.035754. Accuracy: 0.2753
2023-08-26 22:29:56.236 | INFO     | trainer:fit:49 - Epoch: 53/100. Train set: Average loss: 2.171831. Accuracy: 0.2443
	Validation set: Average loss: 2.024066. Accuracy: 0.2871
2023-08-26 22:30:00.491 | INFO     | trainer:fit:49 - Epoch: 54/100. Train set: Average loss: 2.176816. Accuracy: 0.2389
	Validation set: Average loss: 2.036244. Accuracy: 0.2740
2023-08-26 22:30:04.792 | INFO     | trainer:fit:49 - Epoch: 55/100. Train set: Average loss: 2.165776. Accuracy: 0.2482
	Validation set: Average loss: 2.027622. Accuracy: 0.2837
2023-08-26 22:30:09.011 | INFO     | trainer:fit:49 - Epoch: 56/100. Train set: Average loss: 2.177849. Accuracy: 0.2360
	Validation set: Average loss: 2.044219. Accuracy: 0.2762
2023-08-26 22:30:13.215 | INFO     | trainer:fit:49 - Epoch: 57/100. Train set: Average loss: 2.164414. Accuracy: 0.2424
	Validation set: Average loss: 2.018568. Accuracy: 0.2783
2023-08-26 22:30:17.483 | INFO     | trainer:fit:49 - Epoch: 58/100. Train set: Average loss: 2.180331. Accuracy: 0.2376
	Validation set: Average loss: 2.036422. Accuracy: 0.2764
2023-08-26 22:30:21.696 | INFO     | trainer:fit:49 - Epoch: 59/100. Train set: Average loss: 2.172568. Accuracy: 0.2448
	Validation set: Average loss: 2.031376. Accuracy: 0.2810
2023-08-26 22:30:26.004 | INFO     | trainer:fit:49 - Epoch: 60/100. Train set: Average loss: 2.168009. Accuracy: 0.2438
	Validation set: Average loss: 2.050399. Accuracy: 0.2765
2023-08-26 22:30:26.005 | INFO     | trainer:fit:58 - Best val accuracy: 0.2871
2023-08-26 22:30:30.452 | INFO     | trainer:fit:49 - Epoch: 61/100. Train set: Average loss: 2.170578. Accuracy: 0.2353
	Validation set: Average loss: 2.034518. Accuracy: 0.2736
2023-08-26 22:30:34.534 | INFO     | trainer:fit:49 - Epoch: 62/100. Train set: Average loss: 2.178152. Accuracy: 0.2416
	Validation set: Average loss: 2.022770. Accuracy: 0.2783
2023-08-26 22:30:38.687 | INFO     | trainer:fit:49 - Epoch: 63/100. Train set: Average loss: 2.161120. Accuracy: 0.2465
	Validation set: Average loss: 2.022187. Accuracy: 0.2785
2023-08-26 22:30:42.905 | INFO     | trainer:fit:49 - Epoch: 64/100. Train set: Average loss: 2.175794. Accuracy: 0.2373
	Validation set: Average loss: 2.048105. Accuracy: 0.2765
2023-08-26 22:30:47.112 | INFO     | trainer:fit:49 - Epoch: 65/100. Train set: Average loss: 2.158803. Accuracy: 0.2452
	Validation set: Average loss: 2.033920. Accuracy: 0.2743
2023-08-26 22:30:51.392 | INFO     | trainer:fit:49 - Epoch: 66/100. Train set: Average loss: 2.178545. Accuracy: 0.2392
	Validation set: Average loss: 2.030520. Accuracy: 0.2785
2023-08-26 22:30:55.549 | INFO     | trainer:fit:49 - Epoch: 67/100. Train set: Average loss: 2.181626. Accuracy: 0.2469
	Validation set: Average loss: 2.033479. Accuracy: 0.2755
2023-08-26 22:30:59.612 | INFO     | trainer:fit:49 - Epoch: 68/100. Train set: Average loss: 2.166950. Accuracy: 0.2379
	Validation set: Average loss: 2.034490. Accuracy: 0.2713
2023-08-26 22:31:03.858 | INFO     | trainer:fit:49 - Epoch: 69/100. Train set: Average loss: 2.160598. Accuracy: 0.2400
	Validation set: Average loss: 2.036874. Accuracy: 0.2730
2023-08-26 22:31:08.045 | INFO     | trainer:fit:49 - Epoch: 70/100. Train set: Average loss: 2.175112. Accuracy: 0.2390
	Validation set: Average loss: 2.037389. Accuracy: 0.2738
2023-08-26 22:31:08.046 | INFO     | trainer:fit:58 - Best val accuracy: 0.2871
2023-08-26 22:31:12.433 | INFO     | trainer:fit:49 - Epoch: 71/100. Train set: Average loss: 2.175924. Accuracy: 0.2367
	Validation set: Average loss: 2.043564. Accuracy: 0.2743
2023-08-26 22:31:16.715 | INFO     | trainer:fit:49 - Epoch: 72/100. Train set: Average loss: 2.162800. Accuracy: 0.2465
	Validation set: Average loss: 2.039354. Accuracy: 0.2728
2023-08-26 22:31:20.951 | INFO     | trainer:fit:49 - Epoch: 73/100. Train set: Average loss: 2.169409. Accuracy: 0.2375
	Validation set: Average loss: 2.032491. Accuracy: 0.2721
2023-08-26 22:31:25.299 | INFO     | trainer:fit:49 - Epoch: 74/100. Train set: Average loss: 2.177283. Accuracy: 0.2406
	Validation set: Average loss: 2.042864. Accuracy: 0.2783
2023-08-26 22:31:29.524 | INFO     | trainer:fit:49 - Epoch: 75/100. Train set: Average loss: 2.168093. Accuracy: 0.2405
	Validation set: Average loss: 2.039846. Accuracy: 0.2703
2023-08-26 22:31:33.712 | INFO     | trainer:fit:49 - Epoch: 76/100. Train set: Average loss: 2.190047. Accuracy: 0.2356
	Validation set: Average loss: 2.029283. Accuracy: 0.2716
2023-08-26 22:31:38.022 | INFO     | trainer:fit:49 - Epoch: 77/100. Train set: Average loss: 2.170028. Accuracy: 0.2448
	Validation set: Average loss: 2.037107. Accuracy: 0.2755
2023-08-26 22:31:42.313 | INFO     | trainer:fit:49 - Epoch: 78/100. Train set: Average loss: 2.169028. Accuracy: 0.2360
	Validation set: Average loss: 2.032918. Accuracy: 0.2760
2023-08-26 22:31:46.525 | INFO     | trainer:fit:49 - Epoch: 79/100. Train set: Average loss: 2.177569. Accuracy: 0.2394
	Validation set: Average loss: 2.036793. Accuracy: 0.2790
2023-08-26 22:31:50.845 | INFO     | trainer:fit:49 - Epoch: 80/100. Train set: Average loss: 2.164490. Accuracy: 0.2419
	Validation set: Average loss: 2.037178. Accuracy: 0.2768
2023-08-26 22:31:50.846 | INFO     | trainer:fit:58 - Best val accuracy: 0.2871
2023-08-26 22:31:55.174 | INFO     | trainer:fit:49 - Epoch: 81/100. Train set: Average loss: 2.161953. Accuracy: 0.2454
	Validation set: Average loss: 2.031409. Accuracy: 0.2768
2023-08-26 22:31:59.485 | INFO     | trainer:fit:49 - Epoch: 82/100. Train set: Average loss: 2.177836. Accuracy: 0.2362
	Validation set: Average loss: 2.039907. Accuracy: 0.2778
2023-08-26 22:32:03.708 | INFO     | trainer:fit:49 - Epoch: 83/100. Train set: Average loss: 2.163670. Accuracy: 0.2401
	Validation set: Average loss: 2.021535. Accuracy: 0.2753
2023-08-26 22:32:07.955 | INFO     | trainer:fit:49 - Epoch: 84/100. Train set: Average loss: 2.173432. Accuracy: 0.2421
	Validation set: Average loss: 2.038175. Accuracy: 0.2760
2023-08-26 22:32:12.183 | INFO     | trainer:fit:49 - Epoch: 85/100. Train set: Average loss: 2.168472. Accuracy: 0.2444
	Validation set: Average loss: 2.062279. Accuracy: 0.2716
2023-08-26 22:32:16.505 | INFO     | trainer:fit:49 - Epoch: 86/100. Train set: Average loss: 2.181897. Accuracy: 0.2406
	Validation set: Average loss: 2.023536. Accuracy: 0.2783
2023-08-26 22:32:20.642 | INFO     | trainer:fit:49 - Epoch: 87/100. Train set: Average loss: 2.168280. Accuracy: 0.2442
	Validation set: Average loss: 2.022372. Accuracy: 0.2737
2023-08-26 22:32:24.900 | INFO     | trainer:fit:49 - Epoch: 88/100. Train set: Average loss: 2.185613. Accuracy: 0.2356
	Validation set: Average loss: 2.036625. Accuracy: 0.2812
2023-08-26 22:32:29.011 | INFO     | trainer:fit:49 - Epoch: 89/100. Train set: Average loss: 2.173970. Accuracy: 0.2438
	Validation set: Average loss: 2.024039. Accuracy: 0.2824
2023-08-26 22:32:33.311 | INFO     | trainer:fit:49 - Epoch: 90/100. Train set: Average loss: 2.157482. Accuracy: 0.2455
	Validation set: Average loss: 2.032209. Accuracy: 0.2711
2023-08-26 22:32:33.311 | INFO     | trainer:fit:58 - Best val accuracy: 0.2871
2023-08-26 22:32:37.768 | INFO     | trainer:fit:49 - Epoch: 91/100. Train set: Average loss: 2.176076. Accuracy: 0.2430
	Validation set: Average loss: 2.041230. Accuracy: 0.2748
2023-08-26 22:32:41.933 | INFO     | trainer:fit:49 - Epoch: 92/100. Train set: Average loss: 2.171073. Accuracy: 0.2486
	Validation set: Average loss: 2.036201. Accuracy: 0.2794
2023-08-26 22:32:46.239 | INFO     | trainer:fit:49 - Epoch: 93/100. Train set: Average loss: 2.172384. Accuracy: 0.2378
	Validation set: Average loss: 2.054398. Accuracy: 0.2686
2023-08-26 22:32:50.540 | INFO     | trainer:fit:49 - Epoch: 94/100. Train set: Average loss: 2.178073. Accuracy: 0.2396
	Validation set: Average loss: 2.026659. Accuracy: 0.2787
2023-08-26 22:32:54.823 | INFO     | trainer:fit:49 - Epoch: 95/100. Train set: Average loss: 2.170631. Accuracy: 0.2402
	Validation set: Average loss: 2.026944. Accuracy: 0.2748
2023-08-26 22:32:58.938 | INFO     | trainer:fit:49 - Epoch: 96/100. Train set: Average loss: 2.179277. Accuracy: 0.2341
	Validation set: Average loss: 2.041835. Accuracy: 0.2723
2023-08-26 22:33:03.085 | INFO     | trainer:fit:49 - Epoch: 97/100. Train set: Average loss: 2.169407. Accuracy: 0.2378
	Validation set: Average loss: 2.019282. Accuracy: 0.2787
2023-08-26 22:33:07.445 | INFO     | trainer:fit:49 - Epoch: 98/100. Train set: Average loss: 2.170648. Accuracy: 0.2391
	Validation set: Average loss: 2.036149. Accuracy: 0.2778
2023-08-26 22:33:11.753 | INFO     | trainer:fit:49 - Epoch: 99/100. Train set: Average loss: 2.168190. Accuracy: 0.2354
	Validation set: Average loss: 2.043639. Accuracy: 0.2804
2023-08-26 22:33:15.914 | INFO     | trainer:fit:49 - Epoch: 100/100. Train set: Average loss: 2.179092. Accuracy: 0.2385
	Validation set: Average loss: 2.033461. Accuracy: 0.2760
2023-08-26 22:33:15.914 | INFO     | trainer:fit:62 - =====================================
2023-08-26 22:33:15.914 | INFO     | trainer:fit:63 - Training complete in 7m 4s
2023-08-26 22:33:15.914 | INFO     | trainer:fit:64 - Best Val Accuracy: 0.2871
2023-08-26 22:33:15.915 | INFO     | trainer:fit:65 - ***********
2023-08-26 22:33:16.507 | INFO     | trainer:fit:67 - Test Accuracy: 0.3000
2023-08-26 22:33:16.507 | INFO     | trainer:fit:68 - =====================================
