2023-05-23 19:46:44.230 | INFO     | __main__:run_triplet:49 - Namespace(dataset='CVPR2017', eeg_path='/media/exx/HDD1/LanxHuyen/CVPR2017/eeg_55_95_std.pth', time_low=20, time_high=460, img_path='/media/exx/HDD1/LanxHuyen/CVPR2017/imagenet_augmented', splits_path='/media/exx/HDD1/LanxHuyen/CVPR2017/block_splits_by_image_all.pth', log_path='/home/exx/GithubClonedRepo/EEG-Research/Experiment/ContrastiveLearning', info='tripletnet_augmented_efficientnet_b0_lr25e4', img_encoder='efficientnet_b0', eeg_encoder='EEGChannelNet', batch_size=128, max_epoch=50, log_interval=10, arch='train', save_ckpt='checkpoints/', num_classes=40, num_workers=2, gpu=0, lr=0.00025, wd=0.0001, optim='Adam', gamma=200, lr_step=10, pretrain=False, momen=0.9, nesterov=False, device=device(type='cuda', index=0))
2023-05-23 19:47:36.991 | INFO     | trainer_not_inception:train_epoch:136 - Train: [0/7970 (0%)]	Loss: 0.038773
2023-05-23 19:47:44.850 | INFO     | trainer_not_inception:train_epoch:136 - Train: [640/7970 (8%)]	Loss: 0.031669
2023-05-23 19:47:52.735 | INFO     | trainer_not_inception:train_epoch:136 - Train: [1280/7970 (16%)]	Loss: 0.023128
2023-05-23 19:48:00.766 | INFO     | trainer_not_inception:train_epoch:136 - Train: [1920/7970 (24%)]	Loss: 0.014769
2023-05-23 19:48:08.687 | INFO     | trainer_not_inception:train_epoch:136 - Train: [2560/7970 (32%)]	Loss: 0.012952
2023-05-23 19:48:16.616 | INFO     | trainer_not_inception:train_epoch:136 - Train: [3200/7970 (40%)]	Loss: 0.009701
2023-05-23 19:48:24.557 | INFO     | trainer_not_inception:train_epoch:136 - Train: [3840/7970 (48%)]	Loss: 0.008245
2023-05-23 19:48:32.506 | INFO     | trainer_not_inception:train_epoch:136 - Train: [4480/7970 (56%)]	Loss: 0.008859
2023-05-23 19:48:40.633 | INFO     | trainer_not_inception:train_epoch:136 - Train: [5120/7970 (65%)]	Loss: 0.009487
2023-05-23 19:48:48.634 | INFO     | trainer_not_inception:train_epoch:136 - Train: [5760/7970 (73%)]	Loss: 0.004915
2023-05-23 19:48:56.822 | INFO     | trainer_not_inception:train_epoch:136 - Train: [6400/7970 (81%)]	Loss: 0.006302
2023-05-23 19:49:04.999 | INFO     | trainer_not_inception:train_epoch:136 - Train: [7040/7970 (89%)]	Loss: 0.005616
2023-05-23 19:49:13.071 | INFO     | trainer_not_inception:train_epoch:136 - Train: [7680/7970 (97%)]	Loss: 0.003054
2023-05-23 19:49:15.768 | INFO     | trainer_not_inception:fit:33 - Epoch: 1/50. Train set: Average loss: 0.011567
2023-05-23 19:49:23.669 | INFO     | trainer_not_inception:fit:43 - Epoch: 1/50. Validation set: Average loss: 0.049338
2023-05-23 19:49:24.834 | INFO     | trainer_not_inception:train_epoch:136 - Train: [0/7970 (0%)]	Loss: 0.002897
2023-05-23 19:49:33.003 | INFO     | trainer_not_inception:train_epoch:136 - Train: [640/7970 (8%)]	Loss: 0.003175
2023-05-23 19:49:41.014 | INFO     | trainer_not_inception:train_epoch:136 - Train: [1280/7970 (16%)]	Loss: 0.003092
2023-05-23 19:49:49.193 | INFO     | trainer_not_inception:train_epoch:136 - Train: [1920/7970 (24%)]	Loss: 0.004871
2023-05-23 19:49:57.329 | INFO     | trainer_not_inception:train_epoch:136 - Train: [2560/7970 (32%)]	Loss: 0.003839
2023-05-23 19:50:05.562 | INFO     | trainer_not_inception:train_epoch:136 - Train: [3200/7970 (40%)]	Loss: 0.002748
2023-05-23 19:50:13.766 | INFO     | trainer_not_inception:train_epoch:136 - Train: [3840/7970 (48%)]	Loss: 0.001529
2023-05-23 19:50:21.998 | INFO     | trainer_not_inception:train_epoch:136 - Train: [4480/7970 (56%)]	Loss: 0.001045
2023-05-23 19:50:30.019 | INFO     | trainer_not_inception:train_epoch:136 - Train: [5120/7970 (65%)]	Loss: 0.001070
2023-05-23 19:50:38.397 | INFO     | trainer_not_inception:train_epoch:136 - Train: [5760/7970 (73%)]	Loss: 0.001756
2023-05-23 19:50:46.587 | INFO     | trainer_not_inception:train_epoch:136 - Train: [6400/7970 (81%)]	Loss: 0.001015
2023-05-23 19:50:54.674 | INFO     | trainer_not_inception:train_epoch:136 - Train: [7040/7970 (89%)]	Loss: 0.002180
2023-05-23 19:51:03.058 | INFO     | trainer_not_inception:train_epoch:136 - Train: [7680/7970 (97%)]	Loss: 0.001874
2023-05-23 19:51:05.705 | INFO     | trainer_not_inception:fit:33 - Epoch: 2/50. Train set: Average loss: 0.002343
2023-05-23 19:51:13.808 | INFO     | trainer_not_inception:fit:43 - Epoch: 2/50. Validation set: Average loss: 0.042999
2023-05-23 19:51:15.025 | INFO     | trainer_not_inception:train_epoch:136 - Train: [0/7970 (0%)]	Loss: 0.000798
2023-05-23 19:51:23.390 | INFO     | trainer_not_inception:train_epoch:136 - Train: [640/7970 (8%)]	Loss: 0.001863
2023-05-23 19:51:31.638 | INFO     | trainer_not_inception:train_epoch:136 - Train: [1280/7970 (16%)]	Loss: 0.001147
2023-05-23 19:51:39.870 | INFO     | trainer_not_inception:train_epoch:136 - Train: [1920/7970 (24%)]	Loss: 0.002067
2023-05-23 19:51:48.150 | INFO     | trainer_not_inception:train_epoch:136 - Train: [2560/7970 (32%)]	Loss: 0.000847
2023-05-23 19:51:56.443 | INFO     | trainer_not_inception:train_epoch:136 - Train: [3200/7970 (40%)]	Loss: 0.002210
2023-05-23 19:52:04.631 | INFO     | trainer_not_inception:train_epoch:136 - Train: [3840/7970 (48%)]	Loss: 0.001247
2023-05-23 19:52:12.990 | INFO     | trainer_not_inception:train_epoch:136 - Train: [4480/7970 (56%)]	Loss: 0.001492
2023-05-23 19:52:21.238 | INFO     | trainer_not_inception:train_epoch:136 - Train: [5120/7970 (65%)]	Loss: 0.002280
2023-05-23 19:52:29.434 | INFO     | trainer_not_inception:train_epoch:136 - Train: [5760/7970 (73%)]	Loss: 0.003251
2023-05-23 19:52:37.531 | INFO     | trainer_not_inception:train_epoch:136 - Train: [6400/7970 (81%)]	Loss: 0.002901
2023-05-23 19:52:45.642 | INFO     | trainer_not_inception:train_epoch:136 - Train: [7040/7970 (89%)]	Loss: 0.002052
2023-05-23 19:52:53.720 | INFO     | trainer_not_inception:train_epoch:136 - Train: [7680/7970 (97%)]	Loss: 0.001705
2023-05-23 19:52:56.389 | INFO     | trainer_not_inception:fit:33 - Epoch: 3/50. Train set: Average loss: 0.001902
2023-05-23 19:53:04.380 | INFO     | trainer_not_inception:fit:43 - Epoch: 3/50. Validation set: Average loss: 0.029261
2023-05-23 19:53:05.555 | INFO     | trainer_not_inception:train_epoch:136 - Train: [0/7970 (0%)]	Loss: 0.003037
2023-05-23 19:53:13.602 | INFO     | trainer_not_inception:train_epoch:136 - Train: [640/7970 (8%)]	Loss: 0.000995
2023-05-23 19:53:21.799 | INFO     | trainer_not_inception:train_epoch:136 - Train: [1280/7970 (16%)]	Loss: 0.000805
2023-05-23 19:53:30.007 | INFO     | trainer_not_inception:train_epoch:136 - Train: [1920/7970 (24%)]	Loss: 0.000731
2023-05-23 19:53:38.014 | INFO     | trainer_not_inception:train_epoch:136 - Train: [2560/7970 (32%)]	Loss: 0.001248
2023-05-23 19:53:45.927 | INFO     | trainer_not_inception:train_epoch:136 - Train: [3200/7970 (40%)]	Loss: 0.001011
2023-05-23 19:53:53.913 | INFO     | trainer_not_inception:train_epoch:136 - Train: [3840/7970 (48%)]	Loss: 0.001018
2023-05-23 19:54:01.806 | INFO     | trainer_not_inception:train_epoch:136 - Train: [4480/7970 (56%)]	Loss: 0.000672
2023-05-23 19:54:09.705 | INFO     | trainer_not_inception:train_epoch:136 - Train: [5120/7970 (65%)]	Loss: 0.001447
2023-05-23 19:54:17.659 | INFO     | trainer_not_inception:train_epoch:136 - Train: [5760/7970 (73%)]	Loss: 0.001308
2023-05-23 19:54:25.577 | INFO     | trainer_not_inception:train_epoch:136 - Train: [6400/7970 (81%)]	Loss: 0.000777
2023-05-23 19:54:33.471 | INFO     | trainer_not_inception:train_epoch:136 - Train: [7040/7970 (89%)]	Loss: 0.001356
2023-05-23 19:54:41.379 | INFO     | trainer_not_inception:train_epoch:136 - Train: [7680/7970 (97%)]	Loss: 0.001349
2023-05-23 19:54:44.019 | INFO     | trainer_not_inception:fit:33 - Epoch: 4/50. Train set: Average loss: 0.001065
2023-05-23 19:54:51.946 | INFO     | trainer_not_inception:fit:43 - Epoch: 4/50. Validation set: Average loss: 0.045696
2023-05-23 19:54:53.136 | INFO     | trainer_not_inception:train_epoch:136 - Train: [0/7970 (0%)]	Loss: 0.000133
2023-05-23 19:55:01.051 | INFO     | trainer_not_inception:train_epoch:136 - Train: [640/7970 (8%)]	Loss: 0.000375
2023-05-23 19:55:09.067 | INFO     | trainer_not_inception:train_epoch:136 - Train: [1280/7970 (16%)]	Loss: 0.000721
2023-05-23 19:55:17.083 | INFO     | trainer_not_inception:train_epoch:136 - Train: [1920/7970 (24%)]	Loss: 0.001139
2023-05-23 19:55:25.065 | INFO     | trainer_not_inception:train_epoch:136 - Train: [2560/7970 (32%)]	Loss: 0.000419
2023-05-23 19:55:33.061 | INFO     | trainer_not_inception:train_epoch:136 - Train: [3200/7970 (40%)]	Loss: 0.000713
2023-05-23 19:55:40.974 | INFO     | trainer_not_inception:train_epoch:136 - Train: [3840/7970 (48%)]	Loss: 0.000794
2023-05-23 19:55:48.869 | INFO     | trainer_not_inception:train_epoch:136 - Train: [4480/7970 (56%)]	Loss: 0.000781
2023-05-23 19:55:56.775 | INFO     | trainer_not_inception:train_epoch:136 - Train: [5120/7970 (65%)]	Loss: 0.001817
2023-05-23 19:56:04.683 | INFO     | trainer_not_inception:train_epoch:136 - Train: [5760/7970 (73%)]	Loss: 0.001765
2023-05-23 19:56:12.598 | INFO     | trainer_not_inception:train_epoch:136 - Train: [6400/7970 (81%)]	Loss: 0.003033
2023-05-23 19:56:20.583 | INFO     | trainer_not_inception:train_epoch:136 - Train: [7040/7970 (89%)]	Loss: 0.002370
2023-05-23 19:56:28.670 | INFO     | trainer_not_inception:train_epoch:136 - Train: [7680/7970 (97%)]	Loss: 0.002153
2023-05-23 19:56:31.177 | INFO     | trainer_not_inception:fit:33 - Epoch: 5/50. Train set: Average loss: 0.001314
2023-05-23 19:56:39.102 | INFO     | trainer_not_inception:fit:43 - Epoch: 5/50. Validation set: Average loss: 0.064329
2023-05-23 19:56:40.366 | INFO     | trainer_not_inception:train_epoch:136 - Train: [0/7970 (0%)]	Loss: 0.006151
2023-05-23 19:56:48.348 | INFO     | trainer_not_inception:train_epoch:136 - Train: [640/7970 (8%)]	Loss: 0.000695
2023-05-23 19:56:56.436 | INFO     | trainer_not_inception:train_epoch:136 - Train: [1280/7970 (16%)]	Loss: 0.001394
2023-05-23 19:57:04.355 | INFO     | trainer_not_inception:train_epoch:136 - Train: [1920/7970 (24%)]	Loss: 0.000731
2023-05-23 19:57:12.270 | INFO     | trainer_not_inception:train_epoch:136 - Train: [2560/7970 (32%)]	Loss: 0.001414
2023-05-23 19:57:20.179 | INFO     | trainer_not_inception:train_epoch:136 - Train: [3200/7970 (40%)]	Loss: 0.001789
2023-05-23 19:57:28.083 | INFO     | trainer_not_inception:train_epoch:136 - Train: [3840/7970 (48%)]	Loss: 0.000579
2023-05-23 19:57:35.990 | INFO     | trainer_not_inception:train_epoch:136 - Train: [4480/7970 (56%)]	Loss: 0.001062
2023-05-23 19:57:43.907 | INFO     | trainer_not_inception:train_epoch:136 - Train: [5120/7970 (65%)]	Loss: 0.000547
2023-05-23 19:57:51.911 | INFO     | trainer_not_inception:train_epoch:136 - Train: [5760/7970 (73%)]	Loss: 0.000428
2023-05-23 19:57:59.822 | INFO     | trainer_not_inception:train_epoch:136 - Train: [6400/7970 (81%)]	Loss: 0.001955
2023-05-23 19:58:07.738 | INFO     | trainer_not_inception:train_epoch:136 - Train: [7040/7970 (89%)]	Loss: 0.001199
2023-05-23 19:58:15.647 | INFO     | trainer_not_inception:train_epoch:136 - Train: [7680/7970 (97%)]	Loss: 0.000761
2023-05-23 19:58:18.160 | INFO     | trainer_not_inception:fit:33 - Epoch: 6/50. Train set: Average loss: 0.001063
2023-05-23 19:58:25.870 | INFO     | trainer_not_inception:fit:43 - Epoch: 6/50. Validation set: Average loss: 0.036351
2023-05-23 19:58:27.033 | INFO     | trainer_not_inception:train_epoch:136 - Train: [0/7970 (0%)]	Loss: 0.000164
2023-05-23 19:58:34.919 | INFO     | trainer_not_inception:train_epoch:136 - Train: [640/7970 (8%)]	Loss: 0.000614
2023-05-23 19:58:42.818 | INFO     | trainer_not_inception:train_epoch:136 - Train: [1280/7970 (16%)]	Loss: 0.001204
2023-05-23 19:58:50.719 | INFO     | trainer_not_inception:train_epoch:136 - Train: [1920/7970 (24%)]	Loss: 0.002047
2023-05-23 19:58:58.623 | INFO     | trainer_not_inception:train_epoch:136 - Train: [2560/7970 (32%)]	Loss: 0.002548
2023-05-23 19:59:06.531 | INFO     | trainer_not_inception:train_epoch:136 - Train: [3200/7970 (40%)]	Loss: 0.000879
2023-05-23 19:59:14.438 | INFO     | trainer_not_inception:train_epoch:136 - Train: [3840/7970 (48%)]	Loss: 0.002265
2023-05-23 19:59:22.338 | INFO     | trainer_not_inception:train_epoch:136 - Train: [4480/7970 (56%)]	Loss: 0.002977
2023-05-23 19:59:30.242 | INFO     | trainer_not_inception:train_epoch:136 - Train: [5120/7970 (65%)]	Loss: 0.004015
2023-05-23 19:59:38.141 | INFO     | trainer_not_inception:train_epoch:136 - Train: [5760/7970 (73%)]	Loss: 0.003080
2023-05-23 19:59:46.047 | INFO     | trainer_not_inception:train_epoch:136 - Train: [6400/7970 (81%)]	Loss: 0.001985
2023-05-23 19:59:53.946 | INFO     | trainer_not_inception:train_epoch:136 - Train: [7040/7970 (89%)]	Loss: 0.002568
2023-05-23 20:00:01.854 | INFO     | trainer_not_inception:train_epoch:136 - Train: [7680/7970 (97%)]	Loss: 0.001872
2023-05-23 20:00:04.360 | INFO     | trainer_not_inception:fit:33 - Epoch: 7/50. Train set: Average loss: 0.002115
2023-05-23 20:00:12.304 | INFO     | trainer_not_inception:fit:43 - Epoch: 7/50. Validation set: Average loss: 0.068062
2023-05-23 20:00:13.482 | INFO     | trainer_not_inception:train_epoch:136 - Train: [0/7970 (0%)]	Loss: 0.001734
2023-05-23 20:00:21.366 | INFO     | trainer_not_inception:train_epoch:136 - Train: [640/7970 (8%)]	Loss: 0.001142
2023-05-23 20:00:29.243 | INFO     | trainer_not_inception:train_epoch:136 - Train: [1280/7970 (16%)]	Loss: 0.001823
2023-05-23 20:00:37.142 | INFO     | trainer_not_inception:train_epoch:136 - Train: [1920/7970 (24%)]	Loss: 0.000853
2023-05-23 20:00:45.042 | INFO     | trainer_not_inception:train_epoch:136 - Train: [2560/7970 (32%)]	Loss: 0.000625
2023-05-23 20:00:52.942 | INFO     | trainer_not_inception:train_epoch:136 - Train: [3200/7970 (40%)]	Loss: 0.000286
2023-05-23 20:01:00.845 | INFO     | trainer_not_inception:train_epoch:136 - Train: [3840/7970 (48%)]	Loss: 0.002013
2023-05-23 20:01:08.754 | INFO     | trainer_not_inception:train_epoch:136 - Train: [4480/7970 (56%)]	Loss: 0.001093
2023-05-23 20:01:16.655 | INFO     | trainer_not_inception:train_epoch:136 - Train: [5120/7970 (65%)]	Loss: 0.001236
2023-05-23 20:01:24.559 | INFO     | trainer_not_inception:train_epoch:136 - Train: [5760/7970 (73%)]	Loss: 0.001482
2023-05-23 20:01:32.462 | INFO     | trainer_not_inception:train_epoch:136 - Train: [6400/7970 (81%)]	Loss: 0.000742
2023-05-23 20:01:40.362 | INFO     | trainer_not_inception:train_epoch:136 - Train: [7040/7970 (89%)]	Loss: 0.001070
2023-05-23 20:01:48.266 | INFO     | trainer_not_inception:train_epoch:136 - Train: [7680/7970 (97%)]	Loss: 0.000972
2023-05-23 20:01:50.775 | INFO     | trainer_not_inception:fit:33 - Epoch: 8/50. Train set: Average loss: 0.001096
2023-05-23 20:01:58.640 | INFO     | trainer_not_inception:fit:43 - Epoch: 8/50. Validation set: Average loss: 0.033811
2023-05-23 20:01:59.823 | INFO     | trainer_not_inception:train_epoch:136 - Train: [0/7970 (0%)]	Loss: 0.001392
2023-05-23 20:02:07.726 | INFO     | trainer_not_inception:train_epoch:136 - Train: [640/7970 (8%)]	Loss: 0.001211
2023-05-23 20:02:15.627 | INFO     | trainer_not_inception:train_epoch:136 - Train: [1280/7970 (16%)]	Loss: 0.000902
2023-05-23 20:02:23.527 | INFO     | trainer_not_inception:train_epoch:136 - Train: [1920/7970 (24%)]	Loss: 0.001371
2023-05-23 20:02:31.426 | INFO     | trainer_not_inception:train_epoch:136 - Train: [2560/7970 (32%)]	Loss: 0.001402
2023-05-23 20:02:39.329 | INFO     | trainer_not_inception:train_epoch:136 - Train: [3200/7970 (40%)]	Loss: 0.001079
2023-05-23 20:02:47.227 | INFO     | trainer_not_inception:train_epoch:136 - Train: [3840/7970 (48%)]	Loss: 0.001011
2023-05-23 20:02:55.126 | INFO     | trainer_not_inception:train_epoch:136 - Train: [4480/7970 (56%)]	Loss: 0.001856
2023-05-23 20:03:03.033 | INFO     | trainer_not_inception:train_epoch:136 - Train: [5120/7970 (65%)]	Loss: 0.001479
2023-05-23 20:03:10.938 | INFO     | trainer_not_inception:train_epoch:136 - Train: [5760/7970 (73%)]	Loss: 0.000306
2023-05-23 20:03:18.849 | INFO     | trainer_not_inception:train_epoch:136 - Train: [6400/7970 (81%)]	Loss: 0.000764
2023-05-23 20:03:26.746 | INFO     | trainer_not_inception:train_epoch:136 - Train: [7040/7970 (89%)]	Loss: 0.000371
2023-05-23 20:03:34.649 | INFO     | trainer_not_inception:train_epoch:136 - Train: [7680/7970 (97%)]	Loss: 0.000594
2023-05-23 20:03:37.160 | INFO     | trainer_not_inception:fit:33 - Epoch: 9/50. Train set: Average loss: 0.001045
2023-05-23 20:03:44.866 | INFO     | trainer_not_inception:fit:43 - Epoch: 9/50. Validation set: Average loss: 0.000000
2023-05-23 20:03:46.038 | INFO     | trainer_not_inception:train_epoch:136 - Train: [0/7970 (0%)]	Loss: 0.000022
2023-05-23 20:03:53.925 | INFO     | trainer_not_inception:train_epoch:136 - Train: [640/7970 (8%)]	Loss: 0.001876
2023-05-23 20:04:01.808 | INFO     | trainer_not_inception:train_epoch:136 - Train: [1280/7970 (16%)]	Loss: 0.001032
2023-05-23 20:04:09.711 | INFO     | trainer_not_inception:train_epoch:136 - Train: [1920/7970 (24%)]	Loss: 0.001015
2023-05-23 20:04:17.619 | INFO     | trainer_not_inception:train_epoch:136 - Train: [2560/7970 (32%)]	Loss: 0.000641
2023-05-23 20:04:25.517 | INFO     | trainer_not_inception:train_epoch:136 - Train: [3200/7970 (40%)]	Loss: 0.000882
2023-05-23 20:04:33.417 | INFO     | trainer_not_inception:train_epoch:136 - Train: [3840/7970 (48%)]	Loss: 0.001209
2023-05-23 20:04:41.323 | INFO     | trainer_not_inception:train_epoch:136 - Train: [4480/7970 (56%)]	Loss: 0.001543
2023-05-23 20:04:49.227 | INFO     | trainer_not_inception:train_epoch:136 - Train: [5120/7970 (65%)]	Loss: 0.001307
2023-05-23 20:04:57.123 | INFO     | trainer_not_inception:train_epoch:136 - Train: [5760/7970 (73%)]	Loss: 0.001846
2023-05-23 20:05:05.024 | INFO     | trainer_not_inception:train_epoch:136 - Train: [6400/7970 (81%)]	Loss: 0.001572
2023-05-23 20:05:12.933 | INFO     | trainer_not_inception:train_epoch:136 - Train: [7040/7970 (89%)]	Loss: 0.000810
2023-05-23 20:05:20.838 | INFO     | trainer_not_inception:train_epoch:136 - Train: [7680/7970 (97%)]	Loss: 0.001122
2023-05-23 20:05:23.346 | INFO     | trainer_not_inception:fit:33 - Epoch: 10/50. Train set: Average loss: 0.001236
2023-05-23 20:05:31.235 | INFO     | trainer_not_inception:fit:43 - Epoch: 10/50. Validation set: Average loss: 0.000000
2023-05-23 20:05:32.871 | INFO     | trainer_not_inception:train_epoch:136 - Train: [0/7970 (0%)]	Loss: 0.000096
2023-05-23 20:05:40.772 | INFO     | trainer_not_inception:train_epoch:136 - Train: [640/7970 (8%)]	Loss: 0.000764
2023-05-23 20:05:48.674 | INFO     | trainer_not_inception:train_epoch:136 - Train: [1280/7970 (16%)]	Loss: 0.001017
2023-05-23 20:05:56.578 | INFO     | trainer_not_inception:train_epoch:136 - Train: [1920/7970 (24%)]	Loss: 0.001142
2023-05-23 20:06:04.487 | INFO     | trainer_not_inception:train_epoch:136 - Train: [2560/7970 (32%)]	Loss: 0.000084
2023-05-23 20:06:12.395 | INFO     | trainer_not_inception:train_epoch:136 - Train: [3200/7970 (40%)]	Loss: 0.000932
2023-05-23 20:06:20.301 | INFO     | trainer_not_inception:train_epoch:136 - Train: [3840/7970 (48%)]	Loss: 0.000643
2023-05-23 20:06:28.207 | INFO     | trainer_not_inception:train_epoch:136 - Train: [4480/7970 (56%)]	Loss: 0.000362
2023-05-23 20:06:36.203 | INFO     | trainer_not_inception:train_epoch:136 - Train: [5120/7970 (65%)]	Loss: 0.000516
2023-05-23 20:06:44.213 | INFO     | trainer_not_inception:train_epoch:136 - Train: [5760/7970 (73%)]	Loss: 0.000541
2023-05-23 20:06:52.375 | INFO     | trainer_not_inception:train_epoch:136 - Train: [6400/7970 (81%)]	Loss: 0.000485
2023-05-23 20:07:00.463 | INFO     | trainer_not_inception:train_epoch:136 - Train: [7040/7970 (89%)]	Loss: 0.000551
2023-05-23 20:07:08.642 | INFO     | trainer_not_inception:train_epoch:136 - Train: [7680/7970 (97%)]	Loss: 0.000503
2023-05-23 20:07:11.197 | INFO     | trainer_not_inception:fit:33 - Epoch: 11/50. Train set: Average loss: 0.000616
2023-05-23 20:07:19.031 | INFO     | trainer_not_inception:fit:43 - Epoch: 11/50. Validation set: Average loss: 0.000000
2023-05-23 20:07:20.189 | INFO     | trainer_not_inception:train_epoch:136 - Train: [0/7970 (0%)]	Loss: 0.001014
2023-05-23 20:07:28.115 | INFO     | trainer_not_inception:train_epoch:136 - Train: [640/7970 (8%)]	Loss: 0.000717
2023-05-23 20:07:36.040 | INFO     | trainer_not_inception:train_epoch:136 - Train: [1280/7970 (16%)]	Loss: 0.000183
2023-05-23 20:07:44.031 | INFO     | trainer_not_inception:train_epoch:136 - Train: [1920/7970 (24%)]	Loss: 0.000332
2023-05-23 20:07:51.930 | INFO     | trainer_not_inception:train_epoch:136 - Train: [2560/7970 (32%)]	Loss: 0.000289
2023-05-23 20:07:59.832 | INFO     | trainer_not_inception:train_epoch:136 - Train: [3200/7970 (40%)]	Loss: 0.000485
2023-05-23 20:08:07.742 | INFO     | trainer_not_inception:train_epoch:136 - Train: [3840/7970 (48%)]	Loss: 0.000215
2023-05-23 20:08:15.650 | INFO     | trainer_not_inception:train_epoch:136 - Train: [4480/7970 (56%)]	Loss: 0.000574
2023-05-23 20:08:23.607 | INFO     | trainer_not_inception:train_epoch:136 - Train: [5120/7970 (65%)]	Loss: 0.000242
2023-05-23 20:08:31.677 | INFO     | trainer_not_inception:train_epoch:136 - Train: [5760/7970 (73%)]	Loss: 0.000439
2023-05-23 20:08:39.633 | INFO     | trainer_not_inception:train_epoch:136 - Train: [6400/7970 (81%)]	Loss: 0.000289
2023-05-23 20:08:47.532 | INFO     | trainer_not_inception:train_epoch:136 - Train: [7040/7970 (89%)]	Loss: 0.000192
2023-05-23 20:08:55.434 | INFO     | trainer_not_inception:train_epoch:136 - Train: [7680/7970 (97%)]	Loss: 0.000488
2023-05-23 20:08:57.949 | INFO     | trainer_not_inception:fit:33 - Epoch: 12/50. Train set: Average loss: 0.000377
2023-05-23 20:09:05.822 | INFO     | trainer_not_inception:fit:43 - Epoch: 12/50. Validation set: Average loss: 0.000000
2023-05-23 20:09:06.992 | INFO     | trainer_not_inception:train_epoch:136 - Train: [0/7970 (0%)]	Loss: 0.000104
2023-05-23 20:09:14.896 | INFO     | trainer_not_inception:train_epoch:136 - Train: [640/7970 (8%)]	Loss: 0.000322
2023-05-23 20:09:22.794 | INFO     | trainer_not_inception:train_epoch:136 - Train: [1280/7970 (16%)]	Loss: 0.000726
2023-05-23 20:09:30.926 | INFO     | trainer_not_inception:train_epoch:136 - Train: [1920/7970 (24%)]	Loss: 0.000895
2023-05-23 20:09:39.222 | INFO     | trainer_not_inception:train_epoch:136 - Train: [2560/7970 (32%)]	Loss: 0.000128
2023-05-23 20:09:47.363 | INFO     | trainer_not_inception:train_epoch:136 - Train: [3200/7970 (40%)]	Loss: 0.000570
2023-05-23 20:09:55.438 | INFO     | trainer_not_inception:train_epoch:136 - Train: [3840/7970 (48%)]	Loss: 0.000504
2023-05-23 20:10:03.646 | INFO     | trainer_not_inception:train_epoch:136 - Train: [4480/7970 (56%)]	Loss: 0.000381
2023-05-23 20:10:11.711 | INFO     | trainer_not_inception:train_epoch:136 - Train: [5120/7970 (65%)]	Loss: 0.000182
2023-05-23 20:10:19.719 | INFO     | trainer_not_inception:train_epoch:136 - Train: [5760/7970 (73%)]	Loss: 0.000122
2023-05-23 20:10:27.874 | INFO     | trainer_not_inception:train_epoch:136 - Train: [6400/7970 (81%)]	Loss: 0.000715
2023-05-23 20:10:35.778 | INFO     | trainer_not_inception:train_epoch:136 - Train: [7040/7970 (89%)]	Loss: 0.000587
2023-05-23 20:10:43.688 | INFO     | trainer_not_inception:train_epoch:136 - Train: [7680/7970 (97%)]	Loss: 0.000157
2023-05-23 20:10:46.197 | INFO     | trainer_not_inception:fit:33 - Epoch: 13/50. Train set: Average loss: 0.000433
2023-05-23 20:10:54.096 | INFO     | trainer_not_inception:fit:43 - Epoch: 13/50. Validation set: Average loss: 0.000000
2023-05-23 20:10:55.275 | INFO     | trainer_not_inception:train_epoch:136 - Train: [0/7970 (0%)]	Loss: 0.000000
2023-05-23 20:11:03.191 | INFO     | trainer_not_inception:train_epoch:136 - Train: [640/7970 (8%)]	Loss: 0.000827
2023-05-23 20:11:11.136 | INFO     | trainer_not_inception:train_epoch:136 - Train: [1280/7970 (16%)]	Loss: 0.000496
2023-05-23 20:11:19.038 | INFO     | trainer_not_inception:train_epoch:136 - Train: [1920/7970 (24%)]	Loss: 0.000413
2023-05-23 20:11:26.941 | INFO     | trainer_not_inception:train_epoch:136 - Train: [2560/7970 (32%)]	Loss: 0.000362
2023-05-23 20:11:34.849 | INFO     | trainer_not_inception:train_epoch:136 - Train: [3200/7970 (40%)]	Loss: 0.000336
2023-05-23 20:11:42.753 | INFO     | trainer_not_inception:train_epoch:136 - Train: [3840/7970 (48%)]	Loss: 0.000177
2023-05-23 20:11:50.658 | INFO     | trainer_not_inception:train_epoch:136 - Train: [4480/7970 (56%)]	Loss: 0.000950
2023-05-23 20:11:58.670 | INFO     | trainer_not_inception:train_epoch:136 - Train: [5120/7970 (65%)]	Loss: 0.000569
2023-05-23 20:12:06.671 | INFO     | trainer_not_inception:train_epoch:136 - Train: [5760/7970 (73%)]	Loss: 0.000110
2023-05-23 20:12:14.602 | INFO     | trainer_not_inception:train_epoch:136 - Train: [6400/7970 (81%)]	Loss: 0.000525
2023-05-23 20:12:22.515 | INFO     | trainer_not_inception:train_epoch:136 - Train: [7040/7970 (89%)]	Loss: 0.000160
2023-05-23 20:12:30.417 | INFO     | trainer_not_inception:train_epoch:136 - Train: [7680/7970 (97%)]	Loss: 0.000471
2023-05-23 20:12:32.930 | INFO     | trainer_not_inception:fit:33 - Epoch: 14/50. Train set: Average loss: 0.000439
2023-05-23 20:12:40.924 | INFO     | trainer_not_inception:fit:43 - Epoch: 14/50. Validation set: Average loss: 0.000000
2023-05-23 20:12:42.104 | INFO     | trainer_not_inception:train_epoch:136 - Train: [0/7970 (0%)]	Loss: 0.000001
2023-05-23 20:12:49.998 | INFO     | trainer_not_inception:train_epoch:136 - Train: [640/7970 (8%)]	Loss: 0.000204
2023-05-23 20:12:57.899 | INFO     | trainer_not_inception:train_epoch:136 - Train: [1280/7970 (16%)]	Loss: 0.000671
2023-05-23 20:13:05.805 | INFO     | trainer_not_inception:train_epoch:136 - Train: [1920/7970 (24%)]	Loss: 0.000365
2023-05-23 20:13:13.709 | INFO     | trainer_not_inception:train_epoch:136 - Train: [2560/7970 (32%)]	Loss: 0.000239
2023-05-23 20:13:21.624 | INFO     | trainer_not_inception:train_epoch:136 - Train: [3200/7970 (40%)]	Loss: 0.000271
2023-05-23 20:13:29.577 | INFO     | trainer_not_inception:train_epoch:136 - Train: [3840/7970 (48%)]	Loss: 0.000013
2023-05-23 20:13:37.511 | INFO     | trainer_not_inception:train_epoch:136 - Train: [4480/7970 (56%)]	Loss: 0.000240
2023-05-23 20:13:45.564 | INFO     | trainer_not_inception:train_epoch:136 - Train: [5120/7970 (65%)]	Loss: 0.000180
2023-05-23 20:13:53.464 | INFO     | trainer_not_inception:train_epoch:136 - Train: [5760/7970 (73%)]	Loss: 0.000719
2023-05-23 20:14:01.373 | INFO     | trainer_not_inception:train_epoch:136 - Train: [6400/7970 (81%)]	Loss: 0.000512
2023-05-23 20:14:09.267 | INFO     | trainer_not_inception:train_epoch:136 - Train: [7040/7970 (89%)]	Loss: 0.000508
2023-05-23 20:14:17.169 | INFO     | trainer_not_inception:train_epoch:136 - Train: [7680/7970 (97%)]	Loss: 0.000209
2023-05-23 20:14:19.679 | INFO     | trainer_not_inception:fit:33 - Epoch: 15/50. Train set: Average loss: 0.000335
2023-05-23 20:14:27.583 | INFO     | trainer_not_inception:fit:43 - Epoch: 15/50. Validation set: Average loss: 0.000000
2023-05-23 20:14:28.749 | INFO     | trainer_not_inception:train_epoch:136 - Train: [0/7970 (0%)]	Loss: 0.000544
2023-05-23 20:14:36.634 | INFO     | trainer_not_inception:train_epoch:136 - Train: [640/7970 (8%)]	Loss: 0.000156
2023-05-23 20:14:44.698 | INFO     | trainer_not_inception:train_epoch:136 - Train: [1280/7970 (16%)]	Loss: 0.000452
2023-05-23 20:14:52.613 | INFO     | trainer_not_inception:train_epoch:136 - Train: [1920/7970 (24%)]	Loss: 0.000574
2023-05-23 20:15:00.642 | INFO     | trainer_not_inception:train_epoch:136 - Train: [2560/7970 (32%)]	Loss: 0.000139
2023-05-23 20:15:08.731 | INFO     | trainer_not_inception:train_epoch:136 - Train: [3200/7970 (40%)]	Loss: 0.000526
2023-05-23 20:15:16.948 | INFO     | trainer_not_inception:train_epoch:136 - Train: [3840/7970 (48%)]	Loss: 0.000622
2023-05-23 20:15:24.903 | INFO     | trainer_not_inception:train_epoch:136 - Train: [4480/7970 (56%)]	Loss: 0.001621
2023-05-23 20:15:32.897 | INFO     | trainer_not_inception:train_epoch:136 - Train: [5120/7970 (65%)]	Loss: 0.000965
2023-05-23 20:15:40.836 | INFO     | trainer_not_inception:train_epoch:136 - Train: [5760/7970 (73%)]	Loss: 0.000606
2023-05-23 20:15:48.752 | INFO     | trainer_not_inception:train_epoch:136 - Train: [6400/7970 (81%)]	Loss: 0.000574
2023-05-23 20:15:56.678 | INFO     | trainer_not_inception:train_epoch:136 - Train: [7040/7970 (89%)]	Loss: 0.000868
2023-05-23 20:16:04.778 | INFO     | trainer_not_inception:train_epoch:136 - Train: [7680/7970 (97%)]	Loss: 0.000511
2023-05-23 20:16:07.349 | INFO     | trainer_not_inception:fit:33 - Epoch: 16/50. Train set: Average loss: 0.000638
2023-05-23 20:16:15.252 | INFO     | trainer_not_inception:fit:43 - Epoch: 16/50. Validation set: Average loss: 0.000000
2023-05-23 20:16:16.414 | INFO     | trainer_not_inception:train_epoch:136 - Train: [0/7970 (0%)]	Loss: 0.003112
2023-05-23 20:16:24.330 | INFO     | trainer_not_inception:train_epoch:136 - Train: [640/7970 (8%)]	Loss: 0.000643
2023-05-23 20:16:32.306 | INFO     | trainer_not_inception:train_epoch:136 - Train: [1280/7970 (16%)]	Loss: 0.000881
2023-05-23 20:16:40.241 | INFO     | trainer_not_inception:train_epoch:136 - Train: [1920/7970 (24%)]	Loss: 0.000484
2023-05-23 20:16:48.275 | INFO     | trainer_not_inception:train_epoch:136 - Train: [2560/7970 (32%)]	Loss: 0.000806
2023-05-23 20:16:56.171 | INFO     | trainer_not_inception:train_epoch:136 - Train: [3200/7970 (40%)]	Loss: 0.000318
2023-05-23 20:17:04.077 | INFO     | trainer_not_inception:train_epoch:136 - Train: [3840/7970 (48%)]	Loss: 0.000703
2023-05-23 20:17:12.162 | INFO     | trainer_not_inception:train_epoch:136 - Train: [4480/7970 (56%)]	Loss: 0.000489
2023-05-23 20:17:20.293 | INFO     | trainer_not_inception:train_epoch:136 - Train: [5120/7970 (65%)]	Loss: 0.000545
2023-05-23 20:17:28.214 | INFO     | trainer_not_inception:train_epoch:136 - Train: [5760/7970 (73%)]	Loss: 0.000383
2023-05-23 20:17:36.199 | INFO     | trainer_not_inception:train_epoch:136 - Train: [6400/7970 (81%)]	Loss: 0.000592
2023-05-23 20:17:44.133 | INFO     | trainer_not_inception:train_epoch:136 - Train: [7040/7970 (89%)]	Loss: 0.000525
2023-05-23 20:17:52.159 | INFO     | trainer_not_inception:train_epoch:136 - Train: [7680/7970 (97%)]	Loss: 0.000754
2023-05-23 20:17:54.781 | INFO     | trainer_not_inception:fit:33 - Epoch: 17/50. Train set: Average loss: 0.000606
2023-05-23 20:18:02.717 | INFO     | trainer_not_inception:fit:43 - Epoch: 17/50. Validation set: Average loss: 0.000000
2023-05-23 20:18:03.916 | INFO     | trainer_not_inception:train_epoch:136 - Train: [0/7970 (0%)]	Loss: 0.000734
2023-05-23 20:18:12.105 | INFO     | trainer_not_inception:train_epoch:136 - Train: [640/7970 (8%)]	Loss: 0.000370
2023-05-23 20:18:20.315 | INFO     | trainer_not_inception:train_epoch:136 - Train: [1280/7970 (16%)]	Loss: 0.000527
2023-05-23 20:18:28.258 | INFO     | trainer_not_inception:train_epoch:136 - Train: [1920/7970 (24%)]	Loss: 0.000361
2023-05-23 20:18:36.170 | INFO     | trainer_not_inception:train_epoch:136 - Train: [2560/7970 (32%)]	Loss: 0.000190
2023-05-23 20:18:44.418 | INFO     | trainer_not_inception:train_epoch:136 - Train: [3200/7970 (40%)]	Loss: 0.000502
2023-05-23 20:18:52.361 | INFO     | trainer_not_inception:train_epoch:136 - Train: [3840/7970 (48%)]	Loss: 0.000236
2023-05-23 20:19:00.474 | INFO     | trainer_not_inception:train_epoch:136 - Train: [4480/7970 (56%)]	Loss: 0.000411
2023-05-23 20:19:08.834 | INFO     | trainer_not_inception:train_epoch:136 - Train: [5120/7970 (65%)]	Loss: 0.000407
2023-05-23 20:19:16.914 | INFO     | trainer_not_inception:train_epoch:136 - Train: [5760/7970 (73%)]	Loss: 0.000406
2023-05-23 20:19:24.825 | INFO     | trainer_not_inception:train_epoch:136 - Train: [6400/7970 (81%)]	Loss: 0.000411
2023-05-23 20:19:32.736 | INFO     | trainer_not_inception:train_epoch:136 - Train: [7040/7970 (89%)]	Loss: 0.000603
2023-05-23 20:19:40.625 | INFO     | trainer_not_inception:train_epoch:136 - Train: [7680/7970 (97%)]	Loss: 0.000392
2023-05-23 20:19:43.252 | INFO     | trainer_not_inception:fit:33 - Epoch: 18/50. Train set: Average loss: 0.000404
2023-05-23 20:19:51.289 | INFO     | trainer_not_inception:fit:43 - Epoch: 18/50. Validation set: Average loss: 0.000000
2023-05-23 20:19:52.482 | INFO     | trainer_not_inception:train_epoch:136 - Train: [0/7970 (0%)]	Loss: 0.000023
2023-05-23 20:20:00.450 | INFO     | trainer_not_inception:train_epoch:136 - Train: [640/7970 (8%)]	Loss: 0.000191
2023-05-23 20:20:08.346 | INFO     | trainer_not_inception:train_epoch:136 - Train: [1280/7970 (16%)]	Loss: 0.000116
2023-05-23 20:20:16.250 | INFO     | trainer_not_inception:train_epoch:136 - Train: [1920/7970 (24%)]	Loss: 0.000354
2023-05-23 20:20:24.273 | INFO     | trainer_not_inception:train_epoch:136 - Train: [2560/7970 (32%)]	Loss: 0.000507
2023-05-23 20:20:32.178 | INFO     | trainer_not_inception:train_epoch:136 - Train: [3200/7970 (40%)]	Loss: 0.000615
2023-05-23 20:20:40.409 | INFO     | trainer_not_inception:train_epoch:136 - Train: [3840/7970 (48%)]	Loss: 0.000133
2023-05-23 20:20:48.350 | INFO     | trainer_not_inception:train_epoch:136 - Train: [4480/7970 (56%)]	Loss: 0.000286
2023-05-23 20:20:56.314 | INFO     | trainer_not_inception:train_epoch:136 - Train: [5120/7970 (65%)]	Loss: 0.000347
2023-05-23 20:21:04.254 | INFO     | trainer_not_inception:train_epoch:136 - Train: [5760/7970 (73%)]	Loss: 0.000092
2023-05-23 20:21:12.234 | INFO     | trainer_not_inception:train_epoch:136 - Train: [6400/7970 (81%)]	Loss: 0.000288
2023-05-23 20:21:20.262 | INFO     | trainer_not_inception:train_epoch:136 - Train: [7040/7970 (89%)]	Loss: 0.000113
2023-05-23 20:21:28.250 | INFO     | trainer_not_inception:train_epoch:136 - Train: [7680/7970 (97%)]	Loss: 0.000174
2023-05-23 20:21:30.833 | INFO     | trainer_not_inception:fit:33 - Epoch: 19/50. Train set: Average loss: 0.000263
2023-05-23 20:21:38.775 | INFO     | trainer_not_inception:fit:43 - Epoch: 19/50. Validation set: Average loss: 0.000000
2023-05-23 20:21:39.996 | INFO     | trainer_not_inception:train_epoch:136 - Train: [0/7970 (0%)]	Loss: 0.000081
2023-05-23 20:21:48.142 | INFO     | trainer_not_inception:train_epoch:136 - Train: [640/7970 (8%)]	Loss: 0.000254
2023-05-23 20:21:56.106 | INFO     | trainer_not_inception:train_epoch:136 - Train: [1280/7970 (16%)]	Loss: 0.000369
2023-05-23 20:22:04.143 | INFO     | trainer_not_inception:train_epoch:136 - Train: [1920/7970 (24%)]	Loss: 0.000206
2023-05-23 20:22:12.086 | INFO     | trainer_not_inception:train_epoch:136 - Train: [2560/7970 (32%)]	Loss: 0.000289
2023-05-23 20:22:20.010 | INFO     | trainer_not_inception:train_epoch:136 - Train: [3200/7970 (40%)]	Loss: 0.000167
2023-05-23 20:22:27.958 | INFO     | trainer_not_inception:train_epoch:136 - Train: [3840/7970 (48%)]	Loss: 0.000310
2023-05-23 20:22:35.946 | INFO     | trainer_not_inception:train_epoch:136 - Train: [4480/7970 (56%)]	Loss: 0.000234
2023-05-23 20:22:43.918 | INFO     | trainer_not_inception:train_epoch:136 - Train: [5120/7970 (65%)]	Loss: 0.000128
2023-05-23 20:22:51.989 | INFO     | trainer_not_inception:train_epoch:136 - Train: [5760/7970 (73%)]	Loss: 0.000133
2023-05-23 20:22:59.994 | INFO     | trainer_not_inception:train_epoch:136 - Train: [6400/7970 (81%)]	Loss: 0.000418
2023-05-23 20:23:07.933 | INFO     | trainer_not_inception:train_epoch:136 - Train: [7040/7970 (89%)]	Loss: 0.000124
2023-05-23 20:23:15.873 | INFO     | trainer_not_inception:train_epoch:136 - Train: [7680/7970 (97%)]	Loss: 0.000281
2023-05-23 20:23:18.389 | INFO     | trainer_not_inception:fit:33 - Epoch: 20/50. Train set: Average loss: 0.000249
2023-05-23 20:23:26.287 | INFO     | trainer_not_inception:fit:43 - Epoch: 20/50. Validation set: Average loss: 0.000000
2023-05-23 20:23:27.760 | INFO     | trainer_not_inception:train_epoch:136 - Train: [0/7970 (0%)]	Loss: 0.000002
2023-05-23 20:23:35.693 | INFO     | trainer_not_inception:train_epoch:136 - Train: [640/7970 (8%)]	Loss: 0.000049
2023-05-23 20:23:43.644 | INFO     | trainer_not_inception:train_epoch:136 - Train: [1280/7970 (16%)]	Loss: 0.000213
2023-05-23 20:23:51.618 | INFO     | trainer_not_inception:train_epoch:136 - Train: [1920/7970 (24%)]	Loss: 0.000411
2023-05-23 20:23:59.708 | INFO     | trainer_not_inception:train_epoch:136 - Train: [2560/7970 (32%)]	Loss: 0.000100
2023-05-23 20:24:07.791 | INFO     | trainer_not_inception:train_epoch:136 - Train: [3200/7970 (40%)]	Loss: 0.000335
2023-05-23 20:24:15.797 | INFO     | trainer_not_inception:train_epoch:136 - Train: [3840/7970 (48%)]	Loss: 0.000251
2023-05-23 20:24:23.975 | INFO     | trainer_not_inception:train_epoch:136 - Train: [4480/7970 (56%)]	Loss: 0.000061
2023-05-23 20:24:32.158 | INFO     | trainer_not_inception:train_epoch:136 - Train: [5120/7970 (65%)]	Loss: 0.000076
2023-05-23 20:24:40.159 | INFO     | trainer_not_inception:train_epoch:136 - Train: [5760/7970 (73%)]	Loss: 0.000234
2023-05-23 20:24:48.087 | INFO     | trainer_not_inception:train_epoch:136 - Train: [6400/7970 (81%)]	Loss: 0.000233
2023-05-23 20:24:56.067 | INFO     | trainer_not_inception:train_epoch:136 - Train: [7040/7970 (89%)]	Loss: 0.000249
2023-05-23 20:25:04.238 | INFO     | trainer_not_inception:train_epoch:136 - Train: [7680/7970 (97%)]	Loss: 0.000274
2023-05-23 20:25:06.749 | INFO     | trainer_not_inception:fit:33 - Epoch: 21/50. Train set: Average loss: 0.000204
2023-05-23 20:25:14.755 | INFO     | trainer_not_inception:fit:43 - Epoch: 21/50. Validation set: Average loss: 0.000000
2023-05-23 20:25:15.967 | INFO     | trainer_not_inception:train_epoch:136 - Train: [0/7970 (0%)]	Loss: 0.000068
2023-05-23 20:25:23.991 | INFO     | trainer_not_inception:train_epoch:136 - Train: [640/7970 (8%)]	Loss: 0.000205
2023-05-23 20:25:32.106 | INFO     | trainer_not_inception:train_epoch:136 - Train: [1280/7970 (16%)]	Loss: 0.000369
2023-05-23 20:25:40.375 | INFO     | trainer_not_inception:train_epoch:136 - Train: [1920/7970 (24%)]	Loss: 0.000092
2023-05-23 20:25:48.608 | INFO     | trainer_not_inception:train_epoch:136 - Train: [2560/7970 (32%)]	Loss: 0.000110
2023-05-23 20:25:56.803 | INFO     | trainer_not_inception:train_epoch:136 - Train: [3200/7970 (40%)]	Loss: 0.000511
2023-05-23 20:26:04.978 | INFO     | trainer_not_inception:train_epoch:136 - Train: [3840/7970 (48%)]	Loss: 0.000318
2023-05-23 20:26:13.214 | INFO     | trainer_not_inception:train_epoch:136 - Train: [4480/7970 (56%)]	Loss: 0.000233
2023-05-23 20:26:21.515 | INFO     | trainer_not_inception:train_epoch:136 - Train: [5120/7970 (65%)]	Loss: 0.000147
2023-05-23 20:26:29.487 | INFO     | trainer_not_inception:train_epoch:136 - Train: [5760/7970 (73%)]	Loss: 0.000119
2023-05-23 20:26:37.382 | INFO     | trainer_not_inception:train_epoch:136 - Train: [6400/7970 (81%)]	Loss: 0.000135
2023-05-23 20:26:45.279 | INFO     | trainer_not_inception:train_epoch:136 - Train: [7040/7970 (89%)]	Loss: 0.000170
2023-05-23 20:26:53.175 | INFO     | trainer_not_inception:train_epoch:136 - Train: [7680/7970 (97%)]	Loss: 0.000075
2023-05-23 20:26:55.676 | INFO     | trainer_not_inception:fit:33 - Epoch: 22/50. Train set: Average loss: 0.000203
2023-05-23 20:27:03.632 | INFO     | trainer_not_inception:fit:43 - Epoch: 22/50. Validation set: Average loss: 0.000000
2023-05-23 20:27:04.800 | INFO     | trainer_not_inception:train_epoch:136 - Train: [0/7970 (0%)]	Loss: 0.000451
2023-05-23 20:27:12.704 | INFO     | trainer_not_inception:train_epoch:136 - Train: [640/7970 (8%)]	Loss: 0.000085
2023-05-23 20:27:20.599 | INFO     | trainer_not_inception:train_epoch:136 - Train: [1280/7970 (16%)]	Loss: 0.000217
2023-05-23 20:27:28.494 | INFO     | trainer_not_inception:train_epoch:136 - Train: [1920/7970 (24%)]	Loss: 0.000383
2023-05-23 20:27:36.391 | INFO     | trainer_not_inception:train_epoch:136 - Train: [2560/7970 (32%)]	Loss: 0.000352
2023-05-23 20:27:44.292 | INFO     | trainer_not_inception:train_epoch:136 - Train: [3200/7970 (40%)]	Loss: 0.000320
2023-05-23 20:27:52.191 | INFO     | trainer_not_inception:train_epoch:136 - Train: [3840/7970 (48%)]	Loss: 0.000105
2023-05-23 20:28:00.094 | INFO     | trainer_not_inception:train_epoch:136 - Train: [4480/7970 (56%)]	Loss: 0.000172
2023-05-23 20:28:07.992 | INFO     | trainer_not_inception:train_epoch:136 - Train: [5120/7970 (65%)]	Loss: 0.000222
2023-05-23 20:28:15.897 | INFO     | trainer_not_inception:train_epoch:136 - Train: [5760/7970 (73%)]	Loss: 0.000193
2023-05-23 20:28:23.799 | INFO     | trainer_not_inception:train_epoch:136 - Train: [6400/7970 (81%)]	Loss: 0.000372
2023-05-23 20:28:31.695 | INFO     | trainer_not_inception:train_epoch:136 - Train: [7040/7970 (89%)]	Loss: 0.000249
2023-05-23 20:28:39.598 | INFO     | trainer_not_inception:train_epoch:136 - Train: [7680/7970 (97%)]	Loss: 0.000144
2023-05-23 20:28:42.099 | INFO     | trainer_not_inception:fit:33 - Epoch: 23/50. Train set: Average loss: 0.000242
2023-05-23 20:28:50.022 | INFO     | trainer_not_inception:fit:43 - Epoch: 23/50. Validation set: Average loss: 0.000000
2023-05-23 20:28:51.179 | INFO     | trainer_not_inception:train_epoch:136 - Train: [0/7970 (0%)]	Loss: 0.000002
2023-05-23 20:28:59.082 | INFO     | trainer_not_inception:train_epoch:136 - Train: [640/7970 (8%)]	Loss: 0.000274
2023-05-23 20:29:06.978 | INFO     | trainer_not_inception:train_epoch:136 - Train: [1280/7970 (16%)]	Loss: 0.000285
2023-05-23 20:29:14.878 | INFO     | trainer_not_inception:train_epoch:136 - Train: [1920/7970 (24%)]	Loss: 0.000163
2023-05-23 20:29:22.773 | INFO     | trainer_not_inception:train_epoch:136 - Train: [2560/7970 (32%)]	Loss: 0.000165
2023-05-23 20:29:30.670 | INFO     | trainer_not_inception:train_epoch:136 - Train: [3200/7970 (40%)]	Loss: 0.000385
2023-05-23 20:29:38.550 | INFO     | trainer_not_inception:train_epoch:136 - Train: [3840/7970 (48%)]	Loss: 0.000188
2023-05-23 20:29:46.453 | INFO     | trainer_not_inception:train_epoch:136 - Train: [4480/7970 (56%)]	Loss: 0.000184
2023-05-23 20:29:54.354 | INFO     | trainer_not_inception:train_epoch:136 - Train: [5120/7970 (65%)]	Loss: 0.000438
2023-05-23 20:30:02.259 | INFO     | trainer_not_inception:train_epoch:136 - Train: [5760/7970 (73%)]	Loss: 0.000330
2023-05-23 20:30:10.165 | INFO     | trainer_not_inception:train_epoch:136 - Train: [6400/7970 (81%)]	Loss: 0.000145
2023-05-23 20:30:18.069 | INFO     | trainer_not_inception:train_epoch:136 - Train: [7040/7970 (89%)]	Loss: 0.000075
2023-05-23 20:30:25.973 | INFO     | trainer_not_inception:train_epoch:136 - Train: [7680/7970 (97%)]	Loss: 0.000191
2023-05-23 20:30:28.476 | INFO     | trainer_not_inception:fit:33 - Epoch: 24/50. Train set: Average loss: 0.000230
2023-05-23 20:30:36.361 | INFO     | trainer_not_inception:fit:43 - Epoch: 24/50. Validation set: Average loss: 0.000000
2023-05-23 20:30:37.532 | INFO     | trainer_not_inception:train_epoch:136 - Train: [0/7970 (0%)]	Loss: 0.000000
2023-05-23 20:30:45.438 | INFO     | trainer_not_inception:train_epoch:136 - Train: [640/7970 (8%)]	Loss: 0.000424
2023-05-23 20:30:53.346 | INFO     | trainer_not_inception:train_epoch:136 - Train: [1280/7970 (16%)]	Loss: 0.000328
2023-05-23 20:31:01.245 | INFO     | trainer_not_inception:train_epoch:136 - Train: [1920/7970 (24%)]	Loss: 0.000292
2023-05-23 20:31:09.154 | INFO     | trainer_not_inception:train_epoch:136 - Train: [2560/7970 (32%)]	Loss: 0.000228
2023-05-23 20:31:17.067 | INFO     | trainer_not_inception:train_epoch:136 - Train: [3200/7970 (40%)]	Loss: 0.000085
2023-05-23 20:31:24.967 | INFO     | trainer_not_inception:train_epoch:136 - Train: [3840/7970 (48%)]	Loss: 0.000226
2023-05-23 20:31:32.877 | INFO     | trainer_not_inception:train_epoch:136 - Train: [4480/7970 (56%)]	Loss: 0.000099
2023-05-23 20:31:40.791 | INFO     | trainer_not_inception:train_epoch:136 - Train: [5120/7970 (65%)]	Loss: 0.000079
2023-05-23 20:31:48.705 | INFO     | trainer_not_inception:train_epoch:136 - Train: [5760/7970 (73%)]	Loss: 0.000178
2023-05-23 20:31:56.615 | INFO     | trainer_not_inception:train_epoch:136 - Train: [6400/7970 (81%)]	Loss: 0.000070
2023-05-23 20:32:04.537 | INFO     | trainer_not_inception:train_epoch:136 - Train: [7040/7970 (89%)]	Loss: 0.000318
2023-05-23 20:32:12.451 | INFO     | trainer_not_inception:train_epoch:136 - Train: [7680/7970 (97%)]	Loss: 0.000288
2023-05-23 20:32:14.960 | INFO     | trainer_not_inception:fit:33 - Epoch: 25/50. Train set: Average loss: 0.000216
2023-05-23 20:32:22.832 | INFO     | trainer_not_inception:fit:43 - Epoch: 25/50. Validation set: Average loss: 0.000000
2023-05-23 20:32:24.026 | INFO     | trainer_not_inception:train_epoch:136 - Train: [0/7970 (0%)]	Loss: 0.000051
2023-05-23 20:32:31.923 | INFO     | trainer_not_inception:train_epoch:136 - Train: [640/7970 (8%)]	Loss: 0.000427
2023-05-23 20:32:39.835 | INFO     | trainer_not_inception:train_epoch:136 - Train: [1280/7970 (16%)]	Loss: 0.000171
2023-05-23 20:32:47.747 | INFO     | trainer_not_inception:train_epoch:136 - Train: [1920/7970 (24%)]	Loss: 0.000364
2023-05-23 20:32:55.651 | INFO     | trainer_not_inception:train_epoch:136 - Train: [2560/7970 (32%)]	Loss: 0.000327
2023-05-23 20:33:03.565 | INFO     | trainer_not_inception:train_epoch:136 - Train: [3200/7970 (40%)]	Loss: 0.000229
2023-05-23 20:33:11.473 | INFO     | trainer_not_inception:train_epoch:136 - Train: [3840/7970 (48%)]	Loss: 0.000067
2023-05-23 20:33:19.380 | INFO     | trainer_not_inception:train_epoch:136 - Train: [4480/7970 (56%)]	Loss: 0.000159
2023-05-23 20:33:27.286 | INFO     | trainer_not_inception:train_epoch:136 - Train: [5120/7970 (65%)]	Loss: 0.000042
2023-05-23 20:33:35.194 | INFO     | trainer_not_inception:train_epoch:136 - Train: [5760/7970 (73%)]	Loss: 0.000112
2023-05-23 20:33:43.146 | INFO     | trainer_not_inception:train_epoch:136 - Train: [6400/7970 (81%)]	Loss: 0.000100
2023-05-23 20:33:51.059 | INFO     | trainer_not_inception:train_epoch:136 - Train: [7040/7970 (89%)]	Loss: 0.000229
2023-05-23 20:33:58.966 | INFO     | trainer_not_inception:train_epoch:136 - Train: [7680/7970 (97%)]	Loss: 0.000083
2023-05-23 20:34:01.483 | INFO     | trainer_not_inception:fit:33 - Epoch: 26/50. Train set: Average loss: 0.000189
2023-05-23 20:34:09.483 | INFO     | trainer_not_inception:fit:43 - Epoch: 26/50. Validation set: Average loss: 0.000000
2023-05-23 20:34:10.646 | INFO     | trainer_not_inception:train_epoch:136 - Train: [0/7970 (0%)]	Loss: 0.000498
2023-05-23 20:34:18.556 | INFO     | trainer_not_inception:train_epoch:136 - Train: [640/7970 (8%)]	Loss: 0.000200
2023-05-23 20:34:26.463 | INFO     | trainer_not_inception:train_epoch:136 - Train: [1280/7970 (16%)]	Loss: 0.000023
2023-05-23 20:34:34.371 | INFO     | trainer_not_inception:train_epoch:136 - Train: [1920/7970 (24%)]	Loss: 0.000162
2023-05-23 20:34:42.285 | INFO     | trainer_not_inception:train_epoch:136 - Train: [2560/7970 (32%)]	Loss: 0.000164
2023-05-23 20:34:50.186 | INFO     | trainer_not_inception:train_epoch:136 - Train: [3200/7970 (40%)]	Loss: 0.000279
2023-05-23 20:34:58.095 | INFO     | trainer_not_inception:train_epoch:136 - Train: [3840/7970 (48%)]	Loss: 0.000060
2023-05-23 20:35:06.013 | INFO     | trainer_not_inception:train_epoch:136 - Train: [4480/7970 (56%)]	Loss: 0.000127
2023-05-23 20:35:13.928 | INFO     | trainer_not_inception:train_epoch:136 - Train: [5120/7970 (65%)]	Loss: 0.000517
2023-05-23 20:35:21.842 | INFO     | trainer_not_inception:train_epoch:136 - Train: [5760/7970 (73%)]	Loss: 0.000237
2023-05-23 20:35:29.753 | INFO     | trainer_not_inception:train_epoch:136 - Train: [6400/7970 (81%)]	Loss: 0.000060
2023-05-23 20:35:37.659 | INFO     | trainer_not_inception:train_epoch:136 - Train: [7040/7970 (89%)]	Loss: 0.000239
2023-05-23 20:35:45.594 | INFO     | trainer_not_inception:train_epoch:136 - Train: [7680/7970 (97%)]	Loss: 0.000367
2023-05-23 20:35:48.106 | INFO     | trainer_not_inception:fit:33 - Epoch: 27/50. Train set: Average loss: 0.000200
2023-05-23 20:35:55.848 | INFO     | trainer_not_inception:fit:43 - Epoch: 27/50. Validation set: Average loss: 0.000000
2023-05-23 20:35:57.029 | INFO     | trainer_not_inception:train_epoch:136 - Train: [0/7970 (0%)]	Loss: 0.000791
2023-05-23 20:36:05.015 | INFO     | trainer_not_inception:train_epoch:136 - Train: [640/7970 (8%)]	Loss: 0.000088
2023-05-23 20:36:12.929 | INFO     | trainer_not_inception:train_epoch:136 - Train: [1280/7970 (16%)]	Loss: 0.000093
2023-05-23 20:36:20.837 | INFO     | trainer_not_inception:train_epoch:136 - Train: [1920/7970 (24%)]	Loss: 0.000092
2023-05-23 20:36:28.745 | INFO     | trainer_not_inception:train_epoch:136 - Train: [2560/7970 (32%)]	Loss: 0.000147
2023-05-23 20:36:36.651 | INFO     | trainer_not_inception:train_epoch:136 - Train: [3200/7970 (40%)]	Loss: 0.000106
2023-05-23 20:36:44.562 | INFO     | trainer_not_inception:train_epoch:136 - Train: [3840/7970 (48%)]	Loss: 0.000106
2023-05-23 20:36:52.470 | INFO     | trainer_not_inception:train_epoch:136 - Train: [4480/7970 (56%)]	Loss: 0.000230
2023-05-23 20:37:00.381 | INFO     | trainer_not_inception:train_epoch:136 - Train: [5120/7970 (65%)]	Loss: 0.000132
2023-05-23 20:37:08.289 | INFO     | trainer_not_inception:train_epoch:136 - Train: [5760/7970 (73%)]	Loss: 0.000259
2023-05-23 20:37:16.198 | INFO     | trainer_not_inception:train_epoch:136 - Train: [6400/7970 (81%)]	Loss: 0.000289
2023-05-23 20:37:24.102 | INFO     | trainer_not_inception:train_epoch:136 - Train: [7040/7970 (89%)]	Loss: 0.000017
2023-05-23 20:37:32.009 | INFO     | trainer_not_inception:train_epoch:136 - Train: [7680/7970 (97%)]	Loss: 0.000403
2023-05-23 20:37:34.519 | INFO     | trainer_not_inception:fit:33 - Epoch: 28/50. Train set: Average loss: 0.000165
2023-05-23 20:37:42.477 | INFO     | trainer_not_inception:fit:43 - Epoch: 28/50. Validation set: Average loss: 0.000000
2023-05-23 20:37:43.628 | INFO     | trainer_not_inception:train_epoch:136 - Train: [0/7970 (0%)]	Loss: 0.000005
2023-05-23 20:37:51.531 | INFO     | trainer_not_inception:train_epoch:136 - Train: [640/7970 (8%)]	Loss: 0.000165
2023-05-23 20:37:59.434 | INFO     | trainer_not_inception:train_epoch:136 - Train: [1280/7970 (16%)]	Loss: 0.000146
2023-05-23 20:38:07.343 | INFO     | trainer_not_inception:train_epoch:136 - Train: [1920/7970 (24%)]	Loss: 0.000061
2023-05-23 20:38:15.255 | INFO     | trainer_not_inception:train_epoch:136 - Train: [2560/7970 (32%)]	Loss: 0.000198
2023-05-23 20:38:23.161 | INFO     | trainer_not_inception:train_epoch:136 - Train: [3200/7970 (40%)]	Loss: 0.000147
2023-05-23 20:38:31.061 | INFO     | trainer_not_inception:train_epoch:136 - Train: [3840/7970 (48%)]	Loss: 0.000052
2023-05-23 20:38:38.967 | INFO     | trainer_not_inception:train_epoch:136 - Train: [4480/7970 (56%)]	Loss: 0.000388
2023-05-23 20:38:46.874 | INFO     | trainer_not_inception:train_epoch:136 - Train: [5120/7970 (65%)]	Loss: 0.000110
2023-05-23 20:38:54.770 | INFO     | trainer_not_inception:train_epoch:136 - Train: [5760/7970 (73%)]	Loss: 0.000339
2023-05-23 20:39:02.679 | INFO     | trainer_not_inception:train_epoch:136 - Train: [6400/7970 (81%)]	Loss: 0.000253
2023-05-23 20:39:10.586 | INFO     | trainer_not_inception:train_epoch:136 - Train: [7040/7970 (89%)]	Loss: 0.000084
2023-05-23 20:39:18.493 | INFO     | trainer_not_inception:train_epoch:136 - Train: [7680/7970 (97%)]	Loss: 0.000191
2023-05-23 20:39:20.995 | INFO     | trainer_not_inception:fit:33 - Epoch: 29/50. Train set: Average loss: 0.000173
2023-05-23 20:39:28.861 | INFO     | trainer_not_inception:fit:43 - Epoch: 29/50. Validation set: Average loss: 0.000000
2023-05-23 20:39:30.038 | INFO     | trainer_not_inception:train_epoch:136 - Train: [0/7970 (0%)]	Loss: 0.000002
2023-05-23 20:39:37.937 | INFO     | trainer_not_inception:train_epoch:136 - Train: [640/7970 (8%)]	Loss: 0.000340
2023-05-23 20:39:45.826 | INFO     | trainer_not_inception:train_epoch:136 - Train: [1280/7970 (16%)]	Loss: 0.000241
2023-05-23 20:39:53.729 | INFO     | trainer_not_inception:train_epoch:136 - Train: [1920/7970 (24%)]	Loss: 0.000224
2023-05-23 20:40:01.635 | INFO     | trainer_not_inception:train_epoch:136 - Train: [2560/7970 (32%)]	Loss: 0.000154
2023-05-23 20:40:09.546 | INFO     | trainer_not_inception:train_epoch:136 - Train: [3200/7970 (40%)]	Loss: 0.000215
2023-05-23 20:40:17.454 | INFO     | trainer_not_inception:train_epoch:136 - Train: [3840/7970 (48%)]	Loss: 0.000196
2023-05-23 20:40:25.357 | INFO     | trainer_not_inception:train_epoch:136 - Train: [4480/7970 (56%)]	Loss: 0.000082
2023-05-23 20:40:33.262 | INFO     | trainer_not_inception:train_epoch:136 - Train: [5120/7970 (65%)]	Loss: 0.000295
2023-05-23 20:40:41.150 | INFO     | trainer_not_inception:train_epoch:136 - Train: [5760/7970 (73%)]	Loss: 0.000235
2023-05-23 20:40:49.066 | INFO     | trainer_not_inception:train_epoch:136 - Train: [6400/7970 (81%)]	Loss: 0.000342
2023-05-23 20:40:56.961 | INFO     | trainer_not_inception:train_epoch:136 - Train: [7040/7970 (89%)]	Loss: 0.000138
2023-05-23 20:41:04.863 | INFO     | trainer_not_inception:train_epoch:136 - Train: [7680/7970 (97%)]	Loss: 0.000156
2023-05-23 20:41:07.374 | INFO     | trainer_not_inception:fit:33 - Epoch: 30/50. Train set: Average loss: 0.000211
2023-05-23 20:41:15.274 | INFO     | trainer_not_inception:fit:43 - Epoch: 30/50. Validation set: Average loss: 0.000000
2023-05-23 20:41:16.709 | INFO     | trainer_not_inception:train_epoch:136 - Train: [0/7970 (0%)]	Loss: 0.000127
2023-05-23 20:41:24.599 | INFO     | trainer_not_inception:train_epoch:136 - Train: [640/7970 (8%)]	Loss: 0.000374
2023-05-23 20:41:32.496 | INFO     | trainer_not_inception:train_epoch:136 - Train: [1280/7970 (16%)]	Loss: 0.000210
2023-05-23 20:41:40.399 | INFO     | trainer_not_inception:train_epoch:136 - Train: [1920/7970 (24%)]	Loss: 0.000138
2023-05-23 20:41:48.309 | INFO     | trainer_not_inception:train_epoch:136 - Train: [2560/7970 (32%)]	Loss: 0.000143
2023-05-23 20:41:56.214 | INFO     | trainer_not_inception:train_epoch:136 - Train: [3200/7970 (40%)]	Loss: 0.000197
2023-05-23 20:42:04.121 | INFO     | trainer_not_inception:train_epoch:136 - Train: [3840/7970 (48%)]	Loss: 0.000393
2023-05-23 20:42:12.029 | INFO     | trainer_not_inception:train_epoch:136 - Train: [4480/7970 (56%)]	Loss: 0.000400
2023-05-23 20:42:19.926 | INFO     | trainer_not_inception:train_epoch:136 - Train: [5120/7970 (65%)]	Loss: 0.000058
2023-05-23 20:42:27.830 | INFO     | trainer_not_inception:train_epoch:136 - Train: [5760/7970 (73%)]	Loss: 0.000171
2023-05-23 20:42:35.734 | INFO     | trainer_not_inception:train_epoch:136 - Train: [6400/7970 (81%)]	Loss: 0.000178
2023-05-23 20:42:43.642 | INFO     | trainer_not_inception:train_epoch:136 - Train: [7040/7970 (89%)]	Loss: 0.000070
2023-05-23 20:42:51.548 | INFO     | trainer_not_inception:train_epoch:136 - Train: [7680/7970 (97%)]	Loss: 0.000255
2023-05-23 20:42:54.055 | INFO     | trainer_not_inception:fit:33 - Epoch: 31/50. Train set: Average loss: 0.000215
2023-05-23 20:43:01.896 | INFO     | trainer_not_inception:fit:43 - Epoch: 31/50. Validation set: Average loss: 0.000000
2023-05-23 20:43:03.074 | INFO     | trainer_not_inception:train_epoch:136 - Train: [0/7970 (0%)]	Loss: 0.000001
2023-05-23 20:43:10.966 | INFO     | trainer_not_inception:train_epoch:136 - Train: [640/7970 (8%)]	Loss: 0.000326
2023-05-23 20:43:18.878 | INFO     | trainer_not_inception:train_epoch:136 - Train: [1280/7970 (16%)]	Loss: 0.000196
2023-05-23 20:43:26.786 | INFO     | trainer_not_inception:train_epoch:136 - Train: [1920/7970 (24%)]	Loss: 0.000307
2023-05-23 20:43:34.689 | INFO     | trainer_not_inception:train_epoch:136 - Train: [2560/7970 (32%)]	Loss: 0.000163
2023-05-23 20:43:42.598 | INFO     | trainer_not_inception:train_epoch:136 - Train: [3200/7970 (40%)]	Loss: 0.000274
2023-05-23 20:43:50.503 | INFO     | trainer_not_inception:train_epoch:136 - Train: [3840/7970 (48%)]	Loss: 0.000206
2023-05-23 20:43:58.397 | INFO     | trainer_not_inception:train_epoch:136 - Train: [4480/7970 (56%)]	Loss: 0.000329
2023-05-23 20:44:06.308 | INFO     | trainer_not_inception:train_epoch:136 - Train: [5120/7970 (65%)]	Loss: 0.000058
2023-05-23 20:44:14.218 | INFO     | trainer_not_inception:train_epoch:136 - Train: [5760/7970 (73%)]	Loss: 0.000139
2023-05-23 20:44:22.127 | INFO     | trainer_not_inception:train_epoch:136 - Train: [6400/7970 (81%)]	Loss: 0.000140
2023-05-23 20:44:30.031 | INFO     | trainer_not_inception:train_epoch:136 - Train: [7040/7970 (89%)]	Loss: 0.000224
2023-05-23 20:44:37.938 | INFO     | trainer_not_inception:train_epoch:136 - Train: [7680/7970 (97%)]	Loss: 0.000233
2023-05-23 20:44:40.438 | INFO     | trainer_not_inception:fit:33 - Epoch: 32/50. Train set: Average loss: 0.000218
2023-05-23 20:44:48.304 | INFO     | trainer_not_inception:fit:43 - Epoch: 32/50. Validation set: Average loss: 0.000000
2023-05-23 20:44:49.476 | INFO     | trainer_not_inception:train_epoch:136 - Train: [0/7970 (0%)]	Loss: 0.000005
2023-05-23 20:44:57.379 | INFO     | trainer_not_inception:train_epoch:136 - Train: [640/7970 (8%)]	Loss: 0.000654
2023-05-23 20:45:05.290 | INFO     | trainer_not_inception:train_epoch:136 - Train: [1280/7970 (16%)]	Loss: 0.000707
2023-05-23 20:45:13.197 | INFO     | trainer_not_inception:train_epoch:136 - Train: [1920/7970 (24%)]	Loss: 0.000212
2023-05-23 20:45:21.095 | INFO     | trainer_not_inception:train_epoch:136 - Train: [2560/7970 (32%)]	Loss: 0.000054
2023-05-23 20:45:29.003 | INFO     | trainer_not_inception:train_epoch:136 - Train: [3200/7970 (40%)]	Loss: 0.000160
2023-05-23 20:45:36.910 | INFO     | trainer_not_inception:train_epoch:136 - Train: [3840/7970 (48%)]	Loss: 0.000399
2023-05-23 20:45:44.828 | INFO     | trainer_not_inception:train_epoch:136 - Train: [4480/7970 (56%)]	Loss: 0.000192
2023-05-23 20:45:52.736 | INFO     | trainer_not_inception:train_epoch:136 - Train: [5120/7970 (65%)]	Loss: 0.000228
2023-05-23 20:46:00.634 | INFO     | trainer_not_inception:train_epoch:136 - Train: [5760/7970 (73%)]	Loss: 0.000063
2023-05-23 20:46:08.546 | INFO     | trainer_not_inception:train_epoch:136 - Train: [6400/7970 (81%)]	Loss: 0.000296
2023-05-23 20:46:16.454 | INFO     | trainer_not_inception:train_epoch:136 - Train: [7040/7970 (89%)]	Loss: 0.000065
2023-05-23 20:46:24.367 | INFO     | trainer_not_inception:train_epoch:136 - Train: [7680/7970 (97%)]	Loss: 0.000237
2023-05-23 20:46:26.876 | INFO     | trainer_not_inception:fit:33 - Epoch: 33/50. Train set: Average loss: 0.000267
2023-05-23 20:46:34.782 | INFO     | trainer_not_inception:fit:43 - Epoch: 33/50. Validation set: Average loss: 0.000000
2023-05-23 20:46:35.956 | INFO     | trainer_not_inception:train_epoch:136 - Train: [0/7970 (0%)]	Loss: 0.000025
2023-05-23 20:46:43.867 | INFO     | trainer_not_inception:train_epoch:136 - Train: [640/7970 (8%)]	Loss: 0.000071
2023-05-23 20:46:51.782 | INFO     | trainer_not_inception:train_epoch:136 - Train: [1280/7970 (16%)]	Loss: 0.000223
2023-05-23 20:46:59.684 | INFO     | trainer_not_inception:train_epoch:136 - Train: [1920/7970 (24%)]	Loss: 0.000185
2023-05-23 20:47:07.595 | INFO     | trainer_not_inception:train_epoch:136 - Train: [2560/7970 (32%)]	Loss: 0.000182
2023-05-23 20:47:15.507 | INFO     | trainer_not_inception:train_epoch:136 - Train: [3200/7970 (40%)]	Loss: 0.000065
2023-05-23 20:47:23.415 | INFO     | trainer_not_inception:train_epoch:136 - Train: [3840/7970 (48%)]	Loss: 0.000060
2023-05-23 20:47:31.320 | INFO     | trainer_not_inception:train_epoch:136 - Train: [4480/7970 (56%)]	Loss: 0.000346
2023-05-23 20:47:39.211 | INFO     | trainer_not_inception:train_epoch:136 - Train: [5120/7970 (65%)]	Loss: 0.000110
2023-05-23 20:47:47.127 | INFO     | trainer_not_inception:train_epoch:136 - Train: [5760/7970 (73%)]	Loss: 0.000191
2023-05-23 20:47:55.035 | INFO     | trainer_not_inception:train_epoch:136 - Train: [6400/7970 (81%)]	Loss: 0.000201
2023-05-23 20:48:02.946 | INFO     | trainer_not_inception:train_epoch:136 - Train: [7040/7970 (89%)]	Loss: 0.000295
2023-05-23 20:48:10.854 | INFO     | trainer_not_inception:train_epoch:136 - Train: [7680/7970 (97%)]	Loss: 0.000177
2023-05-23 20:48:13.365 | INFO     | trainer_not_inception:fit:33 - Epoch: 34/50. Train set: Average loss: 0.000176
2023-05-23 20:48:21.111 | INFO     | trainer_not_inception:fit:43 - Epoch: 34/50. Validation set: Average loss: 0.000000
2023-05-23 20:48:22.304 | INFO     | trainer_not_inception:train_epoch:136 - Train: [0/7970 (0%)]	Loss: 0.000002
2023-05-23 20:48:30.206 | INFO     | trainer_not_inception:train_epoch:136 - Train: [640/7970 (8%)]	Loss: 0.000125
2023-05-23 20:48:38.105 | INFO     | trainer_not_inception:train_epoch:136 - Train: [1280/7970 (16%)]	Loss: 0.000267
2023-05-23 20:48:46.011 | INFO     | trainer_not_inception:train_epoch:136 - Train: [1920/7970 (24%)]	Loss: 0.000103
2023-05-23 20:48:53.918 | INFO     | trainer_not_inception:train_epoch:136 - Train: [2560/7970 (32%)]	Loss: 0.000238
2023-05-23 20:49:01.827 | INFO     | trainer_not_inception:train_epoch:136 - Train: [3200/7970 (40%)]	Loss: 0.000179
2023-05-23 20:49:09.740 | INFO     | trainer_not_inception:train_epoch:136 - Train: [3840/7970 (48%)]	Loss: 0.000085
2023-05-23 20:49:17.634 | INFO     | trainer_not_inception:train_epoch:136 - Train: [4480/7970 (56%)]	Loss: 0.000163
2023-05-23 20:49:25.537 | INFO     | trainer_not_inception:train_epoch:136 - Train: [5120/7970 (65%)]	Loss: 0.000347
2023-05-23 20:49:33.442 | INFO     | trainer_not_inception:train_epoch:136 - Train: [5760/7970 (73%)]	Loss: 0.000069
2023-05-23 20:49:41.452 | INFO     | trainer_not_inception:train_epoch:136 - Train: [6400/7970 (81%)]	Loss: 0.000048
2023-05-23 20:49:49.334 | INFO     | trainer_not_inception:train_epoch:136 - Train: [7040/7970 (89%)]	Loss: 0.000073
2023-05-23 20:49:57.219 | INFO     | trainer_not_inception:train_epoch:136 - Train: [7680/7970 (97%)]	Loss: 0.000143
2023-05-23 20:49:59.727 | INFO     | trainer_not_inception:fit:33 - Epoch: 35/50. Train set: Average loss: 0.000150
2023-05-23 20:50:07.559 | INFO     | trainer_not_inception:fit:43 - Epoch: 35/50. Validation set: Average loss: 0.000000
2023-05-23 20:50:08.737 | INFO     | trainer_not_inception:train_epoch:136 - Train: [0/7970 (0%)]	Loss: 0.000028
2023-05-23 20:50:16.645 | INFO     | trainer_not_inception:train_epoch:136 - Train: [640/7970 (8%)]	Loss: 0.000414
2023-05-23 20:50:24.548 | INFO     | trainer_not_inception:train_epoch:136 - Train: [1280/7970 (16%)]	Loss: 0.000354
2023-05-23 20:50:32.447 | INFO     | trainer_not_inception:train_epoch:136 - Train: [1920/7970 (24%)]	Loss: 0.000238
2023-05-23 20:50:40.337 | INFO     | trainer_not_inception:train_epoch:136 - Train: [2560/7970 (32%)]	Loss: 0.000037
2023-05-23 20:50:48.233 | INFO     | trainer_not_inception:train_epoch:136 - Train: [3200/7970 (40%)]	Loss: 0.000217
2023-05-23 20:50:56.139 | INFO     | trainer_not_inception:train_epoch:136 - Train: [3840/7970 (48%)]	Loss: 0.000239
2023-05-23 20:51:04.051 | INFO     | trainer_not_inception:train_epoch:136 - Train: [4480/7970 (56%)]	Loss: 0.000251
2023-05-23 20:51:11.957 | INFO     | trainer_not_inception:train_epoch:136 - Train: [5120/7970 (65%)]	Loss: 0.000255
2023-05-23 20:51:19.862 | INFO     | trainer_not_inception:train_epoch:136 - Train: [5760/7970 (73%)]	Loss: 0.000104
2023-05-23 20:51:27.751 | INFO     | trainer_not_inception:train_epoch:136 - Train: [6400/7970 (81%)]	Loss: 0.000048
2023-05-23 20:51:35.651 | INFO     | trainer_not_inception:train_epoch:136 - Train: [7040/7970 (89%)]	Loss: 0.000035
2023-05-23 20:51:43.557 | INFO     | trainer_not_inception:train_epoch:136 - Train: [7680/7970 (97%)]	Loss: 0.000230
2023-05-23 20:51:46.069 | INFO     | trainer_not_inception:fit:33 - Epoch: 36/50. Train set: Average loss: 0.000200
2023-05-23 20:51:53.986 | INFO     | trainer_not_inception:fit:43 - Epoch: 36/50. Validation set: Average loss: 0.000000
2023-05-23 20:51:55.171 | INFO     | trainer_not_inception:train_epoch:136 - Train: [0/7970 (0%)]	Loss: 0.000001
2023-05-23 20:52:03.078 | INFO     | trainer_not_inception:train_epoch:136 - Train: [640/7970 (8%)]	Loss: 0.000114
2023-05-23 20:52:10.987 | INFO     | trainer_not_inception:train_epoch:136 - Train: [1280/7970 (16%)]	Loss: 0.000225
2023-05-23 20:52:18.891 | INFO     | trainer_not_inception:train_epoch:136 - Train: [1920/7970 (24%)]	Loss: 0.000168
2023-05-23 20:52:26.799 | INFO     | trainer_not_inception:train_epoch:136 - Train: [2560/7970 (32%)]	Loss: 0.000061
2023-05-23 20:52:34.693 | INFO     | trainer_not_inception:train_epoch:136 - Train: [3200/7970 (40%)]	Loss: 0.000015
2023-05-23 20:52:42.602 | INFO     | trainer_not_inception:train_epoch:136 - Train: [3840/7970 (48%)]	Loss: 0.000403
2023-05-23 20:52:50.512 | INFO     | trainer_not_inception:train_epoch:136 - Train: [4480/7970 (56%)]	Loss: 0.000083
2023-05-23 20:52:58.416 | INFO     | trainer_not_inception:train_epoch:136 - Train: [5120/7970 (65%)]	Loss: 0.000091
2023-05-23 20:53:06.321 | INFO     | trainer_not_inception:train_epoch:136 - Train: [5760/7970 (73%)]	Loss: 0.000065
2023-05-23 20:53:14.230 | INFO     | trainer_not_inception:train_epoch:136 - Train: [6400/7970 (81%)]	Loss: 0.000057
2023-05-23 20:53:22.135 | INFO     | trainer_not_inception:train_epoch:136 - Train: [7040/7970 (89%)]	Loss: 0.000183
2023-05-23 20:53:30.042 | INFO     | trainer_not_inception:train_epoch:136 - Train: [7680/7970 (97%)]	Loss: 0.000029
2023-05-23 20:53:32.548 | INFO     | trainer_not_inception:fit:33 - Epoch: 37/50. Train set: Average loss: 0.000121
2023-05-23 20:53:40.485 | INFO     | trainer_not_inception:fit:43 - Epoch: 37/50. Validation set: Average loss: 0.000000
2023-05-23 20:53:41.639 | INFO     | trainer_not_inception:train_epoch:136 - Train: [0/7970 (0%)]	Loss: 0.000002
2023-05-23 20:53:49.545 | INFO     | trainer_not_inception:train_epoch:136 - Train: [640/7970 (8%)]	Loss: 0.000132
2023-05-23 20:53:57.445 | INFO     | trainer_not_inception:train_epoch:136 - Train: [1280/7970 (16%)]	Loss: 0.000116
2023-05-23 20:54:05.355 | INFO     | trainer_not_inception:train_epoch:136 - Train: [1920/7970 (24%)]	Loss: 0.000335
2023-05-23 20:54:13.266 | INFO     | trainer_not_inception:train_epoch:136 - Train: [2560/7970 (32%)]	Loss: 0.000257
2023-05-23 20:54:21.168 | INFO     | trainer_not_inception:train_epoch:136 - Train: [3200/7970 (40%)]	Loss: 0.000178
2023-05-23 20:54:29.075 | INFO     | trainer_not_inception:train_epoch:136 - Train: [3840/7970 (48%)]	Loss: 0.000103
2023-05-23 20:54:36.965 | INFO     | trainer_not_inception:train_epoch:136 - Train: [4480/7970 (56%)]	Loss: 0.000129
2023-05-23 20:54:44.875 | INFO     | trainer_not_inception:train_epoch:136 - Train: [5120/7970 (65%)]	Loss: 0.000050
2023-05-23 20:54:52.767 | INFO     | trainer_not_inception:train_epoch:136 - Train: [5760/7970 (73%)]	Loss: 0.000168
2023-05-23 20:55:00.682 | INFO     | trainer_not_inception:train_epoch:136 - Train: [6400/7970 (81%)]	Loss: 0.000294
2023-05-23 20:55:08.592 | INFO     | trainer_not_inception:train_epoch:136 - Train: [7040/7970 (89%)]	Loss: 0.000083
2023-05-23 20:55:16.506 | INFO     | trainer_not_inception:train_epoch:136 - Train: [7680/7970 (97%)]	Loss: 0.000083
2023-05-23 20:55:19.015 | INFO     | trainer_not_inception:fit:33 - Epoch: 38/50. Train set: Average loss: 0.000159
2023-05-23 20:55:27.021 | INFO     | trainer_not_inception:fit:43 - Epoch: 38/50. Validation set: Average loss: 0.000000
2023-05-23 20:55:28.207 | INFO     | trainer_not_inception:train_epoch:136 - Train: [0/7970 (0%)]	Loss: 0.000000
2023-05-23 20:55:36.092 | INFO     | trainer_not_inception:train_epoch:136 - Train: [640/7970 (8%)]	Loss: 0.000140
2023-05-23 20:55:44.002 | INFO     | trainer_not_inception:train_epoch:136 - Train: [1280/7970 (16%)]	Loss: 0.000074
2023-05-23 20:55:51.910 | INFO     | trainer_not_inception:train_epoch:136 - Train: [1920/7970 (24%)]	Loss: 0.000144
2023-05-23 20:55:59.816 | INFO     | trainer_not_inception:train_epoch:136 - Train: [2560/7970 (32%)]	Loss: 0.000170
2023-05-23 20:56:07.726 | INFO     | trainer_not_inception:train_epoch:136 - Train: [3200/7970 (40%)]	Loss: 0.000149
2023-05-23 20:56:15.637 | INFO     | trainer_not_inception:train_epoch:136 - Train: [3840/7970 (48%)]	Loss: 0.000146
2023-05-23 20:56:23.546 | INFO     | trainer_not_inception:train_epoch:136 - Train: [4480/7970 (56%)]	Loss: 0.000152
2023-05-23 20:56:31.451 | INFO     | trainer_not_inception:train_epoch:136 - Train: [5120/7970 (65%)]	Loss: 0.000104
2023-05-23 20:56:39.346 | INFO     | trainer_not_inception:train_epoch:136 - Train: [5760/7970 (73%)]	Loss: 0.000378
2023-05-23 20:56:47.256 | INFO     | trainer_not_inception:train_epoch:136 - Train: [6400/7970 (81%)]	Loss: 0.000108
2023-05-23 20:56:55.161 | INFO     | trainer_not_inception:train_epoch:136 - Train: [7040/7970 (89%)]	Loss: 0.000131
2023-05-23 20:57:03.074 | INFO     | trainer_not_inception:train_epoch:136 - Train: [7680/7970 (97%)]	Loss: 0.000138
2023-05-23 20:57:05.579 | INFO     | trainer_not_inception:fit:33 - Epoch: 39/50. Train set: Average loss: 0.000150
2023-05-23 20:57:13.469 | INFO     | trainer_not_inception:fit:43 - Epoch: 39/50. Validation set: Average loss: 0.000000
2023-05-23 20:57:14.668 | INFO     | trainer_not_inception:train_epoch:136 - Train: [0/7970 (0%)]	Loss: 0.000002
2023-05-23 20:57:22.567 | INFO     | trainer_not_inception:train_epoch:136 - Train: [640/7970 (8%)]	Loss: 0.000058
2023-05-23 20:57:30.469 | INFO     | trainer_not_inception:train_epoch:136 - Train: [1280/7970 (16%)]	Loss: 0.000143
2023-05-23 20:57:38.371 | INFO     | trainer_not_inception:train_epoch:136 - Train: [1920/7970 (24%)]	Loss: 0.000227
2023-05-23 20:57:46.278 | INFO     | trainer_not_inception:train_epoch:136 - Train: [2560/7970 (32%)]	Loss: 0.000141
2023-05-23 20:57:54.182 | INFO     | trainer_not_inception:train_epoch:136 - Train: [3200/7970 (40%)]	Loss: 0.000081
2023-05-23 20:58:02.092 | INFO     | trainer_not_inception:train_epoch:136 - Train: [3840/7970 (48%)]	Loss: 0.000115
2023-05-23 20:58:10.002 | INFO     | trainer_not_inception:train_epoch:136 - Train: [4480/7970 (56%)]	Loss: 0.000442
2023-05-23 20:58:17.914 | INFO     | trainer_not_inception:train_epoch:136 - Train: [5120/7970 (65%)]	Loss: 0.000030
2023-05-23 20:58:25.799 | INFO     | trainer_not_inception:train_epoch:136 - Train: [5760/7970 (73%)]	Loss: 0.000117
2023-05-23 20:58:33.702 | INFO     | trainer_not_inception:train_epoch:136 - Train: [6400/7970 (81%)]	Loss: 0.000295
2023-05-23 20:58:41.610 | INFO     | trainer_not_inception:train_epoch:136 - Train: [7040/7970 (89%)]	Loss: 0.000247
2023-05-23 20:58:49.524 | INFO     | trainer_not_inception:train_epoch:136 - Train: [7680/7970 (97%)]	Loss: 0.000349
2023-05-23 20:58:52.032 | INFO     | trainer_not_inception:fit:33 - Epoch: 40/50. Train set: Average loss: 0.000184
2023-05-23 20:58:59.926 | INFO     | trainer_not_inception:fit:43 - Epoch: 40/50. Validation set: Average loss: 0.000000
2023-05-23 20:59:01.353 | INFO     | trainer_not_inception:train_epoch:136 - Train: [0/7970 (0%)]	Loss: 0.000037
2023-05-23 20:59:09.259 | INFO     | trainer_not_inception:train_epoch:136 - Train: [640/7970 (8%)]	Loss: 0.000172
2023-05-23 20:59:17.166 | INFO     | trainer_not_inception:train_epoch:136 - Train: [1280/7970 (16%)]	Loss: 0.000178
2023-05-23 20:59:25.054 | INFO     | trainer_not_inception:train_epoch:136 - Train: [1920/7970 (24%)]	Loss: 0.000178
2023-05-23 20:59:32.957 | INFO     | trainer_not_inception:train_epoch:136 - Train: [2560/7970 (32%)]	Loss: 0.000227
2023-05-23 20:59:40.866 | INFO     | trainer_not_inception:train_epoch:136 - Train: [3200/7970 (40%)]	Loss: 0.000229
2023-05-23 20:59:48.771 | INFO     | trainer_not_inception:train_epoch:136 - Train: [3840/7970 (48%)]	Loss: 0.000224
2023-05-23 20:59:56.675 | INFO     | trainer_not_inception:train_epoch:136 - Train: [4480/7970 (56%)]	Loss: 0.000144
2023-05-23 21:00:04.586 | INFO     | trainer_not_inception:train_epoch:136 - Train: [5120/7970 (65%)]	Loss: 0.000133
2023-05-23 21:00:12.483 | INFO     | trainer_not_inception:train_epoch:136 - Train: [5760/7970 (73%)]	Loss: 0.000346
2023-05-23 21:00:20.396 | INFO     | trainer_not_inception:train_epoch:136 - Train: [6400/7970 (81%)]	Loss: 0.000352
2023-05-23 21:00:28.295 | INFO     | trainer_not_inception:train_epoch:136 - Train: [7040/7970 (89%)]	Loss: 0.000153
2023-05-23 21:00:36.200 | INFO     | trainer_not_inception:train_epoch:136 - Train: [7680/7970 (97%)]	Loss: 0.000271
2023-05-23 21:00:38.710 | INFO     | trainer_not_inception:fit:33 - Epoch: 41/50. Train set: Average loss: 0.000217
2023-05-23 21:00:46.521 | INFO     | trainer_not_inception:fit:43 - Epoch: 41/50. Validation set: Average loss: 0.000000
2023-05-23 21:00:47.696 | INFO     | trainer_not_inception:train_epoch:136 - Train: [0/7970 (0%)]	Loss: 0.000217
2023-05-23 21:00:55.594 | INFO     | trainer_not_inception:train_epoch:136 - Train: [640/7970 (8%)]	Loss: 0.000109
2023-05-23 21:01:03.501 | INFO     | trainer_not_inception:train_epoch:136 - Train: [1280/7970 (16%)]	Loss: 0.000134
2023-05-23 21:01:11.407 | INFO     | trainer_not_inception:train_epoch:136 - Train: [1920/7970 (24%)]	Loss: 0.000293
2023-05-23 21:01:19.318 | INFO     | trainer_not_inception:train_epoch:136 - Train: [2560/7970 (32%)]	Loss: 0.000254
2023-05-23 21:01:27.219 | INFO     | trainer_not_inception:train_epoch:136 - Train: [3200/7970 (40%)]	Loss: 0.000177
2023-05-23 21:01:35.122 | INFO     | trainer_not_inception:train_epoch:136 - Train: [3840/7970 (48%)]	Loss: 0.000075
2023-05-23 21:01:43.027 | INFO     | trainer_not_inception:train_epoch:136 - Train: [4480/7970 (56%)]	Loss: 0.000102
2023-05-23 21:01:50.938 | INFO     | trainer_not_inception:train_epoch:136 - Train: [5120/7970 (65%)]	Loss: 0.000086
2023-05-23 21:01:58.835 | INFO     | trainer_not_inception:train_epoch:136 - Train: [5760/7970 (73%)]	Loss: 0.000125
2023-05-23 21:02:06.745 | INFO     | trainer_not_inception:train_epoch:136 - Train: [6400/7970 (81%)]	Loss: 0.000323
2023-05-23 21:02:14.638 | INFO     | trainer_not_inception:train_epoch:136 - Train: [7040/7970 (89%)]	Loss: 0.000267
2023-05-23 21:02:22.544 | INFO     | trainer_not_inception:train_epoch:136 - Train: [7680/7970 (97%)]	Loss: 0.000111
2023-05-23 21:02:25.055 | INFO     | trainer_not_inception:fit:33 - Epoch: 42/50. Train set: Average loss: 0.000172
2023-05-23 21:02:33.212 | INFO     | trainer_not_inception:fit:43 - Epoch: 42/50. Validation set: Average loss: 0.000000
2023-05-23 21:02:34.388 | INFO     | trainer_not_inception:train_epoch:136 - Train: [0/7970 (0%)]	Loss: 0.000054
2023-05-23 21:02:42.278 | INFO     | trainer_not_inception:train_epoch:136 - Train: [640/7970 (8%)]	Loss: 0.000059
2023-05-23 21:02:50.178 | INFO     | trainer_not_inception:train_epoch:136 - Train: [1280/7970 (16%)]	Loss: 0.000257
2023-05-23 21:02:58.082 | INFO     | trainer_not_inception:train_epoch:136 - Train: [1920/7970 (24%)]	Loss: 0.000457
2023-05-23 21:03:05.991 | INFO     | trainer_not_inception:train_epoch:136 - Train: [2560/7970 (32%)]	Loss: 0.000151
2023-05-23 21:03:13.887 | INFO     | trainer_not_inception:train_epoch:136 - Train: [3200/7970 (40%)]	Loss: 0.000340
2023-05-23 21:03:21.793 | INFO     | trainer_not_inception:train_epoch:136 - Train: [3840/7970 (48%)]	Loss: 0.000187
2023-05-23 21:03:29.699 | INFO     | trainer_not_inception:train_epoch:136 - Train: [4480/7970 (56%)]	Loss: 0.000269
2023-05-23 21:03:37.603 | INFO     | trainer_not_inception:train_epoch:136 - Train: [5120/7970 (65%)]	Loss: 0.000055
2023-05-23 21:03:45.514 | INFO     | trainer_not_inception:train_epoch:136 - Train: [5760/7970 (73%)]	Loss: 0.000244
2023-05-23 21:03:53.422 | INFO     | trainer_not_inception:train_epoch:136 - Train: [6400/7970 (81%)]	Loss: 0.000117
2023-05-23 21:04:01.394 | INFO     | trainer_not_inception:train_epoch:136 - Train: [7040/7970 (89%)]	Loss: 0.000071
2023-05-23 21:04:09.295 | INFO     | trainer_not_inception:train_epoch:136 - Train: [7680/7970 (97%)]	Loss: 0.000059
2023-05-23 21:04:11.808 | INFO     | trainer_not_inception:fit:33 - Epoch: 43/50. Train set: Average loss: 0.000210
2023-05-23 21:04:19.982 | INFO     | trainer_not_inception:fit:43 - Epoch: 43/50. Validation set: Average loss: 0.000000
2023-05-23 21:04:21.151 | INFO     | trainer_not_inception:train_epoch:136 - Train: [0/7970 (0%)]	Loss: 0.000001
2023-05-23 21:04:29.051 | INFO     | trainer_not_inception:train_epoch:136 - Train: [640/7970 (8%)]	Loss: 0.000424
2023-05-23 21:04:36.954 | INFO     | trainer_not_inception:train_epoch:136 - Train: [1280/7970 (16%)]	Loss: 0.000074
2023-05-23 21:04:44.850 | INFO     | trainer_not_inception:train_epoch:136 - Train: [1920/7970 (24%)]	Loss: 0.000208
2023-05-23 21:04:52.756 | INFO     | trainer_not_inception:train_epoch:136 - Train: [2560/7970 (32%)]	Loss: 0.000187
2023-05-23 21:05:00.665 | INFO     | trainer_not_inception:train_epoch:136 - Train: [3200/7970 (40%)]	Loss: 0.000211
2023-05-23 21:05:08.550 | INFO     | trainer_not_inception:train_epoch:136 - Train: [3840/7970 (48%)]	Loss: 0.000085
2023-05-23 21:05:16.458 | INFO     | trainer_not_inception:train_epoch:136 - Train: [4480/7970 (56%)]	Loss: 0.000085
2023-05-23 21:05:24.361 | INFO     | trainer_not_inception:train_epoch:136 - Train: [5120/7970 (65%)]	Loss: 0.000277
2023-05-23 21:05:32.263 | INFO     | trainer_not_inception:train_epoch:136 - Train: [5760/7970 (73%)]	Loss: 0.000203
2023-05-23 21:05:40.155 | INFO     | trainer_not_inception:train_epoch:136 - Train: [6400/7970 (81%)]	Loss: 0.000137
2023-05-23 21:05:48.070 | INFO     | trainer_not_inception:train_epoch:136 - Train: [7040/7970 (89%)]	Loss: 0.000305
2023-05-23 21:05:55.975 | INFO     | trainer_not_inception:train_epoch:136 - Train: [7680/7970 (97%)]	Loss: 0.000254
2023-05-23 21:05:58.486 | INFO     | trainer_not_inception:fit:33 - Epoch: 44/50. Train set: Average loss: 0.000207
2023-05-23 21:06:06.392 | INFO     | trainer_not_inception:fit:43 - Epoch: 44/50. Validation set: Average loss: 0.000000
2023-05-23 21:06:07.563 | INFO     | trainer_not_inception:train_epoch:136 - Train: [0/7970 (0%)]	Loss: 0.000047
2023-05-23 21:06:15.474 | INFO     | trainer_not_inception:train_epoch:136 - Train: [640/7970 (8%)]	Loss: 0.000292
2023-05-23 21:06:23.387 | INFO     | trainer_not_inception:train_epoch:136 - Train: [1280/7970 (16%)]	Loss: 0.000191
2023-05-23 21:06:31.300 | INFO     | trainer_not_inception:train_epoch:136 - Train: [1920/7970 (24%)]	Loss: 0.000201
2023-05-23 21:06:39.211 | INFO     | trainer_not_inception:train_epoch:136 - Train: [2560/7970 (32%)]	Loss: 0.000058
2023-05-23 21:06:47.115 | INFO     | trainer_not_inception:train_epoch:136 - Train: [3200/7970 (40%)]	Loss: 0.000237
2023-05-23 21:06:55.014 | INFO     | trainer_not_inception:train_epoch:136 - Train: [3840/7970 (48%)]	Loss: 0.000165
2023-05-23 21:07:02.913 | INFO     | trainer_not_inception:train_epoch:136 - Train: [4480/7970 (56%)]	Loss: 0.000057
2023-05-23 21:07:10.830 | INFO     | trainer_not_inception:train_epoch:136 - Train: [5120/7970 (65%)]	Loss: 0.000154
2023-05-23 21:07:18.745 | INFO     | trainer_not_inception:train_epoch:136 - Train: [5760/7970 (73%)]	Loss: 0.000163
2023-05-23 21:07:26.643 | INFO     | trainer_not_inception:train_epoch:136 - Train: [6400/7970 (81%)]	Loss: 0.000458
2023-05-23 21:07:34.555 | INFO     | trainer_not_inception:train_epoch:136 - Train: [7040/7970 (89%)]	Loss: 0.000201
2023-05-23 21:07:42.466 | INFO     | trainer_not_inception:train_epoch:136 - Train: [7680/7970 (97%)]	Loss: 0.000141
2023-05-23 21:07:44.979 | INFO     | trainer_not_inception:fit:33 - Epoch: 45/50. Train set: Average loss: 0.000198
2023-05-23 21:07:53.180 | INFO     | trainer_not_inception:fit:43 - Epoch: 45/50. Validation set: Average loss: 0.000000
2023-05-23 21:07:54.366 | INFO     | trainer_not_inception:train_epoch:136 - Train: [0/7970 (0%)]	Loss: 0.000616
2023-05-23 21:08:02.274 | INFO     | trainer_not_inception:train_epoch:136 - Train: [640/7970 (8%)]	Loss: 0.000132
2023-05-23 21:08:10.182 | INFO     | trainer_not_inception:train_epoch:136 - Train: [1280/7970 (16%)]	Loss: 0.000092
2023-05-23 21:08:18.087 | INFO     | trainer_not_inception:train_epoch:136 - Train: [1920/7970 (24%)]	Loss: 0.000072
2023-05-23 21:08:25.991 | INFO     | trainer_not_inception:train_epoch:136 - Train: [2560/7970 (32%)]	Loss: 0.000417
2023-05-23 21:08:33.881 | INFO     | trainer_not_inception:train_epoch:136 - Train: [3200/7970 (40%)]	Loss: 0.000193
2023-05-23 21:08:41.791 | INFO     | trainer_not_inception:train_epoch:136 - Train: [3840/7970 (48%)]	Loss: 0.000387
2023-05-23 21:08:49.700 | INFO     | trainer_not_inception:train_epoch:136 - Train: [4480/7970 (56%)]	Loss: 0.000066
2023-05-23 21:08:57.607 | INFO     | trainer_not_inception:train_epoch:136 - Train: [5120/7970 (65%)]	Loss: 0.000112
2023-05-23 21:09:05.515 | INFO     | trainer_not_inception:train_epoch:136 - Train: [5760/7970 (73%)]	Loss: 0.000056
2023-05-23 21:09:13.415 | INFO     | trainer_not_inception:train_epoch:136 - Train: [6400/7970 (81%)]	Loss: 0.000242
2023-05-23 21:09:21.287 | INFO     | trainer_not_inception:train_epoch:136 - Train: [7040/7970 (89%)]	Loss: 0.000203
2023-05-23 21:09:29.193 | INFO     | trainer_not_inception:train_epoch:136 - Train: [7680/7970 (97%)]	Loss: 0.000502
2023-05-23 21:09:31.679 | INFO     | trainer_not_inception:fit:33 - Epoch: 46/50. Train set: Average loss: 0.000205
2023-05-23 21:09:39.414 | INFO     | trainer_not_inception:fit:43 - Epoch: 46/50. Validation set: Average loss: 0.000000
2023-05-23 21:09:40.584 | INFO     | trainer_not_inception:train_epoch:136 - Train: [0/7970 (0%)]	Loss: 0.000014
2023-05-23 21:09:48.478 | INFO     | trainer_not_inception:train_epoch:136 - Train: [640/7970 (8%)]	Loss: 0.000181
2023-05-23 21:09:56.383 | INFO     | trainer_not_inception:train_epoch:136 - Train: [1280/7970 (16%)]	Loss: 0.000355
2023-05-23 21:10:04.295 | INFO     | trainer_not_inception:train_epoch:136 - Train: [1920/7970 (24%)]	Loss: 0.000112
2023-05-23 21:10:12.207 | INFO     | trainer_not_inception:train_epoch:136 - Train: [2560/7970 (32%)]	Loss: 0.000215
2023-05-23 21:10:20.117 | INFO     | trainer_not_inception:train_epoch:136 - Train: [3200/7970 (40%)]	Loss: 0.000221
2023-05-23 21:10:28.019 | INFO     | trainer_not_inception:train_epoch:136 - Train: [3840/7970 (48%)]	Loss: 0.000071
2023-05-23 21:10:35.926 | INFO     | trainer_not_inception:train_epoch:136 - Train: [4480/7970 (56%)]	Loss: 0.000224
2023-05-23 21:10:43.836 | INFO     | trainer_not_inception:train_epoch:136 - Train: [5120/7970 (65%)]	Loss: 0.000191
2023-05-23 21:10:51.747 | INFO     | trainer_not_inception:train_epoch:136 - Train: [5760/7970 (73%)]	Loss: 0.000116
2023-05-23 21:10:59.650 | INFO     | trainer_not_inception:train_epoch:136 - Train: [6400/7970 (81%)]	Loss: 0.000174
2023-05-23 21:11:07.560 | INFO     | trainer_not_inception:train_epoch:136 - Train: [7040/7970 (89%)]	Loss: 0.000182
2023-05-23 21:11:15.470 | INFO     | trainer_not_inception:train_epoch:136 - Train: [7680/7970 (97%)]	Loss: 0.000235
2023-05-23 21:11:17.979 | INFO     | trainer_not_inception:fit:33 - Epoch: 47/50. Train set: Average loss: 0.000184
2023-05-23 21:11:25.853 | INFO     | trainer_not_inception:fit:43 - Epoch: 47/50. Validation set: Average loss: 0.000000
2023-05-23 21:11:27.029 | INFO     | trainer_not_inception:train_epoch:136 - Train: [0/7970 (0%)]	Loss: 0.000001
2023-05-23 21:11:34.929 | INFO     | trainer_not_inception:train_epoch:136 - Train: [640/7970 (8%)]	Loss: 0.000189
2023-05-23 21:11:42.824 | INFO     | trainer_not_inception:train_epoch:136 - Train: [1280/7970 (16%)]	Loss: 0.000411
2023-05-23 21:11:50.735 | INFO     | trainer_not_inception:train_epoch:136 - Train: [1920/7970 (24%)]	Loss: 0.000065
2023-05-23 21:11:58.639 | INFO     | trainer_not_inception:train_epoch:136 - Train: [2560/7970 (32%)]	Loss: 0.000228
2023-05-23 21:12:06.541 | INFO     | trainer_not_inception:train_epoch:136 - Train: [3200/7970 (40%)]	Loss: 0.000059
2023-05-23 21:12:14.454 | INFO     | trainer_not_inception:train_epoch:136 - Train: [3840/7970 (48%)]	Loss: 0.000207
2023-05-23 21:12:22.359 | INFO     | trainer_not_inception:train_epoch:136 - Train: [4480/7970 (56%)]	Loss: 0.000245
2023-05-23 21:12:30.267 | INFO     | trainer_not_inception:train_epoch:136 - Train: [5120/7970 (65%)]	Loss: 0.000179
2023-05-23 21:12:38.174 | INFO     | trainer_not_inception:train_epoch:136 - Train: [5760/7970 (73%)]	Loss: 0.000094
2023-05-23 21:12:46.074 | INFO     | trainer_not_inception:train_epoch:136 - Train: [6400/7970 (81%)]	Loss: 0.000175
2023-05-23 21:12:53.983 | INFO     | trainer_not_inception:train_epoch:136 - Train: [7040/7970 (89%)]	Loss: 0.000122
2023-05-23 21:13:01.895 | INFO     | trainer_not_inception:train_epoch:136 - Train: [7680/7970 (97%)]	Loss: 0.000114
2023-05-23 21:13:04.404 | INFO     | trainer_not_inception:fit:33 - Epoch: 48/50. Train set: Average loss: 0.000169
2023-05-23 21:13:12.236 | INFO     | trainer_not_inception:fit:43 - Epoch: 48/50. Validation set: Average loss: 0.000000
2023-05-23 21:13:13.412 | INFO     | trainer_not_inception:train_epoch:136 - Train: [0/7970 (0%)]	Loss: 0.000006
2023-05-23 21:13:21.317 | INFO     | trainer_not_inception:train_epoch:136 - Train: [640/7970 (8%)]	Loss: 0.000151
2023-05-23 21:13:29.205 | INFO     | trainer_not_inception:train_epoch:136 - Train: [1280/7970 (16%)]	Loss: 0.000190
2023-05-23 21:13:37.104 | INFO     | trainer_not_inception:train_epoch:136 - Train: [1920/7970 (24%)]	Loss: 0.000146
2023-05-23 21:13:45.012 | INFO     | trainer_not_inception:train_epoch:136 - Train: [2560/7970 (32%)]	Loss: 0.000251
2023-05-23 21:13:52.916 | INFO     | trainer_not_inception:train_epoch:136 - Train: [3200/7970 (40%)]	Loss: 0.000056
2023-05-23 21:14:00.819 | INFO     | trainer_not_inception:train_epoch:136 - Train: [3840/7970 (48%)]	Loss: 0.000092
2023-05-23 21:14:08.731 | INFO     | trainer_not_inception:train_epoch:136 - Train: [4480/7970 (56%)]	Loss: 0.000254
2023-05-23 21:14:16.630 | INFO     | trainer_not_inception:train_epoch:136 - Train: [5120/7970 (65%)]	Loss: 0.000141
2023-05-23 21:14:24.538 | INFO     | trainer_not_inception:train_epoch:136 - Train: [5760/7970 (73%)]	Loss: 0.000068
2023-05-23 21:14:32.439 | INFO     | trainer_not_inception:train_epoch:136 - Train: [6400/7970 (81%)]	Loss: 0.000150
2023-05-23 21:14:40.347 | INFO     | trainer_not_inception:train_epoch:136 - Train: [7040/7970 (89%)]	Loss: 0.000297
2023-05-23 21:14:48.254 | INFO     | trainer_not_inception:train_epoch:136 - Train: [7680/7970 (97%)]	Loss: 0.000121
2023-05-23 21:14:50.762 | INFO     | trainer_not_inception:fit:33 - Epoch: 49/50. Train set: Average loss: 0.000155
2023-05-23 21:14:58.489 | INFO     | trainer_not_inception:fit:43 - Epoch: 49/50. Validation set: Average loss: 0.000000
2023-05-23 21:14:59.659 | INFO     | trainer_not_inception:train_epoch:136 - Train: [0/7970 (0%)]	Loss: 0.000608
2023-05-23 21:15:07.567 | INFO     | trainer_not_inception:train_epoch:136 - Train: [640/7970 (8%)]	Loss: 0.000177
2023-05-23 21:15:15.478 | INFO     | trainer_not_inception:train_epoch:136 - Train: [1280/7970 (16%)]	Loss: 0.000065
2023-05-23 21:15:23.385 | INFO     | trainer_not_inception:train_epoch:136 - Train: [1920/7970 (24%)]	Loss: 0.000104
2023-05-23 21:15:31.289 | INFO     | trainer_not_inception:train_epoch:136 - Train: [2560/7970 (32%)]	Loss: 0.000337
2023-05-23 21:15:39.195 | INFO     | trainer_not_inception:train_epoch:136 - Train: [3200/7970 (40%)]	Loss: 0.000166
2023-05-23 21:15:47.107 | INFO     | trainer_not_inception:train_epoch:136 - Train: [3840/7970 (48%)]	Loss: 0.000438
2023-05-23 21:15:54.999 | INFO     | trainer_not_inception:train_epoch:136 - Train: [4480/7970 (56%)]	Loss: 0.000250
2023-05-23 21:16:02.915 | INFO     | trainer_not_inception:train_epoch:136 - Train: [5120/7970 (65%)]	Loss: 0.000158
2023-05-23 21:16:10.830 | INFO     | trainer_not_inception:train_epoch:136 - Train: [5760/7970 (73%)]	Loss: 0.000195
2023-05-23 21:16:18.731 | INFO     | trainer_not_inception:train_epoch:136 - Train: [6400/7970 (81%)]	Loss: 0.000027
2023-05-23 21:16:26.637 | INFO     | trainer_not_inception:train_epoch:136 - Train: [7040/7970 (89%)]	Loss: 0.000197
2023-05-23 21:16:34.531 | INFO     | trainer_not_inception:train_epoch:136 - Train: [7680/7970 (97%)]	Loss: 0.000294
2023-05-23 21:16:37.038 | INFO     | trainer_not_inception:fit:33 - Epoch: 50/50. Train set: Average loss: 0.000200
2023-05-23 21:16:44.931 | INFO     | trainer_not_inception:fit:43 - Epoch: 50/50. Validation set: Average loss: 0.000000
