2023-06-09 17:00:42.063 | INFO     | __main__:run:49 - Namespace(img_feature_extract=0, embedding_size=128, classifier_mode='classic', weight_path='None', dataset='CVPR2017', eeg_path='/media/exx/HDD1/LanxHuyen/CVPR2017/eeg_55_95_std.pth', time_low=20, time_high=460, img_path='/home/exx/GithubClonedRepo/EEG-Research/Dataset/imagenet', splits_path='/media/exx/HDD1/LanxHuyen/CVPR2017/block_splits_by_image_all.pth', log_path='/home/exx/GithubClonedRepo/EEG-Research/Experiment/EEGClassification', info='classifier_classic_EEGChannelNet_Modified_embed_128', img_encoder='efficientnet_b0', eeg_encoder='EEGChannelNet_Modified', batch_size=64, max_epoch=100, log_interval=50, arch='train', save_ckpt='checkpoints/', num_classes=40, num_workers=2, gpu=0, lr=0.001, wd=0.0001, optim='Adam', gamma=200, lr_step=10, pretrain=False, momen=0.9, nesterov=False, device=device(type='cuda', index=0))
2023-06-09 17:03:31.411 | INFO     | trainer:fit:49 - Epoch: 1/100. Train set: Average loss: 4.356589. Accuracy: 0.0270
	Validation set: Average loss: 4.187369. Accuracy: 0.0208
2023-06-09 17:04:59.640 | INFO     | trainer:fit:49 - Epoch: 2/100. Train set: Average loss: 4.180923. Accuracy: 0.0271
	Validation set: Average loss: 4.163441. Accuracy: 0.0213
2023-06-09 17:06:27.839 | INFO     | trainer:fit:49 - Epoch: 3/100. Train set: Average loss: 4.064827. Accuracy: 0.0333
	Validation set: Average loss: 3.986586. Accuracy: 0.0413
2023-06-09 17:07:55.990 | INFO     | trainer:fit:49 - Epoch: 4/100. Train set: Average loss: 3.926607. Accuracy: 0.0377
	Validation set: Average loss: 3.922718. Accuracy: 0.0317
2023-06-09 17:09:24.079 | INFO     | trainer:fit:49 - Epoch: 5/100. Train set: Average loss: 3.653441. Accuracy: 0.0659
	Validation set: Average loss: 3.306765. Accuracy: 0.0835
2023-06-09 17:10:52.008 | INFO     | trainer:fit:49 - Epoch: 6/100. Train set: Average loss: 3.158629. Accuracy: 0.1083
	Validation set: Average loss: 2.671695. Accuracy: 0.1627
2023-06-09 17:12:19.901 | INFO     | trainer:fit:49 - Epoch: 7/100. Train set: Average loss: 2.764819. Accuracy: 0.1570
	Validation set: Average loss: 2.557728. Accuracy: 0.1671
2023-06-09 17:13:47.788 | INFO     | trainer:fit:49 - Epoch: 8/100. Train set: Average loss: 2.558845. Accuracy: 0.1898
	Validation set: Average loss: 2.288073. Accuracy: 0.2128
2023-06-09 17:15:15.702 | INFO     | trainer:fit:49 - Epoch: 9/100. Train set: Average loss: 2.344602. Accuracy: 0.2316
	Validation set: Average loss: 1.977697. Accuracy: 0.3000
2023-06-09 17:16:43.638 | INFO     | trainer:fit:49 - Epoch: 10/100. Train set: Average loss: 2.193894. Accuracy: 0.2501
	Validation set: Average loss: 1.968939. Accuracy: 0.2455
2023-06-09 17:16:43.639 | INFO     | trainer:fit:58 - Best val accuracy: 0.3000
2023-06-09 17:18:11.977 | INFO     | trainer:fit:49 - Epoch: 11/100. Train set: Average loss: 1.956054. Accuracy: 0.2927
	Validation set: Average loss: 1.751773. Accuracy: 0.3179
2023-06-09 17:19:40.020 | INFO     | trainer:fit:49 - Epoch: 12/100. Train set: Average loss: 1.879827. Accuracy: 0.3139
	Validation set: Average loss: 1.693819. Accuracy: 0.3464
2023-06-09 17:21:08.052 | INFO     | trainer:fit:49 - Epoch: 13/100. Train set: Average loss: 1.847871. Accuracy: 0.3168
	Validation set: Average loss: 1.689426. Accuracy: 0.3477
2023-06-09 17:22:36.009 | INFO     | trainer:fit:49 - Epoch: 14/100. Train set: Average loss: 1.805046. Accuracy: 0.3224
	Validation set: Average loss: 1.652527. Accuracy: 0.3652
2023-06-09 17:24:03.719 | INFO     | trainer:fit:49 - Epoch: 15/100. Train set: Average loss: 1.781255. Accuracy: 0.3315
	Validation set: Average loss: 1.624083. Accuracy: 0.3696
2023-06-09 17:25:31.606 | INFO     | trainer:fit:49 - Epoch: 16/100. Train set: Average loss: 1.754354. Accuracy: 0.3464
	Validation set: Average loss: 1.604854. Accuracy: 0.3765
2023-06-09 17:26:59.466 | INFO     | trainer:fit:49 - Epoch: 17/100. Train set: Average loss: 1.739114. Accuracy: 0.3434
	Validation set: Average loss: 1.589090. Accuracy: 0.3742
2023-06-09 17:28:27.630 | INFO     | trainer:fit:49 - Epoch: 18/100. Train set: Average loss: 1.699657. Accuracy: 0.3626
	Validation set: Average loss: 1.576348. Accuracy: 0.3867
2023-06-09 17:29:55.391 | INFO     | trainer:fit:49 - Epoch: 19/100. Train set: Average loss: 1.680001. Accuracy: 0.3686
	Validation set: Average loss: 1.541179. Accuracy: 0.3889
2023-06-09 17:31:23.226 | INFO     | trainer:fit:49 - Epoch: 20/100. Train set: Average loss: 1.670616. Accuracy: 0.3744
	Validation set: Average loss: 1.576892. Accuracy: 0.3891
2023-06-09 17:31:23.238 | INFO     | trainer:fit:58 - Best val accuracy: 0.3891
2023-06-09 17:32:51.364 | INFO     | trainer:fit:49 - Epoch: 21/100. Train set: Average loss: 1.640970. Accuracy: 0.3752
	Validation set: Average loss: 1.538321. Accuracy: 0.3981
2023-06-09 17:34:19.395 | INFO     | trainer:fit:49 - Epoch: 22/100. Train set: Average loss: 1.617872. Accuracy: 0.3799
	Validation set: Average loss: 1.535042. Accuracy: 0.3979
2023-06-09 17:35:47.370 | INFO     | trainer:fit:49 - Epoch: 23/100. Train set: Average loss: 1.620002. Accuracy: 0.3849
	Validation set: Average loss: 1.519834. Accuracy: 0.3922
2023-06-09 17:37:15.202 | INFO     | trainer:fit:49 - Epoch: 24/100. Train set: Average loss: 1.619384. Accuracy: 0.3761
	Validation set: Average loss: 1.520678. Accuracy: 0.4010
2023-06-09 17:38:43.238 | INFO     | trainer:fit:49 - Epoch: 25/100. Train set: Average loss: 1.599420. Accuracy: 0.3873
	Validation set: Average loss: 1.504931. Accuracy: 0.4106
2023-06-09 17:40:11.262 | INFO     | trainer:fit:49 - Epoch: 26/100. Train set: Average loss: 1.607917. Accuracy: 0.4001
	Validation set: Average loss: 1.513721. Accuracy: 0.4000
2023-06-09 17:41:39.183 | INFO     | trainer:fit:49 - Epoch: 27/100. Train set: Average loss: 1.604374. Accuracy: 0.3807
	Validation set: Average loss: 1.513298. Accuracy: 0.4043
2023-06-09 17:43:07.031 | INFO     | trainer:fit:49 - Epoch: 28/100. Train set: Average loss: 1.591943. Accuracy: 0.3946
	Validation set: Average loss: 1.549145. Accuracy: 0.3892
2023-06-09 17:44:34.762 | INFO     | trainer:fit:49 - Epoch: 29/100. Train set: Average loss: 1.604854. Accuracy: 0.3819
	Validation set: Average loss: 1.500834. Accuracy: 0.4057
2023-06-09 17:46:02.530 | INFO     | trainer:fit:49 - Epoch: 30/100. Train set: Average loss: 1.589399. Accuracy: 0.3903
	Validation set: Average loss: 1.502580. Accuracy: 0.4058
2023-06-09 17:46:02.531 | INFO     | trainer:fit:58 - Best val accuracy: 0.4106
2023-06-09 17:47:30.514 | INFO     | trainer:fit:49 - Epoch: 31/100. Train set: Average loss: 1.602646. Accuracy: 0.3839
	Validation set: Average loss: 1.509586. Accuracy: 0.4012
2023-06-09 17:48:58.303 | INFO     | trainer:fit:49 - Epoch: 32/100. Train set: Average loss: 1.592954. Accuracy: 0.3976
	Validation set: Average loss: 1.493993. Accuracy: 0.4104
2023-06-09 17:50:26.143 | INFO     | trainer:fit:49 - Epoch: 33/100. Train set: Average loss: 1.598488. Accuracy: 0.3911
	Validation set: Average loss: 1.503274. Accuracy: 0.4085
2023-06-09 17:51:53.993 | INFO     | trainer:fit:49 - Epoch: 34/100. Train set: Average loss: 1.588144. Accuracy: 0.3934
	Validation set: Average loss: 1.504947. Accuracy: 0.4013
2023-06-09 17:53:21.860 | INFO     | trainer:fit:49 - Epoch: 35/100. Train set: Average loss: 1.590258. Accuracy: 0.3872
	Validation set: Average loss: 1.501255. Accuracy: 0.4055
2023-06-09 17:54:49.630 | INFO     | trainer:fit:49 - Epoch: 36/100. Train set: Average loss: 1.585704. Accuracy: 0.3911
	Validation set: Average loss: 1.505930. Accuracy: 0.3996
2023-06-09 17:56:17.480 | INFO     | trainer:fit:49 - Epoch: 37/100. Train set: Average loss: 1.600082. Accuracy: 0.3924
	Validation set: Average loss: 1.497678. Accuracy: 0.4055
2023-06-09 17:57:45.348 | INFO     | trainer:fit:49 - Epoch: 38/100. Train set: Average loss: 1.586441. Accuracy: 0.3918
	Validation set: Average loss: 1.493814. Accuracy: 0.4077
2023-06-09 17:59:13.271 | INFO     | trainer:fit:49 - Epoch: 39/100. Train set: Average loss: 1.590073. Accuracy: 0.3914
	Validation set: Average loss: 1.506688. Accuracy: 0.4087
2023-06-09 18:00:41.139 | INFO     | trainer:fit:49 - Epoch: 40/100. Train set: Average loss: 1.598227. Accuracy: 0.3945
	Validation set: Average loss: 1.491571. Accuracy: 0.4121
2023-06-09 18:00:41.151 | INFO     | trainer:fit:58 - Best val accuracy: 0.4121
2023-06-09 18:02:09.099 | INFO     | trainer:fit:49 - Epoch: 41/100. Train set: Average loss: 1.582547. Accuracy: 0.3925
	Validation set: Average loss: 1.500405. Accuracy: 0.4021
2023-06-09 18:03:36.853 | INFO     | trainer:fit:49 - Epoch: 42/100. Train set: Average loss: 1.578355. Accuracy: 0.3944
	Validation set: Average loss: 1.516113. Accuracy: 0.4057
2023-06-09 18:05:04.669 | INFO     | trainer:fit:49 - Epoch: 43/100. Train set: Average loss: 1.575160. Accuracy: 0.3919
	Validation set: Average loss: 1.488969. Accuracy: 0.4074
2023-06-09 18:06:32.551 | INFO     | trainer:fit:49 - Epoch: 44/100. Train set: Average loss: 1.589318. Accuracy: 0.3953
	Validation set: Average loss: 1.509567. Accuracy: 0.3972
2023-06-09 18:08:00.468 | INFO     | trainer:fit:49 - Epoch: 45/100. Train set: Average loss: 1.579979. Accuracy: 0.3921
	Validation set: Average loss: 1.505464. Accuracy: 0.4008
2023-06-09 18:09:28.504 | INFO     | trainer:fit:49 - Epoch: 46/100. Train set: Average loss: 1.586882. Accuracy: 0.3885
	Validation set: Average loss: 1.514272. Accuracy: 0.3963
2023-06-09 18:10:56.373 | INFO     | trainer:fit:49 - Epoch: 47/100. Train set: Average loss: 1.585049. Accuracy: 0.3920
	Validation set: Average loss: 1.493946. Accuracy: 0.4074
2023-06-09 18:12:24.362 | INFO     | trainer:fit:49 - Epoch: 48/100. Train set: Average loss: 1.575829. Accuracy: 0.3957
	Validation set: Average loss: 1.504564. Accuracy: 0.4051
2023-06-09 18:13:52.259 | INFO     | trainer:fit:49 - Epoch: 49/100. Train set: Average loss: 1.588076. Accuracy: 0.3967
	Validation set: Average loss: 1.503513. Accuracy: 0.4003
2023-06-09 18:15:20.113 | INFO     | trainer:fit:49 - Epoch: 50/100. Train set: Average loss: 1.593770. Accuracy: 0.3882
	Validation set: Average loss: 1.491116. Accuracy: 0.4062
2023-06-09 18:15:20.114 | INFO     | trainer:fit:58 - Best val accuracy: 0.4121
2023-06-09 18:16:48.308 | INFO     | trainer:fit:49 - Epoch: 51/100. Train set: Average loss: 1.579627. Accuracy: 0.3940
	Validation set: Average loss: 1.501537. Accuracy: 0.4055
2023-06-09 18:18:16.025 | INFO     | trainer:fit:49 - Epoch: 52/100. Train set: Average loss: 1.587045. Accuracy: 0.3916
	Validation set: Average loss: 1.495401. Accuracy: 0.4094
2023-06-09 18:19:43.698 | INFO     | trainer:fit:49 - Epoch: 53/100. Train set: Average loss: 1.587933. Accuracy: 0.3918
	Validation set: Average loss: 1.481182. Accuracy: 0.4062
2023-06-09 18:21:11.550 | INFO     | trainer:fit:49 - Epoch: 54/100. Train set: Average loss: 1.588510. Accuracy: 0.3884
	Validation set: Average loss: 1.496171. Accuracy: 0.4095
2023-06-09 18:22:39.476 | INFO     | trainer:fit:49 - Epoch: 55/100. Train set: Average loss: 1.597585. Accuracy: 0.3845
	Validation set: Average loss: 1.498350. Accuracy: 0.4074
2023-06-09 18:24:07.308 | INFO     | trainer:fit:49 - Epoch: 56/100. Train set: Average loss: 1.583707. Accuracy: 0.3957
	Validation set: Average loss: 1.543164. Accuracy: 0.3861
2023-06-09 18:25:35.086 | INFO     | trainer:fit:49 - Epoch: 57/100. Train set: Average loss: 1.592056. Accuracy: 0.3865
	Validation set: Average loss: 1.505788. Accuracy: 0.4067
2023-06-09 18:27:02.982 | INFO     | trainer:fit:49 - Epoch: 58/100. Train set: Average loss: 1.590676. Accuracy: 0.3858
	Validation set: Average loss: 1.499779. Accuracy: 0.4116
2023-06-09 18:28:30.738 | INFO     | trainer:fit:49 - Epoch: 59/100. Train set: Average loss: 1.584334. Accuracy: 0.3931
	Validation set: Average loss: 1.499329. Accuracy: 0.4050
2023-06-09 18:29:58.664 | INFO     | trainer:fit:49 - Epoch: 60/100. Train set: Average loss: 1.581930. Accuracy: 0.3918
	Validation set: Average loss: 1.512656. Accuracy: 0.3998
2023-06-09 18:29:58.665 | INFO     | trainer:fit:58 - Best val accuracy: 0.4121
2023-06-09 18:31:26.651 | INFO     | trainer:fit:49 - Epoch: 61/100. Train set: Average loss: 1.597605. Accuracy: 0.3875
	Validation set: Average loss: 1.497903. Accuracy: 0.4102
2023-06-09 18:32:54.426 | INFO     | trainer:fit:49 - Epoch: 62/100. Train set: Average loss: 1.591587. Accuracy: 0.3902
	Validation set: Average loss: 1.486219. Accuracy: 0.4113
2023-06-09 18:34:22.179 | INFO     | trainer:fit:49 - Epoch: 63/100. Train set: Average loss: 1.583628. Accuracy: 0.3902
	Validation set: Average loss: 1.500417. Accuracy: 0.4104
2023-06-09 18:35:50.043 | INFO     | trainer:fit:49 - Epoch: 64/100. Train set: Average loss: 1.590532. Accuracy: 0.3924
	Validation set: Average loss: 1.479282. Accuracy: 0.4149
2023-06-09 18:37:17.874 | INFO     | trainer:fit:49 - Epoch: 65/100. Train set: Average loss: 1.594893. Accuracy: 0.3891
	Validation set: Average loss: 1.504382. Accuracy: 0.3993
2023-06-09 18:38:45.812 | INFO     | trainer:fit:49 - Epoch: 66/100. Train set: Average loss: 1.580018. Accuracy: 0.3921
	Validation set: Average loss: 1.510294. Accuracy: 0.4049
2023-06-09 18:40:13.697 | INFO     | trainer:fit:49 - Epoch: 67/100. Train set: Average loss: 1.598835. Accuracy: 0.3888
	Validation set: Average loss: 1.514073. Accuracy: 0.4005
2023-06-09 18:41:41.565 | INFO     | trainer:fit:49 - Epoch: 68/100. Train set: Average loss: 1.573768. Accuracy: 0.3969
	Validation set: Average loss: 1.523682. Accuracy: 0.3929
2023-06-09 18:43:09.658 | INFO     | trainer:fit:49 - Epoch: 69/100. Train set: Average loss: 1.582717. Accuracy: 0.3911
	Validation set: Average loss: 1.505006. Accuracy: 0.4024
2023-06-09 18:44:37.454 | INFO     | trainer:fit:49 - Epoch: 70/100. Train set: Average loss: 1.597186. Accuracy: 0.3858
	Validation set: Average loss: 1.491483. Accuracy: 0.4094
2023-06-09 18:44:37.455 | INFO     | trainer:fit:58 - Best val accuracy: 0.4149
2023-06-09 18:46:05.592 | INFO     | trainer:fit:49 - Epoch: 71/100. Train set: Average loss: 1.587215. Accuracy: 0.4011
	Validation set: Average loss: 1.480314. Accuracy: 0.4119
2023-06-09 18:47:33.580 | INFO     | trainer:fit:49 - Epoch: 72/100. Train set: Average loss: 1.590564. Accuracy: 0.3902
	Validation set: Average loss: 1.495622. Accuracy: 0.4102
2023-06-09 18:49:01.450 | INFO     | trainer:fit:49 - Epoch: 73/100. Train set: Average loss: 1.587873. Accuracy: 0.3915
	Validation set: Average loss: 1.493672. Accuracy: 0.4095
2023-06-09 18:50:29.484 | INFO     | trainer:fit:49 - Epoch: 74/100. Train set: Average loss: 1.590611. Accuracy: 0.4001
	Validation set: Average loss: 1.494279. Accuracy: 0.4045
2023-06-09 18:51:57.433 | INFO     | trainer:fit:49 - Epoch: 75/100. Train set: Average loss: 1.570147. Accuracy: 0.4019
	Validation set: Average loss: 1.486756. Accuracy: 0.4097
2023-06-09 18:53:25.465 | INFO     | trainer:fit:49 - Epoch: 76/100. Train set: Average loss: 1.586205. Accuracy: 0.3922
	Validation set: Average loss: 1.488603. Accuracy: 0.4052
2023-06-09 18:54:53.327 | INFO     | trainer:fit:49 - Epoch: 77/100. Train set: Average loss: 1.570351. Accuracy: 0.4009
	Validation set: Average loss: 1.497977. Accuracy: 0.4074
2023-06-09 18:56:21.337 | INFO     | trainer:fit:49 - Epoch: 78/100. Train set: Average loss: 1.594340. Accuracy: 0.3934
	Validation set: Average loss: 1.490918. Accuracy: 0.4104
2023-06-09 18:57:49.304 | INFO     | trainer:fit:49 - Epoch: 79/100. Train set: Average loss: 1.598964. Accuracy: 0.3801
	Validation set: Average loss: 1.485682. Accuracy: 0.4106
2023-06-09 18:59:17.393 | INFO     | trainer:fit:49 - Epoch: 80/100. Train set: Average loss: 1.579215. Accuracy: 0.3924
	Validation set: Average loss: 1.514652. Accuracy: 0.4018
2023-06-09 18:59:17.393 | INFO     | trainer:fit:58 - Best val accuracy: 0.4149
2023-06-09 19:00:45.546 | INFO     | trainer:fit:49 - Epoch: 81/100. Train set: Average loss: 1.593352. Accuracy: 0.3915
	Validation set: Average loss: 1.493086. Accuracy: 0.4089
2023-06-09 19:02:13.644 | INFO     | trainer:fit:49 - Epoch: 82/100. Train set: Average loss: 1.594797. Accuracy: 0.3975
	Validation set: Average loss: 1.507236. Accuracy: 0.4054
2023-06-09 19:03:41.739 | INFO     | trainer:fit:49 - Epoch: 83/100. Train set: Average loss: 1.600376. Accuracy: 0.3941
	Validation set: Average loss: 1.488964. Accuracy: 0.4099
2023-06-09 19:05:09.767 | INFO     | trainer:fit:49 - Epoch: 84/100. Train set: Average loss: 1.575009. Accuracy: 0.3997
	Validation set: Average loss: 1.489988. Accuracy: 0.4102
2023-06-09 19:06:37.951 | INFO     | trainer:fit:49 - Epoch: 85/100. Train set: Average loss: 1.585692. Accuracy: 0.3922
	Validation set: Average loss: 1.502042. Accuracy: 0.3959
2023-06-09 19:08:05.978 | INFO     | trainer:fit:49 - Epoch: 86/100. Train set: Average loss: 1.601852. Accuracy: 0.3868
	Validation set: Average loss: 1.507752. Accuracy: 0.4047
2023-06-09 19:09:33.985 | INFO     | trainer:fit:49 - Epoch: 87/100. Train set: Average loss: 1.593503. Accuracy: 0.3860
	Validation set: Average loss: 1.499538. Accuracy: 0.4037
2023-06-09 19:11:01.969 | INFO     | trainer:fit:49 - Epoch: 88/100. Train set: Average loss: 1.589667. Accuracy: 0.3903
	Validation set: Average loss: 1.494252. Accuracy: 0.4065
2023-06-09 19:12:30.063 | INFO     | trainer:fit:49 - Epoch: 89/100. Train set: Average loss: 1.581013. Accuracy: 0.3958
	Validation set: Average loss: 1.497007. Accuracy: 0.4139
2023-06-09 19:13:58.289 | INFO     | trainer:fit:49 - Epoch: 90/100. Train set: Average loss: 1.578497. Accuracy: 0.3958
	Validation set: Average loss: 1.497728. Accuracy: 0.4084
2023-06-09 19:13:58.289 | INFO     | trainer:fit:58 - Best val accuracy: 0.4149
2023-06-09 19:15:26.367 | INFO     | trainer:fit:49 - Epoch: 91/100. Train set: Average loss: 1.600032. Accuracy: 0.3905
	Validation set: Average loss: 1.493485. Accuracy: 0.4052
2023-06-09 19:16:54.439 | INFO     | trainer:fit:49 - Epoch: 92/100. Train set: Average loss: 1.594712. Accuracy: 0.3933
	Validation set: Average loss: 1.497058. Accuracy: 0.4094
2023-06-09 19:18:22.521 | INFO     | trainer:fit:49 - Epoch: 93/100. Train set: Average loss: 1.588602. Accuracy: 0.3983
	Validation set: Average loss: 1.496650. Accuracy: 0.4049
2023-06-09 19:19:50.592 | INFO     | trainer:fit:49 - Epoch: 94/100. Train set: Average loss: 1.584736. Accuracy: 0.3892
	Validation set: Average loss: 1.498888. Accuracy: 0.4143
2023-06-09 19:21:18.515 | INFO     | trainer:fit:49 - Epoch: 95/100. Train set: Average loss: 1.587059. Accuracy: 0.3924
	Validation set: Average loss: 1.509389. Accuracy: 0.4053
2023-06-09 19:22:46.384 | INFO     | trainer:fit:49 - Epoch: 96/100. Train set: Average loss: 1.581397. Accuracy: 0.3958
	Validation set: Average loss: 1.503664. Accuracy: 0.4044
2023-06-09 19:24:14.296 | INFO     | trainer:fit:49 - Epoch: 97/100. Train set: Average loss: 1.586464. Accuracy: 0.3935
	Validation set: Average loss: 1.490247. Accuracy: 0.4124
2023-06-09 19:25:42.231 | INFO     | trainer:fit:49 - Epoch: 98/100. Train set: Average loss: 1.594247. Accuracy: 0.3883
	Validation set: Average loss: 1.504527. Accuracy: 0.4051
2023-06-09 19:27:10.208 | INFO     | trainer:fit:49 - Epoch: 99/100. Train set: Average loss: 1.586514. Accuracy: 0.3933
	Validation set: Average loss: 1.515933. Accuracy: 0.3973
2023-06-09 19:28:38.205 | INFO     | trainer:fit:49 - Epoch: 100/100. Train set: Average loss: 1.599067. Accuracy: 0.3948
	Validation set: Average loss: 1.497238. Accuracy: 0.4151
2023-06-09 19:28:38.214 | INFO     | trainer:fit:62 - Training complete in 147m 54s
2023-06-09 19:28:38.215 | INFO     | trainer:fit:63 - Best Val Accuracy: 0.4151
