2023-05-24 08:17:43.547 | INFO     | __main__:run_triplet:50 - Namespace(dataset='CVPR2017', eeg_path='/media/exx/HDD1/LanxHuyen/CVPR2017/eeg_55_95_std.pth', time_low=20, time_high=460, img_path='/home/exx/GithubClonedRepo/EEG-Research/Dataset/imagenet', splits_path='/media/exx/HDD1/LanxHuyen/CVPR2017/block_splits_by_image_all.pth', log_path='/home/exx/GithubClonedRepo/EEG-Research/Experiment/ImageClassification', info='classifier_classic_inception_v3', img_encoder='inception_v3', eeg_encoder='EEGChannelNet', classifier_mode='classic', weight_path='None', batch_size=128, max_epoch=50, log_interval=10, arch='train', save_ckpt='checkpoints/', num_classes=40, num_workers=2, gpu=0, lr=0.00025, wd=0.0001, optim='Adam', gamma=200, lr_step=20, pretrain=False, momen=0.9, nesterov=False, device=device(type='cuda', index=0))
2023-05-24 08:19:52.349 | INFO     | __main__:run_triplet:50 - Namespace(dataset='CVPR2017', eeg_path='/media/exx/HDD1/LanxHuyen/CVPR2017/eeg_55_95_std.pth', time_low=20, time_high=460, img_path='/home/exx/GithubClonedRepo/EEG-Research/Dataset/imagenet', splits_path='/media/exx/HDD1/LanxHuyen/CVPR2017/block_splits_by_image_all.pth', log_path='/home/exx/GithubClonedRepo/EEG-Research/Experiment/ImageClassification', info='classifier_classic_inception_v3', img_encoder='inception_v3', eeg_encoder='EEGChannelNet', classifier_mode='classic', weight_path='None', batch_size=128, max_epoch=50, log_interval=10, arch='train', save_ckpt='checkpoints/', num_classes=40, num_workers=2, gpu=0, lr=0.00025, wd=0.0001, optim='Adam', gamma=200, lr_step=20, pretrain=False, momen=0.9, nesterov=False, device=device(type='cuda', index=0))
2023-05-24 09:18:15.084 | INFO     | __main__:run:49 - Namespace(dataset='CVPR2017', eeg_path='/media/exx/HDD1/LanxHuyen/CVPR2017/eeg_55_95_std.pth', time_low=20, time_high=460, img_path='/home/exx/GithubClonedRepo/EEG-Research/Dataset/imagenet', splits_path='/media/exx/HDD1/LanxHuyen/CVPR2017/block_splits_by_image_all.pth', log_path='/home/exx/GithubClonedRepo/EEG-Research/Experiment/ImageClassification', info='classifier_classic_inception_v3', img_encoder='inception_v3', eeg_encoder='EEGChannelNet', classifier_mode='classic', weight_path='None', batch_size=64, max_epoch=50, log_interval=50, arch='train', save_ckpt='checkpoints/', num_classes=40, num_workers=2, gpu=0, lr=0.00025, wd=0.0001, optim='Adam', gamma=200, lr_step=20, pretrain=False, momen=0.9, nesterov=False, device=device(type='cuda', index=0))
2023-05-24 09:20:46.038 | INFO     | __main__:run:49 - Namespace(dataset='CVPR2017', eeg_path='/media/exx/HDD1/LanxHuyen/CVPR2017/eeg_55_95_std.pth', time_low=20, time_high=460, img_path='/home/exx/GithubClonedRepo/EEG-Research/Dataset/imagenet', splits_path='/media/exx/HDD1/LanxHuyen/CVPR2017/block_splits_by_image_all.pth', log_path='/home/exx/GithubClonedRepo/EEG-Research/Experiment/ImageClassification', info='classifier_classic_inception_v3', img_encoder='inception_v3', eeg_encoder='EEGChannelNet', classifier_mode='classic', weight_path='None', batch_size=64, max_epoch=50, log_interval=50, arch='train', save_ckpt='checkpoints/', num_classes=40, num_workers=2, gpu=0, lr=0.00025, wd=0.0001, optim='Adam', gamma=200, lr_step=20, pretrain=False, momen=0.9, nesterov=False, device=device(type='cuda', index=0))
2023-05-24 09:27:29.461 | INFO     | __main__:run:49 - Namespace(dataset='CVPR2017', eeg_path='/media/exx/HDD1/LanxHuyen/CVPR2017/eeg_55_95_std.pth', time_low=20, time_high=460, img_path='/home/exx/GithubClonedRepo/EEG-Research/Dataset/imagenet', splits_path='/media/exx/HDD1/LanxHuyen/CVPR2017/block_splits_by_image_all.pth', log_path='/home/exx/GithubClonedRepo/EEG-Research/Experiment/ImageClassification', info='classifier_classic_inception_v3', img_encoder='inception_v3', eeg_encoder='EEGChannelNet', classifier_mode='classic', weight_path='None', batch_size=64, max_epoch=50, log_interval=50, arch='train', save_ckpt='checkpoints/', num_classes=40, num_workers=2, gpu=0, lr=0.00025, wd=0.0001, optim='Adam', gamma=200, lr_step=20, pretrain=False, momen=0.9, nesterov=False, device=device(type='cuda', index=0))
2023-05-24 09:27:45.822 | INFO     | trainer:fit:49 - Epoch: 1/50. Train set: Average loss: 2.434124. Accuracy: 0.6923
	Validation set: Average loss: 1.311349. Accuracy: 0.9678
2023-05-24 09:27:58.219 | INFO     | trainer:fit:49 - Epoch: 2/50. Train set: Average loss: 0.894827. Accuracy: 0.9456
	Validation set: Average loss: 0.519033. Accuracy: 0.9795
2023-05-24 09:28:09.759 | INFO     | trainer:fit:49 - Epoch: 3/50. Train set: Average loss: 0.485432. Accuracy: 0.9502
	Validation set: Average loss: 0.310135. Accuracy: 0.9824
2023-05-24 09:28:21.813 | INFO     | trainer:fit:49 - Epoch: 4/50. Train set: Average loss: 0.334245. Accuracy: 0.9577
	Validation set: Average loss: 0.219983. Accuracy: 0.9824
2023-05-24 09:28:33.438 | INFO     | trainer:fit:49 - Epoch: 5/50. Train set: Average loss: 0.257450. Accuracy: 0.9640
	Validation set: Average loss: 0.179853. Accuracy: 0.9795
2023-05-24 09:28:44.944 | INFO     | trainer:fit:49 - Epoch: 6/50. Train set: Average loss: 0.223731. Accuracy: 0.9644
	Validation set: Average loss: 0.146675. Accuracy: 0.9795
2023-05-24 09:28:56.700 | INFO     | trainer:fit:49 - Epoch: 7/50. Train set: Average loss: 0.207123. Accuracy: 0.9626
	Validation set: Average loss: 0.139750. Accuracy: 0.9777
2023-05-24 09:29:09.184 | INFO     | trainer:fit:49 - Epoch: 8/50. Train set: Average loss: 0.189165. Accuracy: 0.9644
	Validation set: Average loss: 0.127834. Accuracy: 0.9795
2023-05-24 09:29:21.525 | INFO     | trainer:fit:49 - Epoch: 9/50. Train set: Average loss: 0.164239. Accuracy: 0.9690
	Validation set: Average loss: 0.115661. Accuracy: 0.9777
2023-05-24 09:29:34.397 | INFO     | trainer:fit:49 - Epoch: 10/50. Train set: Average loss: 0.159753. Accuracy: 0.9677
	Validation set: Average loss: 0.108671. Accuracy: 0.9777
2023-05-24 09:29:34.397 | INFO     | trainer:fit:58 - Best val accuracy: 0.9824
2023-05-24 09:29:46.416 | INFO     | trainer:fit:49 - Epoch: 11/50. Train set: Average loss: 0.148079. Accuracy: 0.9690
	Validation set: Average loss: 0.099156. Accuracy: 0.9824
2023-05-24 09:29:57.889 | INFO     | trainer:fit:49 - Epoch: 12/50. Train set: Average loss: 0.143717. Accuracy: 0.9686
	Validation set: Average loss: 0.104740. Accuracy: 0.9777
2023-05-24 09:30:09.524 | INFO     | trainer:fit:49 - Epoch: 13/50. Train set: Average loss: 0.135965. Accuracy: 0.9708
	Validation set: Average loss: 0.091556. Accuracy: 0.9824
2023-05-24 09:30:21.393 | INFO     | trainer:fit:49 - Epoch: 14/50. Train set: Average loss: 0.138607. Accuracy: 0.9690
	Validation set: Average loss: 0.088427. Accuracy: 0.9795
2023-05-24 09:30:32.868 | INFO     | trainer:fit:49 - Epoch: 15/50. Train set: Average loss: 0.130713. Accuracy: 0.9682
	Validation set: Average loss: 0.088371. Accuracy: 0.9795
2023-05-24 09:30:44.425 | INFO     | trainer:fit:49 - Epoch: 16/50. Train set: Average loss: 0.126194. Accuracy: 0.9705
	Validation set: Average loss: 0.084264. Accuracy: 0.9807
2023-05-24 09:30:56.249 | INFO     | trainer:fit:49 - Epoch: 17/50. Train set: Average loss: 0.124777. Accuracy: 0.9710
	Validation set: Average loss: 0.081568. Accuracy: 0.9777
2023-05-24 09:31:07.692 | INFO     | trainer:fit:49 - Epoch: 18/50. Train set: Average loss: 0.120110. Accuracy: 0.9716
	Validation set: Average loss: 0.081640. Accuracy: 0.9824
2023-05-24 09:31:19.150 | INFO     | trainer:fit:49 - Epoch: 19/50. Train set: Average loss: 0.113137. Accuracy: 0.9755
	Validation set: Average loss: 0.080103. Accuracy: 0.9777
2023-05-24 09:31:30.738 | INFO     | trainer:fit:49 - Epoch: 20/50. Train set: Average loss: 0.116288. Accuracy: 0.9719
	Validation set: Average loss: 0.074612. Accuracy: 0.9795
2023-05-24 09:31:30.739 | INFO     | trainer:fit:58 - Best val accuracy: 0.9824
2023-05-24 09:31:42.306 | INFO     | trainer:fit:49 - Epoch: 21/50. Train set: Average loss: 0.105929. Accuracy: 0.9754
	Validation set: Average loss: 0.073109. Accuracy: 0.9795
2023-05-24 09:31:53.744 | INFO     | trainer:fit:49 - Epoch: 22/50. Train set: Average loss: 0.110460. Accuracy: 0.9753
	Validation set: Average loss: 0.073715. Accuracy: 0.9795
2023-05-24 09:32:05.315 | INFO     | trainer:fit:49 - Epoch: 23/50. Train set: Average loss: 0.116508. Accuracy: 0.9702
	Validation set: Average loss: 0.072063. Accuracy: 0.9777
2023-05-24 09:32:16.738 | INFO     | trainer:fit:49 - Epoch: 24/50. Train set: Average loss: 0.092862. Accuracy: 0.9775
	Validation set: Average loss: 0.071526. Accuracy: 0.9795
2023-05-24 09:32:28.329 | INFO     | trainer:fit:49 - Epoch: 25/50. Train set: Average loss: 0.104966. Accuracy: 0.9739
	Validation set: Average loss: 0.074995. Accuracy: 0.9777
2023-05-24 09:32:40.069 | INFO     | trainer:fit:49 - Epoch: 26/50. Train set: Average loss: 0.105894. Accuracy: 0.9744
	Validation set: Average loss: 0.070847. Accuracy: 0.9777
2023-05-24 09:32:52.325 | INFO     | trainer:fit:49 - Epoch: 27/50. Train set: Average loss: 0.102426. Accuracy: 0.9747
	Validation set: Average loss: 0.075535. Accuracy: 0.9795
2023-05-24 09:33:03.843 | INFO     | trainer:fit:49 - Epoch: 28/50. Train set: Average loss: 0.102635. Accuracy: 0.9755
	Validation set: Average loss: 0.073436. Accuracy: 0.9777
2023-05-24 09:33:15.459 | INFO     | trainer:fit:49 - Epoch: 29/50. Train set: Average loss: 0.101564. Accuracy: 0.9743
	Validation set: Average loss: 0.071579. Accuracy: 0.9854
2023-05-24 09:33:26.920 | INFO     | trainer:fit:49 - Epoch: 30/50. Train set: Average loss: 0.106803. Accuracy: 0.9744
	Validation set: Average loss: 0.073689. Accuracy: 0.9777
2023-05-24 09:33:26.921 | INFO     | trainer:fit:58 - Best val accuracy: 0.9854
2023-05-24 09:33:38.664 | INFO     | trainer:fit:49 - Epoch: 31/50. Train set: Average loss: 0.098001. Accuracy: 0.9768
	Validation set: Average loss: 0.075426. Accuracy: 0.9777
2023-05-24 09:33:50.244 | INFO     | trainer:fit:49 - Epoch: 32/50. Train set: Average loss: 0.105006. Accuracy: 0.9745
	Validation set: Average loss: 0.073674. Accuracy: 0.9777
2023-05-24 09:34:01.477 | INFO     | trainer:fit:49 - Epoch: 33/50. Train set: Average loss: 0.101514. Accuracy: 0.9760
	Validation set: Average loss: 0.070155. Accuracy: 0.9795
2023-05-24 09:34:13.151 | INFO     | trainer:fit:49 - Epoch: 34/50. Train set: Average loss: 0.099993. Accuracy: 0.9761
	Validation set: Average loss: 0.069900. Accuracy: 0.9795
2023-05-24 09:34:24.614 | INFO     | trainer:fit:49 - Epoch: 35/50. Train set: Average loss: 0.104835. Accuracy: 0.9754
	Validation set: Average loss: 0.072867. Accuracy: 0.9795
2023-05-24 09:34:36.621 | INFO     | trainer:fit:49 - Epoch: 36/50. Train set: Average loss: 0.101587. Accuracy: 0.9745
	Validation set: Average loss: 0.075177. Accuracy: 0.9777
2023-05-24 09:34:48.545 | INFO     | trainer:fit:49 - Epoch: 37/50. Train set: Average loss: 0.105948. Accuracy: 0.9739
	Validation set: Average loss: 0.074099. Accuracy: 0.9777
2023-05-24 09:35:00.273 | INFO     | trainer:fit:49 - Epoch: 38/50. Train set: Average loss: 0.105234. Accuracy: 0.9746
	Validation set: Average loss: 0.068505. Accuracy: 0.9795
2023-05-24 09:35:11.681 | INFO     | trainer:fit:49 - Epoch: 39/50. Train set: Average loss: 0.111046. Accuracy: 0.9724
	Validation set: Average loss: 0.069393. Accuracy: 0.9795
2023-05-24 09:35:23.104 | INFO     | trainer:fit:49 - Epoch: 40/50. Train set: Average loss: 0.102128. Accuracy: 0.9745
	Validation set: Average loss: 0.070434. Accuracy: 0.9824
2023-05-24 09:35:23.104 | INFO     | trainer:fit:58 - Best val accuracy: 0.9854
2023-05-24 09:35:34.826 | INFO     | trainer:fit:49 - Epoch: 41/50. Train set: Average loss: 0.097072. Accuracy: 0.9758
	Validation set: Average loss: 0.080251. Accuracy: 0.9807
2023-05-24 09:35:46.300 | INFO     | trainer:fit:49 - Epoch: 42/50. Train set: Average loss: 0.098101. Accuracy: 0.9755
	Validation set: Average loss: 0.076926. Accuracy: 0.9777
2023-05-24 09:35:57.773 | INFO     | trainer:fit:49 - Epoch: 43/50. Train set: Average loss: 0.098476. Accuracy: 0.9754
	Validation set: Average loss: 0.073159. Accuracy: 0.9795
2023-05-24 09:36:09.192 | INFO     | trainer:fit:49 - Epoch: 44/50. Train set: Average loss: 0.107148. Accuracy: 0.9733
	Validation set: Average loss: 0.073985. Accuracy: 0.9795
2023-05-24 09:36:20.694 | INFO     | trainer:fit:49 - Epoch: 45/50. Train set: Average loss: 0.103208. Accuracy: 0.9749
	Validation set: Average loss: 0.071466. Accuracy: 0.9795
2023-05-24 09:36:32.366 | INFO     | trainer:fit:49 - Epoch: 46/50. Train set: Average loss: 0.102264. Accuracy: 0.9744
	Validation set: Average loss: 0.070367. Accuracy: 0.9795
2023-05-24 09:36:43.918 | INFO     | trainer:fit:49 - Epoch: 47/50. Train set: Average loss: 0.094455. Accuracy: 0.9772
	Validation set: Average loss: 0.070592. Accuracy: 0.9766
2023-05-24 09:36:56.309 | INFO     | trainer:fit:49 - Epoch: 48/50. Train set: Average loss: 0.096941. Accuracy: 0.9761
	Validation set: Average loss: 0.073473. Accuracy: 0.9807
2023-05-24 09:37:08.149 | INFO     | trainer:fit:49 - Epoch: 49/50. Train set: Average loss: 0.103656. Accuracy: 0.9747
	Validation set: Average loss: 0.070893. Accuracy: 0.9795
2023-05-24 09:37:20.009 | INFO     | trainer:fit:49 - Epoch: 50/50. Train set: Average loss: 0.091296. Accuracy: 0.9779
	Validation set: Average loss: 0.074481. Accuracy: 0.9795
2023-05-24 09:37:20.010 | INFO     | trainer:fit:62 - Training complete in 9m 49s
2023-05-24 09:37:20.010 | INFO     | trainer:fit:63 - Best Val Accuracy: 0.9854
