2023-05-24 15:00:56.700 | INFO     | __main__:run:49 - Namespace(dataset='CVPR2017', eeg_path='/media/exx/HDD1/LanxHuyen/CVPR2017/eeg_55_95_std.pth', time_low=20, time_high=460, img_path='/home/exx/GithubClonedRepo/EEG-Research/Dataset/imagenet', splits_path='/media/exx/HDD1/LanxHuyen/CVPR2017/block_splits_by_image_all.pth', log_path='/home/exx/GithubClonedRepo/EEG-Research/Experiment/EEGClassification', info='classifier_classic_inception_v3', img_encoder='inception_v3', eeg_encoder='EEGChannelNet', classifier_mode='classic', weight_path='None', batch_size=64, max_epoch=50, log_interval=50, arch='train', save_ckpt='checkpoints/', num_classes=40, num_workers=2, gpu=1, lr=0.005, wd=0.0001, optim='Adam', gamma=200, lr_step=10, pretrain=False, momen=0.9, nesterov=False, device=device(type='cuda', index=1))
2023-05-24 15:02:49.231 | INFO     | __main__:run:49 - Namespace(dataset='CVPR2017', eeg_path='/media/exx/HDD1/LanxHuyen/CVPR2017/eeg_55_95_std.pth', time_low=20, time_high=460, img_path='/home/exx/GithubClonedRepo/EEG-Research/Dataset/imagenet', splits_path='/media/exx/HDD1/LanxHuyen/CVPR2017/block_splits_by_image_all.pth', log_path='/home/exx/GithubClonedRepo/EEG-Research/Experiment/EEGClassification', info='classifier_classic_inception_v3', img_encoder='inception_v3', eeg_encoder='EEGChannelNet', classifier_mode='classic', weight_path='None', batch_size=64, max_epoch=50, log_interval=50, arch='train', save_ckpt='checkpoints/', num_classes=40, num_workers=2, gpu=1, lr=0.005, wd=0.0001, optim='Adam', gamma=200, lr_step=10, pretrain=False, momen=0.9, nesterov=False, device=device(type='cuda', index=1))
2023-05-24 15:04:59.392 | INFO     | __main__:run:49 - Namespace(dataset='CVPR2017', eeg_path='/media/exx/HDD1/LanxHuyen/CVPR2017/eeg_55_95_std.pth', time_low=20, time_high=460, img_path='/home/exx/GithubClonedRepo/EEG-Research/Dataset/imagenet', splits_path='/media/exx/HDD1/LanxHuyen/CVPR2017/block_splits_by_image_all.pth', log_path='/home/exx/GithubClonedRepo/EEG-Research/Experiment/EEGClassification', info='classifier_classic_inception_v3', img_encoder='inception_v3', eeg_encoder='EEGChannelNet', classifier_mode='classic', weight_path='None', batch_size=64, max_epoch=50, log_interval=50, arch='train', save_ckpt='checkpoints/', num_classes=40, num_workers=2, gpu=1, lr=0.005, wd=0.0001, optim='Adam', gamma=200, lr_step=10, pretrain=False, momen=0.9, nesterov=False, device=device(type='cuda', index=1))
2023-05-24 15:11:37.517 | INFO     | __main__:run:49 - Namespace(dataset='CVPR2017', eeg_path='/media/exx/HDD1/LanxHuyen/CVPR2017/eeg_55_95_std.pth', time_low=20, time_high=460, img_path='/home/exx/GithubClonedRepo/EEG-Research/Dataset/imagenet', splits_path='/media/exx/HDD1/LanxHuyen/CVPR2017/block_splits_by_image_all.pth', log_path='/home/exx/GithubClonedRepo/EEG-Research/Experiment/EEGClassification', info='classifier_classic_inception_v3', img_encoder='inception_v3', eeg_encoder='EEGChannelNet', classifier_mode='classic', weight_path='None', batch_size=64, max_epoch=50, log_interval=50, arch='train', save_ckpt='checkpoints/', num_classes=40, num_workers=2, gpu=1, lr=0.005, wd=0.0001, optim='Adam', gamma=200, lr_step=10, pretrain=False, momen=0.9, nesterov=False, device=device(type='cuda', index=1))
2023-05-24 15:19:12.183 | INFO     | __main__:run:49 - Namespace(dataset='CVPR2017', eeg_path='/media/exx/HDD1/LanxHuyen/CVPR2017/eeg_55_95_std.pth', time_low=20, time_high=460, img_path='/home/exx/GithubClonedRepo/EEG-Research/Dataset/imagenet', splits_path='/media/exx/HDD1/LanxHuyen/CVPR2017/block_splits_by_image_all.pth', log_path='/home/exx/GithubClonedRepo/EEG-Research/Experiment/EEGClassification', info='classifier_classic_inception_v3', img_encoder='inception_v3', eeg_encoder='EEGChannelNet', classifier_mode='classic', weight_path='None', batch_size=64, max_epoch=50, log_interval=50, arch='train', save_ckpt='checkpoints/', num_classes=40, num_workers=2, gpu=1, lr=0.005, wd=0.0001, optim='Adam', gamma=200, lr_step=10, pretrain=False, momen=0.9, nesterov=False, device=device(type='cuda', index=1))
2023-05-24 15:28:44.196 | INFO     | __main__:run:49 - Namespace(dataset='CVPR2017', eeg_path='/media/exx/HDD1/LanxHuyen/CVPR2017/eeg_55_95_std.pth', time_low=20, time_high=460, img_path='/home/exx/GithubClonedRepo/EEG-Research/Dataset/imagenet', splits_path='/media/exx/HDD1/LanxHuyen/CVPR2017/block_splits_by_image_all.pth', log_path='/home/exx/GithubClonedRepo/EEG-Research/Experiment/EEGClassification', info='classifier_classic_inception_v3', img_encoder='inception_v3', eeg_encoder='EEGChannelNet', classifier_mode='classic', weight_path='None', batch_size=64, max_epoch=50, log_interval=50, arch='train', save_ckpt='checkpoints/', num_classes=40, num_workers=2, gpu=1, lr=0.005, wd=0.0001, optim='Adam', gamma=200, lr_step=10, pretrain=False, momen=0.9, nesterov=False, device=device(type='cuda', index=1))
2023-05-24 15:30:33.699 | INFO     | __main__:run:49 - Namespace(dataset='CVPR2017', eeg_path='/media/exx/HDD1/LanxHuyen/CVPR2017/eeg_55_95_std.pth', time_low=20, time_high=460, img_path='/home/exx/GithubClonedRepo/EEG-Research/Dataset/imagenet', splits_path='/media/exx/HDD1/LanxHuyen/CVPR2017/block_splits_by_image_all.pth', log_path='/home/exx/GithubClonedRepo/EEG-Research/Experiment/EEGClassification', info='classifier_classic_inception_v3', img_encoder='inception_v3', eeg_encoder='EEGChannelNet', classifier_mode='classic', weight_path='None', batch_size=64, max_epoch=50, log_interval=50, arch='train', save_ckpt='checkpoints/', num_classes=40, num_workers=2, gpu=1, lr=0.005, wd=0.0001, optim='Adam', gamma=200, lr_step=10, pretrain=False, momen=0.9, nesterov=False, device=device(type='cuda', index=1))
2023-05-24 15:30:59.844 | INFO     | __main__:run:49 - Namespace(dataset='CVPR2017', eeg_path='/media/exx/HDD1/LanxHuyen/CVPR2017/eeg_55_95_std.pth', time_low=20, time_high=460, img_path='/home/exx/GithubClonedRepo/EEG-Research/Dataset/imagenet', splits_path='/media/exx/HDD1/LanxHuyen/CVPR2017/block_splits_by_image_all.pth', log_path='/home/exx/GithubClonedRepo/EEG-Research/Experiment/EEGClassification', info='classifier_classic_inception_v3', img_encoder='inception_v3', eeg_encoder='EEGChannelNet', classifier_mode='classic', weight_path='None', batch_size=64, max_epoch=50, log_interval=50, arch='train', save_ckpt='checkpoints/', num_classes=40, num_workers=2, gpu=1, lr=0.005, wd=0.0001, optim='Adam', gamma=200, lr_step=10, pretrain=False, momen=0.9, nesterov=False, device=device(type='cuda', index=1))
2023-05-24 15:32:51.965 | INFO     | __main__:run:49 - Namespace(dataset='CVPR2017', eeg_path='/media/exx/HDD1/LanxHuyen/CVPR2017/eeg_55_95_std.pth', time_low=20, time_high=460, img_path='/home/exx/GithubClonedRepo/EEG-Research/Dataset/imagenet', splits_path='/media/exx/HDD1/LanxHuyen/CVPR2017/block_splits_by_image_all.pth', log_path='/home/exx/GithubClonedRepo/EEG-Research/Experiment/EEGClassification', info='classifier_classic_inception_v3', img_encoder='inception_v3', eeg_encoder='EEGChannelNet', classifier_mode='classic', weight_path='None', batch_size=64, max_epoch=50, log_interval=50, arch='train', save_ckpt='checkpoints/', num_classes=40, num_workers=2, gpu=1, lr=0.005, wd=0.0001, optim='Adam', gamma=200, lr_step=10, pretrain=False, momen=0.9, nesterov=False, device=device(type='cuda', index=1))
2023-05-24 15:35:32.777 | INFO     | trainer:fit:49 - Epoch: 1/50. Train set: Average loss: 5.006796. Accuracy: 0.0251
	Validation set: Average loss: 4.452430. Accuracy: 0.0349
2023-05-24 15:56:40.580 | INFO     | __main__:run:49 - Namespace(dataset='CVPR2017', eeg_path='/media/exx/HDD1/LanxHuyen/CVPR2017/eeg_55_95_std.pth', time_low=20, time_high=460, img_path='/home/exx/GithubClonedRepo/EEG-Research/Dataset/imagenet', splits_path='/media/exx/HDD1/LanxHuyen/CVPR2017/block_splits_by_image_all.pth', log_path='/home/exx/GithubClonedRepo/EEG-Research/Experiment/EEGClassification', info='classifier_classic_inception_v3', img_encoder='inception_v3', eeg_encoder='EEGChannelNet', classifier_mode='classic', weight_path='None', batch_size=64, max_epoch=50, log_interval=50, arch='train', save_ckpt='checkpoints/', num_classes=40, num_workers=2, gpu=1, lr=0.005, wd=0.0001, optim='Adam', gamma=200, lr_step=10, pretrain=False, momen=0.9, nesterov=False, device=device(type='cuda', index=1))
2023-05-24 15:59:21.535 | INFO     | trainer:fit:49 - Epoch: 1/50. Train set: Average loss: 5.027183. Accuracy: 0.0262
	Validation set: Average loss: 4.471822. Accuracy: 0.0205
2023-05-24 16:00:45.395 | INFO     | trainer:fit:49 - Epoch: 2/50. Train set: Average loss: 4.565146. Accuracy: 0.0296
	Validation set: Average loss: 4.274590. Accuracy: 0.0244
2023-05-24 16:02:09.569 | INFO     | trainer:fit:49 - Epoch: 3/50. Train set: Average loss: 4.470396. Accuracy: 0.0273
	Validation set: Average loss: 4.276946. Accuracy: 0.0213
2023-05-24 16:03:33.850 | INFO     | trainer:fit:49 - Epoch: 4/50. Train set: Average loss: 4.335093. Accuracy: 0.0281
	Validation set: Average loss: 4.051544. Accuracy: 0.0361
2023-05-24 16:04:57.987 | INFO     | trainer:fit:49 - Epoch: 5/50. Train set: Average loss: 4.074645. Accuracy: 0.0391
	Validation set: Average loss: 3.853345. Accuracy: 0.0447
2023-05-24 16:06:22.031 | INFO     | trainer:fit:49 - Epoch: 6/50. Train set: Average loss: 3.665832. Accuracy: 0.0520
	Validation set: Average loss: 3.413701. Accuracy: 0.0564
2023-05-24 16:07:46.040 | INFO     | trainer:fit:49 - Epoch: 7/50. Train set: Average loss: 3.316770. Accuracy: 0.0736
	Validation set: Average loss: 3.103600. Accuracy: 0.0852
2023-05-24 16:10:19.774 | INFO     | trainer:fit:49 - Epoch: 8/50. Train set: Average loss: 3.077985. Accuracy: 0.1122
	Validation set: Average loss: 2.868214. Accuracy: 0.1366
2023-05-24 16:12:12.114 | INFO     | trainer:fit:49 - Epoch: 9/50. Train set: Average loss: 2.839828. Accuracy: 0.1369
	Validation set: Average loss: 2.606291. Accuracy: 0.1573
2023-05-24 16:13:35.462 | INFO     | trainer:fit:49 - Epoch: 10/50. Train set: Average loss: 2.585156. Accuracy: 0.1747
	Validation set: Average loss: 2.420277. Accuracy: 0.1908
2023-05-24 16:13:35.469 | INFO     | trainer:fit:58 - Best val accuracy: 0.1908
2023-05-24 16:14:59.273 | INFO     | trainer:fit:49 - Epoch: 11/50. Train set: Average loss: 2.228315. Accuracy: 0.2433
	Validation set: Average loss: 2.020036. Accuracy: 0.2589
2023-05-24 16:16:22.264 | INFO     | trainer:fit:49 - Epoch: 12/50. Train set: Average loss: 2.098681. Accuracy: 0.2565
	Validation set: Average loss: 1.940647. Accuracy: 0.3002
2023-05-24 16:17:45.338 | INFO     | trainer:fit:49 - Epoch: 13/50. Train set: Average loss: 2.013861. Accuracy: 0.2799
	Validation set: Average loss: 1.881706. Accuracy: 0.2897
2023-05-24 16:19:08.401 | INFO     | trainer:fit:49 - Epoch: 14/50. Train set: Average loss: 1.952210. Accuracy: 0.2973
	Validation set: Average loss: 1.815795. Accuracy: 0.3128
2023-05-24 16:20:31.444 | INFO     | trainer:fit:49 - Epoch: 15/50. Train set: Average loss: 1.918215. Accuracy: 0.3128
	Validation set: Average loss: 1.817774. Accuracy: 0.3119
2023-05-24 16:21:54.312 | INFO     | trainer:fit:49 - Epoch: 16/50. Train set: Average loss: 1.857482. Accuracy: 0.3283
	Validation set: Average loss: 1.772874. Accuracy: 0.3230
2023-05-24 16:23:17.290 | INFO     | trainer:fit:49 - Epoch: 17/50. Train set: Average loss: 1.827744. Accuracy: 0.3329
	Validation set: Average loss: 1.753776. Accuracy: 0.3329
2023-05-24 16:24:40.384 | INFO     | trainer:fit:49 - Epoch: 18/50. Train set: Average loss: 1.773059. Accuracy: 0.3439
	Validation set: Average loss: 1.701083. Accuracy: 0.3432
2023-05-24 16:26:03.504 | INFO     | trainer:fit:49 - Epoch: 19/50. Train set: Average loss: 1.732872. Accuracy: 0.3548
	Validation set: Average loss: 1.689592. Accuracy: 0.3476
2023-05-24 16:27:26.643 | INFO     | trainer:fit:49 - Epoch: 20/50. Train set: Average loss: 1.704015. Accuracy: 0.3656
	Validation set: Average loss: 1.650543. Accuracy: 0.3610
2023-05-24 16:27:26.654 | INFO     | trainer:fit:58 - Best val accuracy: 0.3610
2023-05-24 16:28:50.014 | INFO     | trainer:fit:49 - Epoch: 21/50. Train set: Average loss: 1.620392. Accuracy: 0.3945
	Validation set: Average loss: 1.637225. Accuracy: 0.3637
2023-05-24 16:30:13.051 | INFO     | trainer:fit:49 - Epoch: 22/50. Train set: Average loss: 1.586600. Accuracy: 0.4109
	Validation set: Average loss: 1.609531. Accuracy: 0.3764
2023-05-24 16:31:36.081 | INFO     | trainer:fit:49 - Epoch: 23/50. Train set: Average loss: 1.588228. Accuracy: 0.4105
	Validation set: Average loss: 1.606926. Accuracy: 0.3741
2023-05-24 16:32:59.215 | INFO     | trainer:fit:49 - Epoch: 24/50. Train set: Average loss: 1.573530. Accuracy: 0.4147
	Validation set: Average loss: 1.599132. Accuracy: 0.3819
2023-05-24 16:34:22.365 | INFO     | trainer:fit:49 - Epoch: 25/50. Train set: Average loss: 1.568419. Accuracy: 0.4086
	Validation set: Average loss: 1.612301. Accuracy: 0.3834
2023-05-24 16:35:45.418 | INFO     | trainer:fit:49 - Epoch: 26/50. Train set: Average loss: 1.563380. Accuracy: 0.4147
	Validation set: Average loss: 1.586511. Accuracy: 0.3873
2023-05-24 16:37:08.495 | INFO     | trainer:fit:49 - Epoch: 27/50. Train set: Average loss: 1.555797. Accuracy: 0.4152
	Validation set: Average loss: 1.578284. Accuracy: 0.3959
2023-05-24 16:38:31.645 | INFO     | trainer:fit:49 - Epoch: 28/50. Train set: Average loss: 1.548644. Accuracy: 0.4149
	Validation set: Average loss: 1.587950. Accuracy: 0.3906
2023-05-24 16:39:54.729 | INFO     | trainer:fit:49 - Epoch: 29/50. Train set: Average loss: 1.541340. Accuracy: 0.4280
	Validation set: Average loss: 1.581032. Accuracy: 0.3878
2023-05-24 16:41:17.836 | INFO     | trainer:fit:49 - Epoch: 30/50. Train set: Average loss: 1.546339. Accuracy: 0.4203
	Validation set: Average loss: 1.583150. Accuracy: 0.3886
2023-05-24 16:41:17.836 | INFO     | trainer:fit:58 - Best val accuracy: 0.3959
2023-05-24 16:42:41.356 | INFO     | trainer:fit:49 - Epoch: 31/50. Train set: Average loss: 1.508029. Accuracy: 0.4366
	Validation set: Average loss: 1.572357. Accuracy: 0.3982
2023-05-24 16:44:04.687 | INFO     | trainer:fit:49 - Epoch: 32/50. Train set: Average loss: 1.541704. Accuracy: 0.4246
	Validation set: Average loss: 1.588422. Accuracy: 0.3869
2023-05-24 16:45:27.855 | INFO     | trainer:fit:49 - Epoch: 33/50. Train set: Average loss: 1.518102. Accuracy: 0.4313
	Validation set: Average loss: 1.589472. Accuracy: 0.3915
2023-05-24 16:46:51.028 | INFO     | trainer:fit:49 - Epoch: 34/50. Train set: Average loss: 1.513216. Accuracy: 0.4304
	Validation set: Average loss: 1.587073. Accuracy: 0.3869
2023-05-24 16:48:14.200 | INFO     | trainer:fit:49 - Epoch: 35/50. Train set: Average loss: 1.530888. Accuracy: 0.4197
	Validation set: Average loss: 1.560566. Accuracy: 0.3992
2023-05-24 16:49:37.403 | INFO     | trainer:fit:49 - Epoch: 36/50. Train set: Average loss: 1.520018. Accuracy: 0.4324
	Validation set: Average loss: 1.573025. Accuracy: 0.3937
2023-05-24 16:51:00.686 | INFO     | trainer:fit:49 - Epoch: 37/50. Train set: Average loss: 1.516408. Accuracy: 0.4282
	Validation set: Average loss: 1.604966. Accuracy: 0.3922
2023-05-24 16:52:23.796 | INFO     | trainer:fit:49 - Epoch: 38/50. Train set: Average loss: 1.525633. Accuracy: 0.4287
	Validation set: Average loss: 1.594787. Accuracy: 0.3893
2023-05-24 16:53:46.965 | INFO     | trainer:fit:49 - Epoch: 39/50. Train set: Average loss: 1.508848. Accuracy: 0.4379
	Validation set: Average loss: 1.560813. Accuracy: 0.4026
2023-05-24 16:55:10.117 | INFO     | trainer:fit:49 - Epoch: 40/50. Train set: Average loss: 1.504862. Accuracy: 0.4392
	Validation set: Average loss: 1.581435. Accuracy: 0.3987
2023-05-24 16:55:10.117 | INFO     | trainer:fit:58 - Best val accuracy: 0.4026
2023-05-24 16:56:33.492 | INFO     | trainer:fit:49 - Epoch: 41/50. Train set: Average loss: 1.544273. Accuracy: 0.4189
	Validation set: Average loss: 1.583882. Accuracy: 0.3930
2023-05-24 16:57:56.696 | INFO     | trainer:fit:49 - Epoch: 42/50. Train set: Average loss: 1.513178. Accuracy: 0.4253
	Validation set: Average loss: 1.577856. Accuracy: 0.3931
2023-05-24 16:59:19.899 | INFO     | trainer:fit:49 - Epoch: 43/50. Train set: Average loss: 1.523323. Accuracy: 0.4338
	Validation set: Average loss: 1.585955. Accuracy: 0.3880
2023-05-24 17:00:43.145 | INFO     | trainer:fit:49 - Epoch: 44/50. Train set: Average loss: 1.512856. Accuracy: 0.4388
	Validation set: Average loss: 1.582178. Accuracy: 0.3908
2023-05-24 17:02:06.385 | INFO     | trainer:fit:49 - Epoch: 45/50. Train set: Average loss: 1.523103. Accuracy: 0.4300
	Validation set: Average loss: 1.577360. Accuracy: 0.3964
2023-05-24 17:03:29.661 | INFO     | trainer:fit:49 - Epoch: 46/50. Train set: Average loss: 1.521506. Accuracy: 0.4293
	Validation set: Average loss: 1.568584. Accuracy: 0.3922
2023-05-24 17:04:52.852 | INFO     | trainer:fit:49 - Epoch: 47/50. Train set: Average loss: 1.516983. Accuracy: 0.4305
	Validation set: Average loss: 1.576482. Accuracy: 0.4004
2023-05-24 17:06:16.121 | INFO     | trainer:fit:49 - Epoch: 48/50. Train set: Average loss: 1.527724. Accuracy: 0.4280
	Validation set: Average loss: 1.585241. Accuracy: 0.3885
2023-05-24 17:07:39.363 | INFO     | trainer:fit:49 - Epoch: 49/50. Train set: Average loss: 1.512915. Accuracy: 0.4297
	Validation set: Average loss: 1.576959. Accuracy: 0.3975
2023-05-24 17:09:02.615 | INFO     | trainer:fit:49 - Epoch: 50/50. Train set: Average loss: 1.524536. Accuracy: 0.4298
	Validation set: Average loss: 1.590771. Accuracy: 0.3820
2023-05-24 17:09:02.615 | INFO     | trainer:fit:62 - Training complete in 72m 20s
2023-05-24 17:09:02.615 | INFO     | trainer:fit:63 - Best Val Accuracy: 0.4026
